[ 2017-09-30T10:38:47+08:00 ] 127.0.0.1 /admin
INFO: [ app_init ] --START--
INFO: Run Behavior\BuildLiteBehavior [ RunTime:0.000000s ]
INFO: [ app_init ] --END-- [ RunTime:0.000000s ]
INFO: [ app_begin ] --START--
INFO: Run Behavior\ReadHtmlCacheBehavior [ RunTime:0.000000s ]
INFO: [ app_begin ] --END-- [ RunTime:0.001000s ]
NOTIC: [2048] Declaration of Appframe\AdminbaseController::success() should be compatible with Think\Controller::success($message = '', $jumpUrl = '', $ajax = false) E:\WWW\eps\Application\Appframe\AdminbaseController.class.php 第 6 行.
INFO: [ view_parse ] --START--
INFO: [ template_filter ] --START--
INFO: Run Behavior\ContentReplaceBehavior [ RunTime:0.000000s ]
INFO: [ template_filter ] --END-- [ RunTime:0.000000s ]
INFO: Run Behavior\ParseTemplateBehavior [ RunTime:0.034000s ]
INFO: [ view_parse ] --END-- [ RunTime:0.034000s ]
INFO: [ view_filter ] --START--
INFO: Run Behavior\WriteHtmlCacheBehavior [ RunTime:0.001000s ]
INFO: [ view_filter ] --END-- [ RunTime:0.001000s ]

[ 2017-09-30T10:38:48+08:00 ] 127.0.0.1 /Admin/Public/login.html
INFO: [ app_init ] --START--
INFO: Run Behavior\BuildLiteBehavior [ RunTime:0.000000s ]
INFO: [ app_init ] --END-- [ RunTime:0.002000s ]
INFO: [ app_begin ] --START--
INFO: Run Behavior\ReadHtmlCacheBehavior [ RunTime:0.001000s ]
INFO: [ app_begin ] --END-- [ RunTime:0.002000s ]
NOTIC: [2048] Declaration of Appframe\AdminbaseController::success() should be compatible with Think\Controller::success($message = '', $jumpUrl = '', $ajax = false) E:\WWW\eps\Application\Appframe\AdminbaseController.class.php 第 6 行.
INFO: [ view_parse ] --START--
INFO: [ template_filter ] --START--
INFO: Run Behavior\ContentReplaceBehavior [ RunTime:0.000000s ]
INFO: [ template_filter ] --END-- [ RunTime:0.000000s ]
NOTIC: [8] Use of undefined constant CHARSET - assumed 'CHARSET' E:\WWW\eps\Application\Runtime\Cache\Admin\3e5d3d9a1e6b1fcd430d87ee7be4f518.php 第 4 行.
NOTIC: [8] Undefined variable: Site E:\WWW\eps\Application\Runtime\Cache\Admin\3e5d3d9a1e6b1fcd430d87ee7be4f518.php 第 42 行.
INFO: Run Behavior\ParseTemplateBehavior [ RunTime:0.024000s ]
INFO: [ view_parse ] --END-- [ RunTime:0.025000s ]
INFO: [ view_filter ] --START--
INFO: Run Behavior\WriteHtmlCacheBehavior [ RunTime:0.000000s ]
INFO: [ view_filter ] --END-- [ RunTime:0.000000s ]
INFO: [ app_end ] --START--
INFO: Run Behavior\ShowPageTraceBehavior [ RunTime:0.000000s ]
INFO: [ app_end ] --END-- [ RunTime:0.000000s ]

[ 2017-09-30T10:39:03+08:00 ] 127.0.0.1 /Admin/Public/tologin.html
INFO: [ app_init ] --START--
INFO: Run Behavior\BuildLiteBehavior [ RunTime:0.000000s ]
INFO: [ app_init ] --END-- [ RunTime:0.001000s ]
INFO: [ app_begin ] --START--
INFO: Run Behavior\ReadHtmlCacheBehavior [ RunTime:0.001000s ]
INFO: [ app_begin ] --END-- [ RunTime:0.001000s ]
NOTIC: [2048] Declaration of Appframe\AdminbaseController::success() should be compatible with Think\Controller::success($message = '', $jumpUrl = '', $ajax = false) E:\WWW\eps\Application\Appframe\AdminbaseController.class.php 第 6 行.
NOTIC: [8] Undefined offset: 1 E:\WWW\eps\ThinkPHP\Library\Think\Controller.class.php 第 232 行.
NOTIC: [8] Undefined offset: 1 E:\WWW\eps\ThinkPHP\Library\Think\Controller.class.php 第 232 行.
NOTIC: [8] Undefined offset: 1 E:\WWW\eps\ThinkPHP\Library\Think\Controller.class.php 第 232 行.
SQL: SHOW COLUMNS FROM `d_fxuser` [ RunTime:0.0230s ]
SQL: SELECT * FROM `d_fxuser` WHERE `username` = 'admin' LIMIT 1   [ RunTime:0.0000s ]
SQL: SHOW COLUMNS FROM `d_fxloginlog` [ RunTime:0.0060s ]
SQL: INSERT INTO `d_fxloginlog` (`username`,`logintime`,`loginip`,`status`,`password`,`info`) VALUES ('admin','2017-09-30 10:39:03','127.0.0.1','1','8888***','') [ RunTime:0.0000s ]
SQL: SHOW COLUMNS FROM `d_fxuser` [ RunTime:0.0040s ]
SQL: UPDATE `d_fxuser` SET `last_login_time`='1506739143',`last_login_ip`='127.0.0.1' WHERE `id` = 1 [ RunTime:0.0010s ]
SQL: SHOW COLUMNS FROM `d_fxuser` [ RunTime:0.0050s ]
SQL: SELECT * FROM `d_fxuser` WHERE (  username  = 'admin'  ) LIMIT 1   [ RunTime:0.0000s ]

[ 2017-09-30T10:39:04+08:00 ] 127.0.0.1 /Admin/Index/index.html
INFO: [ app_init ] --START--
INFO: Run Behavior\BuildLiteBehavior [ RunTime:0.000000s ]
INFO: [ app_init ] --END-- [ RunTime:0.001000s ]
INFO: [ app_begin ] --START--
INFO: Run Behavior\ReadHtmlCacheBehavior [ RunTime:0.001000s ]
INFO: [ app_begin ] --END-- [ RunTime:0.001000s ]
NOTIC: [2048] Declaration of Appframe\AdminbaseController::success() should be compatible with Think\Controller::success($message = '', $jumpUrl = '', $ajax = false) E:\WWW\eps\Application\Appframe\AdminbaseController.class.php 第 6 行.
SQL: SHOW COLUMNS FROM `d_fxuser` [ RunTime:0.0450s ]
SQL: SELECT `id`,`username`,`nickname`,`last_login_time`,`last_login_ip`,`email`,`status` FROM `d_fxuser` WHERE `id` = 1  [ RunTime:0.0010s ]
SQL: SHOW COLUMNS FROM `d_fxmenu` [ RunTime:0.0200s ]
SQL: SELECT * FROM `d_fxmenu` WHERE `parentid` = 0 AND `status` = 1 ORDER BY listorder asc  [ RunTime:0.0010s ]
SQL: SELECT * FROM `d_fxmenu` WHERE `parentid` = 36 AND `status` = 1 ORDER BY listorder asc  [ RunTime:0.0010s ]
SQL: SELECT * FROM `d_fxmenu` WHERE `parentid` = 38 AND `status` = 1 ORDER BY listorder asc  [ RunTime:0.0010s ]
NOTIC: [8] Undefined variable: data E:\WWW\eps\Application\Admin\Model\FxmenuModel.class.php 第 83 行.
SQL: SELECT * FROM `d_fxmenu` WHERE `parentid` = 8 AND `status` = 1 ORDER BY listorder asc  [ RunTime:0.0010s ]
SQL: SELECT * FROM `d_fxmenu` WHERE `parentid` = 33 AND `status` = 1 ORDER BY listorder asc  [ RunTime:0.0010s ]
NOTIC: [8] Undefined variable: data E:\WWW\eps\Application\Admin\Model\FxmenuModel.class.php 第 83 行.
SQL: SELECT * FROM `d_fxmenu` WHERE `parentid` = 10 AND `status` = 1 ORDER BY listorder asc  [ RunTime:0.0010s ]
NOTIC: [8] Undefined variable: data E:\WWW\eps\Application\Admin\Model\FxmenuModel.class.php 第 83 行.
SQL: SELECT * FROM `d_fxmenu` WHERE `parentid` = 39 AND `status` = 1 ORDER BY listorder asc  [ RunTime:0.0000s ]
SQL: SELECT * FROM `d_fxmenu` WHERE `parentid` = 40 AND `status` = 1 ORDER BY listorder asc  [ RunTime:0.0000s ]
NOTIC: [8] Undefined variable: data E:\WWW\eps\Application\Admin\Model\FxmenuModel.class.php 第 83 行.
SQL: SELECT * FROM `d_fxmenu` WHERE `parentid` = 41 AND `status` = 1 ORDER BY listorder asc  [ RunTime:0.0000s ]
NOTIC: [8] Undefined variable: data E:\WWW\eps\Application\Admin\Model\FxmenuModel.class.php 第 83 行.
SQL: SELECT * FROM `d_fxmenu` WHERE `parentid` = 340 AND `status` = 1 ORDER BY listorder asc  [ RunTime:0.0000s ]
NOTIC: [8] Undefined variable: data E:\WWW\eps\Application\Admin\Model\FxmenuModel.class.php 第 83 行.
SQL: SELECT * FROM `d_fxmenu` WHERE `parentid` = 44 AND `status` = 1 ORDER BY listorder asc  [ RunTime:0.0010s ]
SQL: SELECT * FROM `d_fxmenu` WHERE `parentid` = 325 AND `status` = 1 ORDER BY listorder asc  [ RunTime:0.0010s ]
NOTIC: [8] Undefined variable: data E:\WWW\eps\Application\Admin\Model\FxmenuModel.class.php 第 83 行.
SQL: SELECT * FROM `d_fxmenu` WHERE `parentid` = 45 AND `status` = 1 ORDER BY listorder asc  [ RunTime:0.0010s ]
NOTIC: [8] Undefined variable: data E:\WWW\eps\Application\Admin\Model\FxmenuModel.class.php 第 83 行.
SQL: SELECT * FROM `d_fxmenu` WHERE `parentid` = 329 AND `status` = 1 ORDER BY listorder asc  [ RunTime:0.0000s ]
SQL: SELECT * FROM `d_fxmenu` WHERE `parentid` = 336 AND `status` = 1 ORDER BY listorder asc  [ RunTime:0.0000s ]
NOTIC: [8] Undefined variable: data E:\WWW\eps\Application\Admin\Model\FxmenuModel.class.php 第 83 行.
SQL: SELECT * FROM `d_fxmenu` WHERE `parentid` = 337 AND `status` = 1 ORDER BY listorder asc  [ RunTime:0.0010s ]
NOTIC: [8] Undefined variable: data E:\WWW\eps\Application\Admin\Model\FxmenuModel.class.php 第 83 行.
SQL: SELECT * FROM `d_fxmenu` WHERE `parentid` = 364 AND `status` = 1 ORDER BY listorder asc  [ RunTime:0.0010s ]
NOTIC: [8] Undefined variable: data E:\WWW\eps\Application\Admin\Model\FxmenuModel.class.php 第 83 行.
SQL: SELECT * FROM `d_fxmenu` WHERE `parentid` = 331 AND `status` = 1 ORDER BY listorder asc  [ RunTime:0.0000s ]
SQL: SELECT * FROM `d_fxmenu` WHERE `parentid` = 332 AND `status` = 1 ORDER BY listorder asc  [ RunTime:0.0000s ]
NOTIC: [8] Undefined variable: data E:\WWW\eps\Application\Admin\Model\FxmenuModel.class.php 第 83 行.
SQL: SELECT * FROM `d_fxmenu` WHERE `parentid` = 333 AND `status` = 1 ORDER BY listorder asc  [ RunTime:0.0010s ]
NOTIC: [8] Undefined variable: data E:\WWW\eps\Application\Admin\Model\FxmenuModel.class.php 第 83 行.
SQL: SELECT * FROM `d_fxmenu` WHERE `parentid` = 338 AND `status` = 1 ORDER BY listorder asc  [ RunTime:0.0010s ]
NOTIC: [8] Undefined variable: data E:\WWW\eps\Application\Admin\Model\FxmenuModel.class.php 第 83 行.
SQL: SELECT * FROM `d_fxmenu` WHERE `parentid` = 365 AND `status` = 1 ORDER BY listorder asc  [ RunTime:0.0000s ]
NOTIC: [8] Undefined variable: data E:\WWW\eps\Application\Admin\Model\FxmenuModel.class.php 第 83 行.
SQL: SELECT * FROM `d_fxmenu` WHERE `parentid` = 366 AND `status` = 1 ORDER BY listorder asc  [ RunTime:0.0000s ]
SQL: SELECT * FROM `d_fxmenu` WHERE `parentid` = 367 AND `status` = 1 ORDER BY listorder asc  [ RunTime:0.0000s ]
NOTIC: [8] Undefined variable: data E:\WWW\eps\Application\Admin\Model\FxmenuModel.class.php 第 83 行.
SQL: SELECT * FROM `d_fxmenu` WHERE `parentid` = 368 AND `status` = 1 ORDER BY listorder asc  [ RunTime:0.0010s ]
NOTIC: [8] Undefined variable: data E:\WWW\eps\Application\Admin\Model\FxmenuModel.class.php 第 83 行.
SQL: SELECT * FROM `d_fxmenu` WHERE `parentid` = 371 AND `status` = 1 ORDER BY listorder asc  [ RunTime:0.0010s ]
NOTIC: [8] Undefined variable: data E:\WWW\eps\Application\Admin\Model\FxmenuModel.class.php 第 83 行.
SQL: SELECT * FROM `d_fxmenu` WHERE `parentid` = 335 AND `status` = 1 ORDER BY listorder asc  [ RunTime:0.0000s ]
NOTIC: [8] Undefined variable: data E:\WWW\eps\Application\Admin\Model\FxmenuModel.class.php 第 83 行.
SQL: SHOW COLUMNS FROM `d_fxadmin_panel` [ RunTime:0.0030s ]
SQL: SELECT * FROM `d_fxadmin_panel` WHERE `userid` = 1  [ RunTime:0.0000s ]
INFO: [ view_parse ] --START--
INFO: [ template_filter ] --START--
INFO: Run Behavior\ContentReplaceBehavior [ RunTime:0.000000s ]
INFO: [ template_filter ] --END-- [ RunTime:0.001000s ]
NOTIC: [8] Undefined variable: admin E:\WWW\eps\Application\Runtime\Cache\Admin\836688c1f1d849de38afaba03368efc4.php 第 133 行.
NOTIC: [8] Use of undefined constant user_login - assumed 'user_login' E:\WWW\eps\Application\Runtime\Cache\Admin\836688c1f1d849de38afaba03368efc4.php 第 135 行.
NOTIC: [8] Undefined variable: admin E:\WWW\eps\Application\Runtime\Cache\Admin\836688c1f1d849de38afaba03368efc4.php 第 135 行.
NOTIC: [8] Use of undefined constant icon - assumed 'icon' E:\WWW\eps\Application\Runtime\Cache\Admin\836688c1f1d849de38afaba03368efc4.php 第 43 行.
NOTIC: [8] Use of undefined constant lower - assumed 'lower' E:\WWW\eps\Application\Runtime\Cache\Admin\836688c1f1d849de38afaba03368efc4.php 第 45 行.
NOTIC: [8] Use of undefined constant lower - assumed 'lower' E:\WWW\eps\Application\Runtime\Cache\Admin\836688c1f1d849de38afaba03368efc4.php 第 61 行.
NOTIC: [8] Use of undefined constant lower - assumed 'lower' E:\WWW\eps\Application\Runtime\Cache\Admin\836688c1f1d849de38afaba03368efc4.php 第 73 行.
NOTIC: [8] Use of undefined constant icon - assumed 'icon' E:\WWW\eps\Application\Runtime\Cache\Admin\836688c1f1d849de38afaba03368efc4.php 第 43 行.
NOTIC: [8] Use of undefined constant lower - assumed 'lower' E:\WWW\eps\Application\Runtime\Cache\Admin\836688c1f1d849de38afaba03368efc4.php 第 45 行.
NOTIC: [8] Use of undefined constant lower - assumed 'lower' E:\WWW\eps\Application\Runtime\Cache\Admin\836688c1f1d849de38afaba03368efc4.php 第 61 行.
NOTIC: [8] Use of undefined constant lower - assumed 'lower' E:\WWW\eps\Application\Runtime\Cache\Admin\836688c1f1d849de38afaba03368efc4.php 第 73 行.
NOTIC: [8] Use of undefined constant lower - assumed 'lower' E:\WWW\eps\Application\Runtime\Cache\Admin\836688c1f1d849de38afaba03368efc4.php 第 73 行.
NOTIC: [8] Use of undefined constant icon - assumed 'icon' E:\WWW\eps\Application\Runtime\Cache\Admin\836688c1f1d849de38afaba03368efc4.php 第 43 行.
NOTIC: [8] Use of undefined constant lower - assumed 'lower' E:\WWW\eps\Application\Runtime\Cache\Admin\836688c1f1d849de38afaba03368efc4.php 第 45 行.
NOTIC: [8] Use of undefined constant lower - assumed 'lower' E:\WWW\eps\Application\Runtime\Cache\Admin\836688c1f1d849de38afaba03368efc4.php 第 61 行.
NOTIC: [8] Use of undefined constant lower - assumed 'lower' E:\WWW\eps\Application\Runtime\Cache\Admin\836688c1f1d849de38afaba03368efc4.php 第 73 行.
NOTIC: [8] Use of undefined constant lower - assumed 'lower' E:\WWW\eps\Application\Runtime\Cache\Admin\836688c1f1d849de38afaba03368efc4.php 第 73 行.
NOTIC: [8] Use of undefined constant lower - assumed 'lower' E:\WWW\eps\Application\Runtime\Cache\Admin\836688c1f1d849de38afaba03368efc4.php 第 73 行.
NOTIC: [8] Use of undefined constant icon - assumed 'icon' E:\WWW\eps\Application\Runtime\Cache\Admin\836688c1f1d849de38afaba03368efc4.php 第 43 行.
NOTIC: [8] Use of undefined constant lower - assumed 'lower' E:\WWW\eps\Application\Runtime\Cache\Admin\836688c1f1d849de38afaba03368efc4.php 第 45 行.
NOTIC: [8] Use of undefined constant lower - assumed 'lower' E:\WWW\eps\Application\Runtime\Cache\Admin\836688c1f1d849de38afaba03368efc4.php 第 61 行.
NOTIC: [8] Use of undefined constant lower - assumed 'lower' E:\WWW\eps\Application\Runtime\Cache\Admin\836688c1f1d849de38afaba03368efc4.php 第 73 行.
NOTIC: [8] Use of undefined constant lower - assumed 'lower' E:\WWW\eps\Application\Runtime\Cache\Admin\836688c1f1d849de38afaba03368efc4.php 第 73 行.
NOTIC: [8] Use of undefined constant icon - assumed 'icon' E:\WWW\eps\Application\Runtime\Cache\Admin\836688c1f1d849de38afaba03368efc4.php 第 43 行.
NOTIC: [8] Use of undefined constant lower - assumed 'lower' E:\WWW\eps\Application\Runtime\Cache\Admin\836688c1f1d849de38afaba03368efc4.php 第 45 行.
NOTIC: [8] Use of undefined constant lower - assumed 'lower' E:\WWW\eps\Application\Runtime\Cache\Admin\836688c1f1d849de38afaba03368efc4.php 第 61 行.
NOTIC: [8] Use of undefined constant lower - assumed 'lower' E:\WWW\eps\Application\Runtime\Cache\Admin\836688c1f1d849de38afaba03368efc4.php 第 73 行.
NOTIC: [8] Use of undefined constant lower - assumed 'lower' E:\WWW\eps\Application\Runtime\Cache\Admin\836688c1f1d849de38afaba03368efc4.php 第 73 行.
NOTIC: [8] Use of undefined constant lower - assumed 'lower' E:\WWW\eps\Application\Runtime\Cache\Admin\836688c1f1d849de38afaba03368efc4.php 第 73 行.
NOTIC: [8] Use of undefined constant icon - assumed 'icon' E:\WWW\eps\Application\Runtime\Cache\Admin\836688c1f1d849de38afaba03368efc4.php 第 43 行.
NOTIC: [8] Use of undefined constant lower - assumed 'lower' E:\WWW\eps\Application\Runtime\Cache\Admin\836688c1f1d849de38afaba03368efc4.php 第 45 行.
NOTIC: [8] Use of undefined constant lower - assumed 'lower' E:\WWW\eps\Application\Runtime\Cache\Admin\836688c1f1d849de38afaba03368efc4.php 第 61 行.
NOTIC: [8] Use of undefined constant lower - assumed 'lower' E:\WWW\eps\Application\Runtime\Cache\Admin\836688c1f1d849de38afaba03368efc4.php 第 73 行.
NOTIC: [8] Use of undefined constant lower - assumed 'lower' E:\WWW\eps\Application\Runtime\Cache\Admin\836688c1f1d849de38afaba03368efc4.php 第 73 行.
NOTIC: [8] Use of undefined constant lower - assumed 'lower' E:\WWW\eps\Application\Runtime\Cache\Admin\836688c1f1d849de38afaba03368efc4.php 第 73 行.
NOTIC: [8] Use of undefined constant lower - assumed 'lower' E:\WWW\eps\Application\Runtime\Cache\Admin\836688c1f1d849de38afaba03368efc4.php 第 73 行.
NOTIC: [8] Use of undefined constant icon - assumed 'icon' E:\WWW\eps\Application\Runtime\Cache\Admin\836688c1f1d849de38afaba03368efc4.php 第 43 行.
NOTIC: [8] Use of undefined constant lower - assumed 'lower' E:\WWW\eps\Application\Runtime\Cache\Admin\836688c1f1d849de38afaba03368efc4.php 第 45 行.
NOTIC: [8] Use of undefined constant lower - assumed 'lower' E:\WWW\eps\Application\Runtime\Cache\Admin\836688c1f1d849de38afaba03368efc4.php 第 61 行.
NOTIC: [8] Use of undefined constant lower - assumed 'lower' E:\WWW\eps\Application\Runtime\Cache\Admin\836688c1f1d849de38afaba03368efc4.php 第 73 行.
NOTIC: [8] Use of undefined constant lower - assumed 'lower' E:\WWW\eps\Application\Runtime\Cache\Admin\836688c1f1d849de38afaba03368efc4.php 第 73 行.
NOTIC: [8] Use of undefined constant icon - assumed 'icon' E:\WWW\eps\Application\Runtime\Cache\Admin\836688c1f1d849de38afaba03368efc4.php 第 43 行.
NOTIC: [8] Use of undefined constant lower - assumed 'lower' E:\WWW\eps\Application\Runtime\Cache\Admin\836688c1f1d849de38afaba03368efc4.php 第 45 行.
NOTIC: [8] Use of undefined constant icon - assumed 'icon' E:\WWW\eps\Application\Runtime\Cache\Admin\836688c1f1d849de38afaba03368efc4.php 第 43 行.
NOTIC: [8] Use of undefined constant lower - assumed 'lower' E:\WWW\eps\Application\Runtime\Cache\Admin\836688c1f1d849de38afaba03368efc4.php 第 45 行.
INFO: Run Behavior\ParseTemplateBehavior [ RunTime:0.027000s ]
INFO: [ view_parse ] --END-- [ RunTime:0.027000s ]
INFO: [ view_filter ] --START--
INFO: Run Behavior\WriteHtmlCacheBehavior [ RunTime:0.001000s ]
INFO: [ view_filter ] --END-- [ RunTime:0.001000s ]
INFO: [ app_end ] --START--
INFO: Run Behavior\ShowPageTraceBehavior [ RunTime:0.001000s ]
INFO: [ app_end ] --END-- [ RunTime:0.001000s ]

[ 2017-09-30T10:39:05+08:00 ] 127.0.0.1 /Admin/Main/public_main.html
INFO: [ app_init ] --START--
INFO: Run Behavior\BuildLiteBehavior [ RunTime:0.000000s ]
INFO: [ app_init ] --END-- [ RunTime:0.000000s ]
INFO: [ app_begin ] --START--
INFO: Run Behavior\ReadHtmlCacheBehavior [ RunTime:0.001000s ]
INFO: [ app_begin ] --END-- [ RunTime:0.001000s ]
NOTIC: [2048] Declaration of Appframe\AdminbaseController::success() should be compatible with Think\Controller::success($message = '', $jumpUrl = '', $ajax = false) E:\WWW\eps\Application\Appframe\AdminbaseController.class.php 第 6 行.
SQL: SHOW COLUMNS FROM `d_user` [ RunTime:0.0100s ]
SQL: SELECT COUNT(*) AS tp_count FROM `d_user` WHERE ( 1=1 ) LIMIT 1   [ RunTime:0.0000s ]
SQL: SELECT COUNT(*) AS tp_count FROM `d_user` WHERE ( 1=1 and type='1' ) LIMIT 1   [ RunTime:0.0010s ]
SQL: SHOW COLUMNS FROM `d_need` [ RunTime:0.0220s ]
SQL: SELECT COUNT(*) AS tp_count FROM `d_need` WHERE ( 1=1 ) LIMIT 1   [ RunTime:0.0010s ]
SQL: SELECT sum(reward) as reward FROM `d_need` WHERE ( 1=1 and status='5' ) LIMIT 1   [ RunTime:0.0000s ]
SQL: SELECT sum(reward-get_reward) as reward FROM `d_need` WHERE ( 1=1 and status='5' ) LIMIT 1   [ RunTime:0.0000s ]
SQL: SHOW COLUMNS FROM `d_fxloginlog` [ RunTime:0.0030s ]
SQL: SELECT * FROM `d_fxloginlog` ORDER BY `loginid` desc LIMIT 0,10   [ RunTime:0.0010s ]
INFO: [ view_parse ] --START--
INFO: [ template_filter ] --START--
INFO: Run Behavior\ContentReplaceBehavior [ RunTime:0.000000s ]
INFO: [ template_filter ] --END-- [ RunTime:0.001000s ]
INFO: Run Behavior\ParseTemplateBehavior [ RunTime:0.028000s ]
INFO: [ view_parse ] --END-- [ RunTime:0.028000s ]
INFO: [ view_filter ] --START--
INFO: Run Behavior\WriteHtmlCacheBehavior [ RunTime:0.001000s ]
INFO: [ view_filter ] --END-- [ RunTime:0.001000s ]
INFO: [ app_end ] --START--
INFO: Run Behavior\ShowPageTraceBehavior [ RunTime:0.001000s ]
INFO: [ app_end ] --END-- [ RunTime:0.001000s ]

[ 2017-09-30T10:39:07+08:00 ] 127.0.0.1 /Admin/Yonghu/lists
INFO: [ app_init ] --START--
INFO: Run Behavior\BuildLiteBehavior [ RunTime:0.000000s ]
INFO: [ app_init ] --END-- [ RunTime:0.001000s ]
INFO: [ app_begin ] --START--
INFO: Run Behavior\ReadHtmlCacheBehavior [ RunTime:0.001000s ]
INFO: [ app_begin ] --END-- [ RunTime:0.001000s ]
NOTIC: [2048] Declaration of Appframe\AdminbaseController::success() should be compatible with Think\Controller::success($message = '', $jumpUrl = '', $ajax = false) E:\WWW\eps\Application\Appframe\AdminbaseController.class.php 第 6 行.
NOTIC: [2048] Declaration of Admin\Controller\YonghuController::show() should be compatible with Think\Controller::show($content, $charset = '', $contentType = '', $prefix = '') E:\WWW\eps\Application\Admin\Controller\YonghuController.class.php 第 8 行.
SQL: SHOW COLUMNS FROM `d_user` [ RunTime:0.0100s ]
SQL: SHOW COLUMNS FROM `d_task` [ RunTime:0.0290s ]
SQL: SHOW COLUMNS FROM `d_reward` [ RunTime:0.0040s ]
SQL: SHOW COLUMNS FROM `d_notification` [ RunTime:0.0110s ]
SQL: SHOW COLUMNS FROM `d_region` [ RunTime:0.0110s ]
SQL: SELECT COUNT(*) AS tp_count FROM `d_user` WHERE ( 1=1 ) LIMIT 1   [ RunTime:0.0000s ]
NOTIC: [8] Undefined index: page E:\WWW\eps\ThinkPHP\Library\Com\Util\Page.class.php 第 127 行.
NOTIC: [8] Undefined index: page E:\WWW\eps\ThinkPHP\Library\Com\Util\Page.class.php 第 127 行.
SQL: SELECT * FROM `d_user` WHERE ( 1=1 ) ORDER BY `reg_time` desc LIMIT 0,60   [ RunTime:0.0010s ]
INFO: [ view_parse ] --START--
INFO: [ template_filter ] --START--
INFO: Run Behavior\ContentReplaceBehavior [ RunTime:0.001000s ]
INFO: [ template_filter ] --END-- [ RunTime:0.001000s ]
NOTIC: [8] Undefined index: title E:\WWW\eps\Application\Runtime\Cache\Admin\5fcb2555c8953062d3ecb4397af81b62.php 第 119 行.
INFO: Run Behavior\ParseTemplateBehavior [ RunTime:0.078000s ]
INFO: [ view_parse ] --END-- [ RunTime:0.078000s ]
INFO: [ view_filter ] --START--
INFO: Run Behavior\WriteHtmlCacheBehavior [ RunTime:0.000000s ]
INFO: [ view_filter ] --END-- [ RunTime:0.000000s ]
INFO: [ app_end ] --START--
INFO: Run Behavior\ShowPageTraceBehavior [ RunTime:0.001000s ]
INFO: [ app_end ] --END-- [ RunTime:0.001000s ]

[ 2017-09-30T10:39:09+08:00 ] 127.0.0.1 /Admin/Gongdan/lists
INFO: [ app_init ] --START--
INFO: Run Behavior\BuildLiteBehavior [ RunTime:0.000000s ]
INFO: [ app_init ] --END-- [ RunTime:0.001000s ]
INFO: [ app_begin ] --START--
INFO: Run Behavior\ReadHtmlCacheBehavior [ RunTime:0.001000s ]
INFO: [ app_begin ] --END-- [ RunTime:0.001000s ]
NOTIC: [2048] Declaration of Appframe\AdminbaseController::success() should be compatible with Think\Controller::success($message = '', $jumpUrl = '', $ajax = false) E:\WWW\eps\Application\Appframe\AdminbaseController.class.php 第 6 行.
NOTIC: [2048] Declaration of Admin\Controller\GongdanController::show() should be compatible with Think\Controller::show($content, $charset = '', $contentType = '', $prefix = '') E:\WWW\eps\Application\Admin\Controller\GongdanController.class.php 第 8 行.
SQL: SHOW COLUMNS FROM `d_user` [ RunTime:0.0090s ]
SQL: SHOW COLUMNS FROM `d_need` [ RunTime:0.0080s ]
SQL: SHOW COLUMNS FROM `d_photo` [ RunTime:0.0240s ]
SQL: SHOW COLUMNS FROM `d_m_library` [ RunTime:0.0150s ]
SQL: SHOW COLUMNS FROM `d_notification` [ RunTime:0.0080s ]
SQL: SHOW COLUMNS FROM `d_fxuser` [ RunTime:0.0070s ]
SQL: SHOW COLUMNS FROM `d_reward` [ RunTime:0.0080s ]
SQL: SHOW COLUMNS FROM `d_adviser` [ RunTime:0.0240s ]
SQL: SELECT COUNT(*) AS tp_count FROM `d_need` WHERE ( status > 0 ) LIMIT 1   [ RunTime:0.0010s ]
SQL: SELECT COUNT(*) AS tp_count FROM `d_need` WHERE ( status = 1 ) LIMIT 1   [ RunTime:0.0000s ]
SQL: SELECT COUNT(*) AS tp_count FROM `d_need` WHERE ( status = 2 ) LIMIT 1   [ RunTime:0.0010s ]
SQL: SELECT COUNT(*) AS tp_count FROM `d_need` WHERE ( status = 3 ) LIMIT 1   [ RunTime:0.0000s ]
SQL: SELECT COUNT(*) AS tp_count FROM `d_need` WHERE ( status = 4 ) LIMIT 1   [ RunTime:0.0010s ]
SQL: SELECT COUNT(*) AS tp_count FROM `d_need` WHERE ( status = 5 ) LIMIT 1   [ RunTime:0.0010s ]
SQL: SHOW COLUMNS FROM `d_need` [ RunTime:0.0050s ]
SQL: SELECT COUNT(*) AS tp_count FROM d_need as n INNER JOIN d_user as u on n.uid_x=u.uid  WHERE ( n.status > 0 ) LIMIT 1   [ RunTime:0.0010s ]
NOTIC: [8] Undefined index: page E:\WWW\eps\ThinkPHP\Library\Com\Util\Page.class.php 第 127 行.
NOTIC: [8] Undefined index: page E:\WWW\eps\ThinkPHP\Library\Com\Util\Page.class.php 第 127 行.
SQL: SHOW COLUMNS FROM `d_need` [ RunTime:0.0050s ]
SQL: SELECT n.* FROM d_need as n INNER JOIN d_user as u on n.uid_x=u.uid  WHERE ( n.status > 0 ) ORDER BY n.time desc LIMIT 0,20   [ RunTime:0.0010s ]
SQL: SELECT * FROM `d_m_library` WHERE ( id=4 ) LIMIT 1   [ RunTime:0.0010s ]
SQL: SELECT `uid`,`name`,`mobile` FROM `d_user` WHERE ( uid=27 )  [ RunTime:0.0000s ]
SQL: SELECT `uid`,`name`,`company` FROM `d_user` WHERE ( uid=8 )  [ RunTime:0.0010s ]
SQL: SELECT * FROM `d_m_library` WHERE ( id=4 ) LIMIT 1   [ RunTime:0.0000s ]
SQL: SELECT `uid`,`name`,`mobile` FROM `d_user` WHERE ( uid=10 )  [ RunTime:0.0010s ]
SQL: SELECT `uid`,`name`,`company` FROM `d_user` WHERE ( uid=8 )  [ RunTime:0.0000s ]
SQL: SELECT * FROM `d_m_library` WHERE ( id=1 ) LIMIT 1   [ RunTime:0.0000s ]
SQL: SELECT `uid`,`name`,`mobile` FROM `d_user` WHERE ( uid=23 )  [ RunTime:0.0000s ]
SQL: SELECT `uid`,`name`,`company` FROM `d_user` WHERE ( uid=8 )  [ RunTime:0.0000s ]
SQL: SELECT * FROM `d_m_library` WHERE ( id=4 ) LIMIT 1   [ RunTime:0.0010s ]
SQL: SELECT `uid`,`name`,`mobile` FROM `d_user` WHERE ( uid=22 )  [ RunTime:0.0010s ]
SQL: SELECT `uid`,`name`,`company` FROM `d_user` WHERE ( uid=8 )  [ RunTime:0.0000s ]
SQL: SELECT * FROM `d_m_library` WHERE ( id=1 ) LIMIT 1   [ RunTime:0.0000s ]
SQL: SELECT `uid`,`name`,`mobile` FROM `d_user` WHERE ( uid=21 )  [ RunTime:0.0000s ]
SQL: SELECT `uid`,`name`,`company` FROM `d_user` WHERE ( uid=8 )  [ RunTime:0.0010s ]
SQL: SELECT * FROM `d_m_library` WHERE ( id=1 ) LIMIT 1   [ RunTime:0.0010s ]
SQL: SELECT `uid`,`name`,`mobile` FROM `d_user` WHERE ( uid=19 )  [ RunTime:0.0000s ]
SQL: SELECT `uid`,`name`,`company` FROM `d_user` WHERE ( uid=8 )  [ RunTime:0.0000s ]
SQL: SELECT * FROM `d_m_library` WHERE ( id=1 ) LIMIT 1   [ RunTime:0.0000s ]
SQL: SELECT `uid`,`name`,`mobile` FROM `d_user` WHERE ( uid=17 )  [ RunTime:0.0000s ]
SQL: SELECT `uid`,`name`,`company` FROM `d_user` WHERE ( uid=8 )  [ RunTime:0.0000s ]
SQL: SELECT * FROM `d_m_library` WHERE ( id=1 ) LIMIT 1   [ RunTime:0.0010s ]
SQL: SELECT `uid`,`name`,`mobile` FROM `d_user` WHERE ( uid=17 )  [ RunTime:0.0010s ]
SQL: SELECT `uid`,`name`,`company` FROM `d_user` WHERE ( uid=8 )  [ RunTime:0.0000s ]
SQL: SELECT * FROM `d_m_library` WHERE ( id=4 ) LIMIT 1   [ RunTime:0.0000s ]
SQL: SELECT `uid`,`name`,`mobile` FROM `d_user` WHERE ( uid=18 )  [ RunTime:0.0000s ]
SQL: SELECT `uid`,`name`,`company` FROM `d_user` WHERE ( uid=8 )  [ RunTime:0.0000s ]
SQL: SELECT * FROM `d_m_library` WHERE ( id=5 ) LIMIT 1   [ RunTime:0.0010s ]
SQL: SELECT `uid`,`name`,`mobile` FROM `d_user` WHERE ( uid=17 )  [ RunTime:0.0010s ]
SQL: SELECT `uid`,`name`,`company` FROM `d_user` WHERE ( uid=8 )  [ RunTime:0.0000s ]
SQL: SELECT * FROM `d_m_library` WHERE ( id=1 ) LIMIT 1   [ RunTime:0.0000s ]
SQL: SELECT `uid`,`name`,`mobile` FROM `d_user` WHERE ( uid=16 )  [ RunTime:0.0000s ]
SQL: SELECT `uid`,`name`,`company` FROM `d_user` WHERE ( uid=8 )  [ RunTime:0.0000s ]
SQL: SELECT * FROM `d_m_library` WHERE ( id=1 ) LIMIT 1   [ RunTime:0.0000s ]
SQL: SELECT `uid`,`name`,`mobile` FROM `d_user` WHERE ( uid=15 )  [ RunTime:0.0000s ]
SQL: SELECT `uid`,`name`,`company` FROM `d_user` WHERE ( uid=8 )  [ RunTime:0.0000s ]
SQL: SELECT * FROM `d_m_library` WHERE ( id=4 ) LIMIT 1   [ RunTime:0.0000s ]
SQL: SELECT `uid`,`name`,`mobile` FROM `d_user` WHERE ( uid=12 )  [ RunTime:0.0010s ]
SQL: SELECT `uid`,`name`,`company` FROM `d_user` WHERE ( uid=8 )  [ RunTime:0.0010s ]
SQL: SELECT * FROM `d_m_library` WHERE ( id=4 ) LIMIT 1   [ RunTime:0.0000s ]
SQL: SELECT `uid`,`name`,`mobile` FROM `d_user` WHERE ( uid=10 )  [ RunTime:0.0000s ]
SQL: SELECT `uid`,`name`,`company` FROM `d_user` WHERE ( uid=13 )  [ RunTime:0.0000s ]
SQL: SELECT * FROM `d_m_library` WHERE ( id=4 ) LIMIT 1   [ RunTime:0.0000s ]
SQL: SELECT `uid`,`name`,`mobile` FROM `d_user` WHERE ( uid=10 )  [ RunTime:0.0000s ]
SQL: SELECT `uid`,`name`,`company` FROM `d_user` WHERE ( uid=8 )  [ RunTime:0.0010s ]
SQL: SELECT * FROM `d_m_library` WHERE ( id=4 ) LIMIT 1   [ RunTime:0.0000s ]
SQL: SELECT `uid`,`name`,`mobile` FROM `d_user` WHERE ( uid=10 )  [ RunTime:0.0000s ]
SQL: SELECT `uid`,`name`,`company` FROM `d_user` WHERE ( uid=8 )  [ RunTime:0.0000s ]
SQL: SELECT * FROM `d_m_library` WHERE ( id=4 ) LIMIT 1   [ RunTime:0.0000s ]
SQL: SELECT `uid`,`name`,`mobile` FROM `d_user` WHERE ( uid=10 )  [ RunTime:0.0010s ]
SQL: SELECT `uid`,`name`,`company` FROM `d_user` WHERE ( uid=8 )  [ RunTime:0.0000s ]
SQL: SELECT * FROM `d_m_library` WHERE ( id=4 ) LIMIT 1   [ RunTime:0.0000s ]
SQL: SELECT `uid`,`name`,`mobile` FROM `d_user` WHERE ( uid=10 )  [ RunTime:0.0000s ]
SQL: SELECT `uid`,`name`,`company` FROM `d_user` WHERE ( uid=8 )  [ RunTime:0.0000s ]
SQL: SELECT * FROM `d_m_library` WHERE ( id=4 ) LIMIT 1   [ RunTime:0.0000s ]
SQL: SELECT `uid`,`name`,`mobile` FROM `d_user` WHERE ( uid=9 )  [ RunTime:0.0000s ]
SQL: SELECT `uid`,`name`,`company` FROM `d_user` WHERE ( uid=8 )  [ RunTime:0.0000s ]
SQL: SELECT * FROM `d_m_library` WHERE ( id=4 ) LIMIT 1   [ RunTime:0.0000s ]
SQL: SELECT `uid`,`name`,`mobile` FROM `d_user` WHERE ( uid=9 )  [ RunTime:0.0000s ]
SQL: SELECT `uid`,`name`,`company` FROM `d_user` WHERE ( uid=8 )  [ RunTime:0.0000s ]
INFO: [ view_parse ] --START--
INFO: [ template_filter ] --START--
INFO: Run Behavior\ContentReplaceBehavior [ RunTime:0.000000s ]
INFO: [ template_filter ] --END-- [ RunTime:0.000000s ]
NOTIC: [8] Undefined index: status E:\WWW\eps\Application\Runtime\Cache\Admin\f3608d595422fc0dabb28ab5220a7890.php 第 122 行.
NOTIC: [8] Undefined index: status E:\WWW\eps\Application\Runtime\Cache\Admin\f3608d595422fc0dabb28ab5220a7890.php 第 125 行.
NOTIC: [8] Undefined variable: v E:\WWW\eps\Application\Runtime\Cache\Admin\f3608d595422fc0dabb28ab5220a7890.php 第 125 行.
NOTIC: [8] Undefined index: status E:\WWW\eps\Application\Runtime\Cache\Admin\f3608d595422fc0dabb28ab5220a7890.php 第 126 行.
NOTIC: [8] Undefined index: status E:\WWW\eps\Application\Runtime\Cache\Admin\f3608d595422fc0dabb28ab5220a7890.php 第 126 行.
NOTIC: [8] Undefined index: status E:\WWW\eps\Application\Runtime\Cache\Admin\f3608d595422fc0dabb28ab5220a7890.php 第 126 行.
NOTIC: [8] Undefined index: status E:\WWW\eps\Application\Runtime\Cache\Admin\f3608d595422fc0dabb28ab5220a7890.php 第 126 行.
NOTIC: [8] Undefined index: status E:\WWW\eps\Application\Runtime\Cache\Admin\f3608d595422fc0dabb28ab5220a7890.php 第 126 行.
NOTIC: [8] Undefined index: number E:\WWW\eps\Application\Runtime\Cache\Admin\f3608d595422fc0dabb28ab5220a7890.php 第 127 行.
NOTIC: [8] Undefined index: no E:\WWW\eps\Application\Runtime\Cache\Admin\f3608d595422fc0dabb28ab5220a7890.php 第 128 行.
NOTIC: [8] Undefined index: fybq E:\WWW\eps\Application\Runtime\Cache\Admin\f3608d595422fc0dabb28ab5220a7890.php 第 171 行.
NOTIC: [8] Undefined index: fybq E:\WWW\eps\Application\Runtime\Cache\Admin\f3608d595422fc0dabb28ab5220a7890.php 第 171 行.
NOTIC: [8] Undefined index: fybq E:\WWW\eps\Application\Runtime\Cache\Admin\f3608d595422fc0dabb28ab5220a7890.php 第 171 行.
NOTIC: [8] Undefined index: fybq E:\WWW\eps\Application\Runtime\Cache\Admin\f3608d595422fc0dabb28ab5220a7890.php 第 171 行.
NOTIC: [8] Undefined index: fybq E:\WWW\eps\Application\Runtime\Cache\Admin\f3608d595422fc0dabb28ab5220a7890.php 第 171 行.
NOTIC: [8] Undefined index: fybq E:\WWW\eps\Application\Runtime\Cache\Admin\f3608d595422fc0dabb28ab5220a7890.php 第 171 行.
NOTIC: [8] Undefined index: fybq E:\WWW\eps\Application\Runtime\Cache\Admin\f3608d595422fc0dabb28ab5220a7890.php 第 171 行.
NOTIC: [8] Undefined index: fybq E:\WWW\eps\Application\Runtime\Cache\Admin\f3608d595422fc0dabb28ab5220a7890.php 第 171 行.
NOTIC: [8] Undefined index: fybq E:\WWW\eps\Application\Runtime\Cache\Admin\f3608d595422fc0dabb28ab5220a7890.php 第 171 行.
NOTIC: [8] Undefined index: fybq E:\WWW\eps\Application\Runtime\Cache\Admin\f3608d595422fc0dabb28ab5220a7890.php 第 171 行.
NOTIC: [8] Undefined index: fybq E:\WWW\eps\Application\Runtime\Cache\Admin\f3608d595422fc0dabb28ab5220a7890.php 第 171 行.
NOTIC: [8] Undefined index: fybq E:\WWW\eps\Application\Runtime\Cache\Admin\f3608d595422fc0dabb28ab5220a7890.php 第 171 行.
NOTIC: [8] Undefined index: fybq E:\WWW\eps\Application\Runtime\Cache\Admin\f3608d595422fc0dabb28ab5220a7890.php 第 171 行.
NOTIC: [8] Undefined index: fybq E:\WWW\eps\Application\Runtime\Cache\Admin\f3608d595422fc0dabb28ab5220a7890.php 第 171 行.
INFO: Run Behavior\ParseTemplateBehavior [ RunTime:0.027000s ]
INFO: [ view_parse ] --END-- [ RunTime:0.027000s ]
INFO: [ view_filter ] --START--
INFO: Run Behavior\WriteHtmlCacheBehavior [ RunTime:0.000000s ]
INFO: [ view_filter ] --END-- [ RunTime:0.000000s ]
INFO: [ app_end ] --START--
INFO: Run Behavior\ShowPageTraceBehavior [ RunTime:0.001000s ]
INFO: [ app_end ] --END-- [ RunTime:0.001000s ]

[ 2017-09-30T10:39:32+08:00 ] 127.0.0.1 /Admin/Gongdan/lists
INFO: [ app_init ] --START--
INFO: Run Behavior\BuildLiteBehavior [ RunTime:0.000000s ]
INFO: [ app_init ] --END-- [ RunTime:0.001000s ]
INFO: [ app_begin ] --START--
INFO: Run Behavior\ReadHtmlCacheBehavior [ RunTime:0.001000s ]
INFO: [ app_begin ] --END-- [ RunTime:0.001000s ]
NOTIC: [2048] Declaration of Appframe\AdminbaseController::success() should be compatible with Think\Controller::success($message = '', $jumpUrl = '', $ajax = false) E:\WWW\eps\Application\Appframe\AdminbaseController.class.php 第 6 行.
NOTIC: [2048] Declaration of Admin\Controller\GongdanController::show() should be compatible with Think\Controller::show($content, $charset = '', $contentType = '', $prefix = '') E:\WWW\eps\Application\Admin\Controller\GongdanController.class.php 第 8 行.
SQL: SHOW COLUMNS FROM `d_user` [ RunTime:0.0080s ]
SQL: SHOW COLUMNS FROM `d_need` [ RunTime:0.0070s ]
SQL: SHOW COLUMNS FROM `d_photo` [ RunTime:0.0070s ]
SQL: SHOW COLUMNS FROM `d_m_library` [ RunTime:0.0070s ]
SQL: SHOW COLUMNS FROM `d_notification` [ RunTime:0.0070s ]
SQL: SHOW COLUMNS FROM `d_fxuser` [ RunTime:0.0070s ]
SQL: SHOW COLUMNS FROM `d_reward` [ RunTime:0.0080s ]
SQL: SHOW COLUMNS FROM `d_adviser` [ RunTime:0.0070s ]
SQL: SELECT COUNT(*) AS tp_count FROM `d_need` WHERE ( status > 0 ) LIMIT 1   [ RunTime:0.0010s ]
SQL: SELECT COUNT(*) AS tp_count FROM `d_need` WHERE ( status = 1 ) LIMIT 1   [ RunTime:0.0010s ]
SQL: SELECT COUNT(*) AS tp_count FROM `d_need` WHERE ( status = 2 ) LIMIT 1   [ RunTime:0.0010s ]
SQL: SELECT COUNT(*) AS tp_count FROM `d_need` WHERE ( status = 3 ) LIMIT 1   [ RunTime:0.0010s ]
SQL: SELECT COUNT(*) AS tp_count FROM `d_need` WHERE ( status = 4 ) LIMIT 1   [ RunTime:0.0000s ]
SQL: SELECT COUNT(*) AS tp_count FROM `d_need` WHERE ( status = 5 ) LIMIT 1   [ RunTime:0.0010s ]
SQL: SHOW COLUMNS FROM `d_need` [ RunTime:0.0080s ]
SQL: SELECT COUNT(*) AS tp_count FROM d_need as n INNER JOIN d_user as u on n.uid_x=u.uid  WHERE ( n.status > 0 ) LIMIT 1   [ RunTime:0.0010s ]
NOTIC: [8] Undefined index: page E:\WWW\eps\ThinkPHP\Library\Com\Util\Page.class.php 第 127 行.
NOTIC: [8] Undefined index: page E:\WWW\eps\ThinkPHP\Library\Com\Util\Page.class.php 第 127 行.
SQL: SHOW COLUMNS FROM `d_need` [ RunTime:0.0080s ]
SQL: SELECT n.* FROM d_need as n INNER JOIN d_user as u on n.uid_x=u.uid  WHERE ( n.status > 0 ) ORDER BY n.time desc LIMIT 0,20   [ RunTime:0.0030s ]
SQL: SELECT * FROM `d_m_library` WHERE ( id=4 ) LIMIT 1   [ RunTime:0.0010s ]
SQL: SELECT `uid`,`name`,`mobile` FROM `d_user` WHERE ( uid=10 )  [ RunTime:0.0010s ]
SQL: SELECT `uid`,`name`,`company` FROM `d_user` WHERE ( uid=8 )  [ RunTime:0.0010s ]
SQL: SELECT * FROM `d_m_library` WHERE ( id=5 ) LIMIT 1   [ RunTime:0.0000s ]
SQL: SELECT `uid`,`name`,`mobile` FROM `d_user` WHERE ( uid=27 )  [ RunTime:0.0010s ]
SQL: SELECT `uid`,`name`,`company` FROM `d_user` WHERE ( uid=8 )  [ RunTime:0.0010s ]
SQL: SELECT * FROM `d_m_library` WHERE ( id=4 ) LIMIT 1   [ RunTime:0.0010s ]
SQL: SELECT `uid`,`name`,`mobile` FROM `d_user` WHERE ( uid=27 )  [ RunTime:0.0010s ]
SQL: SELECT `uid`,`name`,`company` FROM `d_user` WHERE ( uid=8 )  [ RunTime:0.0000s ]
SQL: SELECT * FROM `d_m_library` WHERE ( id=4 ) LIMIT 1   [ RunTime:0.0000s ]
SQL: SELECT `uid`,`name`,`mobile` FROM `d_user` WHERE ( uid=27 )  [ RunTime:0.0010s ]
SQL: SELECT `uid`,`name`,`company` FROM `d_user` WHERE ( uid=8 )  [ RunTime:0.0010s ]
SQL: SELECT * FROM `d_m_library` WHERE ( id=4 ) LIMIT 1   [ RunTime:0.0000s ]
SQL: SELECT `uid`,`name`,`mobile` FROM `d_user` WHERE ( uid=27 )  [ RunTime:0.0010s ]
SQL: SELECT `uid`,`name`,`company` FROM `d_user` WHERE ( uid=8 )  [ RunTime:0.0010s ]
SQL: SELECT * FROM `d_m_library` WHERE ( id=4 ) LIMIT 1   [ RunTime:0.0000s ]
SQL: SELECT `uid`,`name`,`mobile` FROM `d_user` WHERE ( uid=27 )  [ RunTime:0.0010s ]
SQL: SELECT `uid`,`name`,`company` FROM `d_user` WHERE ( uid=8 )  [ RunTime:0.0010s ]
SQL: SELECT * FROM `d_m_library` WHERE ( id=4 ) LIMIT 1   [ RunTime:0.0010s ]
SQL: SELECT `uid`,`name`,`mobile` FROM `d_user` WHERE ( uid=27 )  [ RunTime:0.0010s ]
SQL: SELECT `uid`,`name`,`company` FROM `d_user` WHERE ( uid=8 )  [ RunTime:0.0000s ]
SQL: SELECT * FROM `d_m_library` WHERE ( id=4 ) LIMIT 1   [ RunTime:0.0000s ]
SQL: SELECT `uid`,`name`,`mobile` FROM `d_user` WHERE ( uid=27 )  [ RunTime:0.0010s ]
SQL: SELECT `uid`,`name`,`company` FROM `d_user` WHERE ( uid=8 )  [ RunTime:0.0010s ]
SQL: SELECT * FROM `d_m_library` WHERE ( id=4 ) LIMIT 1   [ RunTime:0.0000s ]
SQL: SELECT `uid`,`name`,`mobile` FROM `d_user` WHERE ( uid=27 )  [ RunTime:0.0010s ]
SQL: SELECT `uid`,`name`,`company` FROM `d_user` WHERE ( uid=8 )  [ RunTime:0.0000s ]
SQL: SELECT * FROM `d_m_library` WHERE ( id=4 ) LIMIT 1   [ RunTime:0.0000s ]
SQL: SELECT `uid`,`name`,`mobile` FROM `d_user` WHERE ( uid=27 )  [ RunTime:0.0010s ]
SQL: SELECT `uid`,`name`,`company` FROM `d_user` WHERE ( uid=8 )  [ RunTime:0.0000s ]
SQL: SELECT * FROM `d_m_library` WHERE ( id=5 ) LIMIT 1   [ RunTime:0.0000s ]
SQL: SELECT `uid`,`name`,`mobile` FROM `d_user` WHERE ( uid=27 )  [ RunTime:0.0010s ]
SQL: SELECT `uid`,`name`,`company` FROM `d_user` WHERE ( uid=31 )  [ RunTime:0.0000s ]
SQL: SELECT * FROM `d_m_library` WHERE ( id=2 ) LIMIT 1   [ RunTime:0.0000s ]
SQL: SELECT `uid`,`name`,`mobile` FROM `d_user` WHERE ( uid=27 )  [ RunTime:0.0010s ]
SQL: SELECT `uid`,`name`,`company` FROM `d_user` WHERE ( uid=8 )  [ RunTime:0.0000s ]
SQL: SELECT * FROM `d_m_library` WHERE ( id=5 ) LIMIT 1   [ RunTime:0.0010s ]
SQL: SELECT `uid`,`name`,`mobile` FROM `d_user` WHERE ( uid=27 )  [ RunTime:0.0000s ]
SQL: SELECT `uid`,`name`,`company` FROM `d_user` WHERE ( uid=8 )  [ RunTime:0.0000s ]
SQL: SELECT * FROM `d_m_library` WHERE ( id=2 ) LIMIT 1   [ RunTime:0.0010s ]
SQL: SELECT `uid`,`name`,`mobile` FROM `d_user` WHERE ( uid=27 )  [ RunTime:0.0000s ]
SQL: SELECT `uid`,`name`,`company` FROM `d_user` WHERE ( uid=8 )  [ RunTime:0.0000s ]
SQL: SELECT * FROM `d_m_library` WHERE ( id=2 ) LIMIT 1   [ RunTime:0.0010s ]
SQL: SELECT `uid`,`name`,`mobile` FROM `d_user` WHERE ( uid=27 )  [ RunTime:0.0000s ]
SQL: SELECT `uid`,`name`,`company` FROM `d_user` WHERE ( uid=8 )  [ RunTime:0.0000s ]
SQL: SELECT * FROM `d_m_library` WHERE ( id=5 ) LIMIT 1   [ RunTime:0.0010s ]
SQL: SELECT `uid`,`name`,`mobile` FROM `d_user` WHERE ( uid=27 )  [ RunTime:0.0010s ]
SQL: SELECT `uid`,`name`,`company` FROM `d_user` WHERE ( uid=8 )  [ RunTime:0.0010s ]
SQL: SELECT * FROM `d_m_library` WHERE ( id=5 ) LIMIT 1   [ RunTime:0.0010s ]
SQL: SELECT `uid`,`name`,`mobile` FROM `d_user` WHERE ( uid=27 )  [ RunTime:0.0000s ]
SQL: SELECT `uid`,`name`,`company` FROM `d_user` WHERE ( uid=8 )  [ RunTime:0.0000s ]
SQL: SELECT * FROM `d_m_library` WHERE ( id=5 ) LIMIT 1   [ RunTime:0.0000s ]
SQL: SELECT `uid`,`name`,`mobile` FROM `d_user` WHERE ( uid=27 )  [ RunTime:0.0000s ]
SQL: SELECT `uid`,`name`,`company` FROM `d_user` WHERE ( uid=8 )  [ RunTime:0.0000s ]
SQL: SELECT * FROM `d_m_library` WHERE ( id=5 ) LIMIT 1   [ RunTime:0.0000s ]
SQL: SELECT `uid`,`name`,`mobile` FROM `d_user` WHERE ( uid=27 )  [ RunTime:0.0000s ]
SQL: SELECT `uid`,`name`,`company` FROM `d_user` WHERE ( uid=8 )  [ RunTime:0.0000s ]
SQL: SELECT * FROM `d_m_library` WHERE ( id=5 ) LIMIT 1   [ RunTime:0.0010s ]
SQL: SELECT `uid`,`name`,`mobile` FROM `d_user` WHERE ( uid=27 )  [ RunTime:0.0010s ]
SQL: SELECT `uid`,`name`,`company` FROM `d_user` WHERE ( uid=8 )  [ RunTime:0.0010s ]
NOTIC: [8] Undefined variable: pList E:\WWW\eps\ThinkPHP\Library\Com\Util\Page.class.php 第 155 行.
NOTIC: [8] Undefined variable: pListStart E:\WWW\eps\ThinkPHP\Library\Com\Util\Page.class.php 第 248 行.
NOTIC: [8] Undefined variable: pListEnd E:\WWW\eps\ThinkPHP\Library\Com\Util\Page.class.php 第 248 行.
NOTIC: [8] Undefined variable: pFirst E:\WWW\eps\ThinkPHP\Library\Com\Util\Page.class.php 第 248 行.
NOTIC: [8] Undefined variable: pPrev E:\WWW\eps\ThinkPHP\Library\Com\Util\Page.class.php 第 248 行.
INFO: [ view_parse ] --START--
INFO: [ template_filter ] --START--
INFO: Run Behavior\ContentReplaceBehavior [ RunTime:0.000000s ]
INFO: [ template_filter ] --END-- [ RunTime:0.000000s ]
NOTIC: [8] Undefined index: status E:\WWW\eps\Application\Runtime\Cache\Admin\f3608d595422fc0dabb28ab5220a7890.php 第 122 行.
NOTIC: [8] Undefined index: status E:\WWW\eps\Application\Runtime\Cache\Admin\f3608d595422fc0dabb28ab5220a7890.php 第 125 行.
NOTIC: [8] Undefined variable: v E:\WWW\eps\Application\Runtime\Cache\Admin\f3608d595422fc0dabb28ab5220a7890.php 第 125 行.
NOTIC: [8] Undefined index: status E:\WWW\eps\Application\Runtime\Cache\Admin\f3608d595422fc0dabb28ab5220a7890.php 第 126 行.
NOTIC: [8] Undefined index: status E:\WWW\eps\Application\Runtime\Cache\Admin\f3608d595422fc0dabb28ab5220a7890.php 第 126 行.
NOTIC: [8] Undefined index: status E:\WWW\eps\Application\Runtime\Cache\Admin\f3608d595422fc0dabb28ab5220a7890.php 第 126 行.
NOTIC: [8] Undefined index: status E:\WWW\eps\Application\Runtime\Cache\Admin\f3608d595422fc0dabb28ab5220a7890.php 第 126 行.
NOTIC: [8] Undefined index: status E:\WWW\eps\Application\Runtime\Cache\Admin\f3608d595422fc0dabb28ab5220a7890.php 第 126 行.
NOTIC: [8] Undefined index: number E:\WWW\eps\Application\Runtime\Cache\Admin\f3608d595422fc0dabb28ab5220a7890.php 第 127 行.
NOTIC: [8] Undefined index: no E:\WWW\eps\Application\Runtime\Cache\Admin\f3608d595422fc0dabb28ab5220a7890.php 第 128 行.
NOTIC: [8] Undefined index: fybq E:\WWW\eps\Application\Runtime\Cache\Admin\f3608d595422fc0dabb28ab5220a7890.php 第 171 行.
INFO: Run Behavior\ParseTemplateBehavior [ RunTime:0.034000s ]
INFO: [ view_parse ] --END-- [ RunTime:0.036000s ]
INFO: [ view_filter ] --START--
INFO: Run Behavior\WriteHtmlCacheBehavior [ RunTime:0.000000s ]
INFO: [ view_filter ] --END-- [ RunTime:0.000000s ]
INFO: [ app_end ] --START--
INFO: Run Behavior\ShowPageTraceBehavior [ RunTime:0.001000s ]
INFO: [ app_end ] --END-- [ RunTime:0.001000s ]

[ 2017-09-30T10:39:46+08:00 ] 127.0.0.1 /Admin/Gongdan/lists/page/2.html
INFO: [ app_init ] --START--
INFO: Run Behavior\BuildLiteBehavior [ RunTime:0.000000s ]
INFO: [ app_init ] --END-- [ RunTime:0.001000s ]
INFO: [ app_begin ] --START--
INFO: Run Behavior\ReadHtmlCacheBehavior [ RunTime:0.002000s ]
INFO: [ app_begin ] --END-- [ RunTime:0.002000s ]
NOTIC: [2048] Declaration of Appframe\AdminbaseController::success() should be compatible with Think\Controller::success($message = '', $jumpUrl = '', $ajax = false) E:\WWW\eps\Application\Appframe\AdminbaseController.class.php 第 6 行.
NOTIC: [2048] Declaration of Admin\Controller\GongdanController::show() should be compatible with Think\Controller::show($content, $charset = '', $contentType = '', $prefix = '') E:\WWW\eps\Application\Admin\Controller\GongdanController.class.php 第 8 行.
SQL: SHOW COLUMNS FROM `d_user` [ RunTime:0.0100s ]
SQL: SHOW COLUMNS FROM `d_need` [ RunTime:0.0100s ]
SQL: SHOW COLUMNS FROM `d_photo` [ RunTime:0.0080s ]
SQL: SHOW COLUMNS FROM `d_m_library` [ RunTime:0.0050s ]
SQL: SHOW COLUMNS FROM `d_notification` [ RunTime:0.0040s ]
SQL: SHOW COLUMNS FROM `d_fxuser` [ RunTime:0.0040s ]
SQL: SHOW COLUMNS FROM `d_reward` [ RunTime:0.0050s ]
SQL: SHOW COLUMNS FROM `d_adviser` [ RunTime:0.0050s ]
SQL: SELECT COUNT(*) AS tp_count FROM `d_need` WHERE ( status > 0 ) LIMIT 1   [ RunTime:0.0010s ]
SQL: SELECT COUNT(*) AS tp_count FROM `d_need` WHERE ( status = 1 ) LIMIT 1   [ RunTime:0.0000s ]
SQL: SELECT COUNT(*) AS tp_count FROM `d_need` WHERE ( status = 2 ) LIMIT 1   [ RunTime:0.0010s ]
SQL: SELECT COUNT(*) AS tp_count FROM `d_need` WHERE ( status = 3 ) LIMIT 1   [ RunTime:0.0000s ]
SQL: SELECT COUNT(*) AS tp_count FROM `d_need` WHERE ( status = 4 ) LIMIT 1   [ RunTime:0.0010s ]
SQL: SELECT COUNT(*) AS tp_count FROM `d_need` WHERE ( status = 5 ) LIMIT 1   [ RunTime:0.0010s ]
SQL: SHOW COLUMNS FROM `d_need` [ RunTime:0.0050s ]
SQL: SELECT COUNT(*) AS tp_count FROM d_need as n INNER JOIN d_user as u on n.uid_x=u.uid  WHERE ( n.status > 0 ) LIMIT 1   [ RunTime:0.0010s ]
SQL: SHOW COLUMNS FROM `d_need` [ RunTime:0.0060s ]
SQL: SELECT n.* FROM d_need as n INNER JOIN d_user as u on n.uid_x=u.uid  WHERE ( n.status > 0 ) ORDER BY n.time desc LIMIT 20,20   [ RunTime:0.0010s ]
SQL: SELECT * FROM `d_m_library` WHERE ( id=5 ) LIMIT 1   [ RunTime:0.0000s ]
SQL: SELECT `uid`,`name`,`mobile` FROM `d_user` WHERE ( uid=27 )  [ RunTime:0.0000s ]
SQL: SELECT `uid`,`name`,`company` FROM `d_user` WHERE ( uid=8 )  [ RunTime:0.0010s ]
SQL: SELECT * FROM `d_m_library` WHERE ( id=4 ) LIMIT 1   [ RunTime:0.0000s ]
SQL: SELECT `uid`,`name`,`mobile` FROM `d_user` WHERE ( uid=27 )  [ RunTime:0.0010s ]
SQL: SELECT `uid`,`name`,`company` FROM `d_user` WHERE ( uid=13 )  [ RunTime:0.0000s ]
SQL: SELECT * FROM `d_m_library` WHERE ( id=4 ) LIMIT 1   [ RunTime:0.0010s ]
SQL: SELECT `uid`,`name`,`mobile` FROM `d_user` WHERE ( uid=27 )  [ RunTime:0.0000s ]
SQL: SELECT `uid`,`name`,`company` FROM `d_user` WHERE ( uid=13 )  [ RunTime:0.0010s ]
SQL: SELECT * FROM `d_m_library` WHERE ( id=4 ) LIMIT 1   [ RunTime:0.0000s ]
SQL: SELECT `uid`,`name`,`mobile` FROM `d_user` WHERE ( uid=27 )  [ RunTime:0.0010s ]
SQL: SELECT `uid`,`name`,`company` FROM `d_user` WHERE ( uid=8 )  [ RunTime:0.0000s ]
SQL: SELECT * FROM `d_m_library` WHERE ( id=5 ) LIMIT 1   [ RunTime:0.0010s ]
SQL: SELECT `uid`,`name`,`mobile` FROM `d_user` WHERE ( uid=27 )  [ RunTime:0.0010s ]
SQL: SELECT `uid`,`name`,`company` FROM `d_user` WHERE ( uid=8 )  [ RunTime:0.0000s ]
SQL: SELECT * FROM `d_m_library` WHERE ( id=4 ) LIMIT 1   [ RunTime:0.0000s ]
SQL: SELECT `uid`,`name`,`mobile` FROM `d_user` WHERE ( uid=27 )  [ RunTime:0.0000s ]
SQL: SELECT `uid`,`name`,`company` FROM `d_user` WHERE ( uid=8 )  [ RunTime:0.0000s ]
SQL: SELECT * FROM `d_m_library` WHERE ( id=4 ) LIMIT 1   [ RunTime:0.0000s ]
SQL: SELECT `uid`,`name`,`mobile` FROM `d_user` WHERE ( uid=27 )  [ RunTime:0.0000s ]
SQL: SELECT `uid`,`name`,`company` FROM `d_user` WHERE ( uid=8 )  [ RunTime:0.0000s ]
SQL: SELECT * FROM `d_m_library` WHERE ( id=4 ) LIMIT 1   [ RunTime:0.0000s ]
SQL: SELECT `uid`,`name`,`mobile` FROM `d_user` WHERE ( uid=27 )  [ RunTime:0.0000s ]
SQL: SELECT `uid`,`name`,`company` FROM `d_user` WHERE ( uid=31 )  [ RunTime:0.0000s ]
SQL: SELECT * FROM `d_m_library` WHERE ( id=5 ) LIMIT 1   [ RunTime:0.0000s ]
SQL: SELECT `uid`,`name`,`mobile` FROM `d_user` WHERE ( uid=27 )  [ RunTime:0.0000s ]
SQL: SELECT `uid`,`name`,`company` FROM `d_user` WHERE ( uid=8 )  [ RunTime:0.0000s ]
SQL: SELECT * FROM `d_m_library` WHERE ( id=2 ) LIMIT 1   [ RunTime:0.0000s ]
SQL: SELECT `uid`,`name`,`mobile` FROM `d_user` WHERE ( uid=27 )  [ RunTime:0.0000s ]
SQL: SELECT `uid`,`name`,`company` FROM `d_user` WHERE ( uid=8 )  [ RunTime:0.0000s ]
SQL: SELECT * FROM `d_m_library` WHERE ( id=4 ) LIMIT 1   [ RunTime:0.0000s ]
SQL: SELECT `uid`,`name`,`mobile` FROM `d_user` WHERE ( uid=27 )  [ RunTime:0.0000s ]
SQL: SELECT `uid`,`name`,`company` FROM `d_user` WHERE ( uid=8 )  [ RunTime:0.0000s ]
SQL: SELECT * FROM `d_m_library` WHERE ( id=4 ) LIMIT 1   [ RunTime:0.0000s ]
SQL: SELECT `uid`,`name`,`mobile` FROM `d_user` WHERE ( uid=27 )  [ RunTime:0.0000s ]
SQL: SELECT `uid`,`name`,`company` FROM `d_user` WHERE ( uid=8 )  [ RunTime:0.0000s ]
SQL: SELECT * FROM `d_m_library` WHERE ( id=5 ) LIMIT 1   [ RunTime:0.0000s ]
SQL: SELECT `uid`,`name`,`mobile` FROM `d_user` WHERE ( uid=27 )  [ RunTime:0.0000s ]
SQL: SELECT `uid`,`name`,`company` FROM `d_user` WHERE ( uid=8 )  [ RunTime:0.0000s ]
SQL: SELECT * FROM `d_m_library` WHERE ( id=4 ) LIMIT 1   [ RunTime:0.0000s ]
SQL: SELECT `uid`,`name`,`mobile` FROM `d_user` WHERE ( uid=27 )  [ RunTime:0.0010s ]
SQL: SELECT `uid`,`name`,`company` FROM `d_user` WHERE ( uid=31 )  [ RunTime:0.0010s ]
SQL: SELECT * FROM `d_m_library` WHERE ( id=4 ) LIMIT 1   [ RunTime:0.0010s ]
SQL: SELECT `uid`,`name`,`mobile` FROM `d_user` WHERE ( uid=27 )  [ RunTime:0.0010s ]
SQL: SELECT `uid`,`name`,`company` FROM `d_user` WHERE ( uid=8 )  [ RunTime:0.0010s ]
SQL: SELECT * FROM `d_m_library` WHERE ( id=5 ) LIMIT 1   [ RunTime:0.0010s ]
SQL: SELECT `uid`,`name`,`mobile` FROM `d_user` WHERE ( uid=27 )  [ RunTime:0.0000s ]
SQL: SELECT `uid`,`name`,`company` FROM `d_user` WHERE ( uid=8 )  [ RunTime:0.0000s ]
SQL: SELECT * FROM `d_m_library` WHERE ( id=4 ) LIMIT 1   [ RunTime:0.0000s ]
SQL: SELECT `uid`,`name`,`mobile` FROM `d_user` WHERE ( uid=27 )  [ RunTime:0.0010s ]
SQL: SELECT `uid`,`name`,`company` FROM `d_user` WHERE ( uid=8 )  [ RunTime:0.0010s ]
SQL: SELECT * FROM `d_m_library` WHERE ( id=2 ) LIMIT 1   [ RunTime:0.0000s ]
SQL: SELECT `uid`,`name`,`mobile` FROM `d_user` WHERE ( uid=27 )  [ RunTime:0.0000s ]
SQL: SELECT `uid`,`name`,`company` FROM `d_user` WHERE ( uid=8 )  [ RunTime:0.0000s ]
SQL: SELECT * FROM `d_m_library` WHERE ( id=5 ) LIMIT 1   [ RunTime:0.0010s ]
SQL: SELECT `uid`,`name`,`mobile` FROM `d_user` WHERE ( uid=27 )  [ RunTime:0.0010s ]
SQL: SELECT `uid`,`name`,`company` FROM `d_user` WHERE ( uid=8 )  [ RunTime:0.0000s ]
SQL: SELECT * FROM `d_m_library` WHERE ( id=4 ) LIMIT 1   [ RunTime:0.0010s ]
SQL: SELECT `uid`,`name`,`mobile` FROM `d_user` WHERE ( uid=27 )  [ RunTime:0.0000s ]
SQL: SELECT `uid`,`name`,`company` FROM `d_user` WHERE ( uid=8 )  [ RunTime:0.0000s ]
NOTIC: [8] Undefined variable: pList E:\WWW\eps\ThinkPHP\Library\Com\Util\Page.class.php 第 162 行.
NOTIC: [8] Undefined variable: pListStart E:\WWW\eps\ThinkPHP\Library\Com\Util\Page.class.php 第 248 行.
NOTIC: [8] Undefined variable: pListEnd E:\WWW\eps\ThinkPHP\Library\Com\Util\Page.class.php 第 248 行.
INFO: [ view_parse ] --START--
INFO: [ template_filter ] --START--
INFO: Run Behavior\ContentReplaceBehavior [ RunTime:0.000000s ]
INFO: [ template_filter ] --END-- [ RunTime:0.001000s ]
NOTIC: [8] Undefined index: status E:\WWW\eps\Application\Runtime\Cache\Admin\f3608d595422fc0dabb28ab5220a7890.php 第 122 行.
NOTIC: [8] Undefined index: status E:\WWW\eps\Application\Runtime\Cache\Admin\f3608d595422fc0dabb28ab5220a7890.php 第 125 行.
NOTIC: [8] Undefined variable: v E:\WWW\eps\Application\Runtime\Cache\Admin\f3608d595422fc0dabb28ab5220a7890.php 第 125 行.
NOTIC: [8] Undefined index: status E:\WWW\eps\Application\Runtime\Cache\Admin\f3608d595422fc0dabb28ab5220a7890.php 第 126 行.
NOTIC: [8] Undefined index: status E:\WWW\eps\Application\Runtime\Cache\Admin\f3608d595422fc0dabb28ab5220a7890.php 第 126 行.
NOTIC: [8] Undefined index: status E:\WWW\eps\Application\Runtime\Cache\Admin\f3608d595422fc0dabb28ab5220a7890.php 第 126 行.
NOTIC: [8] Undefined index: status E:\WWW\eps\Application\Runtime\Cache\Admin\f3608d595422fc0dabb28ab5220a7890.php 第 126 行.
NOTIC: [8] Undefined index: status E:\WWW\eps\Application\Runtime\Cache\Admin\f3608d595422fc0dabb28ab5220a7890.php 第 126 行.
NOTIC: [8] Undefined index: number E:\WWW\eps\Application\Runtime\Cache\Admin\f3608d595422fc0dabb28ab5220a7890.php 第 127 行.
NOTIC: [8] Undefined index: no E:\WWW\eps\Application\Runtime\Cache\Admin\f3608d595422fc0dabb28ab5220a7890.php 第 128 行.
NOTIC: [8] Undefined index: fybq E:\WWW\eps\Application\Runtime\Cache\Admin\f3608d595422fc0dabb28ab5220a7890.php 第 171 行.
NOTIC: [8] Undefined index: fybq E:\WWW\eps\Application\Runtime\Cache\Admin\f3608d595422fc0dabb28ab5220a7890.php 第 171 行.
NOTIC: [8] Undefined index: fybq E:\WWW\eps\Application\Runtime\Cache\Admin\f3608d595422fc0dabb28ab5220a7890.php 第 171 行.
INFO: Run Behavior\ParseTemplateBehavior [ RunTime:0.030000s ]
INFO: [ view_parse ] --END-- [ RunTime:0.031000s ]
INFO: [ view_filter ] --START--
INFO: Run Behavior\WriteHtmlCacheBehavior [ RunTime:0.000000s ]
INFO: [ view_filter ] --END-- [ RunTime:0.000000s ]
INFO: [ app_end ] --START--
INFO: Run Behavior\ShowPageTraceBehavior [ RunTime:0.001000s ]
INFO: [ app_end ] --END-- [ RunTime:0.001000s ]

[ 2017-09-30T10:40:06+08:00 ] 127.0.0.1 /Admin/Gongdan/lists
INFO: [ app_init ] --START--
INFO: Run Behavior\BuildLiteBehavior [ RunTime:0.000000s ]
INFO: [ app_init ] --END-- [ RunTime:0.001000s ]
INFO: [ app_begin ] --START--
INFO: Run Behavior\ReadHtmlCacheBehavior [ RunTime:0.001000s ]
INFO: [ app_begin ] --END-- [ RunTime:0.001000s ]
NOTIC: [2048] Declaration of Appframe\AdminbaseController::success() should be compatible with Think\Controller::success($message = '', $jumpUrl = '', $ajax = false) E:\WWW\eps\Application\Appframe\AdminbaseController.class.php 第 6 行.
NOTIC: [2048] Declaration of Admin\Controller\GongdanController::show() should be compatible with Think\Controller::show($content, $charset = '', $contentType = '', $prefix = '') E:\WWW\eps\Application\Admin\Controller\GongdanController.class.php 第 8 行.
SQL: SHOW COLUMNS FROM `d_fxuser` [ RunTime:0.0100s ]
SQL: SELECT `id`,`username`,`nickname`,`last_login_time`,`last_login_ip`,`email`,`status` FROM `d_fxuser` WHERE `id` = 1  [ RunTime:0.0010s ]
SQL: SHOW COLUMNS FROM `d_user` [ RunTime:0.0060s ]
SQL: SHOW COLUMNS FROM `d_need` [ RunTime:0.0050s ]
SQL: SHOW COLUMNS FROM `d_photo` [ RunTime:0.0050s ]
SQL: SHOW COLUMNS FROM `d_m_library` [ RunTime:0.0050s ]
SQL: SHOW COLUMNS FROM `d_notification` [ RunTime:0.0050s ]
SQL: SHOW COLUMNS FROM `d_fxuser` [ RunTime:0.0050s ]
SQL: SHOW COLUMNS FROM `d_reward` [ RunTime:0.0050s ]
SQL: SHOW COLUMNS FROM `d_adviser` [ RunTime:0.0050s ]
SQL: SELECT COUNT(*) AS tp_count FROM `d_need` WHERE ( status > 0 ) LIMIT 1   [ RunTime:0.0010s ]
SQL: SELECT COUNT(*) AS tp_count FROM `d_need` WHERE ( status = 1 ) LIMIT 1   [ RunTime:0.0000s ]
SQL: SELECT COUNT(*) AS tp_count FROM `d_need` WHERE ( status = 2 ) LIMIT 1   [ RunTime:0.0010s ]
SQL: SELECT COUNT(*) AS tp_count FROM `d_need` WHERE ( status = 3 ) LIMIT 1   [ RunTime:0.0010s ]
SQL: SELECT COUNT(*) AS tp_count FROM `d_need` WHERE ( status = 4 ) LIMIT 1   [ RunTime:0.0000s ]
SQL: SELECT COUNT(*) AS tp_count FROM `d_need` WHERE ( status = 5 ) LIMIT 1   [ RunTime:0.0010s ]
SQL: SHOW COLUMNS FROM `d_need` [ RunTime:0.0050s ]
SQL: SELECT COUNT(*) AS tp_count FROM d_need as n INNER JOIN d_user as u on n.uid_x=u.uid  WHERE ( n.status > 0 ) LIMIT 1   [ RunTime:0.0010s ]
NOTIC: [8] Undefined index: page E:\WWW\eps\ThinkPHP\Library\Com\Util\Page.class.php 第 127 行.
NOTIC: [8] Undefined index: page E:\WWW\eps\ThinkPHP\Library\Com\Util\Page.class.php 第 127 行.
SQL: SHOW COLUMNS FROM `d_need` [ RunTime:0.0050s ]
SQL: SELECT n.* FROM d_need as n INNER JOIN d_user as u on n.uid_x=u.uid  WHERE ( n.status > 0 ) ORDER BY n.time desc LIMIT 0,20   [ RunTime:0.0020s ]
SQL: SELECT * FROM `d_m_library` WHERE ( id=4 ) LIMIT 1   [ RunTime:0.0010s ]
SQL: SELECT `uid`,`name`,`mobile` FROM `d_user` WHERE ( uid=10 )  [ RunTime:0.0000s ]
SQL: SELECT `uid`,`name`,`company` FROM `d_user` WHERE ( uid=8 )  [ RunTime:0.0000s ]
SQL: SELECT * FROM `d_m_library` WHERE ( id=5 ) LIMIT 1   [ RunTime:0.0000s ]
SQL: SELECT `uid`,`name`,`mobile` FROM `d_user` WHERE ( uid=27 )  [ RunTime:0.0000s ]
SQL: SELECT `uid`,`name`,`company` FROM `d_user` WHERE ( uid=8 )  [ RunTime:0.0000s ]
SQL: SELECT * FROM `d_m_library` WHERE ( id=4 ) LIMIT 1   [ RunTime:0.0010s ]
SQL: SELECT `uid`,`name`,`mobile` FROM `d_user` WHERE ( uid=27 )  [ RunTime:0.0000s ]
SQL: SELECT `uid`,`name`,`company` FROM `d_user` WHERE ( uid=8 )  [ RunTime:0.0000s ]
SQL: SELECT * FROM `d_m_library` WHERE ( id=4 ) LIMIT 1   [ RunTime:0.0000s ]
SQL: SELECT `uid`,`name`,`mobile` FROM `d_user` WHERE ( uid=27 )  [ RunTime:0.0000s ]
SQL: SELECT `uid`,`name`,`company` FROM `d_user` WHERE ( uid=8 )  [ RunTime:0.0010s ]
SQL: SELECT * FROM `d_m_library` WHERE ( id=4 ) LIMIT 1   [ RunTime:0.0000s ]
SQL: SELECT `uid`,`name`,`mobile` FROM `d_user` WHERE ( uid=27 )  [ RunTime:0.0010s ]
SQL: SELECT `uid`,`name`,`company` FROM `d_user` WHERE ( uid=8 )  [ RunTime:0.0000s ]
SQL: SELECT * FROM `d_m_library` WHERE ( id=4 ) LIMIT 1   [ RunTime:0.0010s ]
SQL: SELECT `uid`,`name`,`mobile` FROM `d_user` WHERE ( uid=27 )  [ RunTime:0.0000s ]
SQL: SELECT `uid`,`name`,`company` FROM `d_user` WHERE ( uid=8 )  [ RunTime:0.0010s ]
SQL: SELECT * FROM `d_m_library` WHERE ( id=4 ) LIMIT 1   [ RunTime:0.0000s ]
SQL: SELECT `uid`,`name`,`mobile` FROM `d_user` WHERE ( uid=27 )  [ RunTime:0.0010s ]
SQL: SELECT `uid`,`name`,`company` FROM `d_user` WHERE ( uid=8 )  [ RunTime:0.0010s ]
SQL: SELECT * FROM `d_m_library` WHERE ( id=4 ) LIMIT 1   [ RunTime:0.0000s ]
SQL: SELECT `uid`,`name`,`mobile` FROM `d_user` WHERE ( uid=27 )  [ RunTime:0.0010s ]
SQL: SELECT `uid`,`name`,`company` FROM `d_user` WHERE ( uid=8 )  [ RunTime:0.0000s ]
SQL: SELECT * FROM `d_m_library` WHERE ( id=4 ) LIMIT 1   [ RunTime:0.0000s ]
SQL: SELECT `uid`,`name`,`mobile` FROM `d_user` WHERE ( uid=27 )  [ RunTime:0.0000s ]
SQL: SELECT `uid`,`name`,`company` FROM `d_user` WHERE ( uid=8 )  [ RunTime:0.0010s ]
SQL: SELECT * FROM `d_m_library` WHERE ( id=4 ) LIMIT 1   [ RunTime:0.0010s ]
SQL: SELECT `uid`,`name`,`mobile` FROM `d_user` WHERE ( uid=27 )  [ RunTime:0.0000s ]
SQL: SELECT `uid`,`name`,`company` FROM `d_user` WHERE ( uid=8 )  [ RunTime:0.0000s ]
SQL: SELECT * FROM `d_m_library` WHERE ( id=5 ) LIMIT 1   [ RunTime:0.0000s ]
SQL: SELECT `uid`,`name`,`mobile` FROM `d_user` WHERE ( uid=27 )  [ RunTime:0.0000s ]
SQL: SELECT `uid`,`name`,`company` FROM `d_user` WHERE ( uid=31 )  [ RunTime:0.0010s ]
SQL: SELECT * FROM `d_m_library` WHERE ( id=2 ) LIMIT 1   [ RunTime:0.0000s ]
SQL: SELECT `uid`,`name`,`mobile` FROM `d_user` WHERE ( uid=27 )  [ RunTime:0.0000s ]
SQL: SELECT `uid`,`name`,`company` FROM `d_user` WHERE ( uid=8 )  [ RunTime:0.0000s ]
SQL: SELECT * FROM `d_m_library` WHERE ( id=5 ) LIMIT 1   [ RunTime:0.0010s ]
SQL: SELECT `uid`,`name`,`mobile` FROM `d_user` WHERE ( uid=27 )  [ RunTime:0.0010s ]
SQL: SELECT `uid`,`name`,`company` FROM `d_user` WHERE ( uid=8 )  [ RunTime:0.0010s ]
SQL: SELECT * FROM `d_m_library` WHERE ( id=2 ) LIMIT 1   [ RunTime:0.0000s ]
SQL: SELECT `uid`,`name`,`mobile` FROM `d_user` WHERE ( uid=27 )  [ RunTime:0.0000s ]
SQL: SELECT `uid`,`name`,`company` FROM `d_user` WHERE ( uid=8 )  [ RunTime:0.0000s ]
SQL: SELECT * FROM `d_m_library` WHERE ( id=2 ) LIMIT 1   [ RunTime:0.0000s ]
SQL: SELECT `uid`,`name`,`mobile` FROM `d_user` WHERE ( uid=27 )  [ RunTime:0.0000s ]
SQL: SELECT `uid`,`name`,`company` FROM `d_user` WHERE ( uid=8 )  [ RunTime:0.0010s ]
SQL: SELECT * FROM `d_m_library` WHERE ( id=5 ) LIMIT 1   [ RunTime:0.0010s ]
SQL: SELECT `uid`,`name`,`mobile` FROM `d_user` WHERE ( uid=27 )  [ RunTime:0.0000s ]
SQL: SELECT `uid`,`name`,`company` FROM `d_user` WHERE ( uid=8 )  [ RunTime:0.0000s ]
SQL: SELECT * FROM `d_m_library` WHERE ( id=5 ) LIMIT 1   [ RunTime:0.0000s ]
SQL: SELECT `uid`,`name`,`mobile` FROM `d_user` WHERE ( uid=27 )  [ RunTime:0.0000s ]
SQL: SELECT `uid`,`name`,`company` FROM `d_user` WHERE ( uid=8 )  [ RunTime:0.0010s ]
SQL: SELECT * FROM `d_m_library` WHERE ( id=5 ) LIMIT 1   [ RunTime:0.0000s ]
SQL: SELECT `uid`,`name`,`mobile` FROM `d_user` WHERE ( uid=27 )  [ RunTime:0.0000s ]
SQL: SELECT `uid`,`name`,`company` FROM `d_user` WHERE ( uid=8 )  [ RunTime:0.0000s ]
SQL: SELECT * FROM `d_m_library` WHERE ( id=5 ) LIMIT 1   [ RunTime:0.0000s ]
SQL: SELECT `uid`,`name`,`mobile` FROM `d_user` WHERE ( uid=27 )  [ RunTime:0.0000s ]
SQL: SELECT `uid`,`name`,`company` FROM `d_user` WHERE ( uid=8 )  [ RunTime:0.0010s ]
SQL: SELECT * FROM `d_m_library` WHERE ( id=5 ) LIMIT 1   [ RunTime:0.0010s ]
SQL: SELECT `uid`,`name`,`mobile` FROM `d_user` WHERE ( uid=27 )  [ RunTime:0.0010s ]
SQL: SELECT `uid`,`name`,`company` FROM `d_user` WHERE ( uid=8 )  [ RunTime:0.0000s ]
NOTIC: [8] Undefined variable: pList E:\WWW\eps\ThinkPHP\Library\Com\Util\Page.class.php 第 155 行.
NOTIC: [8] Undefined variable: pListStart E:\WWW\eps\ThinkPHP\Library\Com\Util\Page.class.php 第 248 行.
NOTIC: [8] Undefined variable: pListEnd E:\WWW\eps\ThinkPHP\Library\Com\Util\Page.class.php 第 248 行.
NOTIC: [8] Undefined variable: pFirst E:\WWW\eps\ThinkPHP\Library\Com\Util\Page.class.php 第 248 行.
NOTIC: [8] Undefined variable: pPrev E:\WWW\eps\ThinkPHP\Library\Com\Util\Page.class.php 第 248 行.
INFO: [ view_parse ] --START--
INFO: [ template_filter ] --START--
INFO: Run Behavior\ContentReplaceBehavior [ RunTime:0.000000s ]
INFO: [ template_filter ] --END-- [ RunTime:0.000000s ]
NOTIC: [8] Undefined index: status E:\WWW\eps\Application\Runtime\Cache\Admin\f3608d595422fc0dabb28ab5220a7890.php 第 122 行.
NOTIC: [8] Undefined index: status E:\WWW\eps\Application\Runtime\Cache\Admin\f3608d595422fc0dabb28ab5220a7890.php 第 125 行.
NOTIC: [8] Undefined variable: v E:\WWW\eps\Application\Runtime\Cache\Admin\f3608d595422fc0dabb28ab5220a7890.php 第 125 行.
NOTIC: [8] Undefined index: status E:\WWW\eps\Application\Runtime\Cache\Admin\f3608d595422fc0dabb28ab5220a7890.php 第 126 行.
NOTIC: [8] Undefined index: status E:\WWW\eps\Application\Runtime\Cache\Admin\f3608d595422fc0dabb28ab5220a7890.php 第 126 行.
NOTIC: [8] Undefined index: status E:\WWW\eps\Application\Runtime\Cache\Admin\f3608d595422fc0dabb28ab5220a7890.php 第 126 行.
NOTIC: [8] Undefined index: status E:\WWW\eps\Application\Runtime\Cache\Admin\f3608d595422fc0dabb28ab5220a7890.php 第 126 行.
NOTIC: [8] Undefined index: status E:\WWW\eps\Application\Runtime\Cache\Admin\f3608d595422fc0dabb28ab5220a7890.php 第 126 行.
NOTIC: [8] Undefined index: number E:\WWW\eps\Application\Runtime\Cache\Admin\f3608d595422fc0dabb28ab5220a7890.php 第 127 行.
NOTIC: [8] Undefined index: no E:\WWW\eps\Application\Runtime\Cache\Admin\f3608d595422fc0dabb28ab5220a7890.php 第 128 行.
NOTIC: [8] Undefined index: fybq E:\WWW\eps\Application\Runtime\Cache\Admin\f3608d595422fc0dabb28ab5220a7890.php 第 171 行.
INFO: Run Behavior\ParseTemplateBehavior [ RunTime:0.030000s ]
INFO: [ view_parse ] --END-- [ RunTime:0.030000s ]
INFO: [ view_filter ] --START--
INFO: Run Behavior\WriteHtmlCacheBehavior [ RunTime:0.001000s ]
INFO: [ view_filter ] --END-- [ RunTime:0.001000s ]
INFO: [ app_end ] --START--
INFO: Run Behavior\ShowPageTraceBehavior [ RunTime:0.000000s ]
INFO: [ app_end ] --END-- [ RunTime:0.001000s ]

[ 2017-09-30T10:40:11+08:00 ] 127.0.0.1 /Admin/Gongdan/lists/page/2.html
INFO: [ app_init ] --START--
INFO: Run Behavior\BuildLiteBehavior [ RunTime:0.000000s ]
INFO: [ app_init ] --END-- [ RunTime:0.001000s ]
INFO: [ app_begin ] --START--
INFO: Run Behavior\ReadHtmlCacheBehavior [ RunTime:0.001000s ]
INFO: [ app_begin ] --END-- [ RunTime:0.001000s ]
NOTIC: [2048] Declaration of Appframe\AdminbaseController::success() should be compatible with Think\Controller::success($message = '', $jumpUrl = '', $ajax = false) E:\WWW\eps\Application\Appframe\AdminbaseController.class.php 第 6 行.
NOTIC: [2048] Declaration of Admin\Controller\GongdanController::show() should be compatible with Think\Controller::show($content, $charset = '', $contentType = '', $prefix = '') E:\WWW\eps\Application\Admin\Controller\GongdanController.class.php 第 8 行.
SQL: SHOW COLUMNS FROM `d_user` [ RunTime:0.0090s ]
SQL: SHOW COLUMNS FROM `d_need` [ RunTime:0.0080s ]
SQL: SHOW COLUMNS FROM `d_photo` [ RunTime:0.0070s ]
SQL: SHOW COLUMNS FROM `d_m_library` [ RunTime:0.0080s ]
SQL: SHOW COLUMNS FROM `d_notification` [ RunTime:0.0070s ]
SQL: SHOW COLUMNS FROM `d_fxuser` [ RunTime:0.0080s ]
SQL: SHOW COLUMNS FROM `d_reward` [ RunTime:0.0070s ]
SQL: SHOW COLUMNS FROM `d_adviser` [ RunTime:0.0080s ]
SQL: SELECT COUNT(*) AS tp_count FROM `d_need` WHERE ( status > 0 ) LIMIT 1   [ RunTime:0.0010s ]
SQL: SELECT COUNT(*) AS tp_count FROM `d_need` WHERE ( status = 1 ) LIMIT 1   [ RunTime:0.0000s ]
SQL: SELECT COUNT(*) AS tp_count FROM `d_need` WHERE ( status = 2 ) LIMIT 1   [ RunTime:0.0010s ]
SQL: SELECT COUNT(*) AS tp_count FROM `d_need` WHERE ( status = 3 ) LIMIT 1   [ RunTime:0.0010s ]
SQL: SELECT COUNT(*) AS tp_count FROM `d_need` WHERE ( status = 4 ) LIMIT 1   [ RunTime:0.0000s ]
SQL: SELECT COUNT(*) AS tp_count FROM `d_need` WHERE ( status = 5 ) LIMIT 1   [ RunTime:0.0010s ]
SQL: SHOW COLUMNS FROM `d_need` [ RunTime:0.0090s ]
SQL: SELECT COUNT(*) AS tp_count FROM d_need as n INNER JOIN d_user as u on n.uid_x=u.uid  WHERE ( n.status > 0 ) LIMIT 1   [ RunTime:0.0010s ]
SQL: SHOW COLUMNS FROM `d_need` [ RunTime:0.0080s ]
SQL: SELECT n.* FROM d_need as n INNER JOIN d_user as u on n.uid_x=u.uid  WHERE ( n.status > 0 ) ORDER BY n.time desc LIMIT 20,20   [ RunTime:0.0020s ]
SQL: SELECT * FROM `d_m_library` WHERE ( id=5 ) LIMIT 1   [ RunTime:0.0000s ]
SQL: SELECT `uid`,`name`,`mobile` FROM `d_user` WHERE ( uid=27 )  [ RunTime:0.0010s ]
SQL: SELECT `uid`,`name`,`company` FROM `d_user` WHERE ( uid=8 )  [ RunTime:0.0000s ]
SQL: SELECT * FROM `d_m_library` WHERE ( id=4 ) LIMIT 1   [ RunTime:0.0000s ]
SQL: SELECT `uid`,`name`,`mobile` FROM `d_user` WHERE ( uid=27 )  [ RunTime:0.0010s ]
SQL: SELECT `uid`,`name`,`company` FROM `d_user` WHERE ( uid=13 )  [ RunTime:0.0000s ]
SQL: SELECT * FROM `d_m_library` WHERE ( id=4 ) LIMIT 1   [ RunTime:0.0010s ]
SQL: SELECT `uid`,`name`,`mobile` FROM `d_user` WHERE ( uid=27 )  [ RunTime:0.0010s ]
SQL: SELECT `uid`,`name`,`company` FROM `d_user` WHERE ( uid=13 )  [ RunTime:0.0000s ]
SQL: SELECT * FROM `d_m_library` WHERE ( id=4 ) LIMIT 1   [ RunTime:0.0000s ]
SQL: SELECT `uid`,`name`,`mobile` FROM `d_user` WHERE ( uid=27 )  [ RunTime:0.0010s ]
SQL: SELECT `uid`,`name`,`company` FROM `d_user` WHERE ( uid=8 )  [ RunTime:0.0000s ]
SQL: SELECT * FROM `d_m_library` WHERE ( id=5 ) LIMIT 1   [ RunTime:0.0010s ]
SQL: SELECT `uid`,`name`,`mobile` FROM `d_user` WHERE ( uid=27 )  [ RunTime:0.0010s ]
SQL: SELECT `uid`,`name`,`company` FROM `d_user` WHERE ( uid=8 )  [ RunTime:0.0000s ]
SQL: SELECT * FROM `d_m_library` WHERE ( id=4 ) LIMIT 1   [ RunTime:0.0000s ]
SQL: SELECT `uid`,`name`,`mobile` FROM `d_user` WHERE ( uid=27 )  [ RunTime:0.0010s ]
SQL: SELECT `uid`,`name`,`company` FROM `d_user` WHERE ( uid=8 )  [ RunTime:0.0010s ]
SQL: SELECT * FROM `d_m_library` WHERE ( id=4 ) LIMIT 1   [ RunTime:0.0010s ]
SQL: SELECT `uid`,`name`,`mobile` FROM `d_user` WHERE ( uid=27 )  [ RunTime:0.0000s ]
SQL: SELECT `uid`,`name`,`company` FROM `d_user` WHERE ( uid=8 )  [ RunTime:0.0010s ]
SQL: SELECT * FROM `d_m_library` WHERE ( id=4 ) LIMIT 1   [ RunTime:0.0010s ]
SQL: SELECT `uid`,`name`,`mobile` FROM `d_user` WHERE ( uid=27 )  [ RunTime:0.0000s ]
SQL: SELECT `uid`,`name`,`company` FROM `d_user` WHERE ( uid=31 )  [ RunTime:0.0010s ]
SQL: SELECT * FROM `d_m_library` WHERE ( id=5 ) LIMIT 1   [ RunTime:0.0010s ]
SQL: SELECT `uid`,`name`,`mobile` FROM `d_user` WHERE ( uid=27 )  [ RunTime:0.0010s ]
SQL: SELECT `uid`,`name`,`company` FROM `d_user` WHERE ( uid=8 )  [ RunTime:0.0000s ]
SQL: SELECT * FROM `d_m_library` WHERE ( id=2 ) LIMIT 1   [ RunTime:0.0010s ]
SQL: SELECT `uid`,`name`,`mobile` FROM `d_user` WHERE ( uid=27 )  [ RunTime:0.0010s ]
SQL: SELECT `uid`,`name`,`company` FROM `d_user` WHERE ( uid=8 )  [ RunTime:0.0010s ]
SQL: SELECT * FROM `d_m_library` WHERE ( id=4 ) LIMIT 1   [ RunTime:0.0010s ]
SQL: SELECT `uid`,`name`,`mobile` FROM `d_user` WHERE ( uid=27 )  [ RunTime:0.0000s ]
SQL: SELECT `uid`,`name`,`company` FROM `d_user` WHERE ( uid=8 )  [ RunTime:0.0010s ]
SQL: SELECT * FROM `d_m_library` WHERE ( id=4 ) LIMIT 1   [ RunTime:0.0010s ]
SQL: SELECT `uid`,`name`,`mobile` FROM `d_user` WHERE ( uid=27 )  [ RunTime:0.0000s ]
SQL: SELECT `uid`,`name`,`company` FROM `d_user` WHERE ( uid=8 )  [ RunTime:0.0010s ]
SQL: SELECT * FROM `d_m_library` WHERE ( id=5 ) LIMIT 1   [ RunTime:0.0010s ]
SQL: SELECT `uid`,`name`,`mobile` FROM `d_user` WHERE ( uid=27 )  [ RunTime:0.0010s ]
SQL: SELECT `uid`,`name`,`company` FROM `d_user` WHERE ( uid=8 )  [ RunTime:0.0000s ]
SQL: SELECT * FROM `d_m_library` WHERE ( id=4 ) LIMIT 1   [ RunTime:0.0010s ]
SQL: SELECT `uid`,`name`,`mobile` FROM `d_user` WHERE ( uid=27 )  [ RunTime:0.0010s ]
SQL: SELECT `uid`,`name`,`company` FROM `d_user` WHERE ( uid=31 )  [ RunTime:0.0000s ]
SQL: SELECT * FROM `d_m_library` WHERE ( id=4 ) LIMIT 1   [ RunTime:0.0010s ]
SQL: SELECT `uid`,`name`,`mobile` FROM `d_user` WHERE ( uid=27 )  [ RunTime:0.0010s ]
SQL: SELECT `uid`,`name`,`company` FROM `d_user` WHERE ( uid=8 )  [ RunTime:0.0000s ]
SQL: SELECT * FROM `d_m_library` WHERE ( id=5 ) LIMIT 1   [ RunTime:0.0010s ]
SQL: SELECT `uid`,`name`,`mobile` FROM `d_user` WHERE ( uid=27 )  [ RunTime:0.0010s ]
SQL: SELECT `uid`,`name`,`company` FROM `d_user` WHERE ( uid=8 )  [ RunTime:0.0010s ]
SQL: SELECT * FROM `d_m_library` WHERE ( id=4 ) LIMIT 1   [ RunTime:0.0000s ]
SQL: SELECT `uid`,`name`,`mobile` FROM `d_user` WHERE ( uid=27 )  [ RunTime:0.0010s ]
SQL: SELECT `uid`,`name`,`company` FROM `d_user` WHERE ( uid=8 )  [ RunTime:0.0010s ]
SQL: SELECT * FROM `d_m_library` WHERE ( id=2 ) LIMIT 1   [ RunTime:0.0000s ]
SQL: SELECT `uid`,`name`,`mobile` FROM `d_user` WHERE ( uid=27 )  [ RunTime:0.0000s ]
SQL: SELECT `uid`,`name`,`company` FROM `d_user` WHERE ( uid=8 )  [ RunTime:0.0010s ]
SQL: SELECT * FROM `d_m_library` WHERE ( id=5 ) LIMIT 1   [ RunTime:0.0010s ]
SQL: SELECT `uid`,`name`,`mobile` FROM `d_user` WHERE ( uid=27 )  [ RunTime:0.0000s ]
SQL: SELECT `uid`,`name`,`company` FROM `d_user` WHERE ( uid=8 )  [ RunTime:0.0010s ]
SQL: SELECT * FROM `d_m_library` WHERE ( id=4 ) LIMIT 1   [ RunTime:0.0000s ]
SQL: SELECT `uid`,`name`,`mobile` FROM `d_user` WHERE ( uid=27 )  [ RunTime:0.0010s ]
SQL: SELECT `uid`,`name`,`company` FROM `d_user` WHERE ( uid=8 )  [ RunTime:0.0010s ]
NOTIC: [8] Undefined variable: pList E:\WWW\eps\ThinkPHP\Library\Com\Util\Page.class.php 第 162 行.
NOTIC: [8] Undefined variable: pListStart E:\WWW\eps\ThinkPHP\Library\Com\Util\Page.class.php 第 248 行.
NOTIC: [8] Undefined variable: pListEnd E:\WWW\eps\ThinkPHP\Library\Com\Util\Page.class.php 第 248 行.
INFO: [ view_parse ] --START--
INFO: [ template_filter ] --START--
INFO: Run Behavior\ContentReplaceBehavior [ RunTime:0.001000s ]
INFO: [ template_filter ] --END-- [ RunTime:0.001000s ]
NOTIC: [8] Undefined index: status E:\WWW\eps\Application\Runtime\Cache\Admin\f3608d595422fc0dabb28ab5220a7890.php 第 122 行.
NOTIC: [8] Undefined index: status E:\WWW\eps\Application\Runtime\Cache\Admin\f3608d595422fc0dabb28ab5220a7890.php 第 125 行.
NOTIC: [8] Undefined variable: v E:\WWW\eps\Application\Runtime\Cache\Admin\f3608d595422fc0dabb28ab5220a7890.php 第 125 行.
NOTIC: [8] Undefined index: status E:\WWW\eps\Application\Runtime\Cache\Admin\f3608d595422fc0dabb28ab5220a7890.php 第 126 行.
NOTIC: [8] Undefined index: status E:\WWW\eps\Application\Runtime\Cache\Admin\f3608d595422fc0dabb28ab5220a7890.php 第 126 行.
NOTIC: [8] Undefined index: status E:\WWW\eps\Application\Runtime\Cache\Admin\f3608d595422fc0dabb28ab5220a7890.php 第 126 行.
NOTIC: [8] Undefined index: status E:\WWW\eps\Application\Runtime\Cache\Admin\f3608d595422fc0dabb28ab5220a7890.php 第 126 行.
NOTIC: [8] Undefined index: status E:\WWW\eps\Application\Runtime\Cache\Admin\f3608d595422fc0dabb28ab5220a7890.php 第 126 行.
NOTIC: [8] Undefined index: number E:\WWW\eps\Application\Runtime\Cache\Admin\f3608d595422fc0dabb28ab5220a7890.php 第 127 行.
NOTIC: [8] Undefined index: no E:\WWW\eps\Application\Runtime\Cache\Admin\f3608d595422fc0dabb28ab5220a7890.php 第 128 行.
NOTIC: [8] Undefined index: fybq E:\WWW\eps\Application\Runtime\Cache\Admin\f3608d595422fc0dabb28ab5220a7890.php 第 171 行.
NOTIC: [8] Undefined index: fybq E:\WWW\eps\Application\Runtime\Cache\Admin\f3608d595422fc0dabb28ab5220a7890.php 第 171 行.
NOTIC: [8] Undefined index: fybq E:\WWW\eps\Application\Runtime\Cache\Admin\f3608d595422fc0dabb28ab5220a7890.php 第 171 行.
INFO: Run Behavior\ParseTemplateBehavior [ RunTime:0.043000s ]
INFO: [ view_parse ] --END-- [ RunTime:0.044000s ]
INFO: [ view_filter ] --START--
INFO: Run Behavior\WriteHtmlCacheBehavior [ RunTime:0.000000s ]
INFO: [ view_filter ] --END-- [ RunTime:0.001000s ]
INFO: [ app_end ] --START--
INFO: Run Behavior\ShowPageTraceBehavior [ RunTime:0.001000s ]
INFO: [ app_end ] --END-- [ RunTime:0.001000s ]

[ 2017-09-30T10:53:57+08:00 ] 127.0.0.1 /Admin/Gongdan/lists
INFO: [ app_init ] --START--
INFO: Run Behavior\BuildLiteBehavior [ RunTime:0.000000s ]
INFO: [ app_init ] --END-- [ RunTime:0.000000s ]
INFO: [ app_begin ] --START--
INFO: Run Behavior\ReadHtmlCacheBehavior [ RunTime:0.000000s ]
INFO: [ app_begin ] --END-- [ RunTime:0.001000s ]
NOTIC: [2048] Declaration of Appframe\AdminbaseController::success() should be compatible with Think\Controller::success($message = '', $jumpUrl = '', $ajax = false) E:\WWW\eps\Application\Appframe\AdminbaseController.class.php 第 6 行.
NOTIC: [2048] Declaration of Admin\Controller\GongdanController::show() should be compatible with Think\Controller::show($content, $charset = '', $contentType = '', $prefix = '') E:\WWW\eps\Application\Admin\Controller\GongdanController.class.php 第 8 行.
SQL: SHOW COLUMNS FROM `d_fxuser` [ RunTime:0.0180s ]
SQL: SELECT `id`,`username`,`nickname`,`last_login_time`,`last_login_ip`,`email`,`status` FROM `d_fxuser` WHERE `id` = 1  [ RunTime:0.0010s ]
SQL: SHOW COLUMNS FROM `d_user` [ RunTime:0.0090s ]
SQL: SHOW COLUMNS FROM `d_need` [ RunTime:0.0080s ]
SQL: SHOW COLUMNS FROM `d_photo` [ RunTime:0.0090s ]
SQL: SHOW COLUMNS FROM `d_m_library` [ RunTime:0.0070s ]
SQL: SHOW COLUMNS FROM `d_notification` [ RunTime:0.0060s ]
SQL: SHOW COLUMNS FROM `d_fxuser` [ RunTime:0.0040s ]
SQL: SHOW COLUMNS FROM `d_reward` [ RunTime:0.0050s ]
SQL: SHOW COLUMNS FROM `d_adviser` [ RunTime:0.0040s ]
SQL: SELECT COUNT(*) AS tp_count FROM `d_need` WHERE ( status > 0 ) LIMIT 1   [ RunTime:0.0000s ]
SQL: SELECT COUNT(*) AS tp_count FROM `d_need` WHERE ( status = 1 ) LIMIT 1   [ RunTime:0.0010s ]
SQL: SELECT COUNT(*) AS tp_count FROM `d_need` WHERE ( status = 2 ) LIMIT 1   [ RunTime:0.0000s ]
SQL: SELECT COUNT(*) AS tp_count FROM `d_need` WHERE ( status = 3 ) LIMIT 1   [ RunTime:0.0010s ]
SQL: SELECT COUNT(*) AS tp_count FROM `d_need` WHERE ( status = 4 ) LIMIT 1   [ RunTime:0.0010s ]
SQL: SELECT COUNT(*) AS tp_count FROM `d_need` WHERE ( status = 5 ) LIMIT 1   [ RunTime:0.0000s ]
SQL: SHOW COLUMNS FROM `d_need` [ RunTime:0.0050s ]
SQL: SELECT COUNT(*) AS tp_count FROM d_need as n INNER JOIN d_user as u on n.uid_x=u.uid  WHERE ( n.status > 0 ) LIMIT 1   [ RunTime:0.0000s ]
NOTIC: [8] Undefined index: page E:\WWW\eps\ThinkPHP\Library\Com\Util\Page.class.php 第 127 行.
NOTIC: [8] Undefined index: page E:\WWW\eps\ThinkPHP\Library\Com\Util\Page.class.php 第 127 行.
SQL: SHOW COLUMNS FROM `d_need` [ RunTime:0.0050s ]
SQL: SELECT n.* FROM d_need as n INNER JOIN d_user as u on n.uid_x=u.uid  WHERE ( n.status > 0 ) ORDER BY n.time desc LIMIT 0,20   [ RunTime:0.0010s ]
SQL: SELECT * FROM `d_m_library` WHERE ( id=4 ) LIMIT 1   [ RunTime:0.0010s ]
SQL: SELECT `uid`,`name`,`mobile` FROM `d_user` WHERE ( uid=10 )  [ RunTime:0.0000s ]
SQL: SELECT `uid`,`name`,`company` FROM `d_user` WHERE ( uid=8 )  [ RunTime:0.0010s ]
SQL: SELECT * FROM `d_m_library` WHERE ( id=5 ) LIMIT 1   [ RunTime:0.0000s ]
SQL: SELECT `uid`,`name`,`mobile` FROM `d_user` WHERE ( uid=27 )  [ RunTime:0.0000s ]
SQL: SELECT `uid`,`name`,`company` FROM `d_user` WHERE ( uid=8 )  [ RunTime:0.0010s ]
SQL: SELECT * FROM `d_m_library` WHERE ( id=4 ) LIMIT 1   [ RunTime:0.0010s ]
SQL: SELECT `uid`,`name`,`mobile` FROM `d_user` WHERE ( uid=27 )  [ RunTime:0.0000s ]
SQL: SELECT `uid`,`name`,`company` FROM `d_user` WHERE ( uid=8 )  [ RunTime:0.0000s ]
SQL: SELECT * FROM `d_m_library` WHERE ( id=4 ) LIMIT 1   [ RunTime:0.0000s ]
SQL: SELECT `uid`,`name`,`mobile` FROM `d_user` WHERE ( uid=27 )  [ RunTime:0.0000s ]
SQL: SELECT `uid`,`name`,`company` FROM `d_user` WHERE ( uid=8 )  [ RunTime:0.0000s ]
SQL: SELECT * FROM `d_m_library` WHERE ( id=4 ) LIMIT 1   [ RunTime:0.0000s ]
SQL: SELECT `uid`,`name`,`mobile` FROM `d_user` WHERE ( uid=27 )  [ RunTime:0.0000s ]
SQL: SELECT `uid`,`name`,`company` FROM `d_user` WHERE ( uid=8 )  [ RunTime:0.0010s ]
SQL: SELECT * FROM `d_m_library` WHERE ( id=4 ) LIMIT 1   [ RunTime:0.0010s ]
SQL: SELECT `uid`,`name`,`mobile` FROM `d_user` WHERE ( uid=27 )  [ RunTime:0.0000s ]
SQL: SELECT `uid`,`name`,`company` FROM `d_user` WHERE ( uid=8 )  [ RunTime:0.0000s ]
SQL: SELECT * FROM `d_m_library` WHERE ( id=4 ) LIMIT 1   [ RunTime:0.0000s ]
SQL: SELECT `uid`,`name`,`mobile` FROM `d_user` WHERE ( uid=27 )  [ RunTime:0.0000s ]
SQL: SELECT `uid`,`name`,`company` FROM `d_user` WHERE ( uid=8 )  [ RunTime:0.0010s ]
SQL: SELECT * FROM `d_m_library` WHERE ( id=4 ) LIMIT 1   [ RunTime:0.0010s ]
SQL: SELECT `uid`,`name`,`mobile` FROM `d_user` WHERE ( uid=27 )  [ RunTime:0.0000s ]
SQL: SELECT `uid`,`name`,`company` FROM `d_user` WHERE ( uid=8 )  [ RunTime:0.0000s ]
SQL: SELECT * FROM `d_m_library` WHERE ( id=4 ) LIMIT 1   [ RunTime:0.0000s ]
SQL: SELECT `uid`,`name`,`mobile` FROM `d_user` WHERE ( uid=27 )  [ RunTime:0.0000s ]
SQL: SELECT `uid`,`name`,`company` FROM `d_user` WHERE ( uid=8 )  [ RunTime:0.0000s ]
SQL: SELECT * FROM `d_m_library` WHERE ( id=4 ) LIMIT 1   [ RunTime:0.0000s ]
SQL: SELECT `uid`,`name`,`mobile` FROM `d_user` WHERE ( uid=27 )  [ RunTime:0.0010s ]
SQL: SELECT `uid`,`name`,`company` FROM `d_user` WHERE ( uid=8 )  [ RunTime:0.0000s ]
SQL: SELECT * FROM `d_m_library` WHERE ( id=5 ) LIMIT 1   [ RunTime:0.0000s ]
SQL: SELECT `uid`,`name`,`mobile` FROM `d_user` WHERE ( uid=27 )  [ RunTime:0.0000s ]
SQL: SELECT `uid`,`name`,`company` FROM `d_user` WHERE ( uid=31 )  [ RunTime:0.0010s ]
SQL: SELECT * FROM `d_m_library` WHERE ( id=2 ) LIMIT 1   [ RunTime:0.0000s ]
SQL: SELECT `uid`,`name`,`mobile` FROM `d_user` WHERE ( uid=27 )  [ RunTime:0.0000s ]
SQL: SELECT `uid`,`name`,`company` FROM `d_user` WHERE ( uid=8 )  [ RunTime:0.0000s ]
SQL: SELECT * FROM `d_m_library` WHERE ( id=5 ) LIMIT 1   [ RunTime:0.0000s ]
SQL: SELECT `uid`,`name`,`mobile` FROM `d_user` WHERE ( uid=27 )  [ RunTime:0.0000s ]
SQL: SELECT `uid`,`name`,`company` FROM `d_user` WHERE ( uid=8 )  [ RunTime:0.0000s ]
SQL: SELECT * FROM `d_m_library` WHERE ( id=2 ) LIMIT 1   [ RunTime:0.0010s ]
SQL: SELECT `uid`,`name`,`mobile` FROM `d_user` WHERE ( uid=27 )  [ RunTime:0.0010s ]
SQL: SELECT `uid`,`name`,`company` FROM `d_user` WHERE ( uid=8 )  [ RunTime:0.0000s ]
SQL: SELECT * FROM `d_m_library` WHERE ( id=2 ) LIMIT 1   [ RunTime:0.0000s ]
SQL: SELECT `uid`,`name`,`mobile` FROM `d_user` WHERE ( uid=27 )  [ RunTime:0.0000s ]
SQL: SELECT `uid`,`name`,`company` FROM `d_user` WHERE ( uid=8 )  [ RunTime:0.0000s ]
SQL: SELECT * FROM `d_m_library` WHERE ( id=5 ) LIMIT 1   [ RunTime:0.0010s ]
SQL: SELECT `uid`,`name`,`mobile` FROM `d_user` WHERE ( uid=27 )  [ RunTime:0.0000s ]
SQL: SELECT `uid`,`name`,`company` FROM `d_user` WHERE ( uid=8 )  [ RunTime:0.0000s ]
SQL: SELECT * FROM `d_m_library` WHERE ( id=5 ) LIMIT 1   [ RunTime:0.0000s ]
SQL: SELECT `uid`,`name`,`mobile` FROM `d_user` WHERE ( uid=27 )  [ RunTime:0.0000s ]
SQL: SELECT `uid`,`name`,`company` FROM `d_user` WHERE ( uid=8 )  [ RunTime:0.0000s ]
SQL: SELECT * FROM `d_m_library` WHERE ( id=5 ) LIMIT 1   [ RunTime:0.0000s ]
SQL: SELECT `uid`,`name`,`mobile` FROM `d_user` WHERE ( uid=27 )  [ RunTime:0.0000s ]
SQL: SELECT `uid`,`name`,`company` FROM `d_user` WHERE ( uid=8 )  [ RunTime:0.0010s ]
SQL: SELECT * FROM `d_m_library` WHERE ( id=5 ) LIMIT 1   [ RunTime:0.0000s ]
SQL: SELECT `uid`,`name`,`mobile` FROM `d_user` WHERE ( uid=27 )  [ RunTime:0.0000s ]
SQL: SELECT `uid`,`name`,`company` FROM `d_user` WHERE ( uid=8 )  [ RunTime:0.0000s ]
SQL: SELECT * FROM `d_m_library` WHERE ( id=5 ) LIMIT 1   [ RunTime:0.0010s ]
SQL: SELECT `uid`,`name`,`mobile` FROM `d_user` WHERE ( uid=27 )  [ RunTime:0.0010s ]
SQL: SELECT `uid`,`name`,`company` FROM `d_user` WHERE ( uid=8 )  [ RunTime:0.0000s ]
NOTIC: [8] Undefined variable: pList E:\WWW\eps\ThinkPHP\Library\Com\Util\Page.class.php 第 155 行.
NOTIC: [8] Undefined variable: pListStart E:\WWW\eps\ThinkPHP\Library\Com\Util\Page.class.php 第 248 行.
NOTIC: [8] Undefined variable: pListEnd E:\WWW\eps\ThinkPHP\Library\Com\Util\Page.class.php 第 248 行.
NOTIC: [8] Undefined variable: pFirst E:\WWW\eps\ThinkPHP\Library\Com\Util\Page.class.php 第 248 行.
NOTIC: [8] Undefined variable: pPrev E:\WWW\eps\ThinkPHP\Library\Com\Util\Page.class.php 第 248 行.
INFO: [ view_parse ] --START--
INFO: [ template_filter ] --START--
INFO: Run Behavior\ContentReplaceBehavior [ RunTime:0.000000s ]
INFO: [ template_filter ] --END-- [ RunTime:0.000000s ]
NOTIC: [8] Undefined index: status E:\WWW\eps\Application\Runtime\Cache\Admin\f3608d595422fc0dabb28ab5220a7890.php 第 122 行.
NOTIC: [8] Undefined index: status E:\WWW\eps\Application\Runtime\Cache\Admin\f3608d595422fc0dabb28ab5220a7890.php 第 125 行.
NOTIC: [8] Undefined variable: v E:\WWW\eps\Application\Runtime\Cache\Admin\f3608d595422fc0dabb28ab5220a7890.php 第 125 行.
NOTIC: [8] Undefined index: status E:\WWW\eps\Application\Runtime\Cache\Admin\f3608d595422fc0dabb28ab5220a7890.php 第 126 行.
NOTIC: [8] Undefined index: status E:\WWW\eps\Application\Runtime\Cache\Admin\f3608d595422fc0dabb28ab5220a7890.php 第 126 行.
NOTIC: [8] Undefined index: status E:\WWW\eps\Application\Runtime\Cache\Admin\f3608d595422fc0dabb28ab5220a7890.php 第 126 行.
NOTIC: [8] Undefined index: status E:\WWW\eps\Application\Runtime\Cache\Admin\f3608d595422fc0dabb28ab5220a7890.php 第 126 行.
NOTIC: [8] Undefined index: status E:\WWW\eps\Application\Runtime\Cache\Admin\f3608d595422fc0dabb28ab5220a7890.php 第 126 行.
NOTIC: [8] Undefined index: number E:\WWW\eps\Application\Runtime\Cache\Admin\f3608d595422fc0dabb28ab5220a7890.php 第 127 行.
NOTIC: [8] Undefined index: no E:\WWW\eps\Application\Runtime\Cache\Admin\f3608d595422fc0dabb28ab5220a7890.php 第 128 行.
NOTIC: [8] Undefined index: fybq E:\WWW\eps\Application\Runtime\Cache\Admin\f3608d595422fc0dabb28ab5220a7890.php 第 171 行.
INFO: Run Behavior\ParseTemplateBehavior [ RunTime:0.030000s ]
INFO: [ view_parse ] --END-- [ RunTime:0.030000s ]
INFO: [ view_filter ] --START--
INFO: Run Behavior\WriteHtmlCacheBehavior [ RunTime:0.001000s ]
INFO: [ view_filter ] --END-- [ RunTime:0.001000s ]
INFO: [ app_end ] --START--
INFO: Run Behavior\ShowPageTraceBehavior [ RunTime:0.001000s ]
INFO: [ app_end ] --END-- [ RunTime:0.001000s ]

[ 2017-09-30T10:54:02+08:00 ] 127.0.0.1 /Admin/Gongdan/lists.html?status=&number=&no=3374&dosubmit=%E6%90%9C%E7%B4%A2%E5%BD%93%E5%89%8D%E9%A1%B5
INFO: [ app_init ] --START--
INFO: Run Behavior\BuildLiteBehavior [ RunTime:0.000000s ]
INFO: [ app_init ] --END-- [ RunTime:0.002000s ]
INFO: [ app_begin ] --START--
INFO: Run Behavior\ReadHtmlCacheBehavior [ RunTime:0.001000s ]
INFO: [ app_begin ] --END-- [ RunTime:0.002000s ]
NOTIC: [2048] Declaration of Appframe\AdminbaseController::success() should be compatible with Think\Controller::success($message = '', $jumpUrl = '', $ajax = false) E:\WWW\eps\Application\Appframe\AdminbaseController.class.php 第 6 行.
NOTIC: [2048] Declaration of Admin\Controller\GongdanController::show() should be compatible with Think\Controller::show($content, $charset = '', $contentType = '', $prefix = '') E:\WWW\eps\Application\Admin\Controller\GongdanController.class.php 第 8 行.
SQL: SHOW COLUMNS FROM `d_user` [ RunTime:0.0100s ]
SQL: SHOW COLUMNS FROM `d_need` [ RunTime:0.0090s ]
SQL: SHOW COLUMNS FROM `d_photo` [ RunTime:0.0070s ]
SQL: SHOW COLUMNS FROM `d_m_library` [ RunTime:0.0070s ]
SQL: SHOW COLUMNS FROM `d_notification` [ RunTime:0.0050s ]
SQL: SHOW COLUMNS FROM `d_fxuser` [ RunTime:0.0050s ]
SQL: SHOW COLUMNS FROM `d_reward` [ RunTime:0.0050s ]
SQL: SHOW COLUMNS FROM `d_adviser` [ RunTime:0.0040s ]
SQL: SELECT COUNT(*) AS tp_count FROM `d_need` WHERE ( status > 0 ) LIMIT 1   [ RunTime:0.0010s ]
SQL: SELECT COUNT(*) AS tp_count FROM `d_need` WHERE ( status = 1 ) LIMIT 1   [ RunTime:0.0000s ]
SQL: SELECT COUNT(*) AS tp_count FROM `d_need` WHERE ( status = 2 ) LIMIT 1   [ RunTime:0.0010s ]
SQL: SELECT COUNT(*) AS tp_count FROM `d_need` WHERE ( status = 3 ) LIMIT 1   [ RunTime:0.0000s ]
SQL: SELECT COUNT(*) AS tp_count FROM `d_need` WHERE ( status = 4 ) LIMIT 1   [ RunTime:0.0010s ]
SQL: SELECT COUNT(*) AS tp_count FROM `d_need` WHERE ( status = 5 ) LIMIT 1   [ RunTime:0.0010s ]
NOTIC: [8] Undefined offset: 1 E:\WWW\eps\ThinkPHP\Library\Think\Controller.class.php 第 232 行.
NOTIC: [8] Undefined offset: 1 E:\WWW\eps\ThinkPHP\Library\Think\Controller.class.php 第 232 行.
NOTIC: [8] Undefined offset: 1 E:\WWW\eps\ThinkPHP\Library\Think\Controller.class.php 第 232 行.
SQL: SHOW COLUMNS FROM `d_need` [ RunTime:0.0040s ]
SQL: SELECT COUNT(*) AS tp_count FROM d_need as n INNER JOIN d_user as u on n.uid_x=u.uid  WHERE ( n.status > 0 and n.no LIKE '%3374%'  ) LIMIT 1   [ RunTime:0.0010s ]
NOTIC: [8] Undefined index: page E:\WWW\eps\ThinkPHP\Library\Com\Util\Page.class.php 第 127 行.
NOTIC: [8] Undefined index: page E:\WWW\eps\ThinkPHP\Library\Com\Util\Page.class.php 第 127 行.
SQL: SHOW COLUMNS FROM `d_need` [ RunTime:0.0050s ]
SQL: SELECT n.* FROM d_need as n INNER JOIN d_user as u on n.uid_x=u.uid  WHERE ( n.status > 0 and n.no LIKE '%3374%'  ) ORDER BY n.time desc LIMIT 0,20   [ RunTime:0.0010s ]
SQL: SELECT * FROM `d_m_library` WHERE ( id=4 ) LIMIT 1   [ RunTime:0.0010s ]
SQL: SELECT `uid`,`name`,`mobile` FROM `d_user` WHERE ( uid=27 )  [ RunTime:0.0000s ]
SQL: SELECT `uid`,`name`,`company` FROM `d_user` WHERE ( uid=8 )  [ RunTime:0.0000s ]
INFO: [ view_parse ] --START--
INFO: [ template_filter ] --START--
INFO: Run Behavior\ContentReplaceBehavior [ RunTime:0.000000s ]
INFO: [ template_filter ] --END-- [ RunTime:0.001000s ]
NOTIC: [8] Undefined variable: v E:\WWW\eps\Application\Runtime\Cache\Admin\f3608d595422fc0dabb28ab5220a7890.php 第 125 行.
INFO: Run Behavior\ParseTemplateBehavior [ RunTime:0.030000s ]
INFO: [ view_parse ] --END-- [ RunTime:0.032000s ]
INFO: [ view_filter ] --START--
INFO: Run Behavior\WriteHtmlCacheBehavior [ RunTime:0.001000s ]
INFO: [ view_filter ] --END-- [ RunTime:0.001000s ]
INFO: [ app_end ] --START--
INFO: Run Behavior\ShowPageTraceBehavior [ RunTime:0.001000s ]
INFO: [ app_end ] --END-- [ RunTime:0.002000s ]

