[ 2017-08-04T09:46:51+08:00 ] 127.0.0.1 /admin
INFO: [ app_init ] --START--
INFO: Run Behavior\BuildLiteBehavior [ RunTime:0.000000s ]
INFO: [ app_init ] --END-- [ RunTime:0.000000s ]
INFO: [ app_begin ] --START--
INFO: Run Behavior\ReadHtmlCacheBehavior [ RunTime:0.001000s ]
INFO: [ app_begin ] --END-- [ RunTime:0.001000s ]
NOTIC: [2048] Declaration of Appframe\AdminbaseController::success() should be compatible with Think\Controller::success($message = '', $jumpUrl = '', $ajax = false) E:\WWW\eps\Application\Appframe\AdminbaseController.class.php 第 6 行.
INFO: [ view_parse ] --START--
INFO: [ template_filter ] --START--
INFO: Run Behavior\ContentReplaceBehavior [ RunTime:0.000000s ]
INFO: [ template_filter ] --END-- [ RunTime:0.001000s ]
INFO: Run Behavior\ParseTemplateBehavior [ RunTime:0.021000s ]
INFO: [ view_parse ] --END-- [ RunTime:0.022000s ]
INFO: [ view_filter ] --START--
INFO: Run Behavior\WriteHtmlCacheBehavior [ RunTime:0.001000s ]
INFO: [ view_filter ] --END-- [ RunTime:0.001000s ]

[ 2017-08-04T09:46:52+08:00 ] 127.0.0.1 /Admin/Public/login.html
INFO: [ app_init ] --START--
INFO: Run Behavior\BuildLiteBehavior [ RunTime:0.000000s ]
INFO: [ app_init ] --END-- [ RunTime:0.001000s ]
INFO: [ app_begin ] --START--
INFO: Run Behavior\ReadHtmlCacheBehavior [ RunTime:0.001000s ]
INFO: [ app_begin ] --END-- [ RunTime:0.001000s ]
NOTIC: [2048] Declaration of Appframe\AdminbaseController::success() should be compatible with Think\Controller::success($message = '', $jumpUrl = '', $ajax = false) E:\WWW\eps\Application\Appframe\AdminbaseController.class.php 第 6 行.
INFO: [ view_parse ] --START--
INFO: [ template_filter ] --START--
INFO: Run Behavior\ContentReplaceBehavior [ RunTime:0.000000s ]
INFO: [ template_filter ] --END-- [ RunTime:0.000000s ]
NOTIC: [8] Use of undefined constant CHARSET - assumed 'CHARSET' E:\WWW\eps\Application\Runtime\Cache\Admin\3e5d3d9a1e6b1fcd430d87ee7be4f518.php 第 4 行.
NOTIC: [8] Undefined variable: Site E:\WWW\eps\Application\Runtime\Cache\Admin\3e5d3d9a1e6b1fcd430d87ee7be4f518.php 第 42 行.
INFO: Run Behavior\ParseTemplateBehavior [ RunTime:0.008000s ]
INFO: [ view_parse ] --END-- [ RunTime:0.008000s ]
INFO: [ view_filter ] --START--
INFO: Run Behavior\WriteHtmlCacheBehavior [ RunTime:0.001000s ]
INFO: [ view_filter ] --END-- [ RunTime:0.001000s ]
INFO: [ app_end ] --START--
INFO: Run Behavior\ShowPageTraceBehavior [ RunTime:0.001000s ]
INFO: [ app_end ] --END-- [ RunTime:0.001000s ]

[ 2017-08-04T10:47:50+08:00 ] 127.0.0.1 /admin
INFO: [ app_init ] --START--
INFO: Run Behavior\BuildLiteBehavior [ RunTime:0.000000s ]
INFO: [ app_init ] --END-- [ RunTime:0.001000s ]
INFO: [ app_begin ] --START--
INFO: Run Behavior\ReadHtmlCacheBehavior [ RunTime:0.000000s ]
INFO: [ app_begin ] --END-- [ RunTime:0.000000s ]
NOTIC: [2048] Declaration of Appframe\AdminbaseController::success() should be compatible with Think\Controller::success($message = '', $jumpUrl = '', $ajax = false) E:\WWW\eps\Application\Appframe\AdminbaseController.class.php 第 6 行.
INFO: [ view_parse ] --START--
INFO: [ template_filter ] --START--
INFO: Run Behavior\ContentReplaceBehavior [ RunTime:0.000000s ]
INFO: [ template_filter ] --END-- [ RunTime:0.000000s ]
INFO: Run Behavior\ParseTemplateBehavior [ RunTime:0.008000s ]
INFO: [ view_parse ] --END-- [ RunTime:0.009000s ]
INFO: [ view_filter ] --START--
INFO: Run Behavior\WriteHtmlCacheBehavior [ RunTime:0.000000s ]
INFO: [ view_filter ] --END-- [ RunTime:0.000000s ]

[ 2017-08-04T10:47:51+08:00 ] 127.0.0.1 /Admin/Public/login.html
INFO: [ app_init ] --START--
INFO: Run Behavior\BuildLiteBehavior [ RunTime:0.000000s ]
INFO: [ app_init ] --END-- [ RunTime:0.000000s ]
INFO: [ app_begin ] --START--
INFO: Run Behavior\ReadHtmlCacheBehavior [ RunTime:0.000000s ]
INFO: [ app_begin ] --END-- [ RunTime:0.002000s ]
NOTIC: [2048] Declaration of Appframe\AdminbaseController::success() should be compatible with Think\Controller::success($message = '', $jumpUrl = '', $ajax = false) E:\WWW\eps\Application\Appframe\AdminbaseController.class.php 第 6 行.
INFO: [ view_parse ] --START--
INFO: [ template_filter ] --START--
INFO: Run Behavior\ContentReplaceBehavior [ RunTime:0.000000s ]
INFO: [ template_filter ] --END-- [ RunTime:0.000000s ]
NOTIC: [8] Use of undefined constant CHARSET - assumed 'CHARSET' E:\WWW\eps\Application\Runtime\Cache\Admin\3e5d3d9a1e6b1fcd430d87ee7be4f518.php 第 4 行.
NOTIC: [8] Undefined variable: Site E:\WWW\eps\Application\Runtime\Cache\Admin\3e5d3d9a1e6b1fcd430d87ee7be4f518.php 第 42 行.
INFO: Run Behavior\ParseTemplateBehavior [ RunTime:0.009000s ]
INFO: [ view_parse ] --END-- [ RunTime:0.009000s ]
INFO: [ view_filter ] --START--
INFO: Run Behavior\WriteHtmlCacheBehavior [ RunTime:0.000000s ]
INFO: [ view_filter ] --END-- [ RunTime:0.001000s ]
INFO: [ app_end ] --START--
INFO: Run Behavior\ShowPageTraceBehavior [ RunTime:0.001000s ]
INFO: [ app_end ] --END-- [ RunTime:0.001000s ]

[ 2017-08-04T10:48:00+08:00 ] 127.0.0.1 /Admin/Public/tologin.html
INFO: [ app_init ] --START--
INFO: Run Behavior\BuildLiteBehavior [ RunTime:0.000000s ]
INFO: [ app_init ] --END-- [ RunTime:0.000000s ]
INFO: [ app_begin ] --START--
INFO: Run Behavior\ReadHtmlCacheBehavior [ RunTime:0.001000s ]
INFO: [ app_begin ] --END-- [ RunTime:0.001000s ]
NOTIC: [2048] Declaration of Appframe\AdminbaseController::success() should be compatible with Think\Controller::success($message = '', $jumpUrl = '', $ajax = false) E:\WWW\eps\Application\Appframe\AdminbaseController.class.php 第 6 行.
NOTIC: [8] Undefined offset: 1 E:\WWW\eps\ThinkPHP\Library\Think\Controller.class.php 第 232 行.
NOTIC: [8] Undefined offset: 1 E:\WWW\eps\ThinkPHP\Library\Think\Controller.class.php 第 232 行.
NOTIC: [8] Undefined offset: 1 E:\WWW\eps\ThinkPHP\Library\Think\Controller.class.php 第 232 行.
SQL: SHOW COLUMNS FROM `d_fxuser` [ RunTime:0.0040s ]
SQL: SELECT * FROM `d_fxuser` WHERE `username` = 'admin' LIMIT 1   [ RunTime:0.0000s ]
SQL: SHOW COLUMNS FROM `d_fxloginlog` [ RunTime:0.0030s ]
SQL: INSERT INTO `d_fxloginlog` (`username`,`logintime`,`loginip`,`status`,`password`,`info`) VALUES ('admin','2017-08-04 10:48:00','127.0.0.1','1','8888***','') [ RunTime:0.0000s ]
SQL: SHOW COLUMNS FROM `d_fxuser` [ RunTime:0.0030s ]
SQL: UPDATE `d_fxuser` SET `last_login_time`='1501814880',`last_login_ip`='127.0.0.1' WHERE `id` = 1 [ RunTime:0.0010s ]
SQL: SHOW COLUMNS FROM `d_fxuser` [ RunTime:0.0030s ]
SQL: SELECT * FROM `d_fxuser` WHERE (  username  = 'admin'  ) LIMIT 1   [ RunTime:0.0000s ]

[ 2017-08-04T10:48:01+08:00 ] 127.0.0.1 /Admin/Index/index.html
INFO: [ app_init ] --START--
INFO: Run Behavior\BuildLiteBehavior [ RunTime:0.000000s ]
INFO: [ app_init ] --END-- [ RunTime:0.001000s ]
INFO: [ app_begin ] --START--
INFO: Run Behavior\ReadHtmlCacheBehavior [ RunTime:0.001000s ]
INFO: [ app_begin ] --END-- [ RunTime:0.001000s ]
NOTIC: [2048] Declaration of Appframe\AdminbaseController::success() should be compatible with Think\Controller::success($message = '', $jumpUrl = '', $ajax = false) E:\WWW\eps\Application\Appframe\AdminbaseController.class.php 第 6 行.
SQL: SHOW COLUMNS FROM `d_fxuser` [ RunTime:0.0110s ]
SQL: SELECT `id`,`username`,`nickname`,`last_login_time`,`last_login_ip`,`email`,`status` FROM `d_fxuser` WHERE `id` = 1  [ RunTime:0.0000s ]
SQL: SHOW COLUMNS FROM `d_fxmenu` [ RunTime:0.0110s ]
SQL: SELECT * FROM `d_fxmenu` WHERE `parentid` = 0 AND `status` = 1 ORDER BY listorder asc  [ RunTime:0.0010s ]
SQL: SELECT * FROM `d_fxmenu` WHERE `parentid` = 36 AND `status` = 1 ORDER BY listorder asc  [ RunTime:0.0010s ]
SQL: SELECT * FROM `d_fxmenu` WHERE `parentid` = 38 AND `status` = 1 ORDER BY listorder asc  [ RunTime:0.0010s ]
NOTIC: [8] Undefined variable: data E:\WWW\eps\Application\Admin\Model\FxmenuModel.class.php 第 83 行.
SQL: SELECT * FROM `d_fxmenu` WHERE `parentid` = 8 AND `status` = 1 ORDER BY listorder asc  [ RunTime:0.0010s ]
SQL: SELECT * FROM `d_fxmenu` WHERE `parentid` = 33 AND `status` = 1 ORDER BY listorder asc  [ RunTime:0.0000s ]
NOTIC: [8] Undefined variable: data E:\WWW\eps\Application\Admin\Model\FxmenuModel.class.php 第 83 行.
SQL: SELECT * FROM `d_fxmenu` WHERE `parentid` = 10 AND `status` = 1 ORDER BY listorder asc  [ RunTime:0.0010s ]
NOTIC: [8] Undefined variable: data E:\WWW\eps\Application\Admin\Model\FxmenuModel.class.php 第 83 行.
SQL: SELECT * FROM `d_fxmenu` WHERE `parentid` = 39 AND `status` = 1 ORDER BY listorder asc  [ RunTime:0.0010s ]
SQL: SELECT * FROM `d_fxmenu` WHERE `parentid` = 40 AND `status` = 1 ORDER BY listorder asc  [ RunTime:0.0010s ]
NOTIC: [8] Undefined variable: data E:\WWW\eps\Application\Admin\Model\FxmenuModel.class.php 第 83 行.
SQL: SELECT * FROM `d_fxmenu` WHERE `parentid` = 41 AND `status` = 1 ORDER BY listorder asc  [ RunTime:0.0010s ]
NOTIC: [8] Undefined variable: data E:\WWW\eps\Application\Admin\Model\FxmenuModel.class.php 第 83 行.
SQL: SELECT * FROM `d_fxmenu` WHERE `parentid` = 340 AND `status` = 1 ORDER BY listorder asc  [ RunTime:0.0010s ]
NOTIC: [8] Undefined variable: data E:\WWW\eps\Application\Admin\Model\FxmenuModel.class.php 第 83 行.
SQL: SELECT * FROM `d_fxmenu` WHERE `parentid` = 44 AND `status` = 1 ORDER BY listorder asc  [ RunTime:0.0010s ]
SQL: SELECT * FROM `d_fxmenu` WHERE `parentid` = 325 AND `status` = 1 ORDER BY listorder asc  [ RunTime:0.0010s ]
NOTIC: [8] Undefined variable: data E:\WWW\eps\Application\Admin\Model\FxmenuModel.class.php 第 83 行.
SQL: SELECT * FROM `d_fxmenu` WHERE `parentid` = 45 AND `status` = 1 ORDER BY listorder asc  [ RunTime:0.0010s ]
NOTIC: [8] Undefined variable: data E:\WWW\eps\Application\Admin\Model\FxmenuModel.class.php 第 83 行.
SQL: SELECT * FROM `d_fxmenu` WHERE `parentid` = 329 AND `status` = 1 ORDER BY listorder asc  [ RunTime:0.0010s ]
SQL: SELECT * FROM `d_fxmenu` WHERE `parentid` = 337 AND `status` = 1 ORDER BY listorder asc  [ RunTime:0.0010s ]
NOTIC: [8] Undefined variable: data E:\WWW\eps\Application\Admin\Model\FxmenuModel.class.php 第 83 行.
SQL: SELECT * FROM `d_fxmenu` WHERE `parentid` = 364 AND `status` = 1 ORDER BY listorder asc  [ RunTime:0.0010s ]
NOTIC: [8] Undefined variable: data E:\WWW\eps\Application\Admin\Model\FxmenuModel.class.php 第 83 行.
SQL: SELECT * FROM `d_fxmenu` WHERE `parentid` = 331 AND `status` = 1 ORDER BY listorder asc  [ RunTime:0.0000s ]
SQL: SELECT * FROM `d_fxmenu` WHERE `parentid` = 332 AND `status` = 1 ORDER BY listorder asc  [ RunTime:0.0010s ]
NOTIC: [8] Undefined variable: data E:\WWW\eps\Application\Admin\Model\FxmenuModel.class.php 第 83 行.
SQL: SELECT * FROM `d_fxmenu` WHERE `parentid` = 333 AND `status` = 1 ORDER BY listorder asc  [ RunTime:0.0000s ]
NOTIC: [8] Undefined variable: data E:\WWW\eps\Application\Admin\Model\FxmenuModel.class.php 第 83 行.
SQL: SELECT * FROM `d_fxmenu` WHERE `parentid` = 338 AND `status` = 1 ORDER BY listorder asc  [ RunTime:0.0010s ]
NOTIC: [8] Undefined variable: data E:\WWW\eps\Application\Admin\Model\FxmenuModel.class.php 第 83 行.
SQL: SELECT * FROM `d_fxmenu` WHERE `parentid` = 339 AND `status` = 1 ORDER BY listorder asc  [ RunTime:0.0010s ]
NOTIC: [8] Undefined variable: data E:\WWW\eps\Application\Admin\Model\FxmenuModel.class.php 第 83 行.
SQL: SELECT * FROM `d_fxmenu` WHERE `parentid` = 335 AND `status` = 1 ORDER BY listorder asc  [ RunTime:0.0000s ]
NOTIC: [8] Undefined variable: data E:\WWW\eps\Application\Admin\Model\FxmenuModel.class.php 第 83 行.
SQL: SHOW COLUMNS FROM `d_fxadmin_panel` [ RunTime:0.0040s ]
SQL: SELECT * FROM `d_fxadmin_panel` WHERE `userid` = 1  [ RunTime:0.0010s ]
INFO: [ view_parse ] --START--
INFO: [ template_filter ] --START--
INFO: Run Behavior\ContentReplaceBehavior [ RunTime:0.000000s ]
INFO: [ template_filter ] --END-- [ RunTime:0.001000s ]
NOTIC: [8] Undefined variable: admin E:\WWW\eps\Application\Runtime\Cache\Admin\836688c1f1d849de38afaba03368efc4.php 第 133 行.
NOTIC: [8] Use of undefined constant user_login - assumed 'user_login' E:\WWW\eps\Application\Runtime\Cache\Admin\836688c1f1d849de38afaba03368efc4.php 第 135 行.
NOTIC: [8] Undefined variable: admin E:\WWW\eps\Application\Runtime\Cache\Admin\836688c1f1d849de38afaba03368efc4.php 第 135 行.
NOTIC: [8] Use of undefined constant icon - assumed 'icon' E:\WWW\eps\Application\Runtime\Cache\Admin\836688c1f1d849de38afaba03368efc4.php 第 43 行.
NOTIC: [8] Use of undefined constant lower - assumed 'lower' E:\WWW\eps\Application\Runtime\Cache\Admin\836688c1f1d849de38afaba03368efc4.php 第 45 行.
NOTIC: [8] Use of undefined constant lower - assumed 'lower' E:\WWW\eps\Application\Runtime\Cache\Admin\836688c1f1d849de38afaba03368efc4.php 第 61 行.
NOTIC: [8] Use of undefined constant lower - assumed 'lower' E:\WWW\eps\Application\Runtime\Cache\Admin\836688c1f1d849de38afaba03368efc4.php 第 73 行.
NOTIC: [8] Use of undefined constant icon - assumed 'icon' E:\WWW\eps\Application\Runtime\Cache\Admin\836688c1f1d849de38afaba03368efc4.php 第 43 行.
NOTIC: [8] Use of undefined constant lower - assumed 'lower' E:\WWW\eps\Application\Runtime\Cache\Admin\836688c1f1d849de38afaba03368efc4.php 第 45 行.
NOTIC: [8] Use of undefined constant lower - assumed 'lower' E:\WWW\eps\Application\Runtime\Cache\Admin\836688c1f1d849de38afaba03368efc4.php 第 61 行.
NOTIC: [8] Use of undefined constant lower - assumed 'lower' E:\WWW\eps\Application\Runtime\Cache\Admin\836688c1f1d849de38afaba03368efc4.php 第 73 行.
NOTIC: [8] Use of undefined constant lower - assumed 'lower' E:\WWW\eps\Application\Runtime\Cache\Admin\836688c1f1d849de38afaba03368efc4.php 第 73 行.
NOTIC: [8] Use of undefined constant icon - assumed 'icon' E:\WWW\eps\Application\Runtime\Cache\Admin\836688c1f1d849de38afaba03368efc4.php 第 43 行.
NOTIC: [8] Use of undefined constant lower - assumed 'lower' E:\WWW\eps\Application\Runtime\Cache\Admin\836688c1f1d849de38afaba03368efc4.php 第 45 行.
NOTIC: [8] Use of undefined constant lower - assumed 'lower' E:\WWW\eps\Application\Runtime\Cache\Admin\836688c1f1d849de38afaba03368efc4.php 第 61 行.
NOTIC: [8] Use of undefined constant lower - assumed 'lower' E:\WWW\eps\Application\Runtime\Cache\Admin\836688c1f1d849de38afaba03368efc4.php 第 73 行.
NOTIC: [8] Use of undefined constant lower - assumed 'lower' E:\WWW\eps\Application\Runtime\Cache\Admin\836688c1f1d849de38afaba03368efc4.php 第 73 行.
NOTIC: [8] Use of undefined constant lower - assumed 'lower' E:\WWW\eps\Application\Runtime\Cache\Admin\836688c1f1d849de38afaba03368efc4.php 第 73 行.
NOTIC: [8] Use of undefined constant icon - assumed 'icon' E:\WWW\eps\Application\Runtime\Cache\Admin\836688c1f1d849de38afaba03368efc4.php 第 43 行.
NOTIC: [8] Use of undefined constant lower - assumed 'lower' E:\WWW\eps\Application\Runtime\Cache\Admin\836688c1f1d849de38afaba03368efc4.php 第 45 行.
NOTIC: [8] Use of undefined constant lower - assumed 'lower' E:\WWW\eps\Application\Runtime\Cache\Admin\836688c1f1d849de38afaba03368efc4.php 第 61 行.
NOTIC: [8] Use of undefined constant lower - assumed 'lower' E:\WWW\eps\Application\Runtime\Cache\Admin\836688c1f1d849de38afaba03368efc4.php 第 73 行.
NOTIC: [8] Use of undefined constant lower - assumed 'lower' E:\WWW\eps\Application\Runtime\Cache\Admin\836688c1f1d849de38afaba03368efc4.php 第 73 行.
NOTIC: [8] Use of undefined constant icon - assumed 'icon' E:\WWW\eps\Application\Runtime\Cache\Admin\836688c1f1d849de38afaba03368efc4.php 第 43 行.
NOTIC: [8] Use of undefined constant lower - assumed 'lower' E:\WWW\eps\Application\Runtime\Cache\Admin\836688c1f1d849de38afaba03368efc4.php 第 45 行.
NOTIC: [8] Use of undefined constant lower - assumed 'lower' E:\WWW\eps\Application\Runtime\Cache\Admin\836688c1f1d849de38afaba03368efc4.php 第 61 行.
NOTIC: [8] Use of undefined constant lower - assumed 'lower' E:\WWW\eps\Application\Runtime\Cache\Admin\836688c1f1d849de38afaba03368efc4.php 第 73 行.
NOTIC: [8] Use of undefined constant lower - assumed 'lower' E:\WWW\eps\Application\Runtime\Cache\Admin\836688c1f1d849de38afaba03368efc4.php 第 73 行.
NOTIC: [8] Use of undefined constant icon - assumed 'icon' E:\WWW\eps\Application\Runtime\Cache\Admin\836688c1f1d849de38afaba03368efc4.php 第 43 行.
NOTIC: [8] Use of undefined constant lower - assumed 'lower' E:\WWW\eps\Application\Runtime\Cache\Admin\836688c1f1d849de38afaba03368efc4.php 第 45 行.
NOTIC: [8] Use of undefined constant lower - assumed 'lower' E:\WWW\eps\Application\Runtime\Cache\Admin\836688c1f1d849de38afaba03368efc4.php 第 61 行.
NOTIC: [8] Use of undefined constant lower - assumed 'lower' E:\WWW\eps\Application\Runtime\Cache\Admin\836688c1f1d849de38afaba03368efc4.php 第 73 行.
NOTIC: [8] Use of undefined constant lower - assumed 'lower' E:\WWW\eps\Application\Runtime\Cache\Admin\836688c1f1d849de38afaba03368efc4.php 第 73 行.
NOTIC: [8] Use of undefined constant lower - assumed 'lower' E:\WWW\eps\Application\Runtime\Cache\Admin\836688c1f1d849de38afaba03368efc4.php 第 73 行.
NOTIC: [8] Use of undefined constant icon - assumed 'icon' E:\WWW\eps\Application\Runtime\Cache\Admin\836688c1f1d849de38afaba03368efc4.php 第 43 行.
NOTIC: [8] Use of undefined constant lower - assumed 'lower' E:\WWW\eps\Application\Runtime\Cache\Admin\836688c1f1d849de38afaba03368efc4.php 第 45 行.
NOTIC: [8] Use of undefined constant icon - assumed 'icon' E:\WWW\eps\Application\Runtime\Cache\Admin\836688c1f1d849de38afaba03368efc4.php 第 43 行.
NOTIC: [8] Use of undefined constant lower - assumed 'lower' E:\WWW\eps\Application\Runtime\Cache\Admin\836688c1f1d849de38afaba03368efc4.php 第 45 行.
INFO: Run Behavior\ParseTemplateBehavior [ RunTime:0.022000s ]
INFO: [ view_parse ] --END-- [ RunTime:0.023000s ]
INFO: [ view_filter ] --START--
INFO: Run Behavior\WriteHtmlCacheBehavior [ RunTime:0.000000s ]
INFO: [ view_filter ] --END-- [ RunTime:0.000000s ]
INFO: [ app_end ] --START--
INFO: Run Behavior\ShowPageTraceBehavior [ RunTime:0.001000s ]
INFO: [ app_end ] --END-- [ RunTime:0.001000s ]

[ 2017-08-04T10:48:02+08:00 ] 127.0.0.1 /Admin/Main/public_main.html
INFO: [ app_init ] --START--
INFO: Run Behavior\BuildLiteBehavior [ RunTime:0.000000s ]
INFO: [ app_init ] --END-- [ RunTime:0.002000s ]
INFO: [ app_begin ] --START--
INFO: Run Behavior\ReadHtmlCacheBehavior [ RunTime:0.001000s ]
INFO: [ app_begin ] --END-- [ RunTime:0.001000s ]
NOTIC: [2048] Declaration of Appframe\AdminbaseController::success() should be compatible with Think\Controller::success($message = '', $jumpUrl = '', $ajax = false) E:\WWW\eps\Application\Appframe\AdminbaseController.class.php 第 6 行.
SQL: SHOW COLUMNS FROM `d_fxloginlog` [ RunTime:0.0080s ]
SQL: SELECT * FROM `d_fxloginlog` ORDER BY `loginid` desc LIMIT 0,10   [ RunTime:0.0010s ]
INFO: [ view_parse ] --START--
INFO: [ template_filter ] --START--
INFO: Run Behavior\ContentReplaceBehavior [ RunTime:0.000000s ]
INFO: [ template_filter ] --END-- [ RunTime:0.001000s ]
NOTIC: [8] Undefined variable: count1 E:\WWW\eps\Application\Runtime\Cache\Admin\05ed27b1bd05ed4fd478f0f4d5dc0fae.php 第 136 行.
NOTIC: [8] Undefined variable: count2 E:\WWW\eps\Application\Runtime\Cache\Admin\05ed27b1bd05ed4fd478f0f4d5dc0fae.php 第 137 行.
NOTIC: [8] Undefined variable: count4 E:\WWW\eps\Application\Runtime\Cache\Admin\05ed27b1bd05ed4fd478f0f4d5dc0fae.php 第 138 行.
NOTIC: [8] Undefined variable: count3 E:\WWW\eps\Application\Runtime\Cache\Admin\05ed27b1bd05ed4fd478f0f4d5dc0fae.php 第 139 行.
NOTIC: [8] Undefined variable: count5 E:\WWW\eps\Application\Runtime\Cache\Admin\05ed27b1bd05ed4fd478f0f4d5dc0fae.php 第 140 行.
NOTIC: [8] Undefined variable: count6 E:\WWW\eps\Application\Runtime\Cache\Admin\05ed27b1bd05ed4fd478f0f4d5dc0fae.php 第 141 行.
INFO: Run Behavior\ParseTemplateBehavior [ RunTime:0.033000s ]
INFO: [ view_parse ] --END-- [ RunTime:0.034000s ]
INFO: [ view_filter ] --START--
INFO: Run Behavior\WriteHtmlCacheBehavior [ RunTime:0.001000s ]
INFO: [ view_filter ] --END-- [ RunTime:0.001000s ]
INFO: [ app_end ] --START--
INFO: Run Behavior\ShowPageTraceBehavior [ RunTime:0.001000s ]
INFO: [ app_end ] --END-- [ RunTime:0.001000s ]

[ 2017-08-04T10:48:05+08:00 ] 127.0.0.1 /Admin/Fwuser/add
INFO: [ app_init ] --START--
INFO: Run Behavior\BuildLiteBehavior [ RunTime:0.000000s ]
INFO: [ app_init ] --END-- [ RunTime:0.000000s ]
INFO: [ app_begin ] --START--
INFO: Run Behavior\ReadHtmlCacheBehavior [ RunTime:0.000000s ]
INFO: [ app_begin ] --END-- [ RunTime:0.000000s ]
NOTIC: [2048] Declaration of Appframe\AdminbaseController::success() should be compatible with Think\Controller::success($message = '', $jumpUrl = '', $ajax = false) E:\WWW\eps\Application\Appframe\AdminbaseController.class.php 第 6 行.
NOTIC: [2048] Declaration of Admin\Controller\FwuserController::show() should be compatible with Think\Controller::show($content, $charset = '', $contentType = '', $prefix = '') E:\WWW\eps\Application\Admin\Controller\FwuserController.class.php 第 8 行.
SQL: SHOW COLUMNS FROM `d_user` [ RunTime:0.0070s ]
SQL: SHOW COLUMNS FROM `d_task` [ RunTime:0.0050s ]
SQL: SHOW COLUMNS FROM `d_reward` [ RunTime:0.0050s ]
SQL: SHOW COLUMNS FROM `d_notification` [ RunTime:0.0050s ]
SQL: SHOW COLUMNS FROM `d_region` [ RunTime:0.0050s ]
SQL: SELECT * FROM `d_region` WHERE `pid` = 1  [ RunTime:0.0010s ]
INFO: [ view_parse ] --START--
INFO: [ template_filter ] --START--
INFO: Run Behavior\ContentReplaceBehavior [ RunTime:0.001000s ]
INFO: [ template_filter ] --END-- [ RunTime:0.001000s ]
INFO: Run Behavior\ParseTemplateBehavior [ RunTime:0.015000s ]
INFO: [ view_parse ] --END-- [ RunTime:0.015000s ]
INFO: [ view_filter ] --START--
INFO: Run Behavior\WriteHtmlCacheBehavior [ RunTime:0.000000s ]
INFO: [ view_filter ] --END-- [ RunTime:0.000000s ]
INFO: [ app_end ] --START--
INFO: Run Behavior\ShowPageTraceBehavior [ RunTime:0.001000s ]
INFO: [ app_end ] --END-- [ RunTime:0.001000s ]

[ 2017-08-04T10:48:06+08:00 ] 127.0.0.1 /Admin/Fwuser/add
INFO: [ app_init ] --START--
INFO: Run Behavior\BuildLiteBehavior [ RunTime:0.000000s ]
INFO: [ app_init ] --END-- [ RunTime:0.002000s ]
INFO: [ app_begin ] --START--
INFO: Run Behavior\ReadHtmlCacheBehavior [ RunTime:0.001000s ]
INFO: [ app_begin ] --END-- [ RunTime:0.001000s ]
NOTIC: [2048] Declaration of Appframe\AdminbaseController::success() should be compatible with Think\Controller::success($message = '', $jumpUrl = '', $ajax = false) E:\WWW\eps\Application\Appframe\AdminbaseController.class.php 第 6 行.
NOTIC: [2048] Declaration of Admin\Controller\FwuserController::show() should be compatible with Think\Controller::show($content, $charset = '', $contentType = '', $prefix = '') E:\WWW\eps\Application\Admin\Controller\FwuserController.class.php 第 8 行.
SQL: SHOW COLUMNS FROM `d_user` [ RunTime:0.0040s ]
SQL: SHOW COLUMNS FROM `d_task` [ RunTime:0.0030s ]
SQL: SHOW COLUMNS FROM `d_reward` [ RunTime:0.0040s ]
SQL: SHOW COLUMNS FROM `d_notification` [ RunTime:0.0030s ]
SQL: SHOW COLUMNS FROM `d_region` [ RunTime:0.0030s ]
SQL: SELECT * FROM `d_region` WHERE `pid` = 1  [ RunTime:0.0010s ]
INFO: [ view_parse ] --START--
INFO: [ template_filter ] --START--
INFO: Run Behavior\ContentReplaceBehavior [ RunTime:0.000000s ]
INFO: [ template_filter ] --END-- [ RunTime:0.000000s ]
INFO: Run Behavior\ParseTemplateBehavior [ RunTime:0.014000s ]
INFO: [ view_parse ] --END-- [ RunTime:0.014000s ]
INFO: [ view_filter ] --START--
INFO: Run Behavior\WriteHtmlCacheBehavior [ RunTime:0.001000s ]
INFO: [ view_filter ] --END-- [ RunTime:0.001000s ]
INFO: [ app_end ] --START--
INFO: Run Behavior\ShowPageTraceBehavior [ RunTime:0.001000s ]
INFO: [ app_end ] --END-- [ RunTime:0.001000s ]

[ 2017-08-04T10:48:10+08:00 ] 127.0.0.1 /Admin/Fwuser/add.html
INFO: [ app_init ] --START--
INFO: Run Behavior\BuildLiteBehavior [ RunTime:0.000000s ]
INFO: [ app_init ] --END-- [ RunTime:0.001000s ]
INFO: [ app_begin ] --START--
INFO: Run Behavior\ReadHtmlCacheBehavior [ RunTime:0.001000s ]
INFO: [ app_begin ] --END-- [ RunTime:0.002000s ]
NOTIC: [2048] Declaration of Appframe\AdminbaseController::success() should be compatible with Think\Controller::success($message = '', $jumpUrl = '', $ajax = false) E:\WWW\eps\Application\Appframe\AdminbaseController.class.php 第 6 行.
NOTIC: [2048] Declaration of Admin\Controller\FwuserController::show() should be compatible with Think\Controller::show($content, $charset = '', $contentType = '', $prefix = '') E:\WWW\eps\Application\Admin\Controller\FwuserController.class.php 第 8 行.
SQL: SHOW COLUMNS FROM `d_user` [ RunTime:0.0110s ]
SQL: SHOW COLUMNS FROM `d_task` [ RunTime:0.0090s ]
SQL: SHOW COLUMNS FROM `d_reward` [ RunTime:0.0100s ]
SQL: SHOW COLUMNS FROM `d_notification` [ RunTime:0.0070s ]
SQL: SHOW COLUMNS FROM `d_region` [ RunTime:0.0070s ]
SQL: SELECT `name` FROM `d_region` WHERE `id` = 0 LIMIT 1   [ RunTime:0.0000s ]
SQL: SELECT `name` FROM `d_region` WHERE `id` = 0 LIMIT 1   [ RunTime:0.0000s ]
SQL: SELECT `name` FROM `d_region` WHERE `id` = 0 LIMIT 1   [ RunTime:0.0010s ]
SQL: INSERT INTO `d_user` (`mobile`,`passwd`,`gender`,`age`,`city`,`reg_time`,`last_time`) VALUES ('111111111111','21218cca77804d2ba1922c33e0151105','男','','','2017-08-04 10:48:10','2017-08-04 10:48:10') [ RunTime:0.0000s ]
SQL: SHOW COLUMNS FROM `d_fxmenu` [ RunTime:0.0070s ]
SQL: SELECT `name` FROM `d_fxmenu` WHERE ( app='Admin' and model='Fwuser' and action='add'  ) LIMIT 1   [ RunTime:0.0010s ]
SQL: SHOW COLUMNS FROM `d_fxoperationlog` [ RunTime:0.0090s ]
SQL: INSERT INTO `d_fxoperationlog` (`uid`,`username`,`addtime`,`ip`,`status`,`keysn`,`txt`,`mvcname`,`mvc`) VALUES ('1','admin','1501814890','127.0.0.1','add','90','增加用户111111111111','添加用户','Admin#Fwuser#add') [ RunTime:0.0010s ]
INFO: [ view_parse ] --START--
INFO: [ template_filter ] --START--
INFO: Run Behavior\ContentReplaceBehavior [ RunTime:0.000000s ]
INFO: [ template_filter ] --END-- [ RunTime:0.001000s ]
INFO: Run Behavior\ParseTemplateBehavior [ RunTime:0.021000s ]
INFO: [ view_parse ] --END-- [ RunTime:0.021000s ]
INFO: [ view_filter ] --START--
INFO: Run Behavior\WriteHtmlCacheBehavior [ RunTime:0.001000s ]
INFO: [ view_filter ] --END-- [ RunTime:0.002000s ]
INFO: [ app_end ] --START--
INFO: Run Behavior\ShowPageTraceBehavior [ RunTime:0.002000s ]
INFO: [ app_end ] --END-- [ RunTime:0.002000s ]

[ 2017-08-04T10:48:12+08:00 ] 127.0.0.1 /Admin/Fwuser/index.html
INFO: [ app_init ] --START--
INFO: Run Behavior\BuildLiteBehavior [ RunTime:0.000000s ]
INFO: [ app_init ] --END-- [ RunTime:0.001000s ]
INFO: [ app_begin ] --START--
INFO: Run Behavior\ReadHtmlCacheBehavior [ RunTime:0.001000s ]
INFO: [ app_begin ] --END-- [ RunTime:0.002000s ]
NOTIC: [2048] Declaration of Appframe\AdminbaseController::success() should be compatible with Think\Controller::success($message = '', $jumpUrl = '', $ajax = false) E:\WWW\eps\Application\Appframe\AdminbaseController.class.php 第 6 行.
NOTIC: [2048] Declaration of Admin\Controller\FwuserController::show() should be compatible with Think\Controller::show($content, $charset = '', $contentType = '', $prefix = '') E:\WWW\eps\Application\Admin\Controller\FwuserController.class.php 第 8 行.
SQL: SHOW COLUMNS FROM `d_user` [ RunTime:0.0070s ]
SQL: SHOW COLUMNS FROM `d_task` [ RunTime:0.0050s ]
SQL: SHOW COLUMNS FROM `d_reward` [ RunTime:0.0070s ]
SQL: SHOW COLUMNS FROM `d_notification` [ RunTime:0.0060s ]
SQL: SHOW COLUMNS FROM `d_region` [ RunTime:0.0060s ]
SQL: SELECT COUNT(*) AS tp_count FROM `d_user` LIMIT 1   [ RunTime:0.0010s ]
NOTIC: [8] Undefined index: page E:\WWW\eps\ThinkPHP\Library\Com\Util\Page.class.php 第 127 行.
NOTIC: [8] Undefined index: page E:\WWW\eps\ThinkPHP\Library\Com\Util\Page.class.php 第 127 行.
SQL: SELECT * FROM `d_user` WHERE ( 1=1 ) ORDER BY `reg_time` desc LIMIT 0,60   [ RunTime:0.0010s ]
INFO: [ view_parse ] --START--
INFO: [ template_filter ] --START--
INFO: Run Behavior\ContentReplaceBehavior [ RunTime:0.001000s ]
INFO: [ template_filter ] --END-- [ RunTime:0.001000s ]
NOTIC: [8] Undefined index: title E:\WWW\eps\Application\Runtime\Cache\Admin\d1501b46bebf398526dbadbb372c2fc7.php 第 119 行.
INFO: Run Behavior\ParseTemplateBehavior [ RunTime:0.040000s ]
INFO: [ view_parse ] --END-- [ RunTime:0.041000s ]
INFO: [ view_filter ] --START--
INFO: Run Behavior\WriteHtmlCacheBehavior [ RunTime:0.000000s ]
INFO: [ view_filter ] --END-- [ RunTime:0.001000s ]
INFO: [ app_end ] --START--
INFO: Run Behavior\ShowPageTraceBehavior [ RunTime:0.001000s ]
INFO: [ app_end ] --END-- [ RunTime:0.001000s ]

[ 2017-08-04T10:48:24+08:00 ] 127.0.0.1 /Admin/Fwuser/add
INFO: [ app_init ] --START--
INFO: Run Behavior\BuildLiteBehavior [ RunTime:0.000000s ]
INFO: [ app_init ] --END-- [ RunTime:0.001000s ]
INFO: [ app_begin ] --START--
INFO: Run Behavior\ReadHtmlCacheBehavior [ RunTime:0.001000s ]
INFO: [ app_begin ] --END-- [ RunTime:0.002000s ]
NOTIC: [2048] Declaration of Appframe\AdminbaseController::success() should be compatible with Think\Controller::success($message = '', $jumpUrl = '', $ajax = false) E:\WWW\eps\Application\Appframe\AdminbaseController.class.php 第 6 行.
NOTIC: [2048] Declaration of Admin\Controller\FwuserController::show() should be compatible with Think\Controller::show($content, $charset = '', $contentType = '', $prefix = '') E:\WWW\eps\Application\Admin\Controller\FwuserController.class.php 第 8 行.
SQL: SHOW COLUMNS FROM `d_user` [ RunTime:0.0080s ]
SQL: SHOW COLUMNS FROM `d_task` [ RunTime:0.0070s ]
SQL: SHOW COLUMNS FROM `d_reward` [ RunTime:0.0070s ]
SQL: SHOW COLUMNS FROM `d_notification` [ RunTime:0.0080s ]
SQL: SHOW COLUMNS FROM `d_region` [ RunTime:0.0070s ]
SQL: SELECT * FROM `d_region` WHERE `pid` = 1  [ RunTime:0.0020s ]
INFO: [ view_parse ] --START--
INFO: [ template_filter ] --START--
INFO: Run Behavior\ContentReplaceBehavior [ RunTime:0.000000s ]
INFO: [ template_filter ] --END-- [ RunTime:0.002000s ]
INFO: Run Behavior\ParseTemplateBehavior [ RunTime:0.031000s ]
INFO: [ view_parse ] --END-- [ RunTime:0.032000s ]
INFO: [ view_filter ] --START--
INFO: Run Behavior\WriteHtmlCacheBehavior [ RunTime:0.001000s ]
INFO: [ view_filter ] --END-- [ RunTime:0.001000s ]
INFO: [ app_end ] --START--
INFO: Run Behavior\ShowPageTraceBehavior [ RunTime:0.001000s ]
INFO: [ app_end ] --END-- [ RunTime:0.001000s ]

[ 2017-08-04T11:07:57+08:00 ] 127.0.0.1 /Admin/Fwuser/add
INFO: [ app_init ] --START--
INFO: Run Behavior\BuildLiteBehavior [ RunTime:0.000000s ]
INFO: [ app_init ] --END-- [ RunTime:0.001000s ]
INFO: [ app_begin ] --START--
INFO: Run Behavior\ReadHtmlCacheBehavior [ RunTime:0.001000s ]
INFO: [ app_begin ] --END-- [ RunTime:0.001000s ]
NOTIC: [2048] Declaration of Appframe\AdminbaseController::success() should be compatible with Think\Controller::success($message = '', $jumpUrl = '', $ajax = false) E:\WWW\eps\Application\Appframe\AdminbaseController.class.php 第 6 行.
NOTIC: [2048] Declaration of Admin\Controller\FwuserController::show() should be compatible with Think\Controller::show($content, $charset = '', $contentType = '', $prefix = '') E:\WWW\eps\Application\Admin\Controller\FwuserController.class.php 第 8 行.
SQL: SHOW COLUMNS FROM `d_fxuser` [ RunTime:0.0090s ]
SQL: SELECT `id`,`username`,`nickname`,`last_login_time`,`last_login_ip`,`email`,`status` FROM `d_fxuser` WHERE `id` = 1  [ RunTime:0.0010s ]
SQL: SHOW COLUMNS FROM `d_user` [ RunTime:0.0090s ]
SQL: SHOW COLUMNS FROM `d_task` [ RunTime:0.0050s ]
SQL: SHOW COLUMNS FROM `d_reward` [ RunTime:0.0050s ]
SQL: SHOW COLUMNS FROM `d_notification` [ RunTime:0.0050s ]
SQL: SHOW COLUMNS FROM `d_region` [ RunTime:0.0050s ]
SQL: SELECT * FROM `d_region` WHERE `pid` = 1  [ RunTime:0.0010s ]
INFO: [ view_parse ] --START--
INFO: [ template_filter ] --START--
INFO: Run Behavior\ContentReplaceBehavior [ RunTime:0.001000s ]
INFO: [ template_filter ] --END-- [ RunTime:0.001000s ]
INFO: Run Behavior\ParseTemplateBehavior [ RunTime:0.017000s ]
INFO: [ view_parse ] --END-- [ RunTime:0.018000s ]
INFO: [ view_filter ] --START--
INFO: Run Behavior\WriteHtmlCacheBehavior [ RunTime:0.001000s ]
INFO: [ view_filter ] --END-- [ RunTime:0.001000s ]
INFO: [ app_end ] --START--
INFO: Run Behavior\ShowPageTraceBehavior [ RunTime:0.001000s ]
INFO: [ app_end ] --END-- [ RunTime:0.002000s ]

[ 2017-08-04T11:08:00+08:00 ] 127.0.0.1 /Admin/Fwuser/add.html
INFO: [ app_init ] --START--
INFO: Run Behavior\BuildLiteBehavior [ RunTime:0.000000s ]
INFO: [ app_init ] --END-- [ RunTime:0.001000s ]
INFO: [ app_begin ] --START--
INFO: Run Behavior\ReadHtmlCacheBehavior [ RunTime:0.000000s ]
INFO: [ app_begin ] --END-- [ RunTime:0.001000s ]
NOTIC: [2048] Declaration of Appframe\AdminbaseController::success() should be compatible with Think\Controller::success($message = '', $jumpUrl = '', $ajax = false) E:\WWW\eps\Application\Appframe\AdminbaseController.class.php 第 6 行.
NOTIC: [2048] Declaration of Admin\Controller\FwuserController::show() should be compatible with Think\Controller::show($content, $charset = '', $contentType = '', $prefix = '') E:\WWW\eps\Application\Admin\Controller\FwuserController.class.php 第 8 行.
SQL: SHOW COLUMNS FROM `d_user` [ RunTime:0.0090s ]
SQL: SHOW COLUMNS FROM `d_task` [ RunTime:0.0070s ]
SQL: SHOW COLUMNS FROM `d_reward` [ RunTime:0.0070s ]
SQL: SHOW COLUMNS FROM `d_notification` [ RunTime:0.0070s ]
SQL: SHOW COLUMNS FROM `d_region` [ RunTime:0.0070s ]
SQL: SELECT `name` FROM `d_region` WHERE `id` = 0 LIMIT 1   [ RunTime:0.0000s ]
SQL: SELECT `name` FROM `d_region` WHERE `id` = 0 LIMIT 1   [ RunTime:0.0000s ]
SQL: SELECT `name` FROM `d_region` WHERE `id` = 0 LIMIT 1   [ RunTime:0.0000s ]

[ 2017-08-04T11:08:52+08:00 ] 127.0.0.1 /Admin/Fwuser/index
INFO: [ app_init ] --START--
INFO: Run Behavior\BuildLiteBehavior [ RunTime:0.000000s ]
INFO: [ app_init ] --END-- [ RunTime:0.001000s ]
INFO: [ app_begin ] --START--
INFO: Run Behavior\ReadHtmlCacheBehavior [ RunTime:0.001000s ]
INFO: [ app_begin ] --END-- [ RunTime:0.001000s ]
NOTIC: [2048] Declaration of Appframe\AdminbaseController::success() should be compatible with Think\Controller::success($message = '', $jumpUrl = '', $ajax = false) E:\WWW\eps\Application\Appframe\AdminbaseController.class.php 第 6 行.
NOTIC: [2048] Declaration of Admin\Controller\FwuserController::show() should be compatible with Think\Controller::show($content, $charset = '', $contentType = '', $prefix = '') E:\WWW\eps\Application\Admin\Controller\FwuserController.class.php 第 8 行.
SQL: SHOW COLUMNS FROM `d_user` [ RunTime:0.0100s ]
SQL: SHOW COLUMNS FROM `d_task` [ RunTime:0.0080s ]
SQL: SHOW COLUMNS FROM `d_reward` [ RunTime:0.0080s ]
SQL: SHOW COLUMNS FROM `d_notification` [ RunTime:0.0060s ]
SQL: SHOW COLUMNS FROM `d_region` [ RunTime:0.0040s ]
SQL: SELECT COUNT(*) AS tp_count FROM `d_user` LIMIT 1   [ RunTime:0.0000s ]
NOTIC: [8] Undefined index: page E:\WWW\eps\ThinkPHP\Library\Com\Util\Page.class.php 第 127 行.
NOTIC: [8] Undefined index: page E:\WWW\eps\ThinkPHP\Library\Com\Util\Page.class.php 第 127 行.
SQL: SELECT * FROM `d_user` WHERE ( 1=1 ) ORDER BY `reg_time` desc LIMIT 0,60   [ RunTime:0.0010s ]
INFO: [ view_parse ] --START--
INFO: [ template_filter ] --START--
INFO: Run Behavior\ContentReplaceBehavior [ RunTime:0.001000s ]
INFO: [ template_filter ] --END-- [ RunTime:0.001000s ]
NOTIC: [8] Undefined index: title E:\WWW\eps\Application\Runtime\Cache\Admin\d1501b46bebf398526dbadbb372c2fc7.php 第 119 行.
INFO: Run Behavior\ParseTemplateBehavior [ RunTime:0.031000s ]
INFO: [ view_parse ] --END-- [ RunTime:0.031000s ]
INFO: [ view_filter ] --START--
INFO: Run Behavior\WriteHtmlCacheBehavior [ RunTime:0.000000s ]
INFO: [ view_filter ] --END-- [ RunTime:0.001000s ]
INFO: [ app_end ] --START--
INFO: Run Behavior\ShowPageTraceBehavior [ RunTime:0.000000s ]
INFO: [ app_end ] --END-- [ RunTime:0.000000s ]

[ 2017-08-04T11:31:47+08:00 ] 127.0.0.1 /Admin/Fwuser/add
INFO: [ app_init ] --START--
INFO: Run Behavior\BuildLiteBehavior [ RunTime:0.000000s ]
INFO: [ app_init ] --END-- [ RunTime:0.001000s ]
INFO: [ app_begin ] --START--
INFO: Run Behavior\ReadHtmlCacheBehavior [ RunTime:0.001000s ]
INFO: [ app_begin ] --END-- [ RunTime:0.002000s ]
NOTIC: [2048] Declaration of Appframe\AdminbaseController::success() should be compatible with Think\Controller::success($message = '', $jumpUrl = '', $ajax = false) E:\WWW\eps\Application\Appframe\AdminbaseController.class.php 第 6 行.
NOTIC: [2048] Declaration of Admin\Controller\FwuserController::show() should be compatible with Think\Controller::show($content, $charset = '', $contentType = '', $prefix = '') E:\WWW\eps\Application\Admin\Controller\FwuserController.class.php 第 8 行.
SQL: SHOW COLUMNS FROM `d_fxuser` [ RunTime:0.0120s ]
SQL: SELECT `id`,`username`,`nickname`,`last_login_time`,`last_login_ip`,`email`,`status` FROM `d_fxuser` WHERE `id` = 1  [ RunTime:0.0010s ]
SQL: SHOW COLUMNS FROM `d_user` [ RunTime:0.0100s ]
SQL: SHOW COLUMNS FROM `d_task` [ RunTime:0.0090s ]
SQL: SHOW COLUMNS FROM `d_reward` [ RunTime:0.0050s ]
SQL: SHOW COLUMNS FROM `d_notification` [ RunTime:0.0050s ]
SQL: SHOW COLUMNS FROM `d_region` [ RunTime:0.0050s ]
SQL: SELECT * FROM `d_region` WHERE `pid` = 1  [ RunTime:0.0010s ]
INFO: [ view_parse ] --START--
INFO: [ template_filter ] --START--
INFO: Run Behavior\ContentReplaceBehavior [ RunTime:0.000000s ]
INFO: [ template_filter ] --END-- [ RunTime:0.000000s ]
INFO: Run Behavior\ParseTemplateBehavior [ RunTime:0.018000s ]
INFO: [ view_parse ] --END-- [ RunTime:0.018000s ]
INFO: [ view_filter ] --START--
INFO: Run Behavior\WriteHtmlCacheBehavior [ RunTime:0.000000s ]
INFO: [ view_filter ] --END-- [ RunTime:0.002000s ]
INFO: [ app_end ] --START--
INFO: Run Behavior\ShowPageTraceBehavior [ RunTime:0.001000s ]
INFO: [ app_end ] --END-- [ RunTime:0.002000s ]

[ 2017-08-04T11:31:50+08:00 ] 127.0.0.1 /Admin/Fwuser/add.html
INFO: [ app_init ] --START--
INFO: Run Behavior\BuildLiteBehavior [ RunTime:0.000000s ]
INFO: [ app_init ] --END-- [ RunTime:0.002000s ]
INFO: [ app_begin ] --START--
INFO: Run Behavior\ReadHtmlCacheBehavior [ RunTime:0.001000s ]
INFO: [ app_begin ] --END-- [ RunTime:0.001000s ]
NOTIC: [2048] Declaration of Appframe\AdminbaseController::success() should be compatible with Think\Controller::success($message = '', $jumpUrl = '', $ajax = false) E:\WWW\eps\Application\Appframe\AdminbaseController.class.php 第 6 行.
NOTIC: [2048] Declaration of Admin\Controller\FwuserController::show() should be compatible with Think\Controller::show($content, $charset = '', $contentType = '', $prefix = '') E:\WWW\eps\Application\Admin\Controller\FwuserController.class.php 第 8 行.
SQL: SHOW COLUMNS FROM `d_user` [ RunTime:0.0110s ]
SQL: SHOW COLUMNS FROM `d_task` [ RunTime:0.0100s ]
SQL: SHOW COLUMNS FROM `d_reward` [ RunTime:0.0090s ]
SQL: SHOW COLUMNS FROM `d_notification` [ RunTime:0.0060s ]
SQL: SHOW COLUMNS FROM `d_region` [ RunTime:0.0060s ]
SQL: SELECT `name` FROM `d_region` WHERE `id` = 0 LIMIT 1   [ RunTime:0.0010s ]
SQL: SELECT `name` FROM `d_region` WHERE `id` = 0 LIMIT 1   [ RunTime:0.0000s ]
SQL: SELECT `name` FROM `d_region` WHERE `id` = 0 LIMIT 1   [ RunTime:0.0000s ]

[ 2017-08-04T11:36:48+08:00 ] 127.0.0.1 /Admin/Fwuser/add
INFO: [ app_init ] --START--
INFO: Run Behavior\BuildLiteBehavior [ RunTime:0.000000s ]
INFO: [ app_init ] --END-- [ RunTime:0.001000s ]
INFO: [ app_begin ] --START--
INFO: Run Behavior\ReadHtmlCacheBehavior [ RunTime:0.000000s ]
INFO: [ app_begin ] --END-- [ RunTime:0.000000s ]
NOTIC: [2048] Declaration of Appframe\AdminbaseController::success() should be compatible with Think\Controller::success($message = '', $jumpUrl = '', $ajax = false) E:\WWW\eps\Application\Appframe\AdminbaseController.class.php 第 6 行.
NOTIC: [2048] Declaration of Admin\Controller\FwuserController::show() should be compatible with Think\Controller::show($content, $charset = '', $contentType = '', $prefix = '') E:\WWW\eps\Application\Admin\Controller\FwuserController.class.php 第 8 行.
SQL: SHOW COLUMNS FROM `d_fxuser` [ RunTime:0.0070s ]
SQL: SELECT `id`,`username`,`nickname`,`last_login_time`,`last_login_ip`,`email`,`status` FROM `d_fxuser` WHERE `id` = 1  [ RunTime:0.0010s ]
SQL: SHOW COLUMNS FROM `d_user` [ RunTime:0.0070s ]
SQL: SHOW COLUMNS FROM `d_task` [ RunTime:0.0060s ]
SQL: SHOW COLUMNS FROM `d_reward` [ RunTime:0.0060s ]
SQL: SHOW COLUMNS FROM `d_notification` [ RunTime:0.0060s ]
SQL: SHOW COLUMNS FROM `d_region` [ RunTime:0.0060s ]
SQL: SELECT * FROM `d_region` WHERE `pid` = 1  [ RunTime:0.0020s ]
INFO: [ view_parse ] --START--
INFO: [ template_filter ] --START--
INFO: Run Behavior\ContentReplaceBehavior [ RunTime:0.001000s ]
INFO: [ template_filter ] --END-- [ RunTime:0.001000s ]
INFO: Run Behavior\ParseTemplateBehavior [ RunTime:0.023000s ]
INFO: [ view_parse ] --END-- [ RunTime:0.023000s ]
INFO: [ view_filter ] --START--
INFO: Run Behavior\WriteHtmlCacheBehavior [ RunTime:0.002000s ]
INFO: [ view_filter ] --END-- [ RunTime:0.002000s ]
INFO: [ app_end ] --START--
INFO: Run Behavior\ShowPageTraceBehavior [ RunTime:0.001000s ]
INFO: [ app_end ] --END-- [ RunTime:0.002000s ]

[ 2017-08-04T11:36:51+08:00 ] 127.0.0.1 /index.php?m=Admin&c=Fwuser&a=add
INFO: [ app_init ] --START--
INFO: Run Behavior\BuildLiteBehavior [ RunTime:0.001000s ]
INFO: [ app_init ] --END-- [ RunTime:0.001000s ]
INFO: [ app_begin ] --START--
INFO: Run Behavior\ReadHtmlCacheBehavior [ RunTime:0.001000s ]
INFO: [ app_begin ] --END-- [ RunTime:0.002000s ]
NOTIC: [2048] Declaration of Appframe\AdminbaseController::success() should be compatible with Think\Controller::success($message = '', $jumpUrl = '', $ajax = false) E:\WWW\eps\Application\Appframe\AdminbaseController.class.php 第 6 行.
NOTIC: [2048] Declaration of Admin\Controller\FwuserController::show() should be compatible with Think\Controller::show($content, $charset = '', $contentType = '', $prefix = '') E:\WWW\eps\Application\Admin\Controller\FwuserController.class.php 第 8 行.
SQL: SHOW COLUMNS FROM `d_user` [ RunTime:0.0100s ]
SQL: SHOW COLUMNS FROM `d_task` [ RunTime:0.0050s ]
SQL: SHOW COLUMNS FROM `d_reward` [ RunTime:0.0040s ]
SQL: SHOW COLUMNS FROM `d_notification` [ RunTime:0.0050s ]
SQL: SHOW COLUMNS FROM `d_region` [ RunTime:0.0040s ]
SQL: SELECT `name` FROM `d_region` WHERE `id` = 0 LIMIT 1   [ RunTime:0.0010s ]
SQL: SELECT `name` FROM `d_region` WHERE `id` = 0 LIMIT 1   [ RunTime:0.0000s ]
SQL: SELECT `name` FROM `d_region` WHERE `id` = 0 LIMIT 1   [ RunTime:0.0010s ]
ERR: SQLSTATE[23000]: Integrity constraint violation: 1062 Duplicate entry '11111111111' for key 'mobile'
NOTIC: [2] Cannot modify header information - headers already sent by (output started at E:\WWW\eps\ThinkPHP\Library\Think\Db\Driver.class.php:217) E:\WWW\eps\ThinkPHP\Library\Think\Think.class.php 第 229 行.
NOTIC: [2] Cannot modify header information - headers already sent by (output started at E:\WWW\eps\ThinkPHP\Library\Think\Db\Driver.class.php:217) E:\WWW\eps\ThinkPHP\Library\Think\Think.class.php 第 230 行.

[ 2017-08-04T11:37:09+08:00 ] 127.0.0.1 /Admin/Fwuser/add
INFO: [ app_init ] --START--
INFO: Run Behavior\BuildLiteBehavior [ RunTime:0.000000s ]
INFO: [ app_init ] --END-- [ RunTime:0.000000s ]
INFO: [ app_begin ] --START--
INFO: Run Behavior\ReadHtmlCacheBehavior [ RunTime:0.000000s ]
INFO: [ app_begin ] --END-- [ RunTime:0.001000s ]
NOTIC: [2048] Declaration of Appframe\AdminbaseController::success() should be compatible with Think\Controller::success($message = '', $jumpUrl = '', $ajax = false) E:\WWW\eps\Application\Appframe\AdminbaseController.class.php 第 6 行.
NOTIC: [2048] Declaration of Admin\Controller\FwuserController::show() should be compatible with Think\Controller::show($content, $charset = '', $contentType = '', $prefix = '') E:\WWW\eps\Application\Admin\Controller\FwuserController.class.php 第 8 行.
SQL: SHOW COLUMNS FROM `d_user` [ RunTime:0.0080s ]
SQL: SHOW COLUMNS FROM `d_task` [ RunTime:0.0060s ]
SQL: SHOW COLUMNS FROM `d_reward` [ RunTime:0.0060s ]
SQL: SHOW COLUMNS FROM `d_notification` [ RunTime:0.0060s ]
SQL: SHOW COLUMNS FROM `d_region` [ RunTime:0.0040s ]
SQL: SELECT * FROM `d_region` WHERE `pid` = 1  [ RunTime:0.0010s ]
INFO: [ view_parse ] --START--
INFO: [ template_filter ] --START--
INFO: Run Behavior\ContentReplaceBehavior [ RunTime:0.000000s ]
INFO: [ template_filter ] --END-- [ RunTime:0.001000s ]
INFO: Run Behavior\ParseTemplateBehavior [ RunTime:0.013000s ]
INFO: [ view_parse ] --END-- [ RunTime:0.013000s ]
INFO: [ view_filter ] --START--
INFO: Run Behavior\WriteHtmlCacheBehavior [ RunTime:0.001000s ]
INFO: [ view_filter ] --END-- [ RunTime:0.001000s ]
INFO: [ app_end ] --START--
INFO: Run Behavior\ShowPageTraceBehavior [ RunTime:0.000000s ]
INFO: [ app_end ] --END-- [ RunTime:0.002000s ]

[ 2017-08-04T11:37:12+08:00 ] 127.0.0.1 /index.php?m=Admin&c=Fwuser&a=add
INFO: [ app_init ] --START--
INFO: Run Behavior\BuildLiteBehavior [ RunTime:0.000000s ]
INFO: [ app_init ] --END-- [ RunTime:0.002000s ]
INFO: [ app_begin ] --START--
INFO: Run Behavior\ReadHtmlCacheBehavior [ RunTime:0.001000s ]
INFO: [ app_begin ] --END-- [ RunTime:0.001000s ]
NOTIC: [2048] Declaration of Appframe\AdminbaseController::success() should be compatible with Think\Controller::success($message = '', $jumpUrl = '', $ajax = false) E:\WWW\eps\Application\Appframe\AdminbaseController.class.php 第 6 行.
NOTIC: [2048] Declaration of Admin\Controller\FwuserController::show() should be compatible with Think\Controller::show($content, $charset = '', $contentType = '', $prefix = '') E:\WWW\eps\Application\Admin\Controller\FwuserController.class.php 第 8 行.
SQL: SHOW COLUMNS FROM `d_user` [ RunTime:0.0100s ]
SQL: SHOW COLUMNS FROM `d_task` [ RunTime:0.0070s ]
SQL: SHOW COLUMNS FROM `d_reward` [ RunTime:0.0080s ]
SQL: SHOW COLUMNS FROM `d_notification` [ RunTime:0.0080s ]
SQL: SHOW COLUMNS FROM `d_region` [ RunTime:0.0080s ]
SQL: SELECT `name` FROM `d_region` WHERE `id` = 0 LIMIT 1   [ RunTime:0.0010s ]
SQL: SELECT `name` FROM `d_region` WHERE `id` = 0 LIMIT 1   [ RunTime:0.0010s ]
SQL: SELECT `name` FROM `d_region` WHERE `id` = 0 LIMIT 1   [ RunTime:0.0000s ]
ERR: SQLSTATE[23000]: Integrity constraint violation: 1062 Duplicate entry '11111111111' for key 'mobile'
NOTIC: [2] Cannot modify header information - headers already sent by (output started at E:\WWW\eps\ThinkPHP\Library\Think\Db\Driver.class.php:217) E:\WWW\eps\ThinkPHP\Library\Think\Think.class.php 第 229 行.
NOTIC: [2] Cannot modify header information - headers already sent by (output started at E:\WWW\eps\ThinkPHP\Library\Think\Db\Driver.class.php:217) E:\WWW\eps\ThinkPHP\Library\Think\Think.class.php 第 230 行.

