[ 2017-11-06T17:15:09+08:00 ] 127.0.0.1 /Admin/Index/index.html
INFO: [ app_init ] --START--
INFO: Run Behavior\BuildLiteBehavior [ RunTime:0.000000s ]
INFO: [ app_init ] --END-- [ RunTime:0.001000s ]
INFO: [ app_begin ] --START--
INFO: Run Behavior\ReadHtmlCacheBehavior [ RunTime:0.001000s ]
INFO: [ app_begin ] --END-- [ RunTime:0.001000s ]
NOTIC: [2048] Declaration of Appframe\AdminbaseController::success() should be compatible with that of Think\Controller::success() E:\WWW\eps\Application\Appframe\AdminbaseController.class.php 第 6 行.
SQL: SHOW COLUMNS FROM `d_fxuser` [ RunTime:0.0040s ]
SQL: SELECT `id`,`username`,`nickname`,`last_login_time`,`last_login_ip`,`email`,`status` FROM `d_fxuser` WHERE `id` = 1  [ RunTime:0.0000s ]
SQL: SHOW COLUMNS FROM `d_fxmenu` [ RunTime:0.0030s ]
SQL: SELECT * FROM `d_fxmenu` WHERE `parentid` = 0 AND `status` = 1 ORDER BY listorder asc  [ RunTime:0.0010s ]
SQL: SELECT * FROM `d_fxmenu` WHERE `parentid` = 36 AND `status` = 1 ORDER BY listorder asc  [ RunTime:0.0000s ]
SQL: SELECT * FROM `d_fxmenu` WHERE `parentid` = 38 AND `status` = 1 ORDER BY listorder asc  [ RunTime:0.0000s ]
NOTIC: [8] Undefined variable: data E:\WWW\eps\Application\Admin\Model\FxmenuModel.class.php 第 83 行.
SQL: SELECT * FROM `d_fxmenu` WHERE `parentid` = 8 AND `status` = 1 ORDER BY listorder asc  [ RunTime:0.0000s ]
SQL: SELECT * FROM `d_fxmenu` WHERE `parentid` = 33 AND `status` = 1 ORDER BY listorder asc  [ RunTime:0.0010s ]
NOTIC: [8] Undefined variable: data E:\WWW\eps\Application\Admin\Model\FxmenuModel.class.php 第 83 行.
SQL: SELECT * FROM `d_fxmenu` WHERE `parentid` = 10 AND `status` = 1 ORDER BY listorder asc  [ RunTime:0.0010s ]
NOTIC: [8] Undefined variable: data E:\WWW\eps\Application\Admin\Model\FxmenuModel.class.php 第 83 行.
SQL: SELECT * FROM `d_fxmenu` WHERE `parentid` = 39 AND `status` = 1 ORDER BY listorder asc  [ RunTime:0.0000s ]
SQL: SELECT * FROM `d_fxmenu` WHERE `parentid` = 40 AND `status` = 1 ORDER BY listorder asc  [ RunTime:0.0010s ]
NOTIC: [8] Undefined variable: data E:\WWW\eps\Application\Admin\Model\FxmenuModel.class.php 第 83 行.
SQL: SELECT * FROM `d_fxmenu` WHERE `parentid` = 41 AND `status` = 1 ORDER BY listorder asc  [ RunTime:0.0000s ]
NOTIC: [8] Undefined variable: data E:\WWW\eps\Application\Admin\Model\FxmenuModel.class.php 第 83 行.
SQL: SELECT * FROM `d_fxmenu` WHERE `parentid` = 340 AND `status` = 1 ORDER BY listorder asc  [ RunTime:0.0010s ]
NOTIC: [8] Undefined variable: data E:\WWW\eps\Application\Admin\Model\FxmenuModel.class.php 第 83 行.
SQL: SELECT * FROM `d_fxmenu` WHERE `parentid` = 44 AND `status` = 1 ORDER BY listorder asc  [ RunTime:0.0000s ]
SQL: SELECT * FROM `d_fxmenu` WHERE `parentid` = 325 AND `status` = 1 ORDER BY listorder asc  [ RunTime:0.0010s ]
NOTIC: [8] Undefined variable: data E:\WWW\eps\Application\Admin\Model\FxmenuModel.class.php 第 83 行.
SQL: SELECT * FROM `d_fxmenu` WHERE `parentid` = 45 AND `status` = 1 ORDER BY listorder asc  [ RunTime:0.0000s ]
NOTIC: [8] Undefined variable: data E:\WWW\eps\Application\Admin\Model\FxmenuModel.class.php 第 83 行.
SQL: SELECT * FROM `d_fxmenu` WHERE `parentid` = 329 AND `status` = 1 ORDER BY listorder asc  [ RunTime:0.0010s ]
SQL: SELECT * FROM `d_fxmenu` WHERE `parentid` = 336 AND `status` = 1 ORDER BY listorder asc  [ RunTime:0.0000s ]
NOTIC: [8] Undefined variable: data E:\WWW\eps\Application\Admin\Model\FxmenuModel.class.php 第 83 行.
SQL: SELECT * FROM `d_fxmenu` WHERE `parentid` = 337 AND `status` = 1 ORDER BY listorder asc  [ RunTime:0.0010s ]
NOTIC: [8] Undefined variable: data E:\WWW\eps\Application\Admin\Model\FxmenuModel.class.php 第 83 行.
SQL: SELECT * FROM `d_fxmenu` WHERE `parentid` = 364 AND `status` = 1 ORDER BY listorder asc  [ RunTime:0.0000s ]
NOTIC: [8] Undefined variable: data E:\WWW\eps\Application\Admin\Model\FxmenuModel.class.php 第 83 行.
SQL: SELECT * FROM `d_fxmenu` WHERE `parentid` = 331 AND `status` = 1 ORDER BY listorder asc  [ RunTime:0.0000s ]
SQL: SELECT * FROM `d_fxmenu` WHERE `parentid` = 332 AND `status` = 1 ORDER BY listorder asc  [ RunTime:0.0000s ]
NOTIC: [8] Undefined variable: data E:\WWW\eps\Application\Admin\Model\FxmenuModel.class.php 第 83 行.
SQL: SELECT * FROM `d_fxmenu` WHERE `parentid` = 333 AND `status` = 1 ORDER BY listorder asc  [ RunTime:0.0000s ]
NOTIC: [8] Undefined variable: data E:\WWW\eps\Application\Admin\Model\FxmenuModel.class.php 第 83 行.
SQL: SELECT * FROM `d_fxmenu` WHERE `parentid` = 338 AND `status` = 1 ORDER BY listorder asc  [ RunTime:0.0000s ]
NOTIC: [8] Undefined variable: data E:\WWW\eps\Application\Admin\Model\FxmenuModel.class.php 第 83 行.
SQL: SELECT * FROM `d_fxmenu` WHERE `parentid` = 365 AND `status` = 1 ORDER BY listorder asc  [ RunTime:0.0000s ]
NOTIC: [8] Undefined variable: data E:\WWW\eps\Application\Admin\Model\FxmenuModel.class.php 第 83 行.
SQL: SELECT * FROM `d_fxmenu` WHERE `parentid` = 366 AND `status` = 1 ORDER BY listorder asc  [ RunTime:0.0000s ]
SQL: SELECT * FROM `d_fxmenu` WHERE `parentid` = 367 AND `status` = 1 ORDER BY listorder asc  [ RunTime:0.0000s ]
NOTIC: [8] Undefined variable: data E:\WWW\eps\Application\Admin\Model\FxmenuModel.class.php 第 83 行.
SQL: SELECT * FROM `d_fxmenu` WHERE `parentid` = 368 AND `status` = 1 ORDER BY listorder asc  [ RunTime:0.0000s ]
NOTIC: [8] Undefined variable: data E:\WWW\eps\Application\Admin\Model\FxmenuModel.class.php 第 83 行.
SQL: SELECT * FROM `d_fxmenu` WHERE `parentid` = 380 AND `status` = 1 ORDER BY listorder asc  [ RunTime:0.0000s ]
SQL: SELECT * FROM `d_fxmenu` WHERE `parentid` = 381 AND `status` = 1 ORDER BY listorder asc  [ RunTime:0.0000s ]
NOTIC: [8] Undefined variable: data E:\WWW\eps\Application\Admin\Model\FxmenuModel.class.php 第 83 行.
SQL: SELECT * FROM `d_fxmenu` WHERE `parentid` = 386 AND `status` = 1 ORDER BY listorder asc  [ RunTime:0.0010s ]
SQL: SELECT * FROM `d_fxmenu` WHERE `parentid` = 387 AND `status` = 1 ORDER BY listorder asc  [ RunTime:0.0010s ]
NOTIC: [8] Undefined variable: data E:\WWW\eps\Application\Admin\Model\FxmenuModel.class.php 第 83 行.
SQL: SELECT * FROM `d_fxmenu` WHERE `parentid` = 388 AND `status` = 1 ORDER BY listorder asc  [ RunTime:0.0000s ]
NOTIC: [8] Undefined variable: data E:\WWW\eps\Application\Admin\Model\FxmenuModel.class.php 第 83 行.
SQL: SELECT * FROM `d_fxmenu` WHERE `parentid` = 390 AND `status` = 1 ORDER BY listorder asc  [ RunTime:0.0010s ]
NOTIC: [8] Undefined variable: data E:\WWW\eps\Application\Admin\Model\FxmenuModel.class.php 第 83 行.
SQL: SELECT * FROM `d_fxmenu` WHERE `parentid` = 371 AND `status` = 1 ORDER BY listorder asc  [ RunTime:0.0000s ]
NOTIC: [8] Undefined variable: data E:\WWW\eps\Application\Admin\Model\FxmenuModel.class.php 第 83 行.
SQL: SELECT * FROM `d_fxmenu` WHERE `parentid` = 335 AND `status` = 1 ORDER BY listorder asc  [ RunTime:0.0010s ]
NOTIC: [8] Undefined variable: data E:\WWW\eps\Application\Admin\Model\FxmenuModel.class.php 第 83 行.
SQL: SHOW COLUMNS FROM `d_fxadmin_panel` [ RunTime:0.0030s ]
SQL: SELECT * FROM `d_fxadmin_panel` WHERE `userid` = 1  [ RunTime:0.0000s ]
INFO: [ view_parse ] --START--
INFO: [ template_filter ] --START--
INFO: Run Behavior\ContentReplaceBehavior [ RunTime:0.000000s ]
INFO: [ template_filter ] --END-- [ RunTime:0.000000s ]
NOTIC: [8] Undefined variable: admin E:\WWW\eps\Application\Runtime\Cache\Admin\836688c1f1d849de38afaba03368efc4.php 第 133 行.
NOTIC: [8] Use of undefined constant user_login - assumed 'user_login' E:\WWW\eps\Application\Runtime\Cache\Admin\836688c1f1d849de38afaba03368efc4.php 第 135 行.
NOTIC: [8] Undefined variable: admin E:\WWW\eps\Application\Runtime\Cache\Admin\836688c1f1d849de38afaba03368efc4.php 第 135 行.
NOTIC: [8] Use of undefined constant icon - assumed 'icon' E:\WWW\eps\Application\Runtime\Cache\Admin\836688c1f1d849de38afaba03368efc4.php 第 43 行.
NOTIC: [8] Use of undefined constant lower - assumed 'lower' E:\WWW\eps\Application\Runtime\Cache\Admin\836688c1f1d849de38afaba03368efc4.php 第 45 行.
NOTIC: [8] Use of undefined constant lower - assumed 'lower' E:\WWW\eps\Application\Runtime\Cache\Admin\836688c1f1d849de38afaba03368efc4.php 第 61 行.
NOTIC: [8] Use of undefined constant lower - assumed 'lower' E:\WWW\eps\Application\Runtime\Cache\Admin\836688c1f1d849de38afaba03368efc4.php 第 73 行.
NOTIC: [8] Use of undefined constant icon - assumed 'icon' E:\WWW\eps\Application\Runtime\Cache\Admin\836688c1f1d849de38afaba03368efc4.php 第 43 行.
NOTIC: [8] Use of undefined constant lower - assumed 'lower' E:\WWW\eps\Application\Runtime\Cache\Admin\836688c1f1d849de38afaba03368efc4.php 第 45 行.
NOTIC: [8] Use of undefined constant lower - assumed 'lower' E:\WWW\eps\Application\Runtime\Cache\Admin\836688c1f1d849de38afaba03368efc4.php 第 61 行.
NOTIC: [8] Use of undefined constant lower - assumed 'lower' E:\WWW\eps\Application\Runtime\Cache\Admin\836688c1f1d849de38afaba03368efc4.php 第 73 行.
NOTIC: [8] Use of undefined constant lower - assumed 'lower' E:\WWW\eps\Application\Runtime\Cache\Admin\836688c1f1d849de38afaba03368efc4.php 第 73 行.
NOTIC: [8] Use of undefined constant icon - assumed 'icon' E:\WWW\eps\Application\Runtime\Cache\Admin\836688c1f1d849de38afaba03368efc4.php 第 43 行.
NOTIC: [8] Use of undefined constant lower - assumed 'lower' E:\WWW\eps\Application\Runtime\Cache\Admin\836688c1f1d849de38afaba03368efc4.php 第 45 行.
NOTIC: [8] Use of undefined constant lower - assumed 'lower' E:\WWW\eps\Application\Runtime\Cache\Admin\836688c1f1d849de38afaba03368efc4.php 第 61 行.
NOTIC: [8] Use of undefined constant lower - assumed 'lower' E:\WWW\eps\Application\Runtime\Cache\Admin\836688c1f1d849de38afaba03368efc4.php 第 73 行.
NOTIC: [8] Use of undefined constant lower - assumed 'lower' E:\WWW\eps\Application\Runtime\Cache\Admin\836688c1f1d849de38afaba03368efc4.php 第 73 行.
NOTIC: [8] Use of undefined constant lower - assumed 'lower' E:\WWW\eps\Application\Runtime\Cache\Admin\836688c1f1d849de38afaba03368efc4.php 第 73 行.
NOTIC: [8] Use of undefined constant icon - assumed 'icon' E:\WWW\eps\Application\Runtime\Cache\Admin\836688c1f1d849de38afaba03368efc4.php 第 43 行.
NOTIC: [8] Use of undefined constant lower - assumed 'lower' E:\WWW\eps\Application\Runtime\Cache\Admin\836688c1f1d849de38afaba03368efc4.php 第 45 行.
NOTIC: [8] Use of undefined constant lower - assumed 'lower' E:\WWW\eps\Application\Runtime\Cache\Admin\836688c1f1d849de38afaba03368efc4.php 第 61 行.
NOTIC: [8] Use of undefined constant lower - assumed 'lower' E:\WWW\eps\Application\Runtime\Cache\Admin\836688c1f1d849de38afaba03368efc4.php 第 73 行.
NOTIC: [8] Use of undefined constant lower - assumed 'lower' E:\WWW\eps\Application\Runtime\Cache\Admin\836688c1f1d849de38afaba03368efc4.php 第 73 行.
NOTIC: [8] Use of undefined constant icon - assumed 'icon' E:\WWW\eps\Application\Runtime\Cache\Admin\836688c1f1d849de38afaba03368efc4.php 第 43 行.
NOTIC: [8] Use of undefined constant lower - assumed 'lower' E:\WWW\eps\Application\Runtime\Cache\Admin\836688c1f1d849de38afaba03368efc4.php 第 45 行.
NOTIC: [8] Use of undefined constant lower - assumed 'lower' E:\WWW\eps\Application\Runtime\Cache\Admin\836688c1f1d849de38afaba03368efc4.php 第 61 行.
NOTIC: [8] Use of undefined constant lower - assumed 'lower' E:\WWW\eps\Application\Runtime\Cache\Admin\836688c1f1d849de38afaba03368efc4.php 第 73 行.
NOTIC: [8] Use of undefined constant lower - assumed 'lower' E:\WWW\eps\Application\Runtime\Cache\Admin\836688c1f1d849de38afaba03368efc4.php 第 73 行.
NOTIC: [8] Use of undefined constant lower - assumed 'lower' E:\WWW\eps\Application\Runtime\Cache\Admin\836688c1f1d849de38afaba03368efc4.php 第 73 行.
NOTIC: [8] Use of undefined constant icon - assumed 'icon' E:\WWW\eps\Application\Runtime\Cache\Admin\836688c1f1d849de38afaba03368efc4.php 第 43 行.
NOTIC: [8] Use of undefined constant lower - assumed 'lower' E:\WWW\eps\Application\Runtime\Cache\Admin\836688c1f1d849de38afaba03368efc4.php 第 45 行.
NOTIC: [8] Use of undefined constant lower - assumed 'lower' E:\WWW\eps\Application\Runtime\Cache\Admin\836688c1f1d849de38afaba03368efc4.php 第 61 行.
NOTIC: [8] Use of undefined constant lower - assumed 'lower' E:\WWW\eps\Application\Runtime\Cache\Admin\836688c1f1d849de38afaba03368efc4.php 第 73 行.
NOTIC: [8] Use of undefined constant lower - assumed 'lower' E:\WWW\eps\Application\Runtime\Cache\Admin\836688c1f1d849de38afaba03368efc4.php 第 73 行.
NOTIC: [8] Use of undefined constant lower - assumed 'lower' E:\WWW\eps\Application\Runtime\Cache\Admin\836688c1f1d849de38afaba03368efc4.php 第 73 行.
NOTIC: [8] Use of undefined constant lower - assumed 'lower' E:\WWW\eps\Application\Runtime\Cache\Admin\836688c1f1d849de38afaba03368efc4.php 第 73 行.
NOTIC: [8] Use of undefined constant icon - assumed 'icon' E:\WWW\eps\Application\Runtime\Cache\Admin\836688c1f1d849de38afaba03368efc4.php 第 43 行.
NOTIC: [8] Use of undefined constant lower - assumed 'lower' E:\WWW\eps\Application\Runtime\Cache\Admin\836688c1f1d849de38afaba03368efc4.php 第 45 行.
NOTIC: [8] Use of undefined constant lower - assumed 'lower' E:\WWW\eps\Application\Runtime\Cache\Admin\836688c1f1d849de38afaba03368efc4.php 第 61 行.
NOTIC: [8] Use of undefined constant lower - assumed 'lower' E:\WWW\eps\Application\Runtime\Cache\Admin\836688c1f1d849de38afaba03368efc4.php 第 73 行.
NOTIC: [8] Use of undefined constant lower - assumed 'lower' E:\WWW\eps\Application\Runtime\Cache\Admin\836688c1f1d849de38afaba03368efc4.php 第 73 行.
NOTIC: [8] Use of undefined constant icon - assumed 'icon' E:\WWW\eps\Application\Runtime\Cache\Admin\836688c1f1d849de38afaba03368efc4.php 第 43 行.
NOTIC: [8] Use of undefined constant lower - assumed 'lower' E:\WWW\eps\Application\Runtime\Cache\Admin\836688c1f1d849de38afaba03368efc4.php 第 45 行.
NOTIC: [8] Use of undefined constant lower - assumed 'lower' E:\WWW\eps\Application\Runtime\Cache\Admin\836688c1f1d849de38afaba03368efc4.php 第 61 行.
NOTIC: [8] Use of undefined constant lower - assumed 'lower' E:\WWW\eps\Application\Runtime\Cache\Admin\836688c1f1d849de38afaba03368efc4.php 第 73 行.
NOTIC: [8] Use of undefined constant icon - assumed 'icon' E:\WWW\eps\Application\Runtime\Cache\Admin\836688c1f1d849de38afaba03368efc4.php 第 43 行.
NOTIC: [8] Use of undefined constant lower - assumed 'lower' E:\WWW\eps\Application\Runtime\Cache\Admin\836688c1f1d849de38afaba03368efc4.php 第 45 行.
NOTIC: [8] Use of undefined constant lower - assumed 'lower' E:\WWW\eps\Application\Runtime\Cache\Admin\836688c1f1d849de38afaba03368efc4.php 第 61 行.
NOTIC: [8] Use of undefined constant lower - assumed 'lower' E:\WWW\eps\Application\Runtime\Cache\Admin\836688c1f1d849de38afaba03368efc4.php 第 73 行.
NOTIC: [8] Use of undefined constant lower - assumed 'lower' E:\WWW\eps\Application\Runtime\Cache\Admin\836688c1f1d849de38afaba03368efc4.php 第 73 行.
NOTIC: [8] Use of undefined constant lower - assumed 'lower' E:\WWW\eps\Application\Runtime\Cache\Admin\836688c1f1d849de38afaba03368efc4.php 第 73 行.
NOTIC: [8] Use of undefined constant icon - assumed 'icon' E:\WWW\eps\Application\Runtime\Cache\Admin\836688c1f1d849de38afaba03368efc4.php 第 43 行.
NOTIC: [8] Use of undefined constant lower - assumed 'lower' E:\WWW\eps\Application\Runtime\Cache\Admin\836688c1f1d849de38afaba03368efc4.php 第 45 行.
NOTIC: [8] Use of undefined constant icon - assumed 'icon' E:\WWW\eps\Application\Runtime\Cache\Admin\836688c1f1d849de38afaba03368efc4.php 第 43 行.
NOTIC: [8] Use of undefined constant lower - assumed 'lower' E:\WWW\eps\Application\Runtime\Cache\Admin\836688c1f1d849de38afaba03368efc4.php 第 45 行.
INFO: Run Behavior\ParseTemplateBehavior [ RunTime:0.010000s ]
INFO: [ view_parse ] --END-- [ RunTime:0.010000s ]
INFO: [ view_filter ] --START--
INFO: Run Behavior\WriteHtmlCacheBehavior [ RunTime:0.001000s ]
INFO: [ view_filter ] --END-- [ RunTime:0.001000s ]
INFO: [ app_end ] --START--
INFO: Run Behavior\ShowPageTraceBehavior [ RunTime:0.001000s ]
INFO: [ app_end ] --END-- [ RunTime:0.001000s ]

[ 2017-11-06T17:15:11+08:00 ] 127.0.0.1 /Admin/Main/public_main.html
INFO: [ app_init ] --START--
INFO: Run Behavior\BuildLiteBehavior [ RunTime:0.000000s ]
INFO: [ app_init ] --END-- [ RunTime:0.000000s ]
INFO: [ app_begin ] --START--
INFO: Run Behavior\ReadHtmlCacheBehavior [ RunTime:0.001000s ]
INFO: [ app_begin ] --END-- [ RunTime:0.001000s ]
NOTIC: [2048] Declaration of Appframe\AdminbaseController::success() should be compatible with that of Think\Controller::success() E:\WWW\eps\Application\Appframe\AdminbaseController.class.php 第 6 行.
SQL: SHOW COLUMNS FROM `d_user` [ RunTime:0.0100s ]
SQL: SELECT COUNT(*) AS tp_count FROM `d_user` WHERE ( 1=1 ) LIMIT 1   [ RunTime:0.0010s ]
SQL: SELECT COUNT(*) AS tp_count FROM `d_user` WHERE ( 1=1 and type='1' ) LIMIT 1   [ RunTime:0.0010s ]
SQL: SHOW COLUMNS FROM `d_need` [ RunTime:0.0100s ]
SQL: SELECT COUNT(*) AS tp_count FROM `d_need` WHERE ( 1=1 ) LIMIT 1   [ RunTime:0.0000s ]
SQL: SELECT sum(reward) as reward FROM `d_need` WHERE ( 1=1 and status='5' ) LIMIT 1   [ RunTime:0.0010s ]
SQL: SELECT sum(reward-get_reward) as reward FROM `d_need` WHERE ( 1=1 and status='5' ) LIMIT 1   [ RunTime:0.0000s ]
SQL: SHOW COLUMNS FROM `d_fxloginlog` [ RunTime:0.0050s ]
SQL: SELECT * FROM `d_fxloginlog` ORDER BY `loginid` desc LIMIT 0,10   [ RunTime:0.0010s ]
SQL: SELECT sum(reward) as reward FROM `d_need` WHERE ( status='5' and end_time>'2017-06-01' and end_time<'2017-06-31' ) LIMIT 1   [ RunTime:0.0000s ]
SQL: SELECT sum(get_reward) as reward FROM `d_need` WHERE ( status='5' and end_time>'2017-06-01' and end_time<'2017-06-31' ) LIMIT 1   [ RunTime:0.0000s ]
SQL: SELECT sum(get_reward) as reward FROM `d_need` WHERE ( status='5' and reward_m_f=1 and end_time>'2017-06-01' and end_time<'2017-06-31' ) LIMIT 1   [ RunTime:0.0010s ]
SQL: SELECT sum(reward) as reward FROM `d_need` WHERE ( status='5' and end_time>'2017-07-01' and end_time<'2017-07-31' ) LIMIT 1   [ RunTime:0.0000s ]
SQL: SELECT sum(get_reward) as reward FROM `d_need` WHERE ( status='5' and end_time>'2017-07-01' and end_time<'2017-07-31' ) LIMIT 1   [ RunTime:0.0010s ]
SQL: SELECT sum(get_reward) as reward FROM `d_need` WHERE ( status='5' and reward_m_f=1 and end_time>'2017-07-01' and end_time<'2017-07-31' ) LIMIT 1   [ RunTime:0.0000s ]
SQL: SELECT sum(reward) as reward FROM `d_need` WHERE ( status='5' and end_time>'2017-08-01' and end_time<'2017-08-31' ) LIMIT 1   [ RunTime:0.0000s ]
SQL: SELECT sum(get_reward) as reward FROM `d_need` WHERE ( status='5' and end_time>'2017-08-01' and end_time<'2017-08-31' ) LIMIT 1   [ RunTime:0.0010s ]
SQL: SELECT sum(get_reward) as reward FROM `d_need` WHERE ( status='5' and reward_m_f=1 and end_time>'2017-08-01' and end_time<'2017-08-31' ) LIMIT 1   [ RunTime:0.0000s ]
SQL: SELECT sum(reward) as reward FROM `d_need` WHERE ( status='5' and end_time>'2017-09-01' and end_time<'2017-09-31' ) LIMIT 1   [ RunTime:0.0000s ]
SQL: SELECT sum(get_reward) as reward FROM `d_need` WHERE ( status='5' and end_time>'2017-09-01' and end_time<'2017-09-31' ) LIMIT 1   [ RunTime:0.0010s ]
SQL: SELECT sum(get_reward) as reward FROM `d_need` WHERE ( status='5' and reward_m_f=1 and end_time>'2017-09-01' and end_time<'2017-09-31' ) LIMIT 1   [ RunTime:0.0000s ]
SQL: SELECT sum(reward) as reward FROM `d_need` WHERE ( status='5' and end_time>'2017-10-01' and end_time<'2017-10-31' ) LIMIT 1   [ RunTime:0.0010s ]
SQL: SELECT sum(get_reward) as reward FROM `d_need` WHERE ( status='5' and end_time>'2017-10-01' and end_time<'2017-10-31' ) LIMIT 1   [ RunTime:0.0000s ]
SQL: SELECT sum(get_reward) as reward FROM `d_need` WHERE ( status='5' and reward_m_f=1 and end_time>'2017-10-01' and end_time<'2017-10-31' ) LIMIT 1   [ RunTime:0.0000s ]
SQL: SELECT sum(reward) as reward FROM `d_need` WHERE ( status='5' and end_time>'2017-11-01' and end_time<'2017-11-31' ) LIMIT 1   [ RunTime:0.0000s ]
SQL: SELECT sum(get_reward) as reward FROM `d_need` WHERE ( status='5' and end_time>'2017-11-01' and end_time<'2017-11-31' ) LIMIT 1   [ RunTime:0.0010s ]
SQL: SELECT sum(get_reward) as reward FROM `d_need` WHERE ( status='5' and reward_m_f=1 and end_time>'2017-11-01' and end_time<'2017-11-31' ) LIMIT 1   [ RunTime:0.0010s ]
INFO: [ view_parse ] --START--
INFO: [ template_filter ] --START--
INFO: Run Behavior\ContentReplaceBehavior [ RunTime:0.001000s ]
INFO: [ template_filter ] --END-- [ RunTime:0.001000s ]
INFO: Run Behavior\ParseTemplateBehavior [ RunTime:0.013000s ]
INFO: [ view_parse ] --END-- [ RunTime:0.013000s ]
INFO: [ view_filter ] --START--
INFO: Run Behavior\WriteHtmlCacheBehavior [ RunTime:0.001000s ]
INFO: [ view_filter ] --END-- [ RunTime:0.001000s ]
INFO: [ app_end ] --START--
INFO: Run Behavior\ShowPageTraceBehavior [ RunTime:0.001000s ]
INFO: [ app_end ] --END-- [ RunTime:0.001000s ]

[ 2017-11-06T17:15:16+08:00 ] 127.0.0.1 /Admin/Index/index.html
INFO: [ app_init ] --START--
INFO: Run Behavior\BuildLiteBehavior [ RunTime:0.000000s ]
INFO: [ app_init ] --END-- [ RunTime:0.001000s ]
INFO: [ app_begin ] --START--
INFO: Run Behavior\ReadHtmlCacheBehavior [ RunTime:0.001000s ]
INFO: [ app_begin ] --END-- [ RunTime:0.001000s ]
NOTIC: [2048] Declaration of Appframe\AdminbaseController::success() should be compatible with that of Think\Controller::success() E:\WWW\eps\Application\Appframe\AdminbaseController.class.php 第 6 行.
SQL: SHOW COLUMNS FROM `d_fxmenu` [ RunTime:0.0060s ]
SQL: SELECT * FROM `d_fxmenu` WHERE `parentid` = 0 AND `status` = 1 ORDER BY listorder asc  [ RunTime:0.0010s ]
SQL: SELECT * FROM `d_fxmenu` WHERE `parentid` = 36 AND `status` = 1 ORDER BY listorder asc  [ RunTime:0.0010s ]
SQL: SELECT * FROM `d_fxmenu` WHERE `parentid` = 38 AND `status` = 1 ORDER BY listorder asc  [ RunTime:0.0010s ]
NOTIC: [8] Undefined variable: data E:\WWW\eps\Application\Admin\Model\FxmenuModel.class.php 第 83 行.
SQL: SELECT * FROM `d_fxmenu` WHERE `parentid` = 8 AND `status` = 1 ORDER BY listorder asc  [ RunTime:0.0010s ]
SQL: SELECT * FROM `d_fxmenu` WHERE `parentid` = 33 AND `status` = 1 ORDER BY listorder asc  [ RunTime:0.0010s ]
NOTIC: [8] Undefined variable: data E:\WWW\eps\Application\Admin\Model\FxmenuModel.class.php 第 83 行.
SQL: SELECT * FROM `d_fxmenu` WHERE `parentid` = 10 AND `status` = 1 ORDER BY listorder asc  [ RunTime:0.0000s ]
NOTIC: [8] Undefined variable: data E:\WWW\eps\Application\Admin\Model\FxmenuModel.class.php 第 83 行.
SQL: SELECT * FROM `d_fxmenu` WHERE `parentid` = 39 AND `status` = 1 ORDER BY listorder asc  [ RunTime:0.0000s ]
SQL: SELECT * FROM `d_fxmenu` WHERE `parentid` = 40 AND `status` = 1 ORDER BY listorder asc  [ RunTime:0.0000s ]
NOTIC: [8] Undefined variable: data E:\WWW\eps\Application\Admin\Model\FxmenuModel.class.php 第 83 行.
SQL: SELECT * FROM `d_fxmenu` WHERE `parentid` = 41 AND `status` = 1 ORDER BY listorder asc  [ RunTime:0.0000s ]
NOTIC: [8] Undefined variable: data E:\WWW\eps\Application\Admin\Model\FxmenuModel.class.php 第 83 行.
SQL: SELECT * FROM `d_fxmenu` WHERE `parentid` = 340 AND `status` = 1 ORDER BY listorder asc  [ RunTime:0.0010s ]
NOTIC: [8] Undefined variable: data E:\WWW\eps\Application\Admin\Model\FxmenuModel.class.php 第 83 行.
SQL: SELECT * FROM `d_fxmenu` WHERE `parentid` = 44 AND `status` = 1 ORDER BY listorder asc  [ RunTime:0.0010s ]
SQL: SELECT * FROM `d_fxmenu` WHERE `parentid` = 325 AND `status` = 1 ORDER BY listorder asc  [ RunTime:0.0010s ]
NOTIC: [8] Undefined variable: data E:\WWW\eps\Application\Admin\Model\FxmenuModel.class.php 第 83 行.
SQL: SELECT * FROM `d_fxmenu` WHERE `parentid` = 45 AND `status` = 1 ORDER BY listorder asc  [ RunTime:0.0010s ]
NOTIC: [8] Undefined variable: data E:\WWW\eps\Application\Admin\Model\FxmenuModel.class.php 第 83 行.
SQL: SELECT * FROM `d_fxmenu` WHERE `parentid` = 329 AND `status` = 1 ORDER BY listorder asc  [ RunTime:0.0000s ]
SQL: SELECT * FROM `d_fxmenu` WHERE `parentid` = 336 AND `status` = 1 ORDER BY listorder asc  [ RunTime:0.0000s ]
NOTIC: [8] Undefined variable: data E:\WWW\eps\Application\Admin\Model\FxmenuModel.class.php 第 83 行.
SQL: SELECT * FROM `d_fxmenu` WHERE `parentid` = 337 AND `status` = 1 ORDER BY listorder asc  [ RunTime:0.0000s ]
NOTIC: [8] Undefined variable: data E:\WWW\eps\Application\Admin\Model\FxmenuModel.class.php 第 83 行.
SQL: SELECT * FROM `d_fxmenu` WHERE `parentid` = 364 AND `status` = 1 ORDER BY listorder asc  [ RunTime:0.0000s ]
NOTIC: [8] Undefined variable: data E:\WWW\eps\Application\Admin\Model\FxmenuModel.class.php 第 83 行.
SQL: SELECT * FROM `d_fxmenu` WHERE `parentid` = 331 AND `status` = 1 ORDER BY listorder asc  [ RunTime:0.0010s ]
SQL: SELECT * FROM `d_fxmenu` WHERE `parentid` = 332 AND `status` = 1 ORDER BY listorder asc  [ RunTime:0.0000s ]
NOTIC: [8] Undefined variable: data E:\WWW\eps\Application\Admin\Model\FxmenuModel.class.php 第 83 行.
SQL: SELECT * FROM `d_fxmenu` WHERE `parentid` = 333 AND `status` = 1 ORDER BY listorder asc  [ RunTime:0.0000s ]
NOTIC: [8] Undefined variable: data E:\WWW\eps\Application\Admin\Model\FxmenuModel.class.php 第 83 行.
SQL: SELECT * FROM `d_fxmenu` WHERE `parentid` = 338 AND `status` = 1 ORDER BY listorder asc  [ RunTime:0.0000s ]
NOTIC: [8] Undefined variable: data E:\WWW\eps\Application\Admin\Model\FxmenuModel.class.php 第 83 行.
SQL: SELECT * FROM `d_fxmenu` WHERE `parentid` = 365 AND `status` = 1 ORDER BY listorder asc  [ RunTime:0.0010s ]
NOTIC: [8] Undefined variable: data E:\WWW\eps\Application\Admin\Model\FxmenuModel.class.php 第 83 行.
SQL: SELECT * FROM `d_fxmenu` WHERE `parentid` = 366 AND `status` = 1 ORDER BY listorder asc  [ RunTime:0.0010s ]
SQL: SELECT * FROM `d_fxmenu` WHERE `parentid` = 367 AND `status` = 1 ORDER BY listorder asc  [ RunTime:0.0010s ]
NOTIC: [8] Undefined variable: data E:\WWW\eps\Application\Admin\Model\FxmenuModel.class.php 第 83 行.
SQL: SELECT * FROM `d_fxmenu` WHERE `parentid` = 368 AND `status` = 1 ORDER BY listorder asc  [ RunTime:0.0000s ]
NOTIC: [8] Undefined variable: data E:\WWW\eps\Application\Admin\Model\FxmenuModel.class.php 第 83 行.
SQL: SELECT * FROM `d_fxmenu` WHERE `parentid` = 380 AND `status` = 1 ORDER BY listorder asc  [ RunTime:0.0000s ]
SQL: SELECT * FROM `d_fxmenu` WHERE `parentid` = 381 AND `status` = 1 ORDER BY listorder asc  [ RunTime:0.0010s ]
NOTIC: [8] Undefined variable: data E:\WWW\eps\Application\Admin\Model\FxmenuModel.class.php 第 83 行.
SQL: SELECT * FROM `d_fxmenu` WHERE `parentid` = 386 AND `status` = 1 ORDER BY listorder asc  [ RunTime:0.0010s ]
SQL: SELECT * FROM `d_fxmenu` WHERE `parentid` = 387 AND `status` = 1 ORDER BY listorder asc  [ RunTime:0.0010s ]
NOTIC: [8] Undefined variable: data E:\WWW\eps\Application\Admin\Model\FxmenuModel.class.php 第 83 行.
SQL: SELECT * FROM `d_fxmenu` WHERE `parentid` = 388 AND `status` = 1 ORDER BY listorder asc  [ RunTime:0.0000s ]
NOTIC: [8] Undefined variable: data E:\WWW\eps\Application\Admin\Model\FxmenuModel.class.php 第 83 行.
SQL: SELECT * FROM `d_fxmenu` WHERE `parentid` = 390 AND `status` = 1 ORDER BY listorder asc  [ RunTime:0.0000s ]
NOTIC: [8] Undefined variable: data E:\WWW\eps\Application\Admin\Model\FxmenuModel.class.php 第 83 行.
SQL: SELECT * FROM `d_fxmenu` WHERE `parentid` = 371 AND `status` = 1 ORDER BY listorder asc  [ RunTime:0.0010s ]
NOTIC: [8] Undefined variable: data E:\WWW\eps\Application\Admin\Model\FxmenuModel.class.php 第 83 行.
SQL: SELECT * FROM `d_fxmenu` WHERE `parentid` = 335 AND `status` = 1 ORDER BY listorder asc  [ RunTime:0.0010s ]
NOTIC: [8] Undefined variable: data E:\WWW\eps\Application\Admin\Model\FxmenuModel.class.php 第 83 行.
SQL: SHOW COLUMNS FROM `d_fxadmin_panel` [ RunTime:0.0030s ]
SQL: SELECT * FROM `d_fxadmin_panel` WHERE `userid` = 1  [ RunTime:0.0000s ]
INFO: [ view_parse ] --START--
INFO: [ template_filter ] --START--
INFO: Run Behavior\ContentReplaceBehavior [ RunTime:0.000000s ]
INFO: [ template_filter ] --END-- [ RunTime:0.000000s ]
NOTIC: [8] Undefined variable: admin E:\WWW\eps\Application\Runtime\Cache\Admin\836688c1f1d849de38afaba03368efc4.php 第 133 行.
NOTIC: [8] Use of undefined constant user_login - assumed 'user_login' E:\WWW\eps\Application\Runtime\Cache\Admin\836688c1f1d849de38afaba03368efc4.php 第 135 行.
NOTIC: [8] Undefined variable: admin E:\WWW\eps\Application\Runtime\Cache\Admin\836688c1f1d849de38afaba03368efc4.php 第 135 行.
NOTIC: [8] Use of undefined constant icon - assumed 'icon' E:\WWW\eps\Application\Runtime\Cache\Admin\836688c1f1d849de38afaba03368efc4.php 第 43 行.
NOTIC: [8] Use of undefined constant lower - assumed 'lower' E:\WWW\eps\Application\Runtime\Cache\Admin\836688c1f1d849de38afaba03368efc4.php 第 45 行.
NOTIC: [8] Use of undefined constant lower - assumed 'lower' E:\WWW\eps\Application\Runtime\Cache\Admin\836688c1f1d849de38afaba03368efc4.php 第 61 行.
NOTIC: [8] Use of undefined constant lower - assumed 'lower' E:\WWW\eps\Application\Runtime\Cache\Admin\836688c1f1d849de38afaba03368efc4.php 第 73 行.
NOTIC: [8] Use of undefined constant icon - assumed 'icon' E:\WWW\eps\Application\Runtime\Cache\Admin\836688c1f1d849de38afaba03368efc4.php 第 43 行.
NOTIC: [8] Use of undefined constant lower - assumed 'lower' E:\WWW\eps\Application\Runtime\Cache\Admin\836688c1f1d849de38afaba03368efc4.php 第 45 行.
NOTIC: [8] Use of undefined constant lower - assumed 'lower' E:\WWW\eps\Application\Runtime\Cache\Admin\836688c1f1d849de38afaba03368efc4.php 第 61 行.
NOTIC: [8] Use of undefined constant lower - assumed 'lower' E:\WWW\eps\Application\Runtime\Cache\Admin\836688c1f1d849de38afaba03368efc4.php 第 73 行.
NOTIC: [8] Use of undefined constant lower - assumed 'lower' E:\WWW\eps\Application\Runtime\Cache\Admin\836688c1f1d849de38afaba03368efc4.php 第 73 行.
NOTIC: [8] Use of undefined constant icon - assumed 'icon' E:\WWW\eps\Application\Runtime\Cache\Admin\836688c1f1d849de38afaba03368efc4.php 第 43 行.
NOTIC: [8] Use of undefined constant lower - assumed 'lower' E:\WWW\eps\Application\Runtime\Cache\Admin\836688c1f1d849de38afaba03368efc4.php 第 45 行.
NOTIC: [8] Use of undefined constant lower - assumed 'lower' E:\WWW\eps\Application\Runtime\Cache\Admin\836688c1f1d849de38afaba03368efc4.php 第 61 行.
NOTIC: [8] Use of undefined constant lower - assumed 'lower' E:\WWW\eps\Application\Runtime\Cache\Admin\836688c1f1d849de38afaba03368efc4.php 第 73 行.
NOTIC: [8] Use of undefined constant lower - assumed 'lower' E:\WWW\eps\Application\Runtime\Cache\Admin\836688c1f1d849de38afaba03368efc4.php 第 73 行.
NOTIC: [8] Use of undefined constant lower - assumed 'lower' E:\WWW\eps\Application\Runtime\Cache\Admin\836688c1f1d849de38afaba03368efc4.php 第 73 行.
NOTIC: [8] Use of undefined constant icon - assumed 'icon' E:\WWW\eps\Application\Runtime\Cache\Admin\836688c1f1d849de38afaba03368efc4.php 第 43 行.
NOTIC: [8] Use of undefined constant lower - assumed 'lower' E:\WWW\eps\Application\Runtime\Cache\Admin\836688c1f1d849de38afaba03368efc4.php 第 45 行.
NOTIC: [8] Use of undefined constant lower - assumed 'lower' E:\WWW\eps\Application\Runtime\Cache\Admin\836688c1f1d849de38afaba03368efc4.php 第 61 行.
NOTIC: [8] Use of undefined constant lower - assumed 'lower' E:\WWW\eps\Application\Runtime\Cache\Admin\836688c1f1d849de38afaba03368efc4.php 第 73 行.
NOTIC: [8] Use of undefined constant lower - assumed 'lower' E:\WWW\eps\Application\Runtime\Cache\Admin\836688c1f1d849de38afaba03368efc4.php 第 73 行.
NOTIC: [8] Use of undefined constant icon - assumed 'icon' E:\WWW\eps\Application\Runtime\Cache\Admin\836688c1f1d849de38afaba03368efc4.php 第 43 行.
NOTIC: [8] Use of undefined constant lower - assumed 'lower' E:\WWW\eps\Application\Runtime\Cache\Admin\836688c1f1d849de38afaba03368efc4.php 第 45 行.
NOTIC: [8] Use of undefined constant lower - assumed 'lower' E:\WWW\eps\Application\Runtime\Cache\Admin\836688c1f1d849de38afaba03368efc4.php 第 61 行.
NOTIC: [8] Use of undefined constant lower - assumed 'lower' E:\WWW\eps\Application\Runtime\Cache\Admin\836688c1f1d849de38afaba03368efc4.php 第 73 行.
NOTIC: [8] Use of undefined constant lower - assumed 'lower' E:\WWW\eps\Application\Runtime\Cache\Admin\836688c1f1d849de38afaba03368efc4.php 第 73 行.
NOTIC: [8] Use of undefined constant lower - assumed 'lower' E:\WWW\eps\Application\Runtime\Cache\Admin\836688c1f1d849de38afaba03368efc4.php 第 73 行.
NOTIC: [8] Use of undefined constant icon - assumed 'icon' E:\WWW\eps\Application\Runtime\Cache\Admin\836688c1f1d849de38afaba03368efc4.php 第 43 行.
NOTIC: [8] Use of undefined constant lower - assumed 'lower' E:\WWW\eps\Application\Runtime\Cache\Admin\836688c1f1d849de38afaba03368efc4.php 第 45 行.
NOTIC: [8] Use of undefined constant lower - assumed 'lower' E:\WWW\eps\Application\Runtime\Cache\Admin\836688c1f1d849de38afaba03368efc4.php 第 61 行.
NOTIC: [8] Use of undefined constant lower - assumed 'lower' E:\WWW\eps\Application\Runtime\Cache\Admin\836688c1f1d849de38afaba03368efc4.php 第 73 行.
NOTIC: [8] Use of undefined constant lower - assumed 'lower' E:\WWW\eps\Application\Runtime\Cache\Admin\836688c1f1d849de38afaba03368efc4.php 第 73 行.
NOTIC: [8] Use of undefined constant lower - assumed 'lower' E:\WWW\eps\Application\Runtime\Cache\Admin\836688c1f1d849de38afaba03368efc4.php 第 73 行.
NOTIC: [8] Use of undefined constant lower - assumed 'lower' E:\WWW\eps\Application\Runtime\Cache\Admin\836688c1f1d849de38afaba03368efc4.php 第 73 行.
NOTIC: [8] Use of undefined constant icon - assumed 'icon' E:\WWW\eps\Application\Runtime\Cache\Admin\836688c1f1d849de38afaba03368efc4.php 第 43 行.
NOTIC: [8] Use of undefined constant lower - assumed 'lower' E:\WWW\eps\Application\Runtime\Cache\Admin\836688c1f1d849de38afaba03368efc4.php 第 45 行.
NOTIC: [8] Use of undefined constant lower - assumed 'lower' E:\WWW\eps\Application\Runtime\Cache\Admin\836688c1f1d849de38afaba03368efc4.php 第 61 行.
NOTIC: [8] Use of undefined constant lower - assumed 'lower' E:\WWW\eps\Application\Runtime\Cache\Admin\836688c1f1d849de38afaba03368efc4.php 第 73 行.
NOTIC: [8] Use of undefined constant lower - assumed 'lower' E:\WWW\eps\Application\Runtime\Cache\Admin\836688c1f1d849de38afaba03368efc4.php 第 73 行.
NOTIC: [8] Use of undefined constant icon - assumed 'icon' E:\WWW\eps\Application\Runtime\Cache\Admin\836688c1f1d849de38afaba03368efc4.php 第 43 行.
NOTIC: [8] Use of undefined constant lower - assumed 'lower' E:\WWW\eps\Application\Runtime\Cache\Admin\836688c1f1d849de38afaba03368efc4.php 第 45 行.
NOTIC: [8] Use of undefined constant lower - assumed 'lower' E:\WWW\eps\Application\Runtime\Cache\Admin\836688c1f1d849de38afaba03368efc4.php 第 61 行.
NOTIC: [8] Use of undefined constant lower - assumed 'lower' E:\WWW\eps\Application\Runtime\Cache\Admin\836688c1f1d849de38afaba03368efc4.php 第 73 行.
NOTIC: [8] Use of undefined constant icon - assumed 'icon' E:\WWW\eps\Application\Runtime\Cache\Admin\836688c1f1d849de38afaba03368efc4.php 第 43 行.
NOTIC: [8] Use of undefined constant lower - assumed 'lower' E:\WWW\eps\Application\Runtime\Cache\Admin\836688c1f1d849de38afaba03368efc4.php 第 45 行.
NOTIC: [8] Use of undefined constant lower - assumed 'lower' E:\WWW\eps\Application\Runtime\Cache\Admin\836688c1f1d849de38afaba03368efc4.php 第 61 行.
NOTIC: [8] Use of undefined constant lower - assumed 'lower' E:\WWW\eps\Application\Runtime\Cache\Admin\836688c1f1d849de38afaba03368efc4.php 第 73 行.
NOTIC: [8] Use of undefined constant lower - assumed 'lower' E:\WWW\eps\Application\Runtime\Cache\Admin\836688c1f1d849de38afaba03368efc4.php 第 73 行.
NOTIC: [8] Use of undefined constant lower - assumed 'lower' E:\WWW\eps\Application\Runtime\Cache\Admin\836688c1f1d849de38afaba03368efc4.php 第 73 行.
NOTIC: [8] Use of undefined constant icon - assumed 'icon' E:\WWW\eps\Application\Runtime\Cache\Admin\836688c1f1d849de38afaba03368efc4.php 第 43 行.
NOTIC: [8] Use of undefined constant lower - assumed 'lower' E:\WWW\eps\Application\Runtime\Cache\Admin\836688c1f1d849de38afaba03368efc4.php 第 45 行.
NOTIC: [8] Use of undefined constant icon - assumed 'icon' E:\WWW\eps\Application\Runtime\Cache\Admin\836688c1f1d849de38afaba03368efc4.php 第 43 行.
NOTIC: [8] Use of undefined constant lower - assumed 'lower' E:\WWW\eps\Application\Runtime\Cache\Admin\836688c1f1d849de38afaba03368efc4.php 第 45 行.
INFO: Run Behavior\ParseTemplateBehavior [ RunTime:0.012000s ]
INFO: [ view_parse ] --END-- [ RunTime:0.012000s ]
INFO: [ view_filter ] --START--
INFO: Run Behavior\WriteHtmlCacheBehavior [ RunTime:0.001000s ]
INFO: [ view_filter ] --END-- [ RunTime:0.001000s ]
INFO: [ app_end ] --START--
INFO: Run Behavior\ShowPageTraceBehavior [ RunTime:0.001000s ]
INFO: [ app_end ] --END-- [ RunTime:0.001000s ]

[ 2017-11-06T17:15:17+08:00 ] 127.0.0.1 /Admin/Main/public_main.html
INFO: [ app_init ] --START--
INFO: Run Behavior\BuildLiteBehavior [ RunTime:0.000000s ]
INFO: [ app_init ] --END-- [ RunTime:0.000000s ]
INFO: [ app_begin ] --START--
INFO: Run Behavior\ReadHtmlCacheBehavior [ RunTime:0.001000s ]
INFO: [ app_begin ] --END-- [ RunTime:0.001000s ]
NOTIC: [2048] Declaration of Appframe\AdminbaseController::success() should be compatible with that of Think\Controller::success() E:\WWW\eps\Application\Appframe\AdminbaseController.class.php 第 6 行.
SQL: SHOW COLUMNS FROM `d_user` [ RunTime:0.0080s ]
SQL: SELECT COUNT(*) AS tp_count FROM `d_user` WHERE ( 1=1 ) LIMIT 1   [ RunTime:0.0010s ]
SQL: SELECT COUNT(*) AS tp_count FROM `d_user` WHERE ( 1=1 and type='1' ) LIMIT 1   [ RunTime:0.0010s ]
SQL: SHOW COLUMNS FROM `d_need` [ RunTime:0.0080s ]
SQL: SELECT COUNT(*) AS tp_count FROM `d_need` WHERE ( 1=1 ) LIMIT 1   [ RunTime:0.0010s ]
SQL: SELECT sum(reward) as reward FROM `d_need` WHERE ( 1=1 and status='5' ) LIMIT 1   [ RunTime:0.0000s ]
SQL: SELECT sum(reward-get_reward) as reward FROM `d_need` WHERE ( 1=1 and status='5' ) LIMIT 1   [ RunTime:0.0000s ]
SQL: SHOW COLUMNS FROM `d_fxloginlog` [ RunTime:0.0050s ]
SQL: SELECT * FROM `d_fxloginlog` ORDER BY `loginid` desc LIMIT 0,10   [ RunTime:0.0000s ]
SQL: SELECT sum(reward) as reward FROM `d_need` WHERE ( status='5' and end_time>'2017-06-01' and end_time<'2017-06-31' ) LIMIT 1   [ RunTime:0.0000s ]
SQL: SELECT sum(get_reward) as reward FROM `d_need` WHERE ( status='5' and end_time>'2017-06-01' and end_time<'2017-06-31' ) LIMIT 1   [ RunTime:0.0000s ]
SQL: SELECT sum(get_reward) as reward FROM `d_need` WHERE ( status='5' and reward_m_f=1 and end_time>'2017-06-01' and end_time<'2017-06-31' ) LIMIT 1   [ RunTime:0.0010s ]
SQL: SELECT sum(reward) as reward FROM `d_need` WHERE ( status='5' and end_time>'2017-07-01' and end_time<'2017-07-31' ) LIMIT 1   [ RunTime:0.0000s ]
SQL: SELECT sum(get_reward) as reward FROM `d_need` WHERE ( status='5' and end_time>'2017-07-01' and end_time<'2017-07-31' ) LIMIT 1   [ RunTime:0.0000s ]
SQL: SELECT sum(get_reward) as reward FROM `d_need` WHERE ( status='5' and reward_m_f=1 and end_time>'2017-07-01' and end_time<'2017-07-31' ) LIMIT 1   [ RunTime:0.0010s ]
SQL: SELECT sum(reward) as reward FROM `d_need` WHERE ( status='5' and end_time>'2017-08-01' and end_time<'2017-08-31' ) LIMIT 1   [ RunTime:0.0000s ]
SQL: SELECT sum(get_reward) as reward FROM `d_need` WHERE ( status='5' and end_time>'2017-08-01' and end_time<'2017-08-31' ) LIMIT 1   [ RunTime:0.0000s ]
SQL: SELECT sum(get_reward) as reward FROM `d_need` WHERE ( status='5' and reward_m_f=1 and end_time>'2017-08-01' and end_time<'2017-08-31' ) LIMIT 1   [ RunTime:0.0010s ]
SQL: SELECT sum(reward) as reward FROM `d_need` WHERE ( status='5' and end_time>'2017-09-01' and end_time<'2017-09-31' ) LIMIT 1   [ RunTime:0.0000s ]
SQL: SELECT sum(get_reward) as reward FROM `d_need` WHERE ( status='5' and end_time>'2017-09-01' and end_time<'2017-09-31' ) LIMIT 1   [ RunTime:0.0000s ]
SQL: SELECT sum(get_reward) as reward FROM `d_need` WHERE ( status='5' and reward_m_f=1 and end_time>'2017-09-01' and end_time<'2017-09-31' ) LIMIT 1   [ RunTime:0.0010s ]
SQL: SELECT sum(reward) as reward FROM `d_need` WHERE ( status='5' and end_time>'2017-10-01' and end_time<'2017-10-31' ) LIMIT 1   [ RunTime:0.0000s ]
SQL: SELECT sum(get_reward) as reward FROM `d_need` WHERE ( status='5' and end_time>'2017-10-01' and end_time<'2017-10-31' ) LIMIT 1   [ RunTime:0.0000s ]
SQL: SELECT sum(get_reward) as reward FROM `d_need` WHERE ( status='5' and reward_m_f=1 and end_time>'2017-10-01' and end_time<'2017-10-31' ) LIMIT 1   [ RunTime:0.0010s ]
SQL: SELECT sum(reward) as reward FROM `d_need` WHERE ( status='5' and end_time>'2017-11-01' and end_time<'2017-11-31' ) LIMIT 1   [ RunTime:0.0000s ]
SQL: SELECT sum(get_reward) as reward FROM `d_need` WHERE ( status='5' and end_time>'2017-11-01' and end_time<'2017-11-31' ) LIMIT 1   [ RunTime:0.0000s ]
SQL: SELECT sum(get_reward) as reward FROM `d_need` WHERE ( status='5' and reward_m_f=1 and end_time>'2017-11-01' and end_time<'2017-11-31' ) LIMIT 1   [ RunTime:0.0010s ]
INFO: [ view_parse ] --START--
INFO: [ template_filter ] --START--
INFO: Run Behavior\ContentReplaceBehavior [ RunTime:0.000000s ]
INFO: [ template_filter ] --END-- [ RunTime:0.000000s ]
INFO: Run Behavior\ParseTemplateBehavior [ RunTime:0.013000s ]
INFO: [ view_parse ] --END-- [ RunTime:0.013000s ]
INFO: [ view_filter ] --START--
INFO: Run Behavior\WriteHtmlCacheBehavior [ RunTime:0.001000s ]
INFO: [ view_filter ] --END-- [ RunTime:0.001000s ]
INFO: [ app_end ] --START--
INFO: Run Behavior\ShowPageTraceBehavior [ RunTime:0.001000s ]
INFO: [ app_end ] --END-- [ RunTime:0.001000s ]

[ 2017-11-06T17:16:20+08:00 ] 127.0.0.1 /Admin/Index/index.html
INFO: [ app_init ] --START--
INFO: Run Behavior\BuildLiteBehavior [ RunTime:0.000000s ]
INFO: [ app_init ] --END-- [ RunTime:0.000000s ]
INFO: [ app_begin ] --START--
INFO: Run Behavior\ReadHtmlCacheBehavior [ RunTime:0.001000s ]
INFO: [ app_begin ] --END-- [ RunTime:0.001000s ]
NOTIC: [2048] Declaration of Appframe\AdminbaseController::success() should be compatible with that of Think\Controller::success() E:\WWW\eps\Application\Appframe\AdminbaseController.class.php 第 6 行.
SQL: SHOW COLUMNS FROM `d_fxuser` [ RunTime:0.0080s ]
SQL: SELECT `id`,`username`,`nickname`,`last_login_time`,`last_login_ip`,`email`,`status` FROM `d_fxuser` WHERE `id` = 1  [ RunTime:0.0010s ]
SQL: SHOW COLUMNS FROM `d_fxmenu` [ RunTime:0.0080s ]
SQL: SELECT * FROM `d_fxmenu` WHERE `parentid` = 0 AND `status` = 1 ORDER BY listorder asc  [ RunTime:0.0010s ]
SQL: SELECT * FROM `d_fxmenu` WHERE `parentid` = 36 AND `status` = 1 ORDER BY listorder asc  [ RunTime:0.0010s ]
SQL: SELECT * FROM `d_fxmenu` WHERE `parentid` = 38 AND `status` = 1 ORDER BY listorder asc  [ RunTime:0.0010s ]
NOTIC: [8] Undefined variable: data E:\WWW\eps\Application\Admin\Model\FxmenuModel.class.php 第 83 行.
SQL: SELECT * FROM `d_fxmenu` WHERE `parentid` = 8 AND `status` = 1 ORDER BY listorder asc  [ RunTime:0.0010s ]
SQL: SELECT * FROM `d_fxmenu` WHERE `parentid` = 33 AND `status` = 1 ORDER BY listorder asc  [ RunTime:0.0010s ]
NOTIC: [8] Undefined variable: data E:\WWW\eps\Application\Admin\Model\FxmenuModel.class.php 第 83 行.
SQL: SELECT * FROM `d_fxmenu` WHERE `parentid` = 10 AND `status` = 1 ORDER BY listorder asc  [ RunTime:0.0010s ]
NOTIC: [8] Undefined variable: data E:\WWW\eps\Application\Admin\Model\FxmenuModel.class.php 第 83 行.
SQL: SELECT * FROM `d_fxmenu` WHERE `parentid` = 39 AND `status` = 1 ORDER BY listorder asc  [ RunTime:0.0010s ]
SQL: SELECT * FROM `d_fxmenu` WHERE `parentid` = 40 AND `status` = 1 ORDER BY listorder asc  [ RunTime:0.0000s ]
NOTIC: [8] Undefined variable: data E:\WWW\eps\Application\Admin\Model\FxmenuModel.class.php 第 83 行.
SQL: SELECT * FROM `d_fxmenu` WHERE `parentid` = 41 AND `status` = 1 ORDER BY listorder asc  [ RunTime:0.0010s ]
NOTIC: [8] Undefined variable: data E:\WWW\eps\Application\Admin\Model\FxmenuModel.class.php 第 83 行.
SQL: SELECT * FROM `d_fxmenu` WHERE `parentid` = 340 AND `status` = 1 ORDER BY listorder asc  [ RunTime:0.0010s ]
NOTIC: [8] Undefined variable: data E:\WWW\eps\Application\Admin\Model\FxmenuModel.class.php 第 83 行.
SQL: SELECT * FROM `d_fxmenu` WHERE `parentid` = 44 AND `status` = 1 ORDER BY listorder asc  [ RunTime:0.0010s ]
SQL: SELECT * FROM `d_fxmenu` WHERE `parentid` = 325 AND `status` = 1 ORDER BY listorder asc  [ RunTime:0.0010s ]
NOTIC: [8] Undefined variable: data E:\WWW\eps\Application\Admin\Model\FxmenuModel.class.php 第 83 行.
SQL: SELECT * FROM `d_fxmenu` WHERE `parentid` = 45 AND `status` = 1 ORDER BY listorder asc  [ RunTime:0.0000s ]
NOTIC: [8] Undefined variable: data E:\WWW\eps\Application\Admin\Model\FxmenuModel.class.php 第 83 行.
SQL: SELECT * FROM `d_fxmenu` WHERE `parentid` = 329 AND `status` = 1 ORDER BY listorder asc  [ RunTime:0.0010s ]
SQL: SELECT * FROM `d_fxmenu` WHERE `parentid` = 336 AND `status` = 1 ORDER BY listorder asc  [ RunTime:0.0010s ]
NOTIC: [8] Undefined variable: data E:\WWW\eps\Application\Admin\Model\FxmenuModel.class.php 第 83 行.
SQL: SELECT * FROM `d_fxmenu` WHERE `parentid` = 337 AND `status` = 1 ORDER BY listorder asc  [ RunTime:0.0010s ]
NOTIC: [8] Undefined variable: data E:\WWW\eps\Application\Admin\Model\FxmenuModel.class.php 第 83 行.
SQL: SELECT * FROM `d_fxmenu` WHERE `parentid` = 364 AND `status` = 1 ORDER BY listorder asc  [ RunTime:0.0010s ]
NOTIC: [8] Undefined variable: data E:\WWW\eps\Application\Admin\Model\FxmenuModel.class.php 第 83 行.
SQL: SELECT * FROM `d_fxmenu` WHERE `parentid` = 331 AND `status` = 1 ORDER BY listorder asc  [ RunTime:0.0010s ]
SQL: SELECT * FROM `d_fxmenu` WHERE `parentid` = 332 AND `status` = 1 ORDER BY listorder asc  [ RunTime:0.0010s ]
NOTIC: [8] Undefined variable: data E:\WWW\eps\Application\Admin\Model\FxmenuModel.class.php 第 83 行.
SQL: SELECT * FROM `d_fxmenu` WHERE `parentid` = 333 AND `status` = 1 ORDER BY listorder asc  [ RunTime:0.0010s ]
NOTIC: [8] Undefined variable: data E:\WWW\eps\Application\Admin\Model\FxmenuModel.class.php 第 83 行.
SQL: SELECT * FROM `d_fxmenu` WHERE `parentid` = 338 AND `status` = 1 ORDER BY listorder asc  [ RunTime:0.0010s ]
NOTIC: [8] Undefined variable: data E:\WWW\eps\Application\Admin\Model\FxmenuModel.class.php 第 83 行.
SQL: SELECT * FROM `d_fxmenu` WHERE `parentid` = 365 AND `status` = 1 ORDER BY listorder asc  [ RunTime:0.0010s ]
NOTIC: [8] Undefined variable: data E:\WWW\eps\Application\Admin\Model\FxmenuModel.class.php 第 83 行.
SQL: SELECT * FROM `d_fxmenu` WHERE `parentid` = 366 AND `status` = 1 ORDER BY listorder asc  [ RunTime:0.0010s ]
SQL: SELECT * FROM `d_fxmenu` WHERE `parentid` = 367 AND `status` = 1 ORDER BY listorder asc  [ RunTime:0.0010s ]
NOTIC: [8] Undefined variable: data E:\WWW\eps\Application\Admin\Model\FxmenuModel.class.php 第 83 行.
SQL: SELECT * FROM `d_fxmenu` WHERE `parentid` = 368 AND `status` = 1 ORDER BY listorder asc  [ RunTime:0.0010s ]
NOTIC: [8] Undefined variable: data E:\WWW\eps\Application\Admin\Model\FxmenuModel.class.php 第 83 行.
SQL: SELECT * FROM `d_fxmenu` WHERE `parentid` = 380 AND `status` = 1 ORDER BY listorder asc  [ RunTime:0.0010s ]
SQL: SELECT * FROM `d_fxmenu` WHERE `parentid` = 381 AND `status` = 1 ORDER BY listorder asc  [ RunTime:0.0010s ]
NOTIC: [8] Undefined variable: data E:\WWW\eps\Application\Admin\Model\FxmenuModel.class.php 第 83 行.
SQL: SELECT * FROM `d_fxmenu` WHERE `parentid` = 386 AND `status` = 1 ORDER BY listorder asc  [ RunTime:0.0010s ]
SQL: SELECT * FROM `d_fxmenu` WHERE `parentid` = 387 AND `status` = 1 ORDER BY listorder asc  [ RunTime:0.0010s ]
NOTIC: [8] Undefined variable: data E:\WWW\eps\Application\Admin\Model\FxmenuModel.class.php 第 83 行.
SQL: SELECT * FROM `d_fxmenu` WHERE `parentid` = 388 AND `status` = 1 ORDER BY listorder asc  [ RunTime:0.0000s ]
NOTIC: [8] Undefined variable: data E:\WWW\eps\Application\Admin\Model\FxmenuModel.class.php 第 83 行.
SQL: SELECT * FROM `d_fxmenu` WHERE `parentid` = 390 AND `status` = 1 ORDER BY listorder asc  [ RunTime:0.0000s ]
NOTIC: [8] Undefined variable: data E:\WWW\eps\Application\Admin\Model\FxmenuModel.class.php 第 83 行.
SQL: SELECT * FROM `d_fxmenu` WHERE `parentid` = 371 AND `status` = 1 ORDER BY listorder asc  [ RunTime:0.0000s ]
NOTIC: [8] Undefined variable: data E:\WWW\eps\Application\Admin\Model\FxmenuModel.class.php 第 83 行.
SQL: SELECT * FROM `d_fxmenu` WHERE `parentid` = 335 AND `status` = 1 ORDER BY listorder asc  [ RunTime:0.0000s ]
NOTIC: [8] Undefined variable: data E:\WWW\eps\Application\Admin\Model\FxmenuModel.class.php 第 83 行.
SQL: SHOW COLUMNS FROM `d_fxadmin_panel` [ RunTime:0.0050s ]
SQL: SELECT * FROM `d_fxadmin_panel` WHERE `userid` = 1  [ RunTime:0.0010s ]
INFO: [ view_parse ] --START--
INFO: [ template_filter ] --START--
INFO: Run Behavior\ContentReplaceBehavior [ RunTime:0.000000s ]
INFO: [ template_filter ] --END-- [ RunTime:0.000000s ]
NOTIC: [8] Undefined variable: admin E:\WWW\eps\Application\Runtime\Cache\Admin\836688c1f1d849de38afaba03368efc4.php 第 133 行.
NOTIC: [8] Use of undefined constant user_login - assumed 'user_login' E:\WWW\eps\Application\Runtime\Cache\Admin\836688c1f1d849de38afaba03368efc4.php 第 135 行.
NOTIC: [8] Undefined variable: admin E:\WWW\eps\Application\Runtime\Cache\Admin\836688c1f1d849de38afaba03368efc4.php 第 135 行.
NOTIC: [8] Use of undefined constant icon - assumed 'icon' E:\WWW\eps\Application\Runtime\Cache\Admin\836688c1f1d849de38afaba03368efc4.php 第 43 行.
NOTIC: [8] Use of undefined constant lower - assumed 'lower' E:\WWW\eps\Application\Runtime\Cache\Admin\836688c1f1d849de38afaba03368efc4.php 第 45 行.
NOTIC: [8] Use of undefined constant lower - assumed 'lower' E:\WWW\eps\Application\Runtime\Cache\Admin\836688c1f1d849de38afaba03368efc4.php 第 61 行.
NOTIC: [8] Use of undefined constant lower - assumed 'lower' E:\WWW\eps\Application\Runtime\Cache\Admin\836688c1f1d849de38afaba03368efc4.php 第 73 行.
NOTIC: [8] Use of undefined constant icon - assumed 'icon' E:\WWW\eps\Application\Runtime\Cache\Admin\836688c1f1d849de38afaba03368efc4.php 第 43 行.
NOTIC: [8] Use of undefined constant lower - assumed 'lower' E:\WWW\eps\Application\Runtime\Cache\Admin\836688c1f1d849de38afaba03368efc4.php 第 45 行.
NOTIC: [8] Use of undefined constant lower - assumed 'lower' E:\WWW\eps\Application\Runtime\Cache\Admin\836688c1f1d849de38afaba03368efc4.php 第 61 行.
NOTIC: [8] Use of undefined constant lower - assumed 'lower' E:\WWW\eps\Application\Runtime\Cache\Admin\836688c1f1d849de38afaba03368efc4.php 第 73 行.
NOTIC: [8] Use of undefined constant lower - assumed 'lower' E:\WWW\eps\Application\Runtime\Cache\Admin\836688c1f1d849de38afaba03368efc4.php 第 73 行.
NOTIC: [8] Use of undefined constant icon - assumed 'icon' E:\WWW\eps\Application\Runtime\Cache\Admin\836688c1f1d849de38afaba03368efc4.php 第 43 行.
NOTIC: [8] Use of undefined constant lower - assumed 'lower' E:\WWW\eps\Application\Runtime\Cache\Admin\836688c1f1d849de38afaba03368efc4.php 第 45 行.
NOTIC: [8] Use of undefined constant lower - assumed 'lower' E:\WWW\eps\Application\Runtime\Cache\Admin\836688c1f1d849de38afaba03368efc4.php 第 61 行.
NOTIC: [8] Use of undefined constant lower - assumed 'lower' E:\WWW\eps\Application\Runtime\Cache\Admin\836688c1f1d849de38afaba03368efc4.php 第 73 行.
NOTIC: [8] Use of undefined constant lower - assumed 'lower' E:\WWW\eps\Application\Runtime\Cache\Admin\836688c1f1d849de38afaba03368efc4.php 第 73 行.
NOTIC: [8] Use of undefined constant lower - assumed 'lower' E:\WWW\eps\Application\Runtime\Cache\Admin\836688c1f1d849de38afaba03368efc4.php 第 73 行.
NOTIC: [8] Use of undefined constant icon - assumed 'icon' E:\WWW\eps\Application\Runtime\Cache\Admin\836688c1f1d849de38afaba03368efc4.php 第 43 行.
NOTIC: [8] Use of undefined constant lower - assumed 'lower' E:\WWW\eps\Application\Runtime\Cache\Admin\836688c1f1d849de38afaba03368efc4.php 第 45 行.
NOTIC: [8] Use of undefined constant lower - assumed 'lower' E:\WWW\eps\Application\Runtime\Cache\Admin\836688c1f1d849de38afaba03368efc4.php 第 61 行.
NOTIC: [8] Use of undefined constant lower - assumed 'lower' E:\WWW\eps\Application\Runtime\Cache\Admin\836688c1f1d849de38afaba03368efc4.php 第 73 行.
NOTIC: [8] Use of undefined constant lower - assumed 'lower' E:\WWW\eps\Application\Runtime\Cache\Admin\836688c1f1d849de38afaba03368efc4.php 第 73 行.
NOTIC: [8] Use of undefined constant icon - assumed 'icon' E:\WWW\eps\Application\Runtime\Cache\Admin\836688c1f1d849de38afaba03368efc4.php 第 43 行.
NOTIC: [8] Use of undefined constant lower - assumed 'lower' E:\WWW\eps\Application\Runtime\Cache\Admin\836688c1f1d849de38afaba03368efc4.php 第 45 行.
NOTIC: [8] Use of undefined constant lower - assumed 'lower' E:\WWW\eps\Application\Runtime\Cache\Admin\836688c1f1d849de38afaba03368efc4.php 第 61 行.
NOTIC: [8] Use of undefined constant lower - assumed 'lower' E:\WWW\eps\Application\Runtime\Cache\Admin\836688c1f1d849de38afaba03368efc4.php 第 73 行.
NOTIC: [8] Use of undefined constant lower - assumed 'lower' E:\WWW\eps\Application\Runtime\Cache\Admin\836688c1f1d849de38afaba03368efc4.php 第 73 行.
NOTIC: [8] Use of undefined constant lower - assumed 'lower' E:\WWW\eps\Application\Runtime\Cache\Admin\836688c1f1d849de38afaba03368efc4.php 第 73 行.
NOTIC: [8] Use of undefined constant icon - assumed 'icon' E:\WWW\eps\Application\Runtime\Cache\Admin\836688c1f1d849de38afaba03368efc4.php 第 43 行.
NOTIC: [8] Use of undefined constant lower - assumed 'lower' E:\WWW\eps\Application\Runtime\Cache\Admin\836688c1f1d849de38afaba03368efc4.php 第 45 行.
NOTIC: [8] Use of undefined constant lower - assumed 'lower' E:\WWW\eps\Application\Runtime\Cache\Admin\836688c1f1d849de38afaba03368efc4.php 第 61 行.
NOTIC: [8] Use of undefined constant lower - assumed 'lower' E:\WWW\eps\Application\Runtime\Cache\Admin\836688c1f1d849de38afaba03368efc4.php 第 73 行.
NOTIC: [8] Use of undefined constant lower - assumed 'lower' E:\WWW\eps\Application\Runtime\Cache\Admin\836688c1f1d849de38afaba03368efc4.php 第 73 行.
NOTIC: [8] Use of undefined constant lower - assumed 'lower' E:\WWW\eps\Application\Runtime\Cache\Admin\836688c1f1d849de38afaba03368efc4.php 第 73 行.
NOTIC: [8] Use of undefined constant lower - assumed 'lower' E:\WWW\eps\Application\Runtime\Cache\Admin\836688c1f1d849de38afaba03368efc4.php 第 73 行.
NOTIC: [8] Use of undefined constant icon - assumed 'icon' E:\WWW\eps\Application\Runtime\Cache\Admin\836688c1f1d849de38afaba03368efc4.php 第 43 行.
NOTIC: [8] Use of undefined constant lower - assumed 'lower' E:\WWW\eps\Application\Runtime\Cache\Admin\836688c1f1d849de38afaba03368efc4.php 第 45 行.
NOTIC: [8] Use of undefined constant lower - assumed 'lower' E:\WWW\eps\Application\Runtime\Cache\Admin\836688c1f1d849de38afaba03368efc4.php 第 61 行.
NOTIC: [8] Use of undefined constant lower - assumed 'lower' E:\WWW\eps\Application\Runtime\Cache\Admin\836688c1f1d849de38afaba03368efc4.php 第 73 行.
NOTIC: [8] Use of undefined constant lower - assumed 'lower' E:\WWW\eps\Application\Runtime\Cache\Admin\836688c1f1d849de38afaba03368efc4.php 第 73 行.
NOTIC: [8] Use of undefined constant icon - assumed 'icon' E:\WWW\eps\Application\Runtime\Cache\Admin\836688c1f1d849de38afaba03368efc4.php 第 43 行.
NOTIC: [8] Use of undefined constant lower - assumed 'lower' E:\WWW\eps\Application\Runtime\Cache\Admin\836688c1f1d849de38afaba03368efc4.php 第 45 行.
NOTIC: [8] Use of undefined constant lower - assumed 'lower' E:\WWW\eps\Application\Runtime\Cache\Admin\836688c1f1d849de38afaba03368efc4.php 第 61 行.
NOTIC: [8] Use of undefined constant lower - assumed 'lower' E:\WWW\eps\Application\Runtime\Cache\Admin\836688c1f1d849de38afaba03368efc4.php 第 73 行.
NOTIC: [8] Use of undefined constant icon - assumed 'icon' E:\WWW\eps\Application\Runtime\Cache\Admin\836688c1f1d849de38afaba03368efc4.php 第 43 行.
NOTIC: [8] Use of undefined constant lower - assumed 'lower' E:\WWW\eps\Application\Runtime\Cache\Admin\836688c1f1d849de38afaba03368efc4.php 第 45 行.
NOTIC: [8] Use of undefined constant lower - assumed 'lower' E:\WWW\eps\Application\Runtime\Cache\Admin\836688c1f1d849de38afaba03368efc4.php 第 61 行.
NOTIC: [8] Use of undefined constant lower - assumed 'lower' E:\WWW\eps\Application\Runtime\Cache\Admin\836688c1f1d849de38afaba03368efc4.php 第 73 行.
NOTIC: [8] Use of undefined constant lower - assumed 'lower' E:\WWW\eps\Application\Runtime\Cache\Admin\836688c1f1d849de38afaba03368efc4.php 第 73 行.
NOTIC: [8] Use of undefined constant lower - assumed 'lower' E:\WWW\eps\Application\Runtime\Cache\Admin\836688c1f1d849de38afaba03368efc4.php 第 73 行.
NOTIC: [8] Use of undefined constant icon - assumed 'icon' E:\WWW\eps\Application\Runtime\Cache\Admin\836688c1f1d849de38afaba03368efc4.php 第 43 行.
NOTIC: [8] Use of undefined constant lower - assumed 'lower' E:\WWW\eps\Application\Runtime\Cache\Admin\836688c1f1d849de38afaba03368efc4.php 第 45 行.
NOTIC: [8] Use of undefined constant icon - assumed 'icon' E:\WWW\eps\Application\Runtime\Cache\Admin\836688c1f1d849de38afaba03368efc4.php 第 43 行.
NOTIC: [8] Use of undefined constant lower - assumed 'lower' E:\WWW\eps\Application\Runtime\Cache\Admin\836688c1f1d849de38afaba03368efc4.php 第 45 行.
INFO: Run Behavior\ParseTemplateBehavior [ RunTime:0.016000s ]
INFO: [ view_parse ] --END-- [ RunTime:0.016000s ]
INFO: [ view_filter ] --START--
INFO: Run Behavior\WriteHtmlCacheBehavior [ RunTime:0.001000s ]
INFO: [ view_filter ] --END-- [ RunTime:0.001000s ]
INFO: [ app_end ] --START--
INFO: Run Behavior\ShowPageTraceBehavior [ RunTime:0.001000s ]
INFO: [ app_end ] --END-- [ RunTime:0.001000s ]

[ 2017-11-06T17:16:21+08:00 ] 127.0.0.1 /Admin/Main/public_main.html
INFO: [ app_init ] --START--
INFO: Run Behavior\BuildLiteBehavior [ RunTime:0.000000s ]
INFO: [ app_init ] --END-- [ RunTime:0.000000s ]
INFO: [ app_begin ] --START--
INFO: Run Behavior\ReadHtmlCacheBehavior [ RunTime:0.001000s ]
INFO: [ app_begin ] --END-- [ RunTime:0.001000s ]
NOTIC: [2048] Declaration of Appframe\AdminbaseController::success() should be compatible with that of Think\Controller::success() E:\WWW\eps\Application\Appframe\AdminbaseController.class.php 第 6 行.
SQL: SHOW COLUMNS FROM `d_user` [ RunTime:0.0090s ]
SQL: SELECT COUNT(*) AS tp_count FROM `d_user` WHERE ( 1=1 ) LIMIT 1   [ RunTime:0.0010s ]
SQL: SELECT COUNT(*) AS tp_count FROM `d_user` WHERE ( 1=1 and type='1' ) LIMIT 1   [ RunTime:0.0010s ]
SQL: SHOW COLUMNS FROM `d_need` [ RunTime:0.0090s ]
SQL: SELECT COUNT(*) AS tp_count FROM `d_need` WHERE ( 1=1 ) LIMIT 1   [ RunTime:0.0000s ]
SQL: SELECT sum(reward) as reward FROM `d_need` WHERE ( 1=1 and status='5' ) LIMIT 1   [ RunTime:0.0000s ]
SQL: SELECT sum(reward-get_reward) as reward FROM `d_need` WHERE ( 1=1 and status='5' ) LIMIT 1   [ RunTime:0.0010s ]
SQL: SHOW COLUMNS FROM `d_fxloginlog` [ RunTime:0.0050s ]
SQL: SELECT * FROM `d_fxloginlog` ORDER BY `loginid` desc LIMIT 0,10   [ RunTime:0.0000s ]
SQL: SELECT sum(reward) as reward FROM `d_need` WHERE ( status='5' and end_time>'2017-06-01' and end_time<'2017-06-31' ) LIMIT 1   [ RunTime:0.0000s ]
SQL: SELECT sum(get_reward) as reward FROM `d_need` WHERE ( status='5' and end_time>'2017-06-01' and end_time<'2017-06-31' ) LIMIT 1   [ RunTime:0.0010s ]
SQL: SELECT sum(get_reward) as reward FROM `d_need` WHERE ( status='5' and reward_m_f=1 and end_time>'2017-06-01' and end_time<'2017-06-31' ) LIMIT 1   [ RunTime:0.0000s ]
SQL: SELECT sum(reward) as reward FROM `d_need` WHERE ( status='5' and end_time>'2017-07-01' and end_time<'2017-07-31' ) LIMIT 1   [ RunTime:0.0000s ]
SQL: SELECT sum(get_reward) as reward FROM `d_need` WHERE ( status='5' and end_time>'2017-07-01' and end_time<'2017-07-31' ) LIMIT 1   [ RunTime:0.0010s ]
SQL: SELECT sum(get_reward) as reward FROM `d_need` WHERE ( status='5' and reward_m_f=1 and end_time>'2017-07-01' and end_time<'2017-07-31' ) LIMIT 1   [ RunTime:0.0000s ]
SQL: SELECT sum(reward) as reward FROM `d_need` WHERE ( status='5' and end_time>'2017-08-01' and end_time<'2017-08-31' ) LIMIT 1   [ RunTime:0.0000s ]
SQL: SELECT sum(get_reward) as reward FROM `d_need` WHERE ( status='5' and end_time>'2017-08-01' and end_time<'2017-08-31' ) LIMIT 1   [ RunTime:0.0010s ]
SQL: SELECT sum(get_reward) as reward FROM `d_need` WHERE ( status='5' and reward_m_f=1 and end_time>'2017-08-01' and end_time<'2017-08-31' ) LIMIT 1   [ RunTime:0.0000s ]
SQL: SELECT sum(reward) as reward FROM `d_need` WHERE ( status='5' and end_time>'2017-09-01' and end_time<'2017-09-31' ) LIMIT 1   [ RunTime:0.0000s ]
SQL: SELECT sum(get_reward) as reward FROM `d_need` WHERE ( status='5' and end_time>'2017-09-01' and end_time<'2017-09-31' ) LIMIT 1   [ RunTime:0.0010s ]
SQL: SELECT sum(get_reward) as reward FROM `d_need` WHERE ( status='5' and reward_m_f=1 and end_time>'2017-09-01' and end_time<'2017-09-31' ) LIMIT 1   [ RunTime:0.0000s ]
SQL: SELECT sum(reward) as reward FROM `d_need` WHERE ( status='5' and end_time>'2017-10-01' and end_time<'2017-10-31' ) LIMIT 1   [ RunTime:0.0000s ]
SQL: SELECT sum(get_reward) as reward FROM `d_need` WHERE ( status='5' and end_time>'2017-10-01' and end_time<'2017-10-31' ) LIMIT 1   [ RunTime:0.0010s ]
SQL: SELECT sum(get_reward) as reward FROM `d_need` WHERE ( status='5' and reward_m_f=1 and end_time>'2017-10-01' and end_time<'2017-10-31' ) LIMIT 1   [ RunTime:0.0000s ]
SQL: SELECT sum(reward) as reward FROM `d_need` WHERE ( status='5' and end_time>'2017-11-01' and end_time<'2017-11-31' ) LIMIT 1   [ RunTime:0.0000s ]
SQL: SELECT sum(get_reward) as reward FROM `d_need` WHERE ( status='5' and end_time>'2017-11-01' and end_time<'2017-11-31' ) LIMIT 1   [ RunTime:0.0010s ]
SQL: SELECT sum(get_reward) as reward FROM `d_need` WHERE ( status='5' and reward_m_f=1 and end_time>'2017-11-01' and end_time<'2017-11-31' ) LIMIT 1   [ RunTime:0.0010s ]
INFO: [ view_parse ] --START--
INFO: [ template_filter ] --START--
INFO: Run Behavior\ContentReplaceBehavior [ RunTime:0.000000s ]
INFO: [ template_filter ] --END-- [ RunTime:0.000000s ]
INFO: Run Behavior\ParseTemplateBehavior [ RunTime:0.013000s ]
INFO: [ view_parse ] --END-- [ RunTime:0.013000s ]
INFO: [ view_filter ] --START--
INFO: Run Behavior\WriteHtmlCacheBehavior [ RunTime:0.001000s ]
INFO: [ view_filter ] --END-- [ RunTime:0.001000s ]
INFO: [ app_end ] --START--
INFO: Run Behavior\ShowPageTraceBehavior [ RunTime:0.001000s ]
INFO: [ app_end ] --END-- [ RunTime:0.001000s ]

[ 2017-11-06T17:17:32+08:00 ] 127.0.0.1 /Admin/Index/index.html
INFO: [ app_init ] --START--
INFO: Run Behavior\BuildLiteBehavior [ RunTime:0.000000s ]
INFO: [ app_init ] --END-- [ RunTime:0.001000s ]
INFO: [ app_begin ] --START--
INFO: Run Behavior\ReadHtmlCacheBehavior [ RunTime:0.001000s ]
INFO: [ app_begin ] --END-- [ RunTime:0.001000s ]
NOTIC: [2048] Declaration of Appframe\AdminbaseController::success() should be compatible with that of Think\Controller::success() E:\WWW\eps\Application\Appframe\AdminbaseController.class.php 第 6 行.
SQL: SHOW COLUMNS FROM `d_fxuser` [ RunTime:0.0100s ]
SQL: SELECT `id`,`username`,`nickname`,`last_login_time`,`last_login_ip`,`email`,`status` FROM `d_fxuser` WHERE `id` = 1  [ RunTime:0.0010s ]
SQL: SHOW COLUMNS FROM `d_fxmenu` [ RunTime:0.0070s ]
SQL: SELECT * FROM `d_fxmenu` WHERE `parentid` = 0 AND `status` = 1 ORDER BY listorder asc  [ RunTime:0.0010s ]
SQL: SELECT * FROM `d_fxmenu` WHERE `parentid` = 36 AND `status` = 1 ORDER BY listorder asc  [ RunTime:0.0010s ]
SQL: SELECT * FROM `d_fxmenu` WHERE `parentid` = 38 AND `status` = 1 ORDER BY listorder asc  [ RunTime:0.0000s ]
NOTIC: [8] Undefined variable: data E:\WWW\eps\Application\Admin\Model\FxmenuModel.class.php 第 83 行.
SQL: SELECT * FROM `d_fxmenu` WHERE `parentid` = 8 AND `status` = 1 ORDER BY listorder asc  [ RunTime:0.0000s ]
SQL: SELECT * FROM `d_fxmenu` WHERE `parentid` = 33 AND `status` = 1 ORDER BY listorder asc  [ RunTime:0.0000s ]
NOTIC: [8] Undefined variable: data E:\WWW\eps\Application\Admin\Model\FxmenuModel.class.php 第 83 行.
SQL: SELECT * FROM `d_fxmenu` WHERE `parentid` = 10 AND `status` = 1 ORDER BY listorder asc  [ RunTime:0.0000s ]
NOTIC: [8] Undefined variable: data E:\WWW\eps\Application\Admin\Model\FxmenuModel.class.php 第 83 行.
SQL: SELECT * FROM `d_fxmenu` WHERE `parentid` = 39 AND `status` = 1 ORDER BY listorder asc  [ RunTime:0.0010s ]
SQL: SELECT * FROM `d_fxmenu` WHERE `parentid` = 40 AND `status` = 1 ORDER BY listorder asc  [ RunTime:0.0010s ]
NOTIC: [8] Undefined variable: data E:\WWW\eps\Application\Admin\Model\FxmenuModel.class.php 第 83 行.
SQL: SELECT * FROM `d_fxmenu` WHERE `parentid` = 41 AND `status` = 1 ORDER BY listorder asc  [ RunTime:0.0000s ]
NOTIC: [8] Undefined variable: data E:\WWW\eps\Application\Admin\Model\FxmenuModel.class.php 第 83 行.
SQL: SELECT * FROM `d_fxmenu` WHERE `parentid` = 340 AND `status` = 1 ORDER BY listorder asc  [ RunTime:0.0010s ]
NOTIC: [8] Undefined variable: data E:\WWW\eps\Application\Admin\Model\FxmenuModel.class.php 第 83 行.
SQL: SELECT * FROM `d_fxmenu` WHERE `parentid` = 44 AND `status` = 1 ORDER BY listorder asc  [ RunTime:0.0000s ]
SQL: SELECT * FROM `d_fxmenu` WHERE `parentid` = 325 AND `status` = 1 ORDER BY listorder asc  [ RunTime:0.0000s ]
NOTIC: [8] Undefined variable: data E:\WWW\eps\Application\Admin\Model\FxmenuModel.class.php 第 83 行.
SQL: SELECT * FROM `d_fxmenu` WHERE `parentid` = 45 AND `status` = 1 ORDER BY listorder asc  [ RunTime:0.0000s ]
NOTIC: [8] Undefined variable: data E:\WWW\eps\Application\Admin\Model\FxmenuModel.class.php 第 83 行.
SQL: SELECT * FROM `d_fxmenu` WHERE `parentid` = 329 AND `status` = 1 ORDER BY listorder asc  [ RunTime:0.0000s ]
SQL: SELECT * FROM `d_fxmenu` WHERE `parentid` = 336 AND `status` = 1 ORDER BY listorder asc  [ RunTime:0.0010s ]
NOTIC: [8] Undefined variable: data E:\WWW\eps\Application\Admin\Model\FxmenuModel.class.php 第 83 行.
SQL: SELECT * FROM `d_fxmenu` WHERE `parentid` = 337 AND `status` = 1 ORDER BY listorder asc  [ RunTime:0.0000s ]
NOTIC: [8] Undefined variable: data E:\WWW\eps\Application\Admin\Model\FxmenuModel.class.php 第 83 行.
SQL: SELECT * FROM `d_fxmenu` WHERE `parentid` = 364 AND `status` = 1 ORDER BY listorder asc  [ RunTime:0.0010s ]
NOTIC: [8] Undefined variable: data E:\WWW\eps\Application\Admin\Model\FxmenuModel.class.php 第 83 行.
SQL: SELECT * FROM `d_fxmenu` WHERE `parentid` = 331 AND `status` = 1 ORDER BY listorder asc  [ RunTime:0.0000s ]
SQL: SELECT * FROM `d_fxmenu` WHERE `parentid` = 332 AND `status` = 1 ORDER BY listorder asc  [ RunTime:0.0010s ]
NOTIC: [8] Undefined variable: data E:\WWW\eps\Application\Admin\Model\FxmenuModel.class.php 第 83 行.
SQL: SELECT * FROM `d_fxmenu` WHERE `parentid` = 333 AND `status` = 1 ORDER BY listorder asc  [ RunTime:0.0000s ]
NOTIC: [8] Undefined variable: data E:\WWW\eps\Application\Admin\Model\FxmenuModel.class.php 第 83 行.
SQL: SELECT * FROM `d_fxmenu` WHERE `parentid` = 338 AND `status` = 1 ORDER BY listorder asc  [ RunTime:0.0000s ]
NOTIC: [8] Undefined variable: data E:\WWW\eps\Application\Admin\Model\FxmenuModel.class.php 第 83 行.
SQL: SELECT * FROM `d_fxmenu` WHERE `parentid` = 365 AND `status` = 1 ORDER BY listorder asc  [ RunTime:0.0000s ]
NOTIC: [8] Undefined variable: data E:\WWW\eps\Application\Admin\Model\FxmenuModel.class.php 第 83 行.
SQL: SELECT * FROM `d_fxmenu` WHERE `parentid` = 366 AND `status` = 1 ORDER BY listorder asc  [ RunTime:0.0000s ]
SQL: SELECT * FROM `d_fxmenu` WHERE `parentid` = 367 AND `status` = 1 ORDER BY listorder asc  [ RunTime:0.0000s ]
NOTIC: [8] Undefined variable: data E:\WWW\eps\Application\Admin\Model\FxmenuModel.class.php 第 83 行.
SQL: SELECT * FROM `d_fxmenu` WHERE `parentid` = 368 AND `status` = 1 ORDER BY listorder asc  [ RunTime:0.0000s ]
NOTIC: [8] Undefined variable: data E:\WWW\eps\Application\Admin\Model\FxmenuModel.class.php 第 83 行.
SQL: SELECT * FROM `d_fxmenu` WHERE `parentid` = 380 AND `status` = 1 ORDER BY listorder asc  [ RunTime:0.0010s ]
SQL: SELECT * FROM `d_fxmenu` WHERE `parentid` = 381 AND `status` = 1 ORDER BY listorder asc  [ RunTime:0.0000s ]
NOTIC: [8] Undefined variable: data E:\WWW\eps\Application\Admin\Model\FxmenuModel.class.php 第 83 行.
SQL: SELECT * FROM `d_fxmenu` WHERE `parentid` = 386 AND `status` = 1 ORDER BY listorder asc  [ RunTime:0.0010s ]
SQL: SELECT * FROM `d_fxmenu` WHERE `parentid` = 387 AND `status` = 1 ORDER BY listorder asc  [ RunTime:0.0000s ]
NOTIC: [8] Undefined variable: data E:\WWW\eps\Application\Admin\Model\FxmenuModel.class.php 第 83 行.
SQL: SELECT * FROM `d_fxmenu` WHERE `parentid` = 388 AND `status` = 1 ORDER BY listorder asc  [ RunTime:0.0010s ]
NOTIC: [8] Undefined variable: data E:\WWW\eps\Application\Admin\Model\FxmenuModel.class.php 第 83 行.
SQL: SELECT * FROM `d_fxmenu` WHERE `parentid` = 390 AND `status` = 1 ORDER BY listorder asc  [ RunTime:0.0000s ]
NOTIC: [8] Undefined variable: data E:\WWW\eps\Application\Admin\Model\FxmenuModel.class.php 第 83 行.
SQL: SELECT * FROM `d_fxmenu` WHERE `parentid` = 371 AND `status` = 1 ORDER BY listorder asc  [ RunTime:0.0010s ]
NOTIC: [8] Undefined variable: data E:\WWW\eps\Application\Admin\Model\FxmenuModel.class.php 第 83 行.
SQL: SELECT * FROM `d_fxmenu` WHERE `parentid` = 335 AND `status` = 1 ORDER BY listorder asc  [ RunTime:0.0000s ]
NOTIC: [8] Undefined variable: data E:\WWW\eps\Application\Admin\Model\FxmenuModel.class.php 第 83 行.
SQL: SHOW COLUMNS FROM `d_fxadmin_panel` [ RunTime:0.0040s ]
SQL: SELECT * FROM `d_fxadmin_panel` WHERE `userid` = 1  [ RunTime:0.0000s ]
INFO: [ view_parse ] --START--
INFO: [ template_filter ] --START--
INFO: Run Behavior\ContentReplaceBehavior [ RunTime:0.000000s ]
INFO: [ template_filter ] --END-- [ RunTime:0.000000s ]
NOTIC: [8] Undefined variable: admin E:\WWW\eps\Application\Runtime\Cache\Admin\836688c1f1d849de38afaba03368efc4.php 第 133 行.
NOTIC: [8] Use of undefined constant user_login - assumed 'user_login' E:\WWW\eps\Application\Runtime\Cache\Admin\836688c1f1d849de38afaba03368efc4.php 第 135 行.
NOTIC: [8] Undefined variable: admin E:\WWW\eps\Application\Runtime\Cache\Admin\836688c1f1d849de38afaba03368efc4.php 第 135 行.
NOTIC: [8] Use of undefined constant icon - assumed 'icon' E:\WWW\eps\Application\Runtime\Cache\Admin\836688c1f1d849de38afaba03368efc4.php 第 43 行.
NOTIC: [8] Use of undefined constant lower - assumed 'lower' E:\WWW\eps\Application\Runtime\Cache\Admin\836688c1f1d849de38afaba03368efc4.php 第 45 行.
NOTIC: [8] Use of undefined constant lower - assumed 'lower' E:\WWW\eps\Application\Runtime\Cache\Admin\836688c1f1d849de38afaba03368efc4.php 第 61 行.
NOTIC: [8] Use of undefined constant lower - assumed 'lower' E:\WWW\eps\Application\Runtime\Cache\Admin\836688c1f1d849de38afaba03368efc4.php 第 73 行.
NOTIC: [8] Use of undefined constant icon - assumed 'icon' E:\WWW\eps\Application\Runtime\Cache\Admin\836688c1f1d849de38afaba03368efc4.php 第 43 行.
NOTIC: [8] Use of undefined constant lower - assumed 'lower' E:\WWW\eps\Application\Runtime\Cache\Admin\836688c1f1d849de38afaba03368efc4.php 第 45 行.
NOTIC: [8] Use of undefined constant lower - assumed 'lower' E:\WWW\eps\Application\Runtime\Cache\Admin\836688c1f1d849de38afaba03368efc4.php 第 61 行.
NOTIC: [8] Use of undefined constant lower - assumed 'lower' E:\WWW\eps\Application\Runtime\Cache\Admin\836688c1f1d849de38afaba03368efc4.php 第 73 行.
NOTIC: [8] Use of undefined constant lower - assumed 'lower' E:\WWW\eps\Application\Runtime\Cache\Admin\836688c1f1d849de38afaba03368efc4.php 第 73 行.
NOTIC: [8] Use of undefined constant icon - assumed 'icon' E:\WWW\eps\Application\Runtime\Cache\Admin\836688c1f1d849de38afaba03368efc4.php 第 43 行.
NOTIC: [8] Use of undefined constant lower - assumed 'lower' E:\WWW\eps\Application\Runtime\Cache\Admin\836688c1f1d849de38afaba03368efc4.php 第 45 行.
NOTIC: [8] Use of undefined constant lower - assumed 'lower' E:\WWW\eps\Application\Runtime\Cache\Admin\836688c1f1d849de38afaba03368efc4.php 第 61 行.
NOTIC: [8] Use of undefined constant lower - assumed 'lower' E:\WWW\eps\Application\Runtime\Cache\Admin\836688c1f1d849de38afaba03368efc4.php 第 73 行.
NOTIC: [8] Use of undefined constant lower - assumed 'lower' E:\WWW\eps\Application\Runtime\Cache\Admin\836688c1f1d849de38afaba03368efc4.php 第 73 行.
NOTIC: [8] Use of undefined constant lower - assumed 'lower' E:\WWW\eps\Application\Runtime\Cache\Admin\836688c1f1d849de38afaba03368efc4.php 第 73 行.
NOTIC: [8] Use of undefined constant icon - assumed 'icon' E:\WWW\eps\Application\Runtime\Cache\Admin\836688c1f1d849de38afaba03368efc4.php 第 43 行.
NOTIC: [8] Use of undefined constant lower - assumed 'lower' E:\WWW\eps\Application\Runtime\Cache\Admin\836688c1f1d849de38afaba03368efc4.php 第 45 行.
NOTIC: [8] Use of undefined constant lower - assumed 'lower' E:\WWW\eps\Application\Runtime\Cache\Admin\836688c1f1d849de38afaba03368efc4.php 第 61 行.
NOTIC: [8] Use of undefined constant lower - assumed 'lower' E:\WWW\eps\Application\Runtime\Cache\Admin\836688c1f1d849de38afaba03368efc4.php 第 73 行.
NOTIC: [8] Use of undefined constant lower - assumed 'lower' E:\WWW\eps\Application\Runtime\Cache\Admin\836688c1f1d849de38afaba03368efc4.php 第 73 行.
NOTIC: [8] Use of undefined constant icon - assumed 'icon' E:\WWW\eps\Application\Runtime\Cache\Admin\836688c1f1d849de38afaba03368efc4.php 第 43 行.
NOTIC: [8] Use of undefined constant lower - assumed 'lower' E:\WWW\eps\Application\Runtime\Cache\Admin\836688c1f1d849de38afaba03368efc4.php 第 45 行.
NOTIC: [8] Use of undefined constant lower - assumed 'lower' E:\WWW\eps\Application\Runtime\Cache\Admin\836688c1f1d849de38afaba03368efc4.php 第 61 行.
NOTIC: [8] Use of undefined constant lower - assumed 'lower' E:\WWW\eps\Application\Runtime\Cache\Admin\836688c1f1d849de38afaba03368efc4.php 第 73 行.
NOTIC: [8] Use of undefined constant lower - assumed 'lower' E:\WWW\eps\Application\Runtime\Cache\Admin\836688c1f1d849de38afaba03368efc4.php 第 73 行.
NOTIC: [8] Use of undefined constant lower - assumed 'lower' E:\WWW\eps\Application\Runtime\Cache\Admin\836688c1f1d849de38afaba03368efc4.php 第 73 行.
NOTIC: [8] Use of undefined constant icon - assumed 'icon' E:\WWW\eps\Application\Runtime\Cache\Admin\836688c1f1d849de38afaba03368efc4.php 第 43 行.
NOTIC: [8] Use of undefined constant lower - assumed 'lower' E:\WWW\eps\Application\Runtime\Cache\Admin\836688c1f1d849de38afaba03368efc4.php 第 45 行.
NOTIC: [8] Use of undefined constant lower - assumed 'lower' E:\WWW\eps\Application\Runtime\Cache\Admin\836688c1f1d849de38afaba03368efc4.php 第 61 行.
NOTIC: [8] Use of undefined constant lower - assumed 'lower' E:\WWW\eps\Application\Runtime\Cache\Admin\836688c1f1d849de38afaba03368efc4.php 第 73 行.
NOTIC: [8] Use of undefined constant lower - assumed 'lower' E:\WWW\eps\Application\Runtime\Cache\Admin\836688c1f1d849de38afaba03368efc4.php 第 73 行.
NOTIC: [8] Use of undefined constant lower - assumed 'lower' E:\WWW\eps\Application\Runtime\Cache\Admin\836688c1f1d849de38afaba03368efc4.php 第 73 行.
NOTIC: [8] Use of undefined constant lower - assumed 'lower' E:\WWW\eps\Application\Runtime\Cache\Admin\836688c1f1d849de38afaba03368efc4.php 第 73 行.
NOTIC: [8] Use of undefined constant icon - assumed 'icon' E:\WWW\eps\Application\Runtime\Cache\Admin\836688c1f1d849de38afaba03368efc4.php 第 43 行.
NOTIC: [8] Use of undefined constant lower - assumed 'lower' E:\WWW\eps\Application\Runtime\Cache\Admin\836688c1f1d849de38afaba03368efc4.php 第 45 行.
NOTIC: [8] Use of undefined constant lower - assumed 'lower' E:\WWW\eps\Application\Runtime\Cache\Admin\836688c1f1d849de38afaba03368efc4.php 第 61 行.
NOTIC: [8] Use of undefined constant lower - assumed 'lower' E:\WWW\eps\Application\Runtime\Cache\Admin\836688c1f1d849de38afaba03368efc4.php 第 73 行.
NOTIC: [8] Use of undefined constant lower - assumed 'lower' E:\WWW\eps\Application\Runtime\Cache\Admin\836688c1f1d849de38afaba03368efc4.php 第 73 行.
NOTIC: [8] Use of undefined constant icon - assumed 'icon' E:\WWW\eps\Application\Runtime\Cache\Admin\836688c1f1d849de38afaba03368efc4.php 第 43 行.
NOTIC: [8] Use of undefined constant lower - assumed 'lower' E:\WWW\eps\Application\Runtime\Cache\Admin\836688c1f1d849de38afaba03368efc4.php 第 45 行.
NOTIC: [8] Use of undefined constant lower - assumed 'lower' E:\WWW\eps\Application\Runtime\Cache\Admin\836688c1f1d849de38afaba03368efc4.php 第 61 行.
NOTIC: [8] Use of undefined constant lower - assumed 'lower' E:\WWW\eps\Application\Runtime\Cache\Admin\836688c1f1d849de38afaba03368efc4.php 第 73 行.
NOTIC: [8] Use of undefined constant icon - assumed 'icon' E:\WWW\eps\Application\Runtime\Cache\Admin\836688c1f1d849de38afaba03368efc4.php 第 43 行.
NOTIC: [8] Use of undefined constant lower - assumed 'lower' E:\WWW\eps\Application\Runtime\Cache\Admin\836688c1f1d849de38afaba03368efc4.php 第 45 行.
NOTIC: [8] Use of undefined constant lower - assumed 'lower' E:\WWW\eps\Application\Runtime\Cache\Admin\836688c1f1d849de38afaba03368efc4.php 第 61 行.
NOTIC: [8] Use of undefined constant lower - assumed 'lower' E:\WWW\eps\Application\Runtime\Cache\Admin\836688c1f1d849de38afaba03368efc4.php 第 73 行.
NOTIC: [8] Use of undefined constant lower - assumed 'lower' E:\WWW\eps\Application\Runtime\Cache\Admin\836688c1f1d849de38afaba03368efc4.php 第 73 行.
NOTIC: [8] Use of undefined constant lower - assumed 'lower' E:\WWW\eps\Application\Runtime\Cache\Admin\836688c1f1d849de38afaba03368efc4.php 第 73 行.
NOTIC: [8] Use of undefined constant icon - assumed 'icon' E:\WWW\eps\Application\Runtime\Cache\Admin\836688c1f1d849de38afaba03368efc4.php 第 43 行.
NOTIC: [8] Use of undefined constant lower - assumed 'lower' E:\WWW\eps\Application\Runtime\Cache\Admin\836688c1f1d849de38afaba03368efc4.php 第 45 行.
NOTIC: [8] Use of undefined constant icon - assumed 'icon' E:\WWW\eps\Application\Runtime\Cache\Admin\836688c1f1d849de38afaba03368efc4.php 第 43 行.
NOTIC: [8] Use of undefined constant lower - assumed 'lower' E:\WWW\eps\Application\Runtime\Cache\Admin\836688c1f1d849de38afaba03368efc4.php 第 45 行.
INFO: Run Behavior\ParseTemplateBehavior [ RunTime:0.012000s ]
INFO: [ view_parse ] --END-- [ RunTime:0.013000s ]
INFO: [ view_filter ] --START--
INFO: Run Behavior\WriteHtmlCacheBehavior [ RunTime:0.001000s ]
INFO: [ view_filter ] --END-- [ RunTime:0.001000s ]
INFO: [ app_end ] --START--
INFO: Run Behavior\ShowPageTraceBehavior [ RunTime:0.001000s ]
INFO: [ app_end ] --END-- [ RunTime:0.001000s ]

[ 2017-11-06T17:17:33+08:00 ] 127.0.0.1 /Admin/Main/public_main.html
INFO: [ app_init ] --START--
INFO: Run Behavior\BuildLiteBehavior [ RunTime:0.000000s ]
INFO: [ app_init ] --END-- [ RunTime:0.000000s ]
INFO: [ app_begin ] --START--
INFO: Run Behavior\ReadHtmlCacheBehavior [ RunTime:0.001000s ]
INFO: [ app_begin ] --END-- [ RunTime:0.001000s ]
NOTIC: [2048] Declaration of Appframe\AdminbaseController::success() should be compatible with that of Think\Controller::success() E:\WWW\eps\Application\Appframe\AdminbaseController.class.php 第 6 行.
SQL: SHOW COLUMNS FROM `d_user` [ RunTime:0.0090s ]
SQL: SELECT COUNT(*) AS tp_count FROM `d_user` WHERE ( 1=1 ) LIMIT 1   [ RunTime:0.0010s ]
SQL: SELECT COUNT(*) AS tp_count FROM `d_user` WHERE ( 1=1 and type='1' ) LIMIT 1   [ RunTime:0.0010s ]
SQL: SHOW COLUMNS FROM `d_need` [ RunTime:0.0100s ]
SQL: SELECT COUNT(*) AS tp_count FROM `d_need` WHERE ( 1=1 ) LIMIT 1   [ RunTime:0.0000s ]
SQL: SELECT sum(reward) as reward FROM `d_need` WHERE ( 1=1 and status='5' ) LIMIT 1   [ RunTime:0.0010s ]
SQL: SELECT sum(reward-get_reward) as reward FROM `d_need` WHERE ( 1=1 and status='5' ) LIMIT 1   [ RunTime:0.0010s ]
SQL: SHOW COLUMNS FROM `d_fxloginlog` [ RunTime:0.0080s ]
SQL: SELECT * FROM `d_fxloginlog` ORDER BY `loginid` desc LIMIT 0,10   [ RunTime:0.0020s ]
SQL: SELECT sum(reward) as reward FROM `d_need` WHERE ( status='5' and end_time>'2017-06-01' and end_time<'2017-06-31' ) LIMIT 1   [ RunTime:0.0010s ]
SQL: SELECT sum(get_reward) as reward FROM `d_need` WHERE ( status='5' and end_time>'2017-06-01' and end_time<'2017-06-31' ) LIMIT 1   [ RunTime:0.0010s ]
SQL: SELECT sum(get_reward) as reward FROM `d_need` WHERE ( status='5' and reward_m_f=1 and end_time>'2017-06-01' and end_time<'2017-06-31' ) LIMIT 1   [ RunTime:0.0000s ]
SQL: SELECT sum(reward) as reward FROM `d_need` WHERE ( status='5' and end_time>'2017-07-01' and end_time<'2017-07-31' ) LIMIT 1   [ RunTime:0.0000s ]
SQL: SELECT sum(get_reward) as reward FROM `d_need` WHERE ( status='5' and end_time>'2017-07-01' and end_time<'2017-07-31' ) LIMIT 1   [ RunTime:0.0000s ]
SQL: SELECT sum(get_reward) as reward FROM `d_need` WHERE ( status='5' and reward_m_f=1 and end_time>'2017-07-01' and end_time<'2017-07-31' ) LIMIT 1   [ RunTime:0.0010s ]
SQL: SELECT sum(reward) as reward FROM `d_need` WHERE ( status='5' and end_time>'2017-08-01' and end_time<'2017-08-31' ) LIMIT 1   [ RunTime:0.0000s ]
SQL: SELECT sum(get_reward) as reward FROM `d_need` WHERE ( status='5' and end_time>'2017-08-01' and end_time<'2017-08-31' ) LIMIT 1   [ RunTime:0.0010s ]
SQL: SELECT sum(get_reward) as reward FROM `d_need` WHERE ( status='5' and reward_m_f=1 and end_time>'2017-08-01' and end_time<'2017-08-31' ) LIMIT 1   [ RunTime:0.0010s ]
SQL: SELECT sum(reward) as reward FROM `d_need` WHERE ( status='5' and end_time>'2017-09-01' and end_time<'2017-09-31' ) LIMIT 1   [ RunTime:0.0000s ]
SQL: SELECT sum(get_reward) as reward FROM `d_need` WHERE ( status='5' and end_time>'2017-09-01' and end_time<'2017-09-31' ) LIMIT 1   [ RunTime:0.0000s ]
SQL: SELECT sum(get_reward) as reward FROM `d_need` WHERE ( status='5' and reward_m_f=1 and end_time>'2017-09-01' and end_time<'2017-09-31' ) LIMIT 1   [ RunTime:0.0010s ]
SQL: SELECT sum(reward) as reward FROM `d_need` WHERE ( status='5' and end_time>'2017-10-01' and end_time<'2017-10-31' ) LIMIT 1   [ RunTime:0.0010s ]
SQL: SELECT sum(get_reward) as reward FROM `d_need` WHERE ( status='5' and end_time>'2017-10-01' and end_time<'2017-10-31' ) LIMIT 1   [ RunTime:0.0000s ]
SQL: SELECT sum(get_reward) as reward FROM `d_need` WHERE ( status='5' and reward_m_f=1 and end_time>'2017-10-01' and end_time<'2017-10-31' ) LIMIT 1   [ RunTime:0.0000s ]
SQL: SELECT sum(reward) as reward FROM `d_need` WHERE ( status='5' and end_time>'2017-11-01' and end_time<'2017-11-31' ) LIMIT 1   [ RunTime:0.0010s ]
SQL: SELECT sum(get_reward) as reward FROM `d_need` WHERE ( status='5' and end_time>'2017-11-01' and end_time<'2017-11-31' ) LIMIT 1   [ RunTime:0.0010s ]
SQL: SELECT sum(get_reward) as reward FROM `d_need` WHERE ( status='5' and reward_m_f=1 and end_time>'2017-11-01' and end_time<'2017-11-31' ) LIMIT 1   [ RunTime:0.0000s ]
INFO: [ view_parse ] --START--
INFO: [ template_filter ] --START--
INFO: Run Behavior\ContentReplaceBehavior [ RunTime:0.000000s ]
INFO: [ template_filter ] --END-- [ RunTime:0.000000s ]
INFO: Run Behavior\ParseTemplateBehavior [ RunTime:0.015000s ]
INFO: [ view_parse ] --END-- [ RunTime:0.016000s ]
INFO: [ view_filter ] --START--
INFO: Run Behavior\WriteHtmlCacheBehavior [ RunTime:0.000000s ]
INFO: [ view_filter ] --END-- [ RunTime:0.000000s ]
INFO: [ app_end ] --START--
INFO: Run Behavior\ShowPageTraceBehavior [ RunTime:0.001000s ]
INFO: [ app_end ] --END-- [ RunTime:0.001000s ]

