[ 2017-11-28T11:05:26+08:00 ] 127.0.0.1 /admin
INFO: [ app_init ] --START--
INFO: Run Behavior\BuildLiteBehavior [ RunTime:0.000000s ]
INFO: [ app_init ] --END-- [ RunTime:0.001000s ]
INFO: [ app_begin ] --START--
INFO: Run Behavior\ReadHtmlCacheBehavior [ RunTime:0.001000s ]
INFO: [ app_begin ] --END-- [ RunTime:0.001000s ]
NOTIC: [2048] Declaration of Appframe\AdminbaseController::success() should be compatible with that of Think\Controller::success() E:\WWW\eps\Application\Appframe\AdminbaseController.class.php 第 6 行.
INFO: [ view_parse ] --START--
INFO: [ template_filter ] --START--
INFO: Run Behavior\ContentReplaceBehavior [ RunTime:0.000000s ]
INFO: [ template_filter ] --END-- [ RunTime:0.000000s ]
INFO: Run Behavior\ParseTemplateBehavior [ RunTime:0.011000s ]
INFO: [ view_parse ] --END-- [ RunTime:0.011000s ]
INFO: [ view_filter ] --START--
INFO: Run Behavior\WriteHtmlCacheBehavior [ RunTime:0.001000s ]
INFO: [ view_filter ] --END-- [ RunTime:0.001000s ]

[ 2017-11-28T11:05:27+08:00 ] 127.0.0.1 /Admin/Public/login.html
INFO: [ app_init ] --START--
INFO: Run Behavior\BuildLiteBehavior [ RunTime:0.000000s ]
INFO: [ app_init ] --END-- [ RunTime:0.001000s ]
INFO: [ app_begin ] --START--
INFO: Run Behavior\ReadHtmlCacheBehavior [ RunTime:0.000000s ]
INFO: [ app_begin ] --END-- [ RunTime:0.000000s ]
NOTIC: [2048] Declaration of Appframe\AdminbaseController::success() should be compatible with that of Think\Controller::success() E:\WWW\eps\Application\Appframe\AdminbaseController.class.php 第 6 行.
INFO: [ view_parse ] --START--
INFO: [ template_filter ] --START--
INFO: Run Behavior\ContentReplaceBehavior [ RunTime:0.000000s ]
INFO: [ template_filter ] --END-- [ RunTime:0.000000s ]
NOTIC: [8] Use of undefined constant CHARSET - assumed 'CHARSET' E:\WWW\eps\Application\Runtime\Cache\Admin\3e5d3d9a1e6b1fcd430d87ee7be4f518.php 第 4 行.
NOTIC: [8] Undefined variable: Site E:\WWW\eps\Application\Runtime\Cache\Admin\3e5d3d9a1e6b1fcd430d87ee7be4f518.php 第 42 行.
INFO: Run Behavior\ParseTemplateBehavior [ RunTime:0.016000s ]
INFO: [ view_parse ] --END-- [ RunTime:0.016000s ]
INFO: [ view_filter ] --START--
INFO: Run Behavior\WriteHtmlCacheBehavior [ RunTime:0.000000s ]
INFO: [ view_filter ] --END-- [ RunTime:0.000000s ]
INFO: [ app_end ] --START--
INFO: Run Behavior\ShowPageTraceBehavior [ RunTime:0.001000s ]
INFO: [ app_end ] --END-- [ RunTime:0.001000s ]

[ 2017-11-28T11:05:36+08:00 ] 127.0.0.1 /Admin/Public/tologin.html
INFO: [ app_init ] --START--
INFO: Run Behavior\BuildLiteBehavior [ RunTime:0.000000s ]
INFO: [ app_init ] --END-- [ RunTime:0.001000s ]
INFO: [ app_begin ] --START--
INFO: Run Behavior\ReadHtmlCacheBehavior [ RunTime:0.001000s ]
INFO: [ app_begin ] --END-- [ RunTime:0.001000s ]
NOTIC: [2048] Declaration of Appframe\AdminbaseController::success() should be compatible with that of Think\Controller::success() E:\WWW\eps\Application\Appframe\AdminbaseController.class.php 第 6 行.
NOTIC: [8] Undefined offset: 1 E:\WWW\eps\ThinkPHP\Library\Think\Controller.class.php 第 232 行.
NOTIC: [8] Undefined offset: 1 E:\WWW\eps\ThinkPHP\Library\Think\Controller.class.php 第 232 行.
NOTIC: [8] Undefined offset: 1 E:\WWW\eps\ThinkPHP\Library\Think\Controller.class.php 第 232 行.
SQL: SHOW COLUMNS FROM `d_fxuser` [ RunTime:0.0330s ]
SQL: SELECT * FROM `d_fxuser` WHERE `username` = 'admin' LIMIT 1   [ RunTime:0.0010s ]
SQL: SHOW COLUMNS FROM `d_fxloginlog` [ RunTime:0.0380s ]
SQL: INSERT INTO `d_fxloginlog` (`username`,`logintime`,`loginip`,`status`,`password`,`info`) VALUES ('admin','2017-11-28 11:05:36','127.0.0.1','1','8888***','') [ RunTime:0.0540s ]
SQL: SHOW COLUMNS FROM `d_fxuser` [ RunTime:0.0140s ]
SQL: UPDATE `d_fxuser` SET `last_login_time`='1511838336',`last_login_ip`='127.0.0.1' WHERE `id` = 1 [ RunTime:0.0010s ]
SQL: SHOW COLUMNS FROM `d_fxuser` [ RunTime:0.0130s ]
SQL: SELECT * FROM `d_fxuser` WHERE (  username  = 'admin'  ) LIMIT 1   [ RunTime:0.0010s ]

[ 2017-11-28T11:05:37+08:00 ] 127.0.0.1 /Admin/Index/index.html
INFO: [ app_init ] --START--
INFO: Run Behavior\BuildLiteBehavior [ RunTime:0.000000s ]
INFO: [ app_init ] --END-- [ RunTime:0.001000s ]
INFO: [ app_begin ] --START--
INFO: Run Behavior\ReadHtmlCacheBehavior [ RunTime:0.001000s ]
INFO: [ app_begin ] --END-- [ RunTime:0.001000s ]
NOTIC: [2048] Declaration of Appframe\AdminbaseController::success() should be compatible with that of Think\Controller::success() E:\WWW\eps\Application\Appframe\AdminbaseController.class.php 第 6 行.
SQL: SHOW COLUMNS FROM `d_fxmenu` [ RunTime:0.0330s ]
SQL: SELECT * FROM `d_fxmenu` WHERE `parentid` = 0 AND `status` = 1 ORDER BY listorder asc  [ RunTime:0.0120s ]
SQL: SELECT * FROM `d_fxmenu` WHERE `parentid` = 36 AND `status` = 1 ORDER BY listorder asc  [ RunTime:0.0010s ]
SQL: SELECT * FROM `d_fxmenu` WHERE `parentid` = 38 AND `status` = 1 ORDER BY listorder asc  [ RunTime:0.0010s ]
NOTIC: [8] Undefined variable: data E:\WWW\eps\Application\Admin\Model\FxmenuModel.class.php 第 83 行.
SQL: SELECT * FROM `d_fxmenu` WHERE `parentid` = 8 AND `status` = 1 ORDER BY listorder asc  [ RunTime:0.0010s ]
SQL: SELECT * FROM `d_fxmenu` WHERE `parentid` = 33 AND `status` = 1 ORDER BY listorder asc  [ RunTime:0.0010s ]
NOTIC: [8] Undefined variable: data E:\WWW\eps\Application\Admin\Model\FxmenuModel.class.php 第 83 行.
SQL: SELECT * FROM `d_fxmenu` WHERE `parentid` = 10 AND `status` = 1 ORDER BY listorder asc  [ RunTime:0.0000s ]
NOTIC: [8] Undefined variable: data E:\WWW\eps\Application\Admin\Model\FxmenuModel.class.php 第 83 行.
SQL: SELECT * FROM `d_fxmenu` WHERE `parentid` = 39 AND `status` = 1 ORDER BY listorder asc  [ RunTime:0.0010s ]
SQL: SELECT * FROM `d_fxmenu` WHERE `parentid` = 40 AND `status` = 1 ORDER BY listorder asc  [ RunTime:0.0000s ]
NOTIC: [8] Undefined variable: data E:\WWW\eps\Application\Admin\Model\FxmenuModel.class.php 第 83 行.
SQL: SELECT * FROM `d_fxmenu` WHERE `parentid` = 41 AND `status` = 1 ORDER BY listorder asc  [ RunTime:0.0010s ]
NOTIC: [8] Undefined variable: data E:\WWW\eps\Application\Admin\Model\FxmenuModel.class.php 第 83 行.
SQL: SELECT * FROM `d_fxmenu` WHERE `parentid` = 340 AND `status` = 1 ORDER BY listorder asc  [ RunTime:0.0010s ]
NOTIC: [8] Undefined variable: data E:\WWW\eps\Application\Admin\Model\FxmenuModel.class.php 第 83 行.
SQL: SELECT * FROM `d_fxmenu` WHERE `parentid` = 44 AND `status` = 1 ORDER BY listorder asc  [ RunTime:0.0010s ]
SQL: SELECT * FROM `d_fxmenu` WHERE `parentid` = 325 AND `status` = 1 ORDER BY listorder asc  [ RunTime:0.0010s ]
NOTIC: [8] Undefined variable: data E:\WWW\eps\Application\Admin\Model\FxmenuModel.class.php 第 83 行.
SQL: SELECT * FROM `d_fxmenu` WHERE `parentid` = 45 AND `status` = 1 ORDER BY listorder asc  [ RunTime:0.0010s ]
NOTIC: [8] Undefined variable: data E:\WWW\eps\Application\Admin\Model\FxmenuModel.class.php 第 83 行.
SQL: SELECT * FROM `d_fxmenu` WHERE `parentid` = 329 AND `status` = 1 ORDER BY listorder asc  [ RunTime:0.0010s ]
SQL: SELECT * FROM `d_fxmenu` WHERE `parentid` = 336 AND `status` = 1 ORDER BY listorder asc  [ RunTime:0.0010s ]
NOTIC: [8] Undefined variable: data E:\WWW\eps\Application\Admin\Model\FxmenuModel.class.php 第 83 行.
SQL: SELECT * FROM `d_fxmenu` WHERE `parentid` = 337 AND `status` = 1 ORDER BY listorder asc  [ RunTime:0.0010s ]
NOTIC: [8] Undefined variable: data E:\WWW\eps\Application\Admin\Model\FxmenuModel.class.php 第 83 行.
SQL: SELECT * FROM `d_fxmenu` WHERE `parentid` = 364 AND `status` = 1 ORDER BY listorder asc  [ RunTime:0.0010s ]
NOTIC: [8] Undefined variable: data E:\WWW\eps\Application\Admin\Model\FxmenuModel.class.php 第 83 行.
SQL: SELECT * FROM `d_fxmenu` WHERE `parentid` = 331 AND `status` = 1 ORDER BY listorder asc  [ RunTime:0.0010s ]
SQL: SELECT * FROM `d_fxmenu` WHERE `parentid` = 332 AND `status` = 1 ORDER BY listorder asc  [ RunTime:0.0010s ]
NOTIC: [8] Undefined variable: data E:\WWW\eps\Application\Admin\Model\FxmenuModel.class.php 第 83 行.
SQL: SELECT * FROM `d_fxmenu` WHERE `parentid` = 333 AND `status` = 1 ORDER BY listorder asc  [ RunTime:0.0010s ]
NOTIC: [8] Undefined variable: data E:\WWW\eps\Application\Admin\Model\FxmenuModel.class.php 第 83 行.
SQL: SELECT * FROM `d_fxmenu` WHERE `parentid` = 338 AND `status` = 1 ORDER BY listorder asc  [ RunTime:0.0010s ]
NOTIC: [8] Undefined variable: data E:\WWW\eps\Application\Admin\Model\FxmenuModel.class.php 第 83 行.
SQL: SELECT * FROM `d_fxmenu` WHERE `parentid` = 365 AND `status` = 1 ORDER BY listorder asc  [ RunTime:0.0010s ]
NOTIC: [8] Undefined variable: data E:\WWW\eps\Application\Admin\Model\FxmenuModel.class.php 第 83 行.
SQL: SELECT * FROM `d_fxmenu` WHERE `parentid` = 366 AND `status` = 1 ORDER BY listorder asc  [ RunTime:0.0010s ]
SQL: SELECT * FROM `d_fxmenu` WHERE `parentid` = 367 AND `status` = 1 ORDER BY listorder asc  [ RunTime:0.0010s ]
NOTIC: [8] Undefined variable: data E:\WWW\eps\Application\Admin\Model\FxmenuModel.class.php 第 83 行.
SQL: SELECT * FROM `d_fxmenu` WHERE `parentid` = 368 AND `status` = 1 ORDER BY listorder asc  [ RunTime:0.0010s ]
NOTIC: [8] Undefined variable: data E:\WWW\eps\Application\Admin\Model\FxmenuModel.class.php 第 83 行.
SQL: SELECT * FROM `d_fxmenu` WHERE `parentid` = 380 AND `status` = 1 ORDER BY listorder asc  [ RunTime:0.0010s ]
SQL: SELECT * FROM `d_fxmenu` WHERE `parentid` = 381 AND `status` = 1 ORDER BY listorder asc  [ RunTime:0.0000s ]
NOTIC: [8] Undefined variable: data E:\WWW\eps\Application\Admin\Model\FxmenuModel.class.php 第 83 行.
SQL: SELECT * FROM `d_fxmenu` WHERE `parentid` = 386 AND `status` = 1 ORDER BY listorder asc  [ RunTime:0.0010s ]
SQL: SELECT * FROM `d_fxmenu` WHERE `parentid` = 387 AND `status` = 1 ORDER BY listorder asc  [ RunTime:0.0010s ]
NOTIC: [8] Undefined variable: data E:\WWW\eps\Application\Admin\Model\FxmenuModel.class.php 第 83 行.
SQL: SELECT * FROM `d_fxmenu` WHERE `parentid` = 388 AND `status` = 1 ORDER BY listorder asc  [ RunTime:0.0010s ]
NOTIC: [8] Undefined variable: data E:\WWW\eps\Application\Admin\Model\FxmenuModel.class.php 第 83 行.
SQL: SELECT * FROM `d_fxmenu` WHERE `parentid` = 390 AND `status` = 1 ORDER BY listorder asc  [ RunTime:0.0000s ]
NOTIC: [8] Undefined variable: data E:\WWW\eps\Application\Admin\Model\FxmenuModel.class.php 第 83 行.
SQL: SELECT * FROM `d_fxmenu` WHERE `parentid` = 371 AND `status` = 1 ORDER BY listorder asc  [ RunTime:0.0010s ]
NOTIC: [8] Undefined variable: data E:\WWW\eps\Application\Admin\Model\FxmenuModel.class.php 第 83 行.
SQL: SELECT * FROM `d_fxmenu` WHERE `parentid` = 335 AND `status` = 1 ORDER BY listorder asc  [ RunTime:0.0010s ]
NOTIC: [8] Undefined variable: data E:\WWW\eps\Application\Admin\Model\FxmenuModel.class.php 第 83 行.
SQL: SHOW COLUMNS FROM `d_fxadmin_panel` [ RunTime:0.0250s ]
SQL: SELECT * FROM `d_fxadmin_panel` WHERE `userid` = 1  [ RunTime:0.0010s ]
INFO: [ view_parse ] --START--
INFO: [ template_filter ] --START--
INFO: Run Behavior\ContentReplaceBehavior [ RunTime:0.001000s ]
INFO: [ template_filter ] --END-- [ RunTime:0.001000s ]
NOTIC: [8] Undefined variable: admin E:\WWW\eps\Application\Runtime\Cache\Admin\836688c1f1d849de38afaba03368efc4.php 第 133 行.
NOTIC: [8] Use of undefined constant user_login - assumed 'user_login' E:\WWW\eps\Application\Runtime\Cache\Admin\836688c1f1d849de38afaba03368efc4.php 第 135 行.
NOTIC: [8] Undefined variable: admin E:\WWW\eps\Application\Runtime\Cache\Admin\836688c1f1d849de38afaba03368efc4.php 第 135 行.
NOTIC: [8] Use of undefined constant icon - assumed 'icon' E:\WWW\eps\Application\Runtime\Cache\Admin\836688c1f1d849de38afaba03368efc4.php 第 43 行.
NOTIC: [8] Use of undefined constant lower - assumed 'lower' E:\WWW\eps\Application\Runtime\Cache\Admin\836688c1f1d849de38afaba03368efc4.php 第 45 行.
NOTIC: [8] Use of undefined constant lower - assumed 'lower' E:\WWW\eps\Application\Runtime\Cache\Admin\836688c1f1d849de38afaba03368efc4.php 第 61 行.
NOTIC: [8] Use of undefined constant lower - assumed 'lower' E:\WWW\eps\Application\Runtime\Cache\Admin\836688c1f1d849de38afaba03368efc4.php 第 73 行.
NOTIC: [8] Use of undefined constant icon - assumed 'icon' E:\WWW\eps\Application\Runtime\Cache\Admin\836688c1f1d849de38afaba03368efc4.php 第 43 行.
NOTIC: [8] Use of undefined constant lower - assumed 'lower' E:\WWW\eps\Application\Runtime\Cache\Admin\836688c1f1d849de38afaba03368efc4.php 第 45 行.
NOTIC: [8] Use of undefined constant lower - assumed 'lower' E:\WWW\eps\Application\Runtime\Cache\Admin\836688c1f1d849de38afaba03368efc4.php 第 61 行.
NOTIC: [8] Use of undefined constant lower - assumed 'lower' E:\WWW\eps\Application\Runtime\Cache\Admin\836688c1f1d849de38afaba03368efc4.php 第 73 行.
NOTIC: [8] Use of undefined constant lower - assumed 'lower' E:\WWW\eps\Application\Runtime\Cache\Admin\836688c1f1d849de38afaba03368efc4.php 第 73 行.
NOTIC: [8] Use of undefined constant icon - assumed 'icon' E:\WWW\eps\Application\Runtime\Cache\Admin\836688c1f1d849de38afaba03368efc4.php 第 43 行.
NOTIC: [8] Use of undefined constant lower - assumed 'lower' E:\WWW\eps\Application\Runtime\Cache\Admin\836688c1f1d849de38afaba03368efc4.php 第 45 行.
NOTIC: [8] Use of undefined constant lower - assumed 'lower' E:\WWW\eps\Application\Runtime\Cache\Admin\836688c1f1d849de38afaba03368efc4.php 第 61 行.
NOTIC: [8] Use of undefined constant lower - assumed 'lower' E:\WWW\eps\Application\Runtime\Cache\Admin\836688c1f1d849de38afaba03368efc4.php 第 73 行.
NOTIC: [8] Use of undefined constant lower - assumed 'lower' E:\WWW\eps\Application\Runtime\Cache\Admin\836688c1f1d849de38afaba03368efc4.php 第 73 行.
NOTIC: [8] Use of undefined constant lower - assumed 'lower' E:\WWW\eps\Application\Runtime\Cache\Admin\836688c1f1d849de38afaba03368efc4.php 第 73 行.
NOTIC: [8] Use of undefined constant icon - assumed 'icon' E:\WWW\eps\Application\Runtime\Cache\Admin\836688c1f1d849de38afaba03368efc4.php 第 43 行.
NOTIC: [8] Use of undefined constant lower - assumed 'lower' E:\WWW\eps\Application\Runtime\Cache\Admin\836688c1f1d849de38afaba03368efc4.php 第 45 行.
NOTIC: [8] Use of undefined constant lower - assumed 'lower' E:\WWW\eps\Application\Runtime\Cache\Admin\836688c1f1d849de38afaba03368efc4.php 第 61 行.
NOTIC: [8] Use of undefined constant lower - assumed 'lower' E:\WWW\eps\Application\Runtime\Cache\Admin\836688c1f1d849de38afaba03368efc4.php 第 73 行.
NOTIC: [8] Use of undefined constant lower - assumed 'lower' E:\WWW\eps\Application\Runtime\Cache\Admin\836688c1f1d849de38afaba03368efc4.php 第 73 行.
NOTIC: [8] Use of undefined constant icon - assumed 'icon' E:\WWW\eps\Application\Runtime\Cache\Admin\836688c1f1d849de38afaba03368efc4.php 第 43 行.
NOTIC: [8] Use of undefined constant lower - assumed 'lower' E:\WWW\eps\Application\Runtime\Cache\Admin\836688c1f1d849de38afaba03368efc4.php 第 45 行.
NOTIC: [8] Use of undefined constant lower - assumed 'lower' E:\WWW\eps\Application\Runtime\Cache\Admin\836688c1f1d849de38afaba03368efc4.php 第 61 行.
NOTIC: [8] Use of undefined constant lower - assumed 'lower' E:\WWW\eps\Application\Runtime\Cache\Admin\836688c1f1d849de38afaba03368efc4.php 第 73 行.
NOTIC: [8] Use of undefined constant lower - assumed 'lower' E:\WWW\eps\Application\Runtime\Cache\Admin\836688c1f1d849de38afaba03368efc4.php 第 73 行.
NOTIC: [8] Use of undefined constant lower - assumed 'lower' E:\WWW\eps\Application\Runtime\Cache\Admin\836688c1f1d849de38afaba03368efc4.php 第 73 行.
NOTIC: [8] Use of undefined constant icon - assumed 'icon' E:\WWW\eps\Application\Runtime\Cache\Admin\836688c1f1d849de38afaba03368efc4.php 第 43 行.
NOTIC: [8] Use of undefined constant lower - assumed 'lower' E:\WWW\eps\Application\Runtime\Cache\Admin\836688c1f1d849de38afaba03368efc4.php 第 45 行.
NOTIC: [8] Use of undefined constant lower - assumed 'lower' E:\WWW\eps\Application\Runtime\Cache\Admin\836688c1f1d849de38afaba03368efc4.php 第 61 行.
NOTIC: [8] Use of undefined constant lower - assumed 'lower' E:\WWW\eps\Application\Runtime\Cache\Admin\836688c1f1d849de38afaba03368efc4.php 第 73 行.
NOTIC: [8] Use of undefined constant lower - assumed 'lower' E:\WWW\eps\Application\Runtime\Cache\Admin\836688c1f1d849de38afaba03368efc4.php 第 73 行.
NOTIC: [8] Use of undefined constant lower - assumed 'lower' E:\WWW\eps\Application\Runtime\Cache\Admin\836688c1f1d849de38afaba03368efc4.php 第 73 行.
NOTIC: [8] Use of undefined constant lower - assumed 'lower' E:\WWW\eps\Application\Runtime\Cache\Admin\836688c1f1d849de38afaba03368efc4.php 第 73 行.
NOTIC: [8] Use of undefined constant icon - assumed 'icon' E:\WWW\eps\Application\Runtime\Cache\Admin\836688c1f1d849de38afaba03368efc4.php 第 43 行.
NOTIC: [8] Use of undefined constant lower - assumed 'lower' E:\WWW\eps\Application\Runtime\Cache\Admin\836688c1f1d849de38afaba03368efc4.php 第 45 行.
NOTIC: [8] Use of undefined constant lower - assumed 'lower' E:\WWW\eps\Application\Runtime\Cache\Admin\836688c1f1d849de38afaba03368efc4.php 第 61 行.
NOTIC: [8] Use of undefined constant lower - assumed 'lower' E:\WWW\eps\Application\Runtime\Cache\Admin\836688c1f1d849de38afaba03368efc4.php 第 73 行.
NOTIC: [8] Use of undefined constant lower - assumed 'lower' E:\WWW\eps\Application\Runtime\Cache\Admin\836688c1f1d849de38afaba03368efc4.php 第 73 行.
NOTIC: [8] Use of undefined constant icon - assumed 'icon' E:\WWW\eps\Application\Runtime\Cache\Admin\836688c1f1d849de38afaba03368efc4.php 第 43 行.
NOTIC: [8] Use of undefined constant lower - assumed 'lower' E:\WWW\eps\Application\Runtime\Cache\Admin\836688c1f1d849de38afaba03368efc4.php 第 45 行.
NOTIC: [8] Use of undefined constant lower - assumed 'lower' E:\WWW\eps\Application\Runtime\Cache\Admin\836688c1f1d849de38afaba03368efc4.php 第 61 行.
NOTIC: [8] Use of undefined constant lower - assumed 'lower' E:\WWW\eps\Application\Runtime\Cache\Admin\836688c1f1d849de38afaba03368efc4.php 第 73 行.
NOTIC: [8] Use of undefined constant icon - assumed 'icon' E:\WWW\eps\Application\Runtime\Cache\Admin\836688c1f1d849de38afaba03368efc4.php 第 43 行.
NOTIC: [8] Use of undefined constant lower - assumed 'lower' E:\WWW\eps\Application\Runtime\Cache\Admin\836688c1f1d849de38afaba03368efc4.php 第 45 行.
NOTIC: [8] Use of undefined constant lower - assumed 'lower' E:\WWW\eps\Application\Runtime\Cache\Admin\836688c1f1d849de38afaba03368efc4.php 第 61 行.
NOTIC: [8] Use of undefined constant lower - assumed 'lower' E:\WWW\eps\Application\Runtime\Cache\Admin\836688c1f1d849de38afaba03368efc4.php 第 73 行.
NOTIC: [8] Use of undefined constant lower - assumed 'lower' E:\WWW\eps\Application\Runtime\Cache\Admin\836688c1f1d849de38afaba03368efc4.php 第 73 行.
NOTIC: [8] Use of undefined constant lower - assumed 'lower' E:\WWW\eps\Application\Runtime\Cache\Admin\836688c1f1d849de38afaba03368efc4.php 第 73 行.
NOTIC: [8] Use of undefined constant icon - assumed 'icon' E:\WWW\eps\Application\Runtime\Cache\Admin\836688c1f1d849de38afaba03368efc4.php 第 43 行.
NOTIC: [8] Use of undefined constant lower - assumed 'lower' E:\WWW\eps\Application\Runtime\Cache\Admin\836688c1f1d849de38afaba03368efc4.php 第 45 行.
NOTIC: [8] Use of undefined constant icon - assumed 'icon' E:\WWW\eps\Application\Runtime\Cache\Admin\836688c1f1d849de38afaba03368efc4.php 第 43 行.
NOTIC: [8] Use of undefined constant lower - assumed 'lower' E:\WWW\eps\Application\Runtime\Cache\Admin\836688c1f1d849de38afaba03368efc4.php 第 45 行.
INFO: Run Behavior\ParseTemplateBehavior [ RunTime:0.029000s ]
INFO: [ view_parse ] --END-- [ RunTime:0.029000s ]
INFO: [ view_filter ] --START--
INFO: Run Behavior\WriteHtmlCacheBehavior [ RunTime:0.001000s ]
INFO: [ view_filter ] --END-- [ RunTime:0.001000s ]
INFO: [ app_end ] --START--
INFO: Run Behavior\ShowPageTraceBehavior [ RunTime:0.001000s ]
INFO: [ app_end ] --END-- [ RunTime:0.001000s ]

[ 2017-11-28T11:05:37+08:00 ] 127.0.0.1 /Admin/Public/tologin.html
INFO: [ app_init ] --START--
INFO: Run Behavior\BuildLiteBehavior [ RunTime:0.000000s ]
INFO: [ app_init ] --END-- [ RunTime:0.000000s ]
INFO: [ app_begin ] --START--
INFO: Run Behavior\ReadHtmlCacheBehavior [ RunTime:0.001000s ]
INFO: [ app_begin ] --END-- [ RunTime:0.001000s ]
NOTIC: [2048] Declaration of Appframe\AdminbaseController::success() should be compatible with that of Think\Controller::success() E:\WWW\eps\Application\Appframe\AdminbaseController.class.php 第 6 行.
NOTIC: [8] Undefined offset: 1 E:\WWW\eps\ThinkPHP\Library\Think\Controller.class.php 第 232 行.
NOTIC: [8] Undefined offset: 1 E:\WWW\eps\ThinkPHP\Library\Think\Controller.class.php 第 232 行.
NOTIC: [8] Undefined offset: 1 E:\WWW\eps\ThinkPHP\Library\Think\Controller.class.php 第 232 行.
NOTIC: [8] Undefined index: code E:\WWW\eps\Application\Appframe\AppframeController.class.php 第 138 行.
INFO: [ view_parse ] --START--
INFO: [ template_filter ] --START--
INFO: Run Behavior\ContentReplaceBehavior [ RunTime:0.000000s ]
INFO: [ template_filter ] --END-- [ RunTime:0.000000s ]
INFO: Run Behavior\ParseTemplateBehavior [ RunTime:0.008000s ]
INFO: [ view_parse ] --END-- [ RunTime:0.008000s ]
INFO: [ view_filter ] --START--
INFO: Run Behavior\WriteHtmlCacheBehavior [ RunTime:0.000000s ]
INFO: [ view_filter ] --END-- [ RunTime:0.000000s ]

[ 2017-11-28T11:05:38+08:00 ] 127.0.0.1 /Admin/Public/login.html
INFO: [ app_init ] --START--
INFO: Run Behavior\BuildLiteBehavior [ RunTime:0.000000s ]
INFO: [ app_init ] --END-- [ RunTime:0.001000s ]
INFO: [ app_begin ] --START--
INFO: Run Behavior\ReadHtmlCacheBehavior [ RunTime:0.001000s ]
INFO: [ app_begin ] --END-- [ RunTime:0.001000s ]
NOTIC: [2048] Declaration of Appframe\AdminbaseController::success() should be compatible with that of Think\Controller::success() E:\WWW\eps\Application\Appframe\AdminbaseController.class.php 第 6 行.

[ 2017-11-28T11:05:40+08:00 ] 127.0.0.1 /Admin/Index/index.html
INFO: [ app_init ] --START--
INFO: Run Behavior\BuildLiteBehavior [ RunTime:0.000000s ]
INFO: [ app_init ] --END-- [ RunTime:0.000000s ]
INFO: [ app_begin ] --START--
INFO: Run Behavior\ReadHtmlCacheBehavior [ RunTime:0.001000s ]
INFO: [ app_begin ] --END-- [ RunTime:0.001000s ]
NOTIC: [2048] Declaration of Appframe\AdminbaseController::success() should be compatible with that of Think\Controller::success() E:\WWW\eps\Application\Appframe\AdminbaseController.class.php 第 6 行.
SQL: SHOW COLUMNS FROM `d_fxmenu` [ RunTime:0.0140s ]
SQL: SELECT * FROM `d_fxmenu` WHERE `parentid` = 0 AND `status` = 1 ORDER BY listorder asc  [ RunTime:0.0010s ]
SQL: SELECT * FROM `d_fxmenu` WHERE `parentid` = 36 AND `status` = 1 ORDER BY listorder asc  [ RunTime:0.0010s ]
SQL: SELECT * FROM `d_fxmenu` WHERE `parentid` = 38 AND `status` = 1 ORDER BY listorder asc  [ RunTime:0.0000s ]
NOTIC: [8] Undefined variable: data E:\WWW\eps\Application\Admin\Model\FxmenuModel.class.php 第 83 行.
SQL: SELECT * FROM `d_fxmenu` WHERE `parentid` = 8 AND `status` = 1 ORDER BY listorder asc  [ RunTime:0.0010s ]
SQL: SELECT * FROM `d_fxmenu` WHERE `parentid` = 33 AND `status` = 1 ORDER BY listorder asc  [ RunTime:0.0000s ]
NOTIC: [8] Undefined variable: data E:\WWW\eps\Application\Admin\Model\FxmenuModel.class.php 第 83 行.
SQL: SELECT * FROM `d_fxmenu` WHERE `parentid` = 10 AND `status` = 1 ORDER BY listorder asc  [ RunTime:0.0010s ]
NOTIC: [8] Undefined variable: data E:\WWW\eps\Application\Admin\Model\FxmenuModel.class.php 第 83 行.
SQL: SELECT * FROM `d_fxmenu` WHERE `parentid` = 39 AND `status` = 1 ORDER BY listorder asc  [ RunTime:0.0010s ]
SQL: SELECT * FROM `d_fxmenu` WHERE `parentid` = 40 AND `status` = 1 ORDER BY listorder asc  [ RunTime:0.0010s ]
NOTIC: [8] Undefined variable: data E:\WWW\eps\Application\Admin\Model\FxmenuModel.class.php 第 83 行.
SQL: SELECT * FROM `d_fxmenu` WHERE `parentid` = 41 AND `status` = 1 ORDER BY listorder asc  [ RunTime:0.0010s ]
NOTIC: [8] Undefined variable: data E:\WWW\eps\Application\Admin\Model\FxmenuModel.class.php 第 83 行.
SQL: SELECT * FROM `d_fxmenu` WHERE `parentid` = 340 AND `status` = 1 ORDER BY listorder asc  [ RunTime:0.0000s ]
NOTIC: [8] Undefined variable: data E:\WWW\eps\Application\Admin\Model\FxmenuModel.class.php 第 83 行.
SQL: SELECT * FROM `d_fxmenu` WHERE `parentid` = 44 AND `status` = 1 ORDER BY listorder asc  [ RunTime:0.0010s ]
SQL: SELECT * FROM `d_fxmenu` WHERE `parentid` = 325 AND `status` = 1 ORDER BY listorder asc  [ RunTime:0.0010s ]
NOTIC: [8] Undefined variable: data E:\WWW\eps\Application\Admin\Model\FxmenuModel.class.php 第 83 行.
SQL: SELECT * FROM `d_fxmenu` WHERE `parentid` = 45 AND `status` = 1 ORDER BY listorder asc  [ RunTime:0.0010s ]
NOTIC: [8] Undefined variable: data E:\WWW\eps\Application\Admin\Model\FxmenuModel.class.php 第 83 行.
SQL: SELECT * FROM `d_fxmenu` WHERE `parentid` = 329 AND `status` = 1 ORDER BY listorder asc  [ RunTime:0.0000s ]
SQL: SELECT * FROM `d_fxmenu` WHERE `parentid` = 336 AND `status` = 1 ORDER BY listorder asc  [ RunTime:0.0010s ]
NOTIC: [8] Undefined variable: data E:\WWW\eps\Application\Admin\Model\FxmenuModel.class.php 第 83 行.
SQL: SELECT * FROM `d_fxmenu` WHERE `parentid` = 337 AND `status` = 1 ORDER BY listorder asc  [ RunTime:0.0000s ]
NOTIC: [8] Undefined variable: data E:\WWW\eps\Application\Admin\Model\FxmenuModel.class.php 第 83 行.
SQL: SELECT * FROM `d_fxmenu` WHERE `parentid` = 364 AND `status` = 1 ORDER BY listorder asc  [ RunTime:0.0010s ]
NOTIC: [8] Undefined variable: data E:\WWW\eps\Application\Admin\Model\FxmenuModel.class.php 第 83 行.
SQL: SELECT * FROM `d_fxmenu` WHERE `parentid` = 331 AND `status` = 1 ORDER BY listorder asc  [ RunTime:0.0010s ]
SQL: SELECT * FROM `d_fxmenu` WHERE `parentid` = 332 AND `status` = 1 ORDER BY listorder asc  [ RunTime:0.0010s ]
NOTIC: [8] Undefined variable: data E:\WWW\eps\Application\Admin\Model\FxmenuModel.class.php 第 83 行.
SQL: SELECT * FROM `d_fxmenu` WHERE `parentid` = 333 AND `status` = 1 ORDER BY listorder asc  [ RunTime:0.0000s ]
NOTIC: [8] Undefined variable: data E:\WWW\eps\Application\Admin\Model\FxmenuModel.class.php 第 83 行.
SQL: SELECT * FROM `d_fxmenu` WHERE `parentid` = 338 AND `status` = 1 ORDER BY listorder asc  [ RunTime:0.0010s ]
NOTIC: [8] Undefined variable: data E:\WWW\eps\Application\Admin\Model\FxmenuModel.class.php 第 83 行.
SQL: SELECT * FROM `d_fxmenu` WHERE `parentid` = 365 AND `status` = 1 ORDER BY listorder asc  [ RunTime:0.0010s ]
NOTIC: [8] Undefined variable: data E:\WWW\eps\Application\Admin\Model\FxmenuModel.class.php 第 83 行.
SQL: SELECT * FROM `d_fxmenu` WHERE `parentid` = 366 AND `status` = 1 ORDER BY listorder asc  [ RunTime:0.0010s ]
SQL: SELECT * FROM `d_fxmenu` WHERE `parentid` = 367 AND `status` = 1 ORDER BY listorder asc  [ RunTime:0.0010s ]
NOTIC: [8] Undefined variable: data E:\WWW\eps\Application\Admin\Model\FxmenuModel.class.php 第 83 行.
SQL: SELECT * FROM `d_fxmenu` WHERE `parentid` = 368 AND `status` = 1 ORDER BY listorder asc  [ RunTime:0.0010s ]
NOTIC: [8] Undefined variable: data E:\WWW\eps\Application\Admin\Model\FxmenuModel.class.php 第 83 行.
SQL: SELECT * FROM `d_fxmenu` WHERE `parentid` = 380 AND `status` = 1 ORDER BY listorder asc  [ RunTime:0.0010s ]
SQL: SELECT * FROM `d_fxmenu` WHERE `parentid` = 381 AND `status` = 1 ORDER BY listorder asc  [ RunTime:0.0010s ]
NOTIC: [8] Undefined variable: data E:\WWW\eps\Application\Admin\Model\FxmenuModel.class.php 第 83 行.
SQL: SELECT * FROM `d_fxmenu` WHERE `parentid` = 386 AND `status` = 1 ORDER BY listorder asc  [ RunTime:0.0010s ]
SQL: SELECT * FROM `d_fxmenu` WHERE `parentid` = 387 AND `status` = 1 ORDER BY listorder asc  [ RunTime:0.0010s ]
NOTIC: [8] Undefined variable: data E:\WWW\eps\Application\Admin\Model\FxmenuModel.class.php 第 83 行.
SQL: SELECT * FROM `d_fxmenu` WHERE `parentid` = 388 AND `status` = 1 ORDER BY listorder asc  [ RunTime:0.0000s ]
NOTIC: [8] Undefined variable: data E:\WWW\eps\Application\Admin\Model\FxmenuModel.class.php 第 83 行.
SQL: SELECT * FROM `d_fxmenu` WHERE `parentid` = 390 AND `status` = 1 ORDER BY listorder asc  [ RunTime:0.0010s ]
NOTIC: [8] Undefined variable: data E:\WWW\eps\Application\Admin\Model\FxmenuModel.class.php 第 83 行.
SQL: SELECT * FROM `d_fxmenu` WHERE `parentid` = 371 AND `status` = 1 ORDER BY listorder asc  [ RunTime:0.0010s ]
NOTIC: [8] Undefined variable: data E:\WWW\eps\Application\Admin\Model\FxmenuModel.class.php 第 83 行.
SQL: SELECT * FROM `d_fxmenu` WHERE `parentid` = 335 AND `status` = 1 ORDER BY listorder asc  [ RunTime:0.0010s ]
NOTIC: [8] Undefined variable: data E:\WWW\eps\Application\Admin\Model\FxmenuModel.class.php 第 83 行.
SQL: SHOW COLUMNS FROM `d_fxadmin_panel` [ RunTime:0.0080s ]
SQL: SELECT * FROM `d_fxadmin_panel` WHERE `userid` = 1  [ RunTime:0.0000s ]
INFO: [ view_parse ] --START--
INFO: [ template_filter ] --START--
INFO: Run Behavior\ContentReplaceBehavior [ RunTime:0.001000s ]
INFO: [ template_filter ] --END-- [ RunTime:0.001000s ]
NOTIC: [8] Undefined variable: admin E:\WWW\eps\Application\Runtime\Cache\Admin\836688c1f1d849de38afaba03368efc4.php 第 133 行.
NOTIC: [8] Use of undefined constant user_login - assumed 'user_login' E:\WWW\eps\Application\Runtime\Cache\Admin\836688c1f1d849de38afaba03368efc4.php 第 135 行.
NOTIC: [8] Undefined variable: admin E:\WWW\eps\Application\Runtime\Cache\Admin\836688c1f1d849de38afaba03368efc4.php 第 135 行.
NOTIC: [8] Use of undefined constant icon - assumed 'icon' E:\WWW\eps\Application\Runtime\Cache\Admin\836688c1f1d849de38afaba03368efc4.php 第 43 行.
NOTIC: [8] Use of undefined constant lower - assumed 'lower' E:\WWW\eps\Application\Runtime\Cache\Admin\836688c1f1d849de38afaba03368efc4.php 第 45 行.
NOTIC: [8] Use of undefined constant lower - assumed 'lower' E:\WWW\eps\Application\Runtime\Cache\Admin\836688c1f1d849de38afaba03368efc4.php 第 61 行.
NOTIC: [8] Use of undefined constant lower - assumed 'lower' E:\WWW\eps\Application\Runtime\Cache\Admin\836688c1f1d849de38afaba03368efc4.php 第 73 行.
NOTIC: [8] Use of undefined constant icon - assumed 'icon' E:\WWW\eps\Application\Runtime\Cache\Admin\836688c1f1d849de38afaba03368efc4.php 第 43 行.
NOTIC: [8] Use of undefined constant lower - assumed 'lower' E:\WWW\eps\Application\Runtime\Cache\Admin\836688c1f1d849de38afaba03368efc4.php 第 45 行.
NOTIC: [8] Use of undefined constant lower - assumed 'lower' E:\WWW\eps\Application\Runtime\Cache\Admin\836688c1f1d849de38afaba03368efc4.php 第 61 行.
NOTIC: [8] Use of undefined constant lower - assumed 'lower' E:\WWW\eps\Application\Runtime\Cache\Admin\836688c1f1d849de38afaba03368efc4.php 第 73 行.
NOTIC: [8] Use of undefined constant lower - assumed 'lower' E:\WWW\eps\Application\Runtime\Cache\Admin\836688c1f1d849de38afaba03368efc4.php 第 73 行.
NOTIC: [8] Use of undefined constant icon - assumed 'icon' E:\WWW\eps\Application\Runtime\Cache\Admin\836688c1f1d849de38afaba03368efc4.php 第 43 行.
NOTIC: [8] Use of undefined constant lower - assumed 'lower' E:\WWW\eps\Application\Runtime\Cache\Admin\836688c1f1d849de38afaba03368efc4.php 第 45 行.
NOTIC: [8] Use of undefined constant lower - assumed 'lower' E:\WWW\eps\Application\Runtime\Cache\Admin\836688c1f1d849de38afaba03368efc4.php 第 61 行.
NOTIC: [8] Use of undefined constant lower - assumed 'lower' E:\WWW\eps\Application\Runtime\Cache\Admin\836688c1f1d849de38afaba03368efc4.php 第 73 行.
NOTIC: [8] Use of undefined constant lower - assumed 'lower' E:\WWW\eps\Application\Runtime\Cache\Admin\836688c1f1d849de38afaba03368efc4.php 第 73 行.
NOTIC: [8] Use of undefined constant lower - assumed 'lower' E:\WWW\eps\Application\Runtime\Cache\Admin\836688c1f1d849de38afaba03368efc4.php 第 73 行.
NOTIC: [8] Use of undefined constant icon - assumed 'icon' E:\WWW\eps\Application\Runtime\Cache\Admin\836688c1f1d849de38afaba03368efc4.php 第 43 行.
NOTIC: [8] Use of undefined constant lower - assumed 'lower' E:\WWW\eps\Application\Runtime\Cache\Admin\836688c1f1d849de38afaba03368efc4.php 第 45 行.
NOTIC: [8] Use of undefined constant lower - assumed 'lower' E:\WWW\eps\Application\Runtime\Cache\Admin\836688c1f1d849de38afaba03368efc4.php 第 61 行.
NOTIC: [8] Use of undefined constant lower - assumed 'lower' E:\WWW\eps\Application\Runtime\Cache\Admin\836688c1f1d849de38afaba03368efc4.php 第 73 行.
NOTIC: [8] Use of undefined constant lower - assumed 'lower' E:\WWW\eps\Application\Runtime\Cache\Admin\836688c1f1d849de38afaba03368efc4.php 第 73 行.
NOTIC: [8] Use of undefined constant icon - assumed 'icon' E:\WWW\eps\Application\Runtime\Cache\Admin\836688c1f1d849de38afaba03368efc4.php 第 43 行.
NOTIC: [8] Use of undefined constant lower - assumed 'lower' E:\WWW\eps\Application\Runtime\Cache\Admin\836688c1f1d849de38afaba03368efc4.php 第 45 行.
NOTIC: [8] Use of undefined constant lower - assumed 'lower' E:\WWW\eps\Application\Runtime\Cache\Admin\836688c1f1d849de38afaba03368efc4.php 第 61 行.
NOTIC: [8] Use of undefined constant lower - assumed 'lower' E:\WWW\eps\Application\Runtime\Cache\Admin\836688c1f1d849de38afaba03368efc4.php 第 73 行.
NOTIC: [8] Use of undefined constant lower - assumed 'lower' E:\WWW\eps\Application\Runtime\Cache\Admin\836688c1f1d849de38afaba03368efc4.php 第 73 行.
NOTIC: [8] Use of undefined constant lower - assumed 'lower' E:\WWW\eps\Application\Runtime\Cache\Admin\836688c1f1d849de38afaba03368efc4.php 第 73 行.
NOTIC: [8] Use of undefined constant icon - assumed 'icon' E:\WWW\eps\Application\Runtime\Cache\Admin\836688c1f1d849de38afaba03368efc4.php 第 43 行.
NOTIC: [8] Use of undefined constant lower - assumed 'lower' E:\WWW\eps\Application\Runtime\Cache\Admin\836688c1f1d849de38afaba03368efc4.php 第 45 行.
NOTIC: [8] Use of undefined constant lower - assumed 'lower' E:\WWW\eps\Application\Runtime\Cache\Admin\836688c1f1d849de38afaba03368efc4.php 第 61 行.
NOTIC: [8] Use of undefined constant lower - assumed 'lower' E:\WWW\eps\Application\Runtime\Cache\Admin\836688c1f1d849de38afaba03368efc4.php 第 73 行.
NOTIC: [8] Use of undefined constant lower - assumed 'lower' E:\WWW\eps\Application\Runtime\Cache\Admin\836688c1f1d849de38afaba03368efc4.php 第 73 行.
NOTIC: [8] Use of undefined constant lower - assumed 'lower' E:\WWW\eps\Application\Runtime\Cache\Admin\836688c1f1d849de38afaba03368efc4.php 第 73 行.
NOTIC: [8] Use of undefined constant lower - assumed 'lower' E:\WWW\eps\Application\Runtime\Cache\Admin\836688c1f1d849de38afaba03368efc4.php 第 73 行.
NOTIC: [8] Use of undefined constant icon - assumed 'icon' E:\WWW\eps\Application\Runtime\Cache\Admin\836688c1f1d849de38afaba03368efc4.php 第 43 行.
NOTIC: [8] Use of undefined constant lower - assumed 'lower' E:\WWW\eps\Application\Runtime\Cache\Admin\836688c1f1d849de38afaba03368efc4.php 第 45 行.
NOTIC: [8] Use of undefined constant lower - assumed 'lower' E:\WWW\eps\Application\Runtime\Cache\Admin\836688c1f1d849de38afaba03368efc4.php 第 61 行.
NOTIC: [8] Use of undefined constant lower - assumed 'lower' E:\WWW\eps\Application\Runtime\Cache\Admin\836688c1f1d849de38afaba03368efc4.php 第 73 行.
NOTIC: [8] Use of undefined constant lower - assumed 'lower' E:\WWW\eps\Application\Runtime\Cache\Admin\836688c1f1d849de38afaba03368efc4.php 第 73 行.
NOTIC: [8] Use of undefined constant icon - assumed 'icon' E:\WWW\eps\Application\Runtime\Cache\Admin\836688c1f1d849de38afaba03368efc4.php 第 43 行.
NOTIC: [8] Use of undefined constant lower - assumed 'lower' E:\WWW\eps\Application\Runtime\Cache\Admin\836688c1f1d849de38afaba03368efc4.php 第 45 行.
NOTIC: [8] Use of undefined constant lower - assumed 'lower' E:\WWW\eps\Application\Runtime\Cache\Admin\836688c1f1d849de38afaba03368efc4.php 第 61 行.
NOTIC: [8] Use of undefined constant lower - assumed 'lower' E:\WWW\eps\Application\Runtime\Cache\Admin\836688c1f1d849de38afaba03368efc4.php 第 73 行.
NOTIC: [8] Use of undefined constant icon - assumed 'icon' E:\WWW\eps\Application\Runtime\Cache\Admin\836688c1f1d849de38afaba03368efc4.php 第 43 行.
NOTIC: [8] Use of undefined constant lower - assumed 'lower' E:\WWW\eps\Application\Runtime\Cache\Admin\836688c1f1d849de38afaba03368efc4.php 第 45 行.
NOTIC: [8] Use of undefined constant lower - assumed 'lower' E:\WWW\eps\Application\Runtime\Cache\Admin\836688c1f1d849de38afaba03368efc4.php 第 61 行.
NOTIC: [8] Use of undefined constant lower - assumed 'lower' E:\WWW\eps\Application\Runtime\Cache\Admin\836688c1f1d849de38afaba03368efc4.php 第 73 行.
NOTIC: [8] Use of undefined constant lower - assumed 'lower' E:\WWW\eps\Application\Runtime\Cache\Admin\836688c1f1d849de38afaba03368efc4.php 第 73 行.
NOTIC: [8] Use of undefined constant lower - assumed 'lower' E:\WWW\eps\Application\Runtime\Cache\Admin\836688c1f1d849de38afaba03368efc4.php 第 73 行.
NOTIC: [8] Use of undefined constant icon - assumed 'icon' E:\WWW\eps\Application\Runtime\Cache\Admin\836688c1f1d849de38afaba03368efc4.php 第 43 行.
NOTIC: [8] Use of undefined constant lower - assumed 'lower' E:\WWW\eps\Application\Runtime\Cache\Admin\836688c1f1d849de38afaba03368efc4.php 第 45 行.
NOTIC: [8] Use of undefined constant icon - assumed 'icon' E:\WWW\eps\Application\Runtime\Cache\Admin\836688c1f1d849de38afaba03368efc4.php 第 43 行.
NOTIC: [8] Use of undefined constant lower - assumed 'lower' E:\WWW\eps\Application\Runtime\Cache\Admin\836688c1f1d849de38afaba03368efc4.php 第 45 行.
INFO: Run Behavior\ParseTemplateBehavior [ RunTime:0.018000s ]
INFO: [ view_parse ] --END-- [ RunTime:0.018000s ]
INFO: [ view_filter ] --START--
INFO: Run Behavior\WriteHtmlCacheBehavior [ RunTime:0.001000s ]
INFO: [ view_filter ] --END-- [ RunTime:0.001000s ]
INFO: [ app_end ] --START--
INFO: Run Behavior\ShowPageTraceBehavior [ RunTime:0.001000s ]
INFO: [ app_end ] --END-- [ RunTime:0.002000s ]

[ 2017-11-28T11:05:41+08:00 ] 127.0.0.1 /Admin/Main/public_main.html
INFO: [ app_init ] --START--
INFO: Run Behavior\BuildLiteBehavior [ RunTime:0.000000s ]
INFO: [ app_init ] --END-- [ RunTime:0.000000s ]
INFO: [ app_begin ] --START--
INFO: Run Behavior\ReadHtmlCacheBehavior [ RunTime:0.000000s ]
INFO: [ app_begin ] --END-- [ RunTime:0.000000s ]
NOTIC: [2048] Declaration of Appframe\AdminbaseController::success() should be compatible with that of Think\Controller::success() E:\WWW\eps\Application\Appframe\AdminbaseController.class.php 第 6 行.
SQL: SHOW COLUMNS FROM `d_user` [ RunTime:0.0290s ]
SQL: SELECT COUNT(*) AS tp_count FROM `d_user` WHERE ( 1=1 ) LIMIT 1   [ RunTime:0.0010s ]
SQL: SELECT COUNT(*) AS tp_count FROM `d_user` WHERE ( 1=1 and type='1' ) LIMIT 1   [ RunTime:0.0000s ]
SQL: SHOW COLUMNS FROM `d_need` [ RunTime:0.0310s ]
SQL: SELECT COUNT(*) AS tp_count FROM `d_need` WHERE ( 1=1 ) LIMIT 1   [ RunTime:0.0000s ]
SQL: SELECT sum(reward) as reward FROM `d_need` WHERE ( 1=1 and status='5' ) LIMIT 1   [ RunTime:0.0010s ]
SQL: SELECT sum(get_reward) as reward FROM `d_need` WHERE ( status='5' ) LIMIT 1   [ RunTime:0.0000s ]
SQL: SELECT sum(get_reward) as reward FROM `d_need` WHERE ( status='5' and reward_m_f=1 ) LIMIT 1   [ RunTime:0.0010s ]
SQL: SHOW COLUMNS FROM `d_fxloginlog` [ RunTime:0.0070s ]
SQL: SELECT * FROM `d_fxloginlog` ORDER BY `loginid` desc LIMIT 0,10   [ RunTime:0.0060s ]
SQL: SELECT sum(reward) as reward FROM `d_need` WHERE ( status='5' and end_time>'2016-12-01' and end_time<'2016-12-31' ) LIMIT 1   [ RunTime:0.0010s ]
SQL: SELECT sum(get_reward) as reward FROM `d_need` WHERE ( status='5' and end_time>'2016-12-01' and end_time<'2016-12-31' ) LIMIT 1   [ RunTime:0.0010s ]
SQL: SELECT sum(get_reward) as reward FROM `d_need` WHERE ( status='5' and reward_m_f=1 and end_time>'2016-12-01' and end_time<'2016-12-31' ) LIMIT 1   [ RunTime:0.0000s ]
SQL: SELECT sum(reward) as reward FROM `d_need` WHERE ( status='5' and end_time>'2017-01-01' and end_time<'2017-01-31' ) LIMIT 1   [ RunTime:0.0000s ]
SQL: SELECT sum(get_reward) as reward FROM `d_need` WHERE ( status='5' and end_time>'2017-01-01' and end_time<'2017-01-31' ) LIMIT 1   [ RunTime:0.0010s ]
SQL: SELECT sum(get_reward) as reward FROM `d_need` WHERE ( status='5' and reward_m_f=1 and end_time>'2017-01-01' and end_time<'2017-01-31' ) LIMIT 1   [ RunTime:0.0010s ]
SQL: SELECT sum(reward) as reward FROM `d_need` WHERE ( status='5' and end_time>'2017-02-01' and end_time<'2017-02-31' ) LIMIT 1   [ RunTime:0.0010s ]
SQL: SELECT sum(get_reward) as reward FROM `d_need` WHERE ( status='5' and end_time>'2017-02-01' and end_time<'2017-02-31' ) LIMIT 1   [ RunTime:0.0000s ]
SQL: SELECT sum(get_reward) as reward FROM `d_need` WHERE ( status='5' and reward_m_f=1 and end_time>'2017-02-01' and end_time<'2017-02-31' ) LIMIT 1   [ RunTime:0.0000s ]
SQL: SELECT sum(reward) as reward FROM `d_need` WHERE ( status='5' and end_time>'2017-03-01' and end_time<'2017-03-31' ) LIMIT 1   [ RunTime:0.0010s ]
SQL: SELECT sum(get_reward) as reward FROM `d_need` WHERE ( status='5' and end_time>'2017-03-01' and end_time<'2017-03-31' ) LIMIT 1   [ RunTime:0.0010s ]
SQL: SELECT sum(get_reward) as reward FROM `d_need` WHERE ( status='5' and reward_m_f=1 and end_time>'2017-03-01' and end_time<'2017-03-31' ) LIMIT 1   [ RunTime:0.0000s ]
SQL: SELECT sum(reward) as reward FROM `d_need` WHERE ( status='5' and end_time>'2017-04-01' and end_time<'2017-04-31' ) LIMIT 1   [ RunTime:0.0000s ]
SQL: SELECT sum(get_reward) as reward FROM `d_need` WHERE ( status='5' and end_time>'2017-04-01' and end_time<'2017-04-31' ) LIMIT 1   [ RunTime:0.0000s ]
SQL: SELECT sum(get_reward) as reward FROM `d_need` WHERE ( status='5' and reward_m_f=1 and end_time>'2017-04-01' and end_time<'2017-04-31' ) LIMIT 1   [ RunTime:0.0010s ]
SQL: SELECT sum(reward) as reward FROM `d_need` WHERE ( status='5' and end_time>'2017-05-01' and end_time<'2017-05-31' ) LIMIT 1   [ RunTime:0.0010s ]
SQL: SELECT sum(get_reward) as reward FROM `d_need` WHERE ( status='5' and end_time>'2017-05-01' and end_time<'2017-05-31' ) LIMIT 1   [ RunTime:0.0010s ]
SQL: SELECT sum(get_reward) as reward FROM `d_need` WHERE ( status='5' and reward_m_f=1 and end_time>'2017-05-01' and end_time<'2017-05-31' ) LIMIT 1   [ RunTime:0.0000s ]
SQL: SELECT sum(reward) as reward FROM `d_need` WHERE ( status='5' and end_time>'2017-06-01' and end_time<'2017-06-31' ) LIMIT 1   [ RunTime:0.0000s ]
SQL: SELECT sum(get_reward) as reward FROM `d_need` WHERE ( status='5' and end_time>'2017-06-01' and end_time<'2017-06-31' ) LIMIT 1   [ RunTime:0.0010s ]
SQL: SELECT sum(get_reward) as reward FROM `d_need` WHERE ( status='5' and reward_m_f=1 and end_time>'2017-06-01' and end_time<'2017-06-31' ) LIMIT 1   [ RunTime:0.0010s ]
SQL: SELECT sum(reward) as reward FROM `d_need` WHERE ( status='5' and end_time>'2017-07-01' and end_time<'2017-07-31' ) LIMIT 1   [ RunTime:0.0010s ]
SQL: SELECT sum(get_reward) as reward FROM `d_need` WHERE ( status='5' and end_time>'2017-07-01' and end_time<'2017-07-31' ) LIMIT 1   [ RunTime:0.0000s ]
SQL: SELECT sum(get_reward) as reward FROM `d_need` WHERE ( status='5' and reward_m_f=1 and end_time>'2017-07-01' and end_time<'2017-07-31' ) LIMIT 1   [ RunTime:0.0000s ]
SQL: SELECT sum(reward) as reward FROM `d_need` WHERE ( status='5' and end_time>'2017-08-01' and end_time<'2017-08-31' ) LIMIT 1   [ RunTime:0.0010s ]
SQL: SELECT sum(get_reward) as reward FROM `d_need` WHERE ( status='5' and end_time>'2017-08-01' and end_time<'2017-08-31' ) LIMIT 1   [ RunTime:0.0010s ]
SQL: SELECT sum(get_reward) as reward FROM `d_need` WHERE ( status='5' and reward_m_f=1 and end_time>'2017-08-01' and end_time<'2017-08-31' ) LIMIT 1   [ RunTime:0.0010s ]
SQL: SELECT sum(reward) as reward FROM `d_need` WHERE ( status='5' and end_time>'2017-09-01' and end_time<'2017-09-31' ) LIMIT 1   [ RunTime:0.0000s ]
SQL: SELECT sum(get_reward) as reward FROM `d_need` WHERE ( status='5' and end_time>'2017-09-01' and end_time<'2017-09-31' ) LIMIT 1   [ RunTime:0.0000s ]
SQL: SELECT sum(get_reward) as reward FROM `d_need` WHERE ( status='5' and reward_m_f=1 and end_time>'2017-09-01' and end_time<'2017-09-31' ) LIMIT 1   [ RunTime:0.0000s ]
SQL: SELECT sum(reward) as reward FROM `d_need` WHERE ( status='5' and end_time>'2017-10-01' and end_time<'2017-10-31' ) LIMIT 1   [ RunTime:0.0010s ]
SQL: SELECT sum(get_reward) as reward FROM `d_need` WHERE ( status='5' and end_time>'2017-10-01' and end_time<'2017-10-31' ) LIMIT 1   [ RunTime:0.0010s ]
SQL: SELECT sum(get_reward) as reward FROM `d_need` WHERE ( status='5' and reward_m_f=1 and end_time>'2017-10-01' and end_time<'2017-10-31' ) LIMIT 1   [ RunTime:0.0010s ]
SQL: SELECT sum(reward) as reward FROM `d_need` WHERE ( status='5' and end_time>'2017-11-01' and end_time<'2017-11-31' ) LIMIT 1   [ RunTime:0.0000s ]
SQL: SELECT sum(get_reward) as reward FROM `d_need` WHERE ( status='5' and end_time>'2017-11-01' and end_time<'2017-11-31' ) LIMIT 1   [ RunTime:0.0000s ]
SQL: SELECT sum(get_reward) as reward FROM `d_need` WHERE ( status='5' and reward_m_f=1 and end_time>'2017-11-01' and end_time<'2017-11-31' ) LIMIT 1   [ RunTime:0.0010s ]
INFO: [ view_parse ] --START--
INFO: [ template_filter ] --START--
INFO: Run Behavior\ContentReplaceBehavior [ RunTime:0.000000s ]
INFO: [ template_filter ] --END-- [ RunTime:0.000000s ]
INFO: Run Behavior\ParseTemplateBehavior [ RunTime:0.022000s ]
INFO: [ view_parse ] --END-- [ RunTime:0.022000s ]
INFO: [ view_filter ] --START--
INFO: Run Behavior\WriteHtmlCacheBehavior [ RunTime:0.001000s ]
INFO: [ view_filter ] --END-- [ RunTime:0.001000s ]
INFO: [ app_end ] --START--
INFO: Run Behavior\ShowPageTraceBehavior [ RunTime:0.001000s ]
INFO: [ app_end ] --END-- [ RunTime:0.001000s ]

[ 2017-11-28T13:50:20+08:00 ] 127.0.0.1 /Admin/Gongdan/lists
INFO: [ app_init ] --START--
INFO: Run Behavior\BuildLiteBehavior [ RunTime:0.000000s ]
INFO: [ app_init ] --END-- [ RunTime:0.000000s ]
INFO: [ app_begin ] --START--
INFO: Run Behavior\ReadHtmlCacheBehavior [ RunTime:0.001000s ]
INFO: [ app_begin ] --END-- [ RunTime:0.001000s ]
NOTIC: [2048] Declaration of Appframe\AdminbaseController::success() should be compatible with that of Think\Controller::success() E:\WWW\eps\Application\Appframe\AdminbaseController.class.php 第 6 行.
NOTIC: [2048] Declaration of Admin\Controller\GongdanController::show() should be compatible with that of Think\Controller::show() E:\WWW\eps\Application\Admin\Controller\GongdanController.class.php 第 8 行.
SQL: SHOW COLUMNS FROM `d_user` [ RunTime:0.0200s ]
SQL: SHOW COLUMNS FROM `d_need` [ RunTime:0.0120s ]
SQL: SHOW COLUMNS FROM `d_photo` [ RunTime:0.0220s ]
SQL: SHOW COLUMNS FROM `d_m_library` [ RunTime:0.0270s ]
SQL: SHOW COLUMNS FROM `d_notification` [ RunTime:0.0100s ]
SQL: SHOW COLUMNS FROM `d_fxuser` [ RunTime:0.0100s ]
SQL: SHOW COLUMNS FROM `d_reward` [ RunTime:0.0210s ]
SQL: SHOW COLUMNS FROM `d_adviser` [ RunTime:0.0150s ]
SQL: SHOW COLUMNS FROM `d_report` [ RunTime:0.0280s ]
SQL: SHOW COLUMNS FROM `d_mailing` [ RunTime:0.0200s ]
SQL: SHOW COLUMNS FROM `d_clerk` [ RunTime:0.0110s ]
SQL: SHOW COLUMNS FROM `d_consumption` [ RunTime:0.0340s ]
SQL: SELECT COUNT(*) AS tp_count FROM `d_need` WHERE ( status > 0 ) LIMIT 1   [ RunTime:0.0010s ]
SQL: SELECT COUNT(*) AS tp_count FROM `d_need` WHERE ( status = 1 ) LIMIT 1   [ RunTime:0.0010s ]
SQL: SELECT COUNT(*) AS tp_count FROM `d_need` WHERE ( status = 2 ) LIMIT 1   [ RunTime:0.0010s ]
SQL: SELECT COUNT(*) AS tp_count FROM `d_need` WHERE ( status = 3 ) LIMIT 1   [ RunTime:0.0000s ]
SQL: SELECT COUNT(*) AS tp_count FROM `d_need` WHERE ( status = 4 ) LIMIT 1   [ RunTime:0.0000s ]
SQL: SELECT COUNT(*) AS tp_count FROM `d_need` WHERE ( status = 5 ) LIMIT 1   [ RunTime:0.0000s ]
SQL: SHOW COLUMNS FROM `d_need` [ RunTime:0.0090s ]
SQL: SELECT COUNT(*) AS tp_count FROM d_need as n INNER JOIN d_user as u on n.uid_x=u.uid  WHERE ( n.status > 0 and (n.no LIKE '%%' or u.mobile like '%%' or u.khdw like '%%')  ) LIMIT 1   [ RunTime:0.0410s ]
NOTIC: [8] Undefined index: page E:\WWW\eps\ThinkPHP\Library\Com\Util\Page.class.php 第 127 行.
NOTIC: [8] Undefined index: page E:\WWW\eps\ThinkPHP\Library\Com\Util\Page.class.php 第 127 行.
SQL: SHOW COLUMNS FROM `d_need` [ RunTime:0.0100s ]
SQL: SELECT n.* FROM d_need as n INNER JOIN d_user as u on n.uid_x=u.uid  WHERE ( n.status > 0 and (n.no LIKE '%%' or u.mobile like '%%' or u.khdw like '%%')  ) ORDER BY n.time desc LIMIT 0,20   [ RunTime:0.0100s ]
SQL: SELECT * FROM `d_m_library` WHERE ( id=1 ) LIMIT 1   [ RunTime:0.0300s ]
SQL: SELECT * FROM `d_report` WHERE ( nid=161 ) LIMIT 1   [ RunTime:0.0010s ]
SQL: SELECT `uid`,`name`,`mobile`,`khdw` FROM `d_user` WHERE ( uid=40 )  [ RunTime:0.0010s ]
SQL: SELECT `uid`,`name`,`company` FROM `d_user` WHERE ( uid=31 )  [ RunTime:0.0000s ]
SQL: SELECT * FROM `d_m_library` WHERE ( id=4 ) LIMIT 1   [ RunTime:0.0000s ]
SQL: SELECT * FROM `d_report` WHERE ( nid=160 ) LIMIT 1   [ RunTime:0.0000s ]
SQL: SELECT `uid`,`name`,`mobile`,`khdw` FROM `d_user` WHERE ( uid=10 )  [ RunTime:0.0010s ]
SQL: SELECT `uid`,`name`,`company` FROM `d_user` WHERE ( uid=8 )  [ RunTime:0.0000s ]
SQL: SELECT * FROM `d_m_library` WHERE ( id=4 ) LIMIT 1   [ RunTime:0.0000s ]
SQL: SELECT * FROM `d_report` WHERE ( nid=159 ) LIMIT 1   [ RunTime:0.0010s ]
SQL: SELECT `uid`,`name`,`mobile`,`khdw` FROM `d_user` WHERE ( uid=10 )  [ RunTime:0.0000s ]
SQL: SELECT `uid`,`name`,`company` FROM `d_user` WHERE ( uid=8 )  [ RunTime:0.0000s ]
SQL: SELECT * FROM `d_m_library` WHERE ( id=4 ) LIMIT 1   [ RunTime:0.0010s ]
SQL: SELECT * FROM `d_report` WHERE ( nid=158 ) LIMIT 1   [ RunTime:0.0000s ]
SQL: SELECT `uid`,`name`,`mobile`,`khdw` FROM `d_user` WHERE ( uid=23 )  [ RunTime:0.0000s ]
SQL: SELECT `uid`,`name`,`company` FROM `d_user` WHERE ( uid=8 )  [ RunTime:0.0010s ]
SQL: SELECT * FROM `d_m_library` WHERE ( id=4 ) LIMIT 1   [ RunTime:0.0010s ]
SQL: SELECT * FROM `d_report` WHERE ( nid=157 ) LIMIT 1   [ RunTime:0.0000s ]
SQL: SELECT `uid`,`name`,`mobile`,`khdw` FROM `d_user` WHERE ( uid=10 )  [ RunTime:0.0000s ]
SQL: SELECT `uid`,`name`,`company` FROM `d_user` WHERE ( uid=31 )  [ RunTime:0.0010s ]
SQL: SELECT * FROM `d_m_library` WHERE ( id=4 ) LIMIT 1   [ RunTime:0.0010s ]
SQL: SELECT * FROM `d_report` WHERE ( nid=156 ) LIMIT 1   [ RunTime:0.0000s ]
SQL: SELECT `uid`,`name`,`mobile`,`khdw` FROM `d_user` WHERE ( uid=27 )  [ RunTime:0.0000s ]
SQL: SELECT `uid`,`name`,`company` FROM `d_user` WHERE ( uid=8 )  [ RunTime:0.0010s ]
SQL: SELECT * FROM `d_m_library` WHERE ( id=4 ) LIMIT 1   [ RunTime:0.0010s ]
SQL: SELECT * FROM `d_report` WHERE ( nid=155 ) LIMIT 1   [ RunTime:0.0000s ]
SQL: SELECT `uid`,`name`,`mobile`,`khdw` FROM `d_user` WHERE ( uid=27 )  [ RunTime:0.0000s ]
SQL: SELECT `uid`,`name`,`company` FROM `d_user` WHERE ( uid=8 )  [ RunTime:0.0010s ]
SQL: SELECT * FROM `d_m_library` WHERE ( id=4 ) LIMIT 1   [ RunTime:0.0010s ]
SQL: SELECT * FROM `d_report` WHERE ( nid=154 ) LIMIT 1   [ RunTime:0.0000s ]
SQL: SELECT `uid`,`name`,`mobile`,`khdw` FROM `d_user` WHERE ( uid=40 )  [ RunTime:0.0010s ]
SQL: SELECT `uid`,`name`,`company` FROM `d_user` WHERE ( uid=8 )  [ RunTime:0.0010s ]
SQL: SELECT * FROM `d_m_library` WHERE ( id=4 ) LIMIT 1   [ RunTime:0.0000s ]
SQL: SELECT * FROM `d_report` WHERE ( nid=153 ) LIMIT 1   [ RunTime:0.0000s ]
SQL: SELECT `uid`,`name`,`mobile`,`khdw` FROM `d_user` WHERE ( uid=40 )  [ RunTime:0.0010s ]
SQL: SELECT `uid`,`name`,`company` FROM `d_user` WHERE ( uid=8 )  [ RunTime:0.0010s ]
SQL: SELECT * FROM `d_m_library` WHERE ( id=4 ) LIMIT 1   [ RunTime:0.0000s ]
SQL: SELECT * FROM `d_report` WHERE ( nid=152 ) LIMIT 1   [ RunTime:0.0000s ]
SQL: SELECT `uid`,`name`,`mobile`,`khdw` FROM `d_user` WHERE ( uid=10 )  [ RunTime:0.0010s ]
SQL: SELECT `uid`,`name`,`company` FROM `d_user` WHERE ( uid=8 )  [ RunTime:0.0010s ]
SQL: SELECT * FROM `d_m_library` WHERE ( id=4 ) LIMIT 1   [ RunTime:0.0000s ]
SQL: SELECT * FROM `d_report` WHERE ( nid=151 ) LIMIT 1   [ RunTime:0.0000s ]
SQL: SELECT `uid`,`name`,`mobile`,`khdw` FROM `d_user` WHERE ( uid=40 )  [ RunTime:0.0010s ]
SQL: SELECT `uid`,`name`,`company` FROM `d_user` WHERE ( uid=8 )  [ RunTime:0.0010s ]
SQL: SELECT * FROM `d_m_library` WHERE ( id=4 ) LIMIT 1   [ RunTime:0.0000s ]
SQL: SELECT * FROM `d_report` WHERE ( nid=150 ) LIMIT 1   [ RunTime:0.0000s ]
SQL: SELECT `uid`,`name`,`mobile`,`khdw` FROM `d_user` WHERE ( uid=10 )  [ RunTime:0.0000s ]
SQL: SELECT `uid`,`name`,`company` FROM `d_user` WHERE ( uid=8 )  [ RunTime:0.0010s ]
SQL: SELECT * FROM `d_m_library` WHERE ( id=4 ) LIMIT 1   [ RunTime:0.0000s ]
SQL: SELECT * FROM `d_report` WHERE ( nid=149 ) LIMIT 1   [ RunTime:0.0000s ]
SQL: SELECT `uid`,`name`,`mobile`,`khdw` FROM `d_user` WHERE ( uid=10 )  [ RunTime:0.0000s ]
SQL: SELECT `uid`,`name`,`company` FROM `d_user` WHERE ( uid=8 )  [ RunTime:0.0000s ]
SQL: SELECT * FROM `d_m_library` WHERE ( id=4 ) LIMIT 1   [ RunTime:0.0000s ]
SQL: SELECT * FROM `d_report` WHERE ( nid=148 ) LIMIT 1   [ RunTime:0.0000s ]
SQL: SELECT `uid`,`name`,`mobile`,`khdw` FROM `d_user` WHERE ( uid=10 )  [ RunTime:0.0010s ]
SQL: SELECT `uid`,`name`,`company` FROM `d_user` WHERE ( uid=8 )  [ RunTime:0.0000s ]
SQL: SELECT * FROM `d_m_library` WHERE ( id=4 ) LIMIT 1   [ RunTime:0.0000s ]
SQL: SELECT * FROM `d_report` WHERE ( nid=147 ) LIMIT 1   [ RunTime:0.0010s ]
SQL: SELECT `uid`,`name`,`mobile`,`khdw` FROM `d_user` WHERE ( uid=10 )  [ RunTime:0.0000s ]
SQL: SELECT `uid`,`name`,`company` FROM `d_user` WHERE ( uid=8 )  [ RunTime:0.0000s ]
SQL: SELECT * FROM `d_m_library` WHERE ( id=5 ) LIMIT 1   [ RunTime:0.0010s ]
SQL: SELECT * FROM `d_report` WHERE ( nid=146 ) LIMIT 1   [ RunTime:0.0010s ]
SQL: SELECT `uid`,`name`,`mobile`,`khdw` FROM `d_user` WHERE ( uid=27 )  [ RunTime:0.0000s ]
SQL: SELECT `uid`,`name`,`company` FROM `d_user` WHERE ( uid=8 )  [ RunTime:0.0000s ]
SQL: SELECT * FROM `d_m_library` WHERE ( id=4 ) LIMIT 1   [ RunTime:0.0010s ]
SQL: SELECT * FROM `d_report` WHERE ( nid=145 ) LIMIT 1   [ RunTime:0.0000s ]
SQL: SELECT `uid`,`name`,`mobile`,`khdw` FROM `d_user` WHERE ( uid=10 )  [ RunTime:0.0000s ]
SQL: SELECT `uid`,`name`,`company` FROM `d_user` WHERE ( uid=31 )  [ RunTime:0.0010s ]
SQL: SELECT * FROM `d_m_library` WHERE ( id=1 ) LIMIT 1   [ RunTime:0.0010s ]
SQL: SELECT * FROM `d_report` WHERE ( nid=144 ) LIMIT 1   [ RunTime:0.0000s ]
SQL: SELECT `uid`,`name`,`mobile`,`khdw` FROM `d_user` WHERE ( uid=10 )  [ RunTime:0.0000s ]
SQL: SELECT `uid`,`name`,`company` FROM `d_user` WHERE ( uid=8 )  [ RunTime:0.0000s ]
SQL: SELECT * FROM `d_m_library` WHERE ( id=4 ) LIMIT 1   [ RunTime:0.0000s ]
SQL: SELECT * FROM `d_report` WHERE ( nid=143 ) LIMIT 1   [ RunTime:0.0010s ]
SQL: SELECT `uid`,`name`,`mobile`,`khdw` FROM `d_user` WHERE ( uid=10 )  [ RunTime:0.0000s ]
SQL: SELECT `uid`,`name`,`company` FROM `d_user` WHERE ( uid=8 )  [ RunTime:0.0000s ]
SQL: SELECT * FROM `d_m_library` WHERE ( id=4 ) LIMIT 1   [ RunTime:0.0010s ]
SQL: SELECT * FROM `d_report` WHERE ( nid=142 ) LIMIT 1   [ RunTime:0.0000s ]
SQL: SELECT `uid`,`name`,`mobile`,`khdw` FROM `d_user` WHERE ( uid=10 )  [ RunTime:0.0000s ]
SQL: SELECT `uid`,`name`,`company` FROM `d_user` WHERE ( uid=8 )  [ RunTime:0.0010s ]
NOTIC: [8] Undefined variable: pList E:\WWW\eps\ThinkPHP\Library\Com\Util\Page.class.php 第 155 行.
NOTIC: [8] Undefined variable: pListStart E:\WWW\eps\ThinkPHP\Library\Com\Util\Page.class.php 第 248 行.
NOTIC: [8] Undefined variable: pListEnd E:\WWW\eps\ThinkPHP\Library\Com\Util\Page.class.php 第 248 行.
NOTIC: [8] Undefined variable: pFirst E:\WWW\eps\ThinkPHP\Library\Com\Util\Page.class.php 第 248 行.
NOTIC: [8] Undefined variable: pPrev E:\WWW\eps\ThinkPHP\Library\Com\Util\Page.class.php 第 248 行.
INFO: [ view_parse ] --START--
INFO: [ template_filter ] --START--
INFO: Run Behavior\ContentReplaceBehavior [ RunTime:0.000000s ]
INFO: [ template_filter ] --END-- [ RunTime:0.000000s ]
NOTIC: [8] Undefined index: status E:\WWW\eps\Application\Runtime\Cache\Admin\f3608d595422fc0dabb28ab5220a7890.php 第 127 行.
NOTIC: [8] Undefined index: status E:\WWW\eps\Application\Runtime\Cache\Admin\f3608d595422fc0dabb28ab5220a7890.php 第 130 行.
NOTIC: [8] Undefined variable: v E:\WWW\eps\Application\Runtime\Cache\Admin\f3608d595422fc0dabb28ab5220a7890.php 第 130 行.
NOTIC: [8] Undefined index: status E:\WWW\eps\Application\Runtime\Cache\Admin\f3608d595422fc0dabb28ab5220a7890.php 第 131 行.
NOTIC: [8] Undefined index: status E:\WWW\eps\Application\Runtime\Cache\Admin\f3608d595422fc0dabb28ab5220a7890.php 第 131 行.
NOTIC: [8] Undefined index: status E:\WWW\eps\Application\Runtime\Cache\Admin\f3608d595422fc0dabb28ab5220a7890.php 第 131 行.
NOTIC: [8] Undefined index: status E:\WWW\eps\Application\Runtime\Cache\Admin\f3608d595422fc0dabb28ab5220a7890.php 第 131 行.
NOTIC: [8] Undefined index: status E:\WWW\eps\Application\Runtime\Cache\Admin\f3608d595422fc0dabb28ab5220a7890.php 第 131 行.
NOTIC: [8] Undefined index: start_time E:\WWW\eps\Application\Runtime\Cache\Admin\f3608d595422fc0dabb28ab5220a7890.php 第 133 行.
NOTIC: [8] Undefined index: end_time E:\WWW\eps\Application\Runtime\Cache\Admin\f3608d595422fc0dabb28ab5220a7890.php 第 145 行.
NOTIC: [8] Undefined index: info_f E:\WWW\eps\Application\Runtime\Cache\Admin\f3608d595422fc0dabb28ab5220a7890.php 第 159 行.
NOTIC: [8] Undefined index: info_f E:\WWW\eps\Application\Runtime\Cache\Admin\f3608d595422fc0dabb28ab5220a7890.php 第 160 行.
NOTIC: [8] Undefined index: info_x E:\WWW\eps\Application\Runtime\Cache\Admin\f3608d595422fc0dabb28ab5220a7890.php 第 162 行.
NOTIC: [8] Undefined index: fybq E:\WWW\eps\Application\Runtime\Cache\Admin\f3608d595422fc0dabb28ab5220a7890.php 第 205 行.
INFO: Run Behavior\ParseTemplateBehavior [ RunTime:0.073000s ]
INFO: [ view_parse ] --END-- [ RunTime:0.073000s ]
INFO: [ view_filter ] --START--
INFO: Run Behavior\WriteHtmlCacheBehavior [ RunTime:0.000000s ]
INFO: [ view_filter ] --END-- [ RunTime:0.001000s ]
INFO: [ app_end ] --START--
INFO: Run Behavior\ShowPageTraceBehavior [ RunTime:0.001000s ]
INFO: [ app_end ] --END-- [ RunTime:0.001000s ]

[ 2017-11-28T13:50:22+08:00 ] 127.0.0.1 /Admin/Gongdan/lists
INFO: [ app_init ] --START--
INFO: Run Behavior\BuildLiteBehavior [ RunTime:0.000000s ]
INFO: [ app_init ] --END-- [ RunTime:0.001000s ]
INFO: [ app_begin ] --START--
INFO: Run Behavior\ReadHtmlCacheBehavior [ RunTime:0.002000s ]
INFO: [ app_begin ] --END-- [ RunTime:0.002000s ]
NOTIC: [2048] Declaration of Appframe\AdminbaseController::success() should be compatible with that of Think\Controller::success() E:\WWW\eps\Application\Appframe\AdminbaseController.class.php 第 6 行.
NOTIC: [2048] Declaration of Admin\Controller\GongdanController::show() should be compatible with that of Think\Controller::show() E:\WWW\eps\Application\Admin\Controller\GongdanController.class.php 第 8 行.
SQL: SHOW COLUMNS FROM `d_user` [ RunTime:0.0100s ]
SQL: SHOW COLUMNS FROM `d_need` [ RunTime:0.0100s ]
SQL: SHOW COLUMNS FROM `d_photo` [ RunTime:0.0090s ]
SQL: SHOW COLUMNS FROM `d_m_library` [ RunTime:0.0100s ]
SQL: SHOW COLUMNS FROM `d_notification` [ RunTime:0.0090s ]
SQL: SHOW COLUMNS FROM `d_fxuser` [ RunTime:0.0110s ]
SQL: SHOW COLUMNS FROM `d_reward` [ RunTime:0.0100s ]
SQL: SHOW COLUMNS FROM `d_adviser` [ RunTime:0.0100s ]
SQL: SHOW COLUMNS FROM `d_report` [ RunTime:0.0080s ]
SQL: SHOW COLUMNS FROM `d_mailing` [ RunTime:0.0050s ]
SQL: SHOW COLUMNS FROM `d_clerk` [ RunTime:0.0050s ]
SQL: SHOW COLUMNS FROM `d_consumption` [ RunTime:0.0050s ]
SQL: SELECT COUNT(*) AS tp_count FROM `d_need` WHERE ( status > 0 ) LIMIT 1   [ RunTime:0.0010s ]
SQL: SELECT COUNT(*) AS tp_count FROM `d_need` WHERE ( status = 1 ) LIMIT 1   [ RunTime:0.0000s ]
SQL: SELECT COUNT(*) AS tp_count FROM `d_need` WHERE ( status = 2 ) LIMIT 1   [ RunTime:0.0010s ]
SQL: SELECT COUNT(*) AS tp_count FROM `d_need` WHERE ( status = 3 ) LIMIT 1   [ RunTime:0.0000s ]
SQL: SELECT COUNT(*) AS tp_count FROM `d_need` WHERE ( status = 4 ) LIMIT 1   [ RunTime:0.0010s ]
SQL: SELECT COUNT(*) AS tp_count FROM `d_need` WHERE ( status = 5 ) LIMIT 1   [ RunTime:0.0000s ]
SQL: SHOW COLUMNS FROM `d_need` [ RunTime:0.0050s ]
SQL: SELECT COUNT(*) AS tp_count FROM d_need as n INNER JOIN d_user as u on n.uid_x=u.uid  WHERE ( n.status > 0 and (n.no LIKE '%%' or u.mobile like '%%' or u.khdw like '%%')  ) LIMIT 1   [ RunTime:0.0000s ]
NOTIC: [8] Undefined index: page E:\WWW\eps\ThinkPHP\Library\Com\Util\Page.class.php 第 127 行.
NOTIC: [8] Undefined index: page E:\WWW\eps\ThinkPHP\Library\Com\Util\Page.class.php 第 127 行.
SQL: SHOW COLUMNS FROM `d_need` [ RunTime:0.0060s ]
SQL: SELECT n.* FROM d_need as n INNER JOIN d_user as u on n.uid_x=u.uid  WHERE ( n.status > 0 and (n.no LIKE '%%' or u.mobile like '%%' or u.khdw like '%%')  ) ORDER BY n.time desc LIMIT 0,20   [ RunTime:0.0010s ]
SQL: SELECT * FROM `d_m_library` WHERE ( id=1 ) LIMIT 1   [ RunTime:0.0010s ]
SQL: SELECT * FROM `d_report` WHERE ( nid=161 ) LIMIT 1   [ RunTime:0.0000s ]
SQL: SELECT `uid`,`name`,`mobile`,`khdw` FROM `d_user` WHERE ( uid=40 )  [ RunTime:0.0000s ]
SQL: SELECT `uid`,`name`,`company` FROM `d_user` WHERE ( uid=31 )  [ RunTime:0.0010s ]
SQL: SELECT * FROM `d_m_library` WHERE ( id=4 ) LIMIT 1   [ RunTime:0.0000s ]
SQL: SELECT * FROM `d_report` WHERE ( nid=160 ) LIMIT 1   [ RunTime:0.0010s ]
SQL: SELECT `uid`,`name`,`mobile`,`khdw` FROM `d_user` WHERE ( uid=10 )  [ RunTime:0.0000s ]
SQL: SELECT `uid`,`name`,`company` FROM `d_user` WHERE ( uid=8 )  [ RunTime:0.0000s ]
SQL: SELECT * FROM `d_m_library` WHERE ( id=4 ) LIMIT 1   [ RunTime:0.0010s ]
SQL: SELECT * FROM `d_report` WHERE ( nid=159 ) LIMIT 1   [ RunTime:0.0000s ]
SQL: SELECT `uid`,`name`,`mobile`,`khdw` FROM `d_user` WHERE ( uid=10 )  [ RunTime:0.0000s ]
SQL: SELECT `uid`,`name`,`company` FROM `d_user` WHERE ( uid=8 )  [ RunTime:0.0000s ]
SQL: SELECT * FROM `d_m_library` WHERE ( id=4 ) LIMIT 1   [ RunTime:0.0000s ]
SQL: SELECT * FROM `d_report` WHERE ( nid=158 ) LIMIT 1   [ RunTime:0.0010s ]
SQL: SELECT `uid`,`name`,`mobile`,`khdw` FROM `d_user` WHERE ( uid=23 )  [ RunTime:0.0000s ]
SQL: SELECT `uid`,`name`,`company` FROM `d_user` WHERE ( uid=8 )  [ RunTime:0.0000s ]
SQL: SELECT * FROM `d_m_library` WHERE ( id=4 ) LIMIT 1   [ RunTime:0.0010s ]
SQL: SELECT * FROM `d_report` WHERE ( nid=157 ) LIMIT 1   [ RunTime:0.0000s ]
SQL: SELECT `uid`,`name`,`mobile`,`khdw` FROM `d_user` WHERE ( uid=10 )  [ RunTime:0.0000s ]
SQL: SELECT `uid`,`name`,`company` FROM `d_user` WHERE ( uid=31 )  [ RunTime:0.0010s ]
SQL: SELECT * FROM `d_m_library` WHERE ( id=4 ) LIMIT 1   [ RunTime:0.0000s ]
SQL: SELECT * FROM `d_report` WHERE ( nid=156 ) LIMIT 1   [ RunTime:0.0000s ]
SQL: SELECT `uid`,`name`,`mobile`,`khdw` FROM `d_user` WHERE ( uid=27 )  [ RunTime:0.0000s ]
SQL: SELECT `uid`,`name`,`company` FROM `d_user` WHERE ( uid=8 )  [ RunTime:0.0000s ]
SQL: SELECT * FROM `d_m_library` WHERE ( id=4 ) LIMIT 1   [ RunTime:0.0000s ]
SQL: SELECT * FROM `d_report` WHERE ( nid=155 ) LIMIT 1   [ RunTime:0.0000s ]
SQL: SELECT `uid`,`name`,`mobile`,`khdw` FROM `d_user` WHERE ( uid=27 )  [ RunTime:0.0010s ]
SQL: SELECT `uid`,`name`,`company` FROM `d_user` WHERE ( uid=8 )  [ RunTime:0.0000s ]
SQL: SELECT * FROM `d_m_library` WHERE ( id=4 ) LIMIT 1   [ RunTime:0.0000s ]
SQL: SELECT * FROM `d_report` WHERE ( nid=154 ) LIMIT 1   [ RunTime:0.0000s ]
SQL: SELECT `uid`,`name`,`mobile`,`khdw` FROM `d_user` WHERE ( uid=40 )  [ RunTime:0.0000s ]
SQL: SELECT `uid`,`name`,`company` FROM `d_user` WHERE ( uid=8 )  [ RunTime:0.0000s ]
SQL: SELECT * FROM `d_m_library` WHERE ( id=4 ) LIMIT 1   [ RunTime:0.0000s ]
SQL: SELECT * FROM `d_report` WHERE ( nid=153 ) LIMIT 1   [ RunTime:0.0010s ]
SQL: SELECT `uid`,`name`,`mobile`,`khdw` FROM `d_user` WHERE ( uid=40 )  [ RunTime:0.0000s ]
SQL: SELECT `uid`,`name`,`company` FROM `d_user` WHERE ( uid=8 )  [ RunTime:0.0000s ]
SQL: SELECT * FROM `d_m_library` WHERE ( id=4 ) LIMIT 1   [ RunTime:0.0000s ]
SQL: SELECT * FROM `d_report` WHERE ( nid=152 ) LIMIT 1   [ RunTime:0.0000s ]
SQL: SELECT `uid`,`name`,`mobile`,`khdw` FROM `d_user` WHERE ( uid=10 )  [ RunTime:0.0000s ]
SQL: SELECT `uid`,`name`,`company` FROM `d_user` WHERE ( uid=8 )  [ RunTime:0.0000s ]
SQL: SELECT * FROM `d_m_library` WHERE ( id=4 ) LIMIT 1   [ RunTime:0.0010s ]
SQL: SELECT * FROM `d_report` WHERE ( nid=151 ) LIMIT 1   [ RunTime:0.0000s ]
SQL: SELECT `uid`,`name`,`mobile`,`khdw` FROM `d_user` WHERE ( uid=40 )  [ RunTime:0.0000s ]
SQL: SELECT `uid`,`name`,`company` FROM `d_user` WHERE ( uid=8 )  [ RunTime:0.0010s ]
SQL: SELECT * FROM `d_m_library` WHERE ( id=4 ) LIMIT 1   [ RunTime:0.0000s ]
SQL: SELECT * FROM `d_report` WHERE ( nid=150 ) LIMIT 1   [ RunTime:0.0000s ]
SQL: SELECT `uid`,`name`,`mobile`,`khdw` FROM `d_user` WHERE ( uid=10 )  [ RunTime:0.0000s ]
SQL: SELECT `uid`,`name`,`company` FROM `d_user` WHERE ( uid=8 )  [ RunTime:0.0000s ]
SQL: SELECT * FROM `d_m_library` WHERE ( id=4 ) LIMIT 1   [ RunTime:0.0000s ]
SQL: SELECT * FROM `d_report` WHERE ( nid=149 ) LIMIT 1   [ RunTime:0.0000s ]
SQL: SELECT `uid`,`name`,`mobile`,`khdw` FROM `d_user` WHERE ( uid=10 )  [ RunTime:0.0000s ]
SQL: SELECT `uid`,`name`,`company` FROM `d_user` WHERE ( uid=8 )  [ RunTime:0.0000s ]
SQL: SELECT * FROM `d_m_library` WHERE ( id=4 ) LIMIT 1   [ RunTime:0.0000s ]
SQL: SELECT * FROM `d_report` WHERE ( nid=148 ) LIMIT 1   [ RunTime:0.0000s ]
SQL: SELECT `uid`,`name`,`mobile`,`khdw` FROM `d_user` WHERE ( uid=10 )  [ RunTime:0.0010s ]
SQL: SELECT `uid`,`name`,`company` FROM `d_user` WHERE ( uid=8 )  [ RunTime:0.0000s ]
SQL: SELECT * FROM `d_m_library` WHERE ( id=4 ) LIMIT 1   [ RunTime:0.0000s ]
SQL: SELECT * FROM `d_report` WHERE ( nid=147 ) LIMIT 1   [ RunTime:0.0000s ]
SQL: SELECT `uid`,`name`,`mobile`,`khdw` FROM `d_user` WHERE ( uid=10 )  [ RunTime:0.0000s ]
SQL: SELECT `uid`,`name`,`company` FROM `d_user` WHERE ( uid=8 )  [ RunTime:0.0000s ]
SQL: SELECT * FROM `d_m_library` WHERE ( id=5 ) LIMIT 1   [ RunTime:0.0000s ]
SQL: SELECT * FROM `d_report` WHERE ( nid=146 ) LIMIT 1   [ RunTime:0.0010s ]
SQL: SELECT `uid`,`name`,`mobile`,`khdw` FROM `d_user` WHERE ( uid=27 )  [ RunTime:0.0000s ]
SQL: SELECT `uid`,`name`,`company` FROM `d_user` WHERE ( uid=8 )  [ RunTime:0.0000s ]
SQL: SELECT * FROM `d_m_library` WHERE ( id=4 ) LIMIT 1   [ RunTime:0.0000s ]
SQL: SELECT * FROM `d_report` WHERE ( nid=145 ) LIMIT 1   [ RunTime:0.0010s ]
SQL: SELECT `uid`,`name`,`mobile`,`khdw` FROM `d_user` WHERE ( uid=10 )  [ RunTime:0.0000s ]
SQL: SELECT `uid`,`name`,`company` FROM `d_user` WHERE ( uid=31 )  [ RunTime:0.0000s ]
SQL: SELECT * FROM `d_m_library` WHERE ( id=1 ) LIMIT 1   [ RunTime:0.0010s ]
SQL: SELECT * FROM `d_report` WHERE ( nid=144 ) LIMIT 1   [ RunTime:0.0000s ]
SQL: SELECT `uid`,`name`,`mobile`,`khdw` FROM `d_user` WHERE ( uid=10 )  [ RunTime:0.0000s ]
SQL: SELECT `uid`,`name`,`company` FROM `d_user` WHERE ( uid=8 )  [ RunTime:0.0000s ]
SQL: SELECT * FROM `d_m_library` WHERE ( id=4 ) LIMIT 1   [ RunTime:0.0000s ]
SQL: SELECT * FROM `d_report` WHERE ( nid=143 ) LIMIT 1   [ RunTime:0.0000s ]
SQL: SELECT `uid`,`name`,`mobile`,`khdw` FROM `d_user` WHERE ( uid=10 )  [ RunTime:0.0000s ]
SQL: SELECT `uid`,`name`,`company` FROM `d_user` WHERE ( uid=8 )  [ RunTime:0.0010s ]
SQL: SELECT * FROM `d_m_library` WHERE ( id=4 ) LIMIT 1   [ RunTime:0.0000s ]
SQL: SELECT * FROM `d_report` WHERE ( nid=142 ) LIMIT 1   [ RunTime:0.0000s ]
SQL: SELECT `uid`,`name`,`mobile`,`khdw` FROM `d_user` WHERE ( uid=10 )  [ RunTime:0.0000s ]
SQL: SELECT `uid`,`name`,`company` FROM `d_user` WHERE ( uid=8 )  [ RunTime:0.0000s ]
NOTIC: [8] Undefined variable: pList E:\WWW\eps\ThinkPHP\Library\Com\Util\Page.class.php 第 155 行.
NOTIC: [8] Undefined variable: pListStart E:\WWW\eps\ThinkPHP\Library\Com\Util\Page.class.php 第 248 行.
NOTIC: [8] Undefined variable: pListEnd E:\WWW\eps\ThinkPHP\Library\Com\Util\Page.class.php 第 248 行.
NOTIC: [8] Undefined variable: pFirst E:\WWW\eps\ThinkPHP\Library\Com\Util\Page.class.php 第 248 行.
NOTIC: [8] Undefined variable: pPrev E:\WWW\eps\ThinkPHP\Library\Com\Util\Page.class.php 第 248 行.
INFO: [ view_parse ] --START--
INFO: [ template_filter ] --START--
INFO: Run Behavior\ContentReplaceBehavior [ RunTime:0.000000s ]
INFO: [ template_filter ] --END-- [ RunTime:0.000000s ]
NOTIC: [8] Undefined index: status E:\WWW\eps\Application\Runtime\Cache\Admin\f3608d595422fc0dabb28ab5220a7890.php 第 127 行.
NOTIC: [8] Undefined index: status E:\WWW\eps\Application\Runtime\Cache\Admin\f3608d595422fc0dabb28ab5220a7890.php 第 130 行.
NOTIC: [8] Undefined variable: v E:\WWW\eps\Application\Runtime\Cache\Admin\f3608d595422fc0dabb28ab5220a7890.php 第 130 行.
NOTIC: [8] Undefined index: status E:\WWW\eps\Application\Runtime\Cache\Admin\f3608d595422fc0dabb28ab5220a7890.php 第 131 行.
NOTIC: [8] Undefined index: status E:\WWW\eps\Application\Runtime\Cache\Admin\f3608d595422fc0dabb28ab5220a7890.php 第 131 行.
NOTIC: [8] Undefined index: status E:\WWW\eps\Application\Runtime\Cache\Admin\f3608d595422fc0dabb28ab5220a7890.php 第 131 行.
NOTIC: [8] Undefined index: status E:\WWW\eps\Application\Runtime\Cache\Admin\f3608d595422fc0dabb28ab5220a7890.php 第 131 行.
NOTIC: [8] Undefined index: status E:\WWW\eps\Application\Runtime\Cache\Admin\f3608d595422fc0dabb28ab5220a7890.php 第 131 行.
NOTIC: [8] Undefined index: start_time E:\WWW\eps\Application\Runtime\Cache\Admin\f3608d595422fc0dabb28ab5220a7890.php 第 133 行.
NOTIC: [8] Undefined index: end_time E:\WWW\eps\Application\Runtime\Cache\Admin\f3608d595422fc0dabb28ab5220a7890.php 第 145 行.
NOTIC: [8] Undefined index: info_f E:\WWW\eps\Application\Runtime\Cache\Admin\f3608d595422fc0dabb28ab5220a7890.php 第 159 行.
NOTIC: [8] Undefined index: info_f E:\WWW\eps\Application\Runtime\Cache\Admin\f3608d595422fc0dabb28ab5220a7890.php 第 160 行.
NOTIC: [8] Undefined index: info_x E:\WWW\eps\Application\Runtime\Cache\Admin\f3608d595422fc0dabb28ab5220a7890.php 第 162 行.
NOTIC: [8] Undefined index: fybq E:\WWW\eps\Application\Runtime\Cache\Admin\f3608d595422fc0dabb28ab5220a7890.php 第 205 行.
INFO: Run Behavior\ParseTemplateBehavior [ RunTime:0.012000s ]
INFO: [ view_parse ] --END-- [ RunTime:0.012000s ]
INFO: [ view_filter ] --START--
INFO: Run Behavior\WriteHtmlCacheBehavior [ RunTime:0.001000s ]
INFO: [ view_filter ] --END-- [ RunTime:0.001000s ]
INFO: [ app_end ] --START--
INFO: Run Behavior\ShowPageTraceBehavior [ RunTime:0.001000s ]
INFO: [ app_end ] --END-- [ RunTime:0.001000s ]

[ 2017-11-28T13:50:26+08:00 ] 127.0.0.1 /Admin/Gongdan/show/id/157.html
INFO: [ app_init ] --START--
INFO: Run Behavior\BuildLiteBehavior [ RunTime:0.000000s ]
INFO: [ app_init ] --END-- [ RunTime:0.001000s ]
INFO: [ app_begin ] --START--
INFO: Run Behavior\ReadHtmlCacheBehavior [ RunTime:0.000000s ]
INFO: [ app_begin ] --END-- [ RunTime:0.000000s ]
NOTIC: [2048] Declaration of Appframe\AdminbaseController::success() should be compatible with that of Think\Controller::success() E:\WWW\eps\Application\Appframe\AdminbaseController.class.php 第 6 行.
NOTIC: [2048] Declaration of Admin\Controller\GongdanController::show() should be compatible with that of Think\Controller::show() E:\WWW\eps\Application\Admin\Controller\GongdanController.class.php 第 8 行.
SQL: SHOW COLUMNS FROM `d_user` [ RunTime:0.0140s ]
SQL: SHOW COLUMNS FROM `d_need` [ RunTime:0.0140s ]
SQL: SHOW COLUMNS FROM `d_photo` [ RunTime:0.0130s ]
SQL: SHOW COLUMNS FROM `d_m_library` [ RunTime:0.0130s ]
SQL: SHOW COLUMNS FROM `d_notification` [ RunTime:0.0090s ]
SQL: SHOW COLUMNS FROM `d_fxuser` [ RunTime:0.0090s ]
SQL: SHOW COLUMNS FROM `d_reward` [ RunTime:0.0080s ]
SQL: SHOW COLUMNS FROM `d_adviser` [ RunTime:0.0080s ]
SQL: SHOW COLUMNS FROM `d_report` [ RunTime:0.0080s ]
SQL: SHOW COLUMNS FROM `d_mailing` [ RunTime:0.0080s ]
SQL: SHOW COLUMNS FROM `d_clerk` [ RunTime:0.0080s ]
SQL: SHOW COLUMNS FROM `d_consumption` [ RunTime:0.0050s ]
NOTIC: [8] Undefined offset: 1 E:\WWW\eps\ThinkPHP\Library\Think\Controller.class.php 第 232 行.
SQL: SELECT * FROM `d_need` WHERE ( id=157 ) LIMIT 1   [ RunTime:0.0000s ]
SQL: SELECT * FROM `d_m_library` WHERE ( id=4 ) LIMIT 1   [ RunTime:0.0000s ]
SQL: SELECT `mobile`,`name`,`khdw` FROM `d_user` WHERE ( uid=10 )  [ RunTime:0.0000s ]
SQL: SELECT `mobile`,`name`,`company` FROM `d_user` WHERE ( uid=31 )  [ RunTime:0.0000s ]
NOTIC: [2] Missing argument 1 for Think\Model::field(), called in E:\WWW\eps\Application\Admin\Controller\GongdanController.class.php on line 229 and defined E:\WWW\eps\ThinkPHP\Library\Think\Model.class.php 第 1720 行.
NOTIC: [8] Undefined variable: field E:\WWW\eps\ThinkPHP\Library\Think\Model.class.php 第 1721 行.
NOTIC: [8] Undefined variable: field E:\WWW\eps\ThinkPHP\Library\Think\Model.class.php 第 1731 行.
SQL: SELECT * FROM `d_photo` WHERE ( n_id=157 and flag=1 and type=1 )  [ RunTime:0.0010s ]
NOTIC: [2] Missing argument 1 for Think\Model::field(), called in E:\WWW\eps\Application\Admin\Controller\GongdanController.class.php on line 231 and defined E:\WWW\eps\ThinkPHP\Library\Think\Model.class.php 第 1720 行.
NOTIC: [8] Undefined variable: field E:\WWW\eps\ThinkPHP\Library\Think\Model.class.php 第 1721 行.
NOTIC: [8] Undefined variable: field E:\WWW\eps\ThinkPHP\Library\Think\Model.class.php 第 1731 行.
SQL: SELECT * FROM `d_photo` WHERE ( n_id=157 and flag=1 and type=2 )  [ RunTime:0.0000s ]
NOTIC: [2] Missing argument 1 for Think\Model::field(), called in E:\WWW\eps\Application\Admin\Controller\GongdanController.class.php on line 233 and defined E:\WWW\eps\ThinkPHP\Library\Think\Model.class.php 第 1720 行.
NOTIC: [8] Undefined variable: field E:\WWW\eps\ThinkPHP\Library\Think\Model.class.php 第 1721 行.
NOTIC: [8] Undefined variable: field E:\WWW\eps\ThinkPHP\Library\Think\Model.class.php 第 1731 行.
SQL: SELECT * FROM `d_photo` WHERE ( n_id=157 and flag=1 and type=3 )  [ RunTime:0.0000s ]
NOTIC: [2] Missing argument 1 for Think\Model::field(), called in E:\WWW\eps\Application\Admin\Controller\GongdanController.class.php on line 235 and defined E:\WWW\eps\ThinkPHP\Library\Think\Model.class.php 第 1720 行.
NOTIC: [8] Undefined variable: field E:\WWW\eps\ThinkPHP\Library\Think\Model.class.php 第 1721 行.
NOTIC: [8] Undefined variable: field E:\WWW\eps\ThinkPHP\Library\Think\Model.class.php 第 1731 行.
SQL: SELECT * FROM `d_photo` WHERE ( n_id=157 and flag=1 and type=4 )  [ RunTime:0.0000s ]
NOTIC: [2] Missing argument 1 for Think\Model::field(), called in E:\WWW\eps\Application\Admin\Controller\GongdanController.class.php on line 237 and defined E:\WWW\eps\ThinkPHP\Library\Think\Model.class.php 第 1720 行.
NOTIC: [8] Undefined variable: field E:\WWW\eps\ThinkPHP\Library\Think\Model.class.php 第 1721 行.
NOTIC: [8] Undefined variable: field E:\WWW\eps\ThinkPHP\Library\Think\Model.class.php 第 1731 行.
SQL: SELECT * FROM `d_photo` WHERE ( n_id=157 and flag=1 and type=5 )  [ RunTime:0.0000s ]
SQL: SELECT * FROM `d_report` WHERE ( nid=157 ) LIMIT 1   [ RunTime:0.0010s ]
SQL: SELECT * FROM `d_clerk` WHERE ( id=1 ) LIMIT 1   [ RunTime:0.0000s ]
SQL: SELECT * FROM `d_clerk` WHERE ( id=0 ) LIMIT 1   [ RunTime:0.0000s ]
NOTIC: [8] Undefined variable: mailing E:\WWW\eps\Application\Admin\Controller\GongdanController.class.php 第 264 行.
INFO: [ view_parse ] --START--
INFO: [ template_filter ] --START--
INFO: Run Behavior\ContentReplaceBehavior [ RunTime:0.000000s ]
INFO: [ template_filter ] --END-- [ RunTime:0.000000s ]
INFO: Run Behavior\ParseTemplateBehavior [ RunTime:0.023000s ]
INFO: [ view_parse ] --END-- [ RunTime:0.023000s ]
INFO: [ view_filter ] --START--
INFO: Run Behavior\WriteHtmlCacheBehavior [ RunTime:0.000000s ]
INFO: [ view_filter ] --END-- [ RunTime:0.000000s ]
INFO: [ app_end ] --START--
INFO: Run Behavior\ShowPageTraceBehavior [ RunTime:0.001000s ]
INFO: [ app_end ] --END-- [ RunTime:0.001000s ]

