[ 2017-10-30T09:39:06+08:00 ] 127.0.0.1 /admin
INFO: [ app_init ] --START--
INFO: Run Behavior\BuildLiteBehavior [ RunTime:0.000000s ]
INFO: [ app_init ] --END-- [ RunTime:0.001000s ]
INFO: [ app_begin ] --START--
INFO: Run Behavior\ReadHtmlCacheBehavior [ RunTime:0.000000s ]
INFO: [ app_begin ] --END-- [ RunTime:0.000000s ]
NOTIC: [2048] Declaration of Appframe\AdminbaseController::success() should be compatible with Think\Controller::success($message = '', $jumpUrl = '', $ajax = false) E:\WWW\eps\Application\Appframe\AdminbaseController.class.php 第 6 行.
INFO: [ view_parse ] --START--
INFO: [ template_filter ] --START--
INFO: Run Behavior\ContentReplaceBehavior [ RunTime:0.000000s ]
INFO: [ template_filter ] --END-- [ RunTime:0.000000s ]
INFO: Run Behavior\ParseTemplateBehavior [ RunTime:0.026000s ]
INFO: [ view_parse ] --END-- [ RunTime:0.027000s ]
INFO: [ view_filter ] --START--
INFO: Run Behavior\WriteHtmlCacheBehavior [ RunTime:0.000000s ]
INFO: [ view_filter ] --END-- [ RunTime:0.001000s ]

[ 2017-10-30T09:39:08+08:00 ] 127.0.0.1 /Admin/Public/login.html
INFO: [ app_init ] --START--
INFO: Run Behavior\BuildLiteBehavior [ RunTime:0.000000s ]
INFO: [ app_init ] --END-- [ RunTime:0.002000s ]
INFO: [ app_begin ] --START--
INFO: Run Behavior\ReadHtmlCacheBehavior [ RunTime:0.001000s ]
INFO: [ app_begin ] --END-- [ RunTime:0.001000s ]
NOTIC: [2048] Declaration of Appframe\AdminbaseController::success() should be compatible with Think\Controller::success($message = '', $jumpUrl = '', $ajax = false) E:\WWW\eps\Application\Appframe\AdminbaseController.class.php 第 6 行.
INFO: [ view_parse ] --START--
INFO: [ template_filter ] --START--
INFO: Run Behavior\ContentReplaceBehavior [ RunTime:0.000000s ]
INFO: [ template_filter ] --END-- [ RunTime:0.001000s ]
NOTIC: [8] Use of undefined constant CHARSET - assumed 'CHARSET' E:\WWW\eps\Application\Runtime\Cache\Admin\3e5d3d9a1e6b1fcd430d87ee7be4f518.php 第 4 行.
NOTIC: [8] Undefined variable: Site E:\WWW\eps\Application\Runtime\Cache\Admin\3e5d3d9a1e6b1fcd430d87ee7be4f518.php 第 42 行.
INFO: Run Behavior\ParseTemplateBehavior [ RunTime:0.026000s ]
INFO: [ view_parse ] --END-- [ RunTime:0.027000s ]
INFO: [ view_filter ] --START--
INFO: Run Behavior\WriteHtmlCacheBehavior [ RunTime:0.000000s ]
INFO: [ view_filter ] --END-- [ RunTime:0.000000s ]
INFO: [ app_end ] --START--
INFO: Run Behavior\ShowPageTraceBehavior [ RunTime:0.000000s ]
INFO: [ app_end ] --END-- [ RunTime:0.001000s ]

[ 2017-10-30T09:39:18+08:00 ] 127.0.0.1 /Admin/Public/tologin.html
INFO: [ app_init ] --START--
INFO: Run Behavior\BuildLiteBehavior [ RunTime:0.000000s ]
INFO: [ app_init ] --END-- [ RunTime:0.001000s ]
INFO: [ app_begin ] --START--
INFO: Run Behavior\ReadHtmlCacheBehavior [ RunTime:0.000000s ]
INFO: [ app_begin ] --END-- [ RunTime:0.001000s ]
NOTIC: [2048] Declaration of Appframe\AdminbaseController::success() should be compatible with Think\Controller::success($message = '', $jumpUrl = '', $ajax = false) E:\WWW\eps\Application\Appframe\AdminbaseController.class.php 第 6 行.
NOTIC: [8] Undefined offset: 1 E:\WWW\eps\ThinkPHP\Library\Think\Controller.class.php 第 232 行.
NOTIC: [8] Undefined offset: 1 E:\WWW\eps\ThinkPHP\Library\Think\Controller.class.php 第 232 行.
NOTIC: [8] Undefined offset: 1 E:\WWW\eps\ThinkPHP\Library\Think\Controller.class.php 第 232 行.
SQL: SHOW COLUMNS FROM `d_fxuser` [ RunTime:0.0280s ]
SQL: SELECT * FROM `d_fxuser` WHERE `username` = 'admin' LIMIT 1   [ RunTime:0.0010s ]
SQL: SHOW COLUMNS FROM `d_fxloginlog` [ RunTime:0.0290s ]
SQL: INSERT INTO `d_fxloginlog` (`username`,`logintime`,`loginip`,`status`,`password`,`info`) VALUES ('admin','2017-10-30 09:39:18','127.0.0.1','1','8888***','') [ RunTime:0.0010s ]
SQL: SHOW COLUMNS FROM `d_fxuser` [ RunTime:0.0090s ]
SQL: UPDATE `d_fxuser` SET `last_login_time`='1509327558',`last_login_ip`='127.0.0.1' WHERE `id` = 1 [ RunTime:0.0010s ]
SQL: SHOW COLUMNS FROM `d_fxuser` [ RunTime:0.0090s ]
SQL: SELECT * FROM `d_fxuser` WHERE (  username  = 'admin'  ) LIMIT 1   [ RunTime:0.0010s ]

[ 2017-10-30T09:39:19+08:00 ] 127.0.0.1 /Admin/Index/index.html
INFO: [ app_init ] --START--
INFO: Run Behavior\BuildLiteBehavior [ RunTime:0.000000s ]
INFO: [ app_init ] --END-- [ RunTime:0.001000s ]
INFO: [ app_begin ] --START--
INFO: Run Behavior\ReadHtmlCacheBehavior [ RunTime:0.001000s ]
INFO: [ app_begin ] --END-- [ RunTime:0.001000s ]
NOTIC: [2048] Declaration of Appframe\AdminbaseController::success() should be compatible with Think\Controller::success($message = '', $jumpUrl = '', $ajax = false) E:\WWW\eps\Application\Appframe\AdminbaseController.class.php 第 6 行.
SQL: SHOW COLUMNS FROM `d_fxuser` [ RunTime:0.0170s ]
SQL: SELECT `id`,`username`,`nickname`,`last_login_time`,`last_login_ip`,`email`,`status` FROM `d_fxuser` WHERE `id` = 1  [ RunTime:0.0010s ]
SQL: SHOW COLUMNS FROM `d_fxmenu` [ RunTime:0.0210s ]
SQL: SELECT * FROM `d_fxmenu` WHERE `parentid` = 0 AND `status` = 1 ORDER BY listorder asc  [ RunTime:0.0010s ]
SQL: SELECT * FROM `d_fxmenu` WHERE `parentid` = 36 AND `status` = 1 ORDER BY listorder asc  [ RunTime:0.0010s ]
SQL: SELECT * FROM `d_fxmenu` WHERE `parentid` = 38 AND `status` = 1 ORDER BY listorder asc  [ RunTime:0.0010s ]
NOTIC: [8] Undefined variable: data E:\WWW\eps\Application\Admin\Model\FxmenuModel.class.php 第 83 行.
SQL: SELECT * FROM `d_fxmenu` WHERE `parentid` = 8 AND `status` = 1 ORDER BY listorder asc  [ RunTime:0.0010s ]
SQL: SELECT * FROM `d_fxmenu` WHERE `parentid` = 33 AND `status` = 1 ORDER BY listorder asc  [ RunTime:0.0000s ]
NOTIC: [8] Undefined variable: data E:\WWW\eps\Application\Admin\Model\FxmenuModel.class.php 第 83 行.
SQL: SELECT * FROM `d_fxmenu` WHERE `parentid` = 10 AND `status` = 1 ORDER BY listorder asc  [ RunTime:0.0010s ]
NOTIC: [8] Undefined variable: data E:\WWW\eps\Application\Admin\Model\FxmenuModel.class.php 第 83 行.
SQL: SELECT * FROM `d_fxmenu` WHERE `parentid` = 39 AND `status` = 1 ORDER BY listorder asc  [ RunTime:0.0010s ]
SQL: SELECT * FROM `d_fxmenu` WHERE `parentid` = 40 AND `status` = 1 ORDER BY listorder asc  [ RunTime:0.0010s ]
NOTIC: [8] Undefined variable: data E:\WWW\eps\Application\Admin\Model\FxmenuModel.class.php 第 83 行.
SQL: SELECT * FROM `d_fxmenu` WHERE `parentid` = 41 AND `status` = 1 ORDER BY listorder asc  [ RunTime:0.0010s ]
NOTIC: [8] Undefined variable: data E:\WWW\eps\Application\Admin\Model\FxmenuModel.class.php 第 83 行.
SQL: SELECT * FROM `d_fxmenu` WHERE `parentid` = 340 AND `status` = 1 ORDER BY listorder asc  [ RunTime:0.0000s ]
NOTIC: [8] Undefined variable: data E:\WWW\eps\Application\Admin\Model\FxmenuModel.class.php 第 83 行.
SQL: SELECT * FROM `d_fxmenu` WHERE `parentid` = 44 AND `status` = 1 ORDER BY listorder asc  [ RunTime:0.0000s ]
SQL: SELECT * FROM `d_fxmenu` WHERE `parentid` = 325 AND `status` = 1 ORDER BY listorder asc  [ RunTime:0.0010s ]
NOTIC: [8] Undefined variable: data E:\WWW\eps\Application\Admin\Model\FxmenuModel.class.php 第 83 行.
SQL: SELECT * FROM `d_fxmenu` WHERE `parentid` = 45 AND `status` = 1 ORDER BY listorder asc  [ RunTime:0.0010s ]
NOTIC: [8] Undefined variable: data E:\WWW\eps\Application\Admin\Model\FxmenuModel.class.php 第 83 行.
SQL: SELECT * FROM `d_fxmenu` WHERE `parentid` = 329 AND `status` = 1 ORDER BY listorder asc  [ RunTime:0.0000s ]
SQL: SELECT * FROM `d_fxmenu` WHERE `parentid` = 336 AND `status` = 1 ORDER BY listorder asc  [ RunTime:0.0010s ]
NOTIC: [8] Undefined variable: data E:\WWW\eps\Application\Admin\Model\FxmenuModel.class.php 第 83 行.
SQL: SELECT * FROM `d_fxmenu` WHERE `parentid` = 337 AND `status` = 1 ORDER BY listorder asc  [ RunTime:0.0010s ]
NOTIC: [8] Undefined variable: data E:\WWW\eps\Application\Admin\Model\FxmenuModel.class.php 第 83 行.
SQL: SELECT * FROM `d_fxmenu` WHERE `parentid` = 364 AND `status` = 1 ORDER BY listorder asc  [ RunTime:0.0000s ]
NOTIC: [8] Undefined variable: data E:\WWW\eps\Application\Admin\Model\FxmenuModel.class.php 第 83 行.
SQL: SELECT * FROM `d_fxmenu` WHERE `parentid` = 331 AND `status` = 1 ORDER BY listorder asc  [ RunTime:0.0000s ]
SQL: SELECT * FROM `d_fxmenu` WHERE `parentid` = 332 AND `status` = 1 ORDER BY listorder asc  [ RunTime:0.0010s ]
NOTIC: [8] Undefined variable: data E:\WWW\eps\Application\Admin\Model\FxmenuModel.class.php 第 83 行.
SQL: SELECT * FROM `d_fxmenu` WHERE `parentid` = 333 AND `status` = 1 ORDER BY listorder asc  [ RunTime:0.0000s ]
NOTIC: [8] Undefined variable: data E:\WWW\eps\Application\Admin\Model\FxmenuModel.class.php 第 83 行.
SQL: SELECT * FROM `d_fxmenu` WHERE `parentid` = 338 AND `status` = 1 ORDER BY listorder asc  [ RunTime:0.0010s ]
NOTIC: [8] Undefined variable: data E:\WWW\eps\Application\Admin\Model\FxmenuModel.class.php 第 83 行.
SQL: SELECT * FROM `d_fxmenu` WHERE `parentid` = 365 AND `status` = 1 ORDER BY listorder asc  [ RunTime:0.0010s ]
NOTIC: [8] Undefined variable: data E:\WWW\eps\Application\Admin\Model\FxmenuModel.class.php 第 83 行.
SQL: SELECT * FROM `d_fxmenu` WHERE `parentid` = 366 AND `status` = 1 ORDER BY listorder asc  [ RunTime:0.0000s ]
SQL: SELECT * FROM `d_fxmenu` WHERE `parentid` = 367 AND `status` = 1 ORDER BY listorder asc  [ RunTime:0.0010s ]
NOTIC: [8] Undefined variable: data E:\WWW\eps\Application\Admin\Model\FxmenuModel.class.php 第 83 行.
SQL: SELECT * FROM `d_fxmenu` WHERE `parentid` = 368 AND `status` = 1 ORDER BY listorder asc  [ RunTime:0.0000s ]
NOTIC: [8] Undefined variable: data E:\WWW\eps\Application\Admin\Model\FxmenuModel.class.php 第 83 行.
SQL: SELECT * FROM `d_fxmenu` WHERE `parentid` = 380 AND `status` = 1 ORDER BY listorder asc  [ RunTime:0.0000s ]
SQL: SELECT * FROM `d_fxmenu` WHERE `parentid` = 381 AND `status` = 1 ORDER BY listorder asc  [ RunTime:0.0010s ]
NOTIC: [8] Undefined variable: data E:\WWW\eps\Application\Admin\Model\FxmenuModel.class.php 第 83 行.
SQL: SELECT * FROM `d_fxmenu` WHERE `parentid` = 386 AND `status` = 1 ORDER BY listorder asc  [ RunTime:0.0000s ]
SQL: SELECT * FROM `d_fxmenu` WHERE `parentid` = 387 AND `status` = 1 ORDER BY listorder asc  [ RunTime:0.0010s ]
NOTIC: [8] Undefined variable: data E:\WWW\eps\Application\Admin\Model\FxmenuModel.class.php 第 83 行.
SQL: SELECT * FROM `d_fxmenu` WHERE `parentid` = 388 AND `status` = 1 ORDER BY listorder asc  [ RunTime:0.0010s ]
NOTIC: [8] Undefined variable: data E:\WWW\eps\Application\Admin\Model\FxmenuModel.class.php 第 83 行.
SQL: SELECT * FROM `d_fxmenu` WHERE `parentid` = 390 AND `status` = 1 ORDER BY listorder asc  [ RunTime:0.0010s ]
NOTIC: [8] Undefined variable: data E:\WWW\eps\Application\Admin\Model\FxmenuModel.class.php 第 83 行.
SQL: SELECT * FROM `d_fxmenu` WHERE `parentid` = 371 AND `status` = 1 ORDER BY listorder asc  [ RunTime:0.0010s ]
NOTIC: [8] Undefined variable: data E:\WWW\eps\Application\Admin\Model\FxmenuModel.class.php 第 83 行.
SQL: SELECT * FROM `d_fxmenu` WHERE `parentid` = 335 AND `status` = 1 ORDER BY listorder asc  [ RunTime:0.0010s ]
NOTIC: [8] Undefined variable: data E:\WWW\eps\Application\Admin\Model\FxmenuModel.class.php 第 83 行.
SQL: SHOW COLUMNS FROM `d_fxadmin_panel` [ RunTime:0.0060s ]
SQL: SELECT * FROM `d_fxadmin_panel` WHERE `userid` = 1  [ RunTime:0.0000s ]
INFO: [ view_parse ] --START--
INFO: [ template_filter ] --START--
INFO: Run Behavior\ContentReplaceBehavior [ RunTime:0.000000s ]
INFO: [ template_filter ] --END-- [ RunTime:0.000000s ]
NOTIC: [8] Undefined variable: admin E:\WWW\eps\Application\Runtime\Cache\Admin\836688c1f1d849de38afaba03368efc4.php 第 133 行.
NOTIC: [8] Use of undefined constant user_login - assumed 'user_login' E:\WWW\eps\Application\Runtime\Cache\Admin\836688c1f1d849de38afaba03368efc4.php 第 135 行.
NOTIC: [8] Undefined variable: admin E:\WWW\eps\Application\Runtime\Cache\Admin\836688c1f1d849de38afaba03368efc4.php 第 135 行.
NOTIC: [8] Use of undefined constant icon - assumed 'icon' E:\WWW\eps\Application\Runtime\Cache\Admin\836688c1f1d849de38afaba03368efc4.php 第 43 行.
NOTIC: [8] Use of undefined constant lower - assumed 'lower' E:\WWW\eps\Application\Runtime\Cache\Admin\836688c1f1d849de38afaba03368efc4.php 第 45 行.
NOTIC: [8] Use of undefined constant lower - assumed 'lower' E:\WWW\eps\Application\Runtime\Cache\Admin\836688c1f1d849de38afaba03368efc4.php 第 61 行.
NOTIC: [8] Use of undefined constant lower - assumed 'lower' E:\WWW\eps\Application\Runtime\Cache\Admin\836688c1f1d849de38afaba03368efc4.php 第 73 行.
NOTIC: [8] Use of undefined constant icon - assumed 'icon' E:\WWW\eps\Application\Runtime\Cache\Admin\836688c1f1d849de38afaba03368efc4.php 第 43 行.
NOTIC: [8] Use of undefined constant lower - assumed 'lower' E:\WWW\eps\Application\Runtime\Cache\Admin\836688c1f1d849de38afaba03368efc4.php 第 45 行.
NOTIC: [8] Use of undefined constant lower - assumed 'lower' E:\WWW\eps\Application\Runtime\Cache\Admin\836688c1f1d849de38afaba03368efc4.php 第 61 行.
NOTIC: [8] Use of undefined constant lower - assumed 'lower' E:\WWW\eps\Application\Runtime\Cache\Admin\836688c1f1d849de38afaba03368efc4.php 第 73 行.
NOTIC: [8] Use of undefined constant lower - assumed 'lower' E:\WWW\eps\Application\Runtime\Cache\Admin\836688c1f1d849de38afaba03368efc4.php 第 73 行.
NOTIC: [8] Use of undefined constant icon - assumed 'icon' E:\WWW\eps\Application\Runtime\Cache\Admin\836688c1f1d849de38afaba03368efc4.php 第 43 行.
NOTIC: [8] Use of undefined constant lower - assumed 'lower' E:\WWW\eps\Application\Runtime\Cache\Admin\836688c1f1d849de38afaba03368efc4.php 第 45 行.
NOTIC: [8] Use of undefined constant lower - assumed 'lower' E:\WWW\eps\Application\Runtime\Cache\Admin\836688c1f1d849de38afaba03368efc4.php 第 61 行.
NOTIC: [8] Use of undefined constant lower - assumed 'lower' E:\WWW\eps\Application\Runtime\Cache\Admin\836688c1f1d849de38afaba03368efc4.php 第 73 行.
NOTIC: [8] Use of undefined constant lower - assumed 'lower' E:\WWW\eps\Application\Runtime\Cache\Admin\836688c1f1d849de38afaba03368efc4.php 第 73 行.
NOTIC: [8] Use of undefined constant lower - assumed 'lower' E:\WWW\eps\Application\Runtime\Cache\Admin\836688c1f1d849de38afaba03368efc4.php 第 73 行.
NOTIC: [8] Use of undefined constant icon - assumed 'icon' E:\WWW\eps\Application\Runtime\Cache\Admin\836688c1f1d849de38afaba03368efc4.php 第 43 行.
NOTIC: [8] Use of undefined constant lower - assumed 'lower' E:\WWW\eps\Application\Runtime\Cache\Admin\836688c1f1d849de38afaba03368efc4.php 第 45 行.
NOTIC: [8] Use of undefined constant lower - assumed 'lower' E:\WWW\eps\Application\Runtime\Cache\Admin\836688c1f1d849de38afaba03368efc4.php 第 61 行.
NOTIC: [8] Use of undefined constant lower - assumed 'lower' E:\WWW\eps\Application\Runtime\Cache\Admin\836688c1f1d849de38afaba03368efc4.php 第 73 行.
NOTIC: [8] Use of undefined constant lower - assumed 'lower' E:\WWW\eps\Application\Runtime\Cache\Admin\836688c1f1d849de38afaba03368efc4.php 第 73 行.
NOTIC: [8] Use of undefined constant icon - assumed 'icon' E:\WWW\eps\Application\Runtime\Cache\Admin\836688c1f1d849de38afaba03368efc4.php 第 43 行.
NOTIC: [8] Use of undefined constant lower - assumed 'lower' E:\WWW\eps\Application\Runtime\Cache\Admin\836688c1f1d849de38afaba03368efc4.php 第 45 行.
NOTIC: [8] Use of undefined constant lower - assumed 'lower' E:\WWW\eps\Application\Runtime\Cache\Admin\836688c1f1d849de38afaba03368efc4.php 第 61 行.
NOTIC: [8] Use of undefined constant lower - assumed 'lower' E:\WWW\eps\Application\Runtime\Cache\Admin\836688c1f1d849de38afaba03368efc4.php 第 73 行.
NOTIC: [8] Use of undefined constant lower - assumed 'lower' E:\WWW\eps\Application\Runtime\Cache\Admin\836688c1f1d849de38afaba03368efc4.php 第 73 行.
NOTIC: [8] Use of undefined constant lower - assumed 'lower' E:\WWW\eps\Application\Runtime\Cache\Admin\836688c1f1d849de38afaba03368efc4.php 第 73 行.
NOTIC: [8] Use of undefined constant icon - assumed 'icon' E:\WWW\eps\Application\Runtime\Cache\Admin\836688c1f1d849de38afaba03368efc4.php 第 43 行.
NOTIC: [8] Use of undefined constant lower - assumed 'lower' E:\WWW\eps\Application\Runtime\Cache\Admin\836688c1f1d849de38afaba03368efc4.php 第 45 行.
NOTIC: [8] Use of undefined constant lower - assumed 'lower' E:\WWW\eps\Application\Runtime\Cache\Admin\836688c1f1d849de38afaba03368efc4.php 第 61 行.
NOTIC: [8] Use of undefined constant lower - assumed 'lower' E:\WWW\eps\Application\Runtime\Cache\Admin\836688c1f1d849de38afaba03368efc4.php 第 73 行.
NOTIC: [8] Use of undefined constant lower - assumed 'lower' E:\WWW\eps\Application\Runtime\Cache\Admin\836688c1f1d849de38afaba03368efc4.php 第 73 行.
NOTIC: [8] Use of undefined constant lower - assumed 'lower' E:\WWW\eps\Application\Runtime\Cache\Admin\836688c1f1d849de38afaba03368efc4.php 第 73 行.
NOTIC: [8] Use of undefined constant lower - assumed 'lower' E:\WWW\eps\Application\Runtime\Cache\Admin\836688c1f1d849de38afaba03368efc4.php 第 73 行.
NOTIC: [8] Use of undefined constant icon - assumed 'icon' E:\WWW\eps\Application\Runtime\Cache\Admin\836688c1f1d849de38afaba03368efc4.php 第 43 行.
NOTIC: [8] Use of undefined constant lower - assumed 'lower' E:\WWW\eps\Application\Runtime\Cache\Admin\836688c1f1d849de38afaba03368efc4.php 第 45 行.
NOTIC: [8] Use of undefined constant lower - assumed 'lower' E:\WWW\eps\Application\Runtime\Cache\Admin\836688c1f1d849de38afaba03368efc4.php 第 61 行.
NOTIC: [8] Use of undefined constant lower - assumed 'lower' E:\WWW\eps\Application\Runtime\Cache\Admin\836688c1f1d849de38afaba03368efc4.php 第 73 行.
NOTIC: [8] Use of undefined constant lower - assumed 'lower' E:\WWW\eps\Application\Runtime\Cache\Admin\836688c1f1d849de38afaba03368efc4.php 第 73 行.
NOTIC: [8] Use of undefined constant icon - assumed 'icon' E:\WWW\eps\Application\Runtime\Cache\Admin\836688c1f1d849de38afaba03368efc4.php 第 43 行.
NOTIC: [8] Use of undefined constant lower - assumed 'lower' E:\WWW\eps\Application\Runtime\Cache\Admin\836688c1f1d849de38afaba03368efc4.php 第 45 行.
NOTIC: [8] Use of undefined constant lower - assumed 'lower' E:\WWW\eps\Application\Runtime\Cache\Admin\836688c1f1d849de38afaba03368efc4.php 第 61 行.
NOTIC: [8] Use of undefined constant lower - assumed 'lower' E:\WWW\eps\Application\Runtime\Cache\Admin\836688c1f1d849de38afaba03368efc4.php 第 73 行.
NOTIC: [8] Use of undefined constant icon - assumed 'icon' E:\WWW\eps\Application\Runtime\Cache\Admin\836688c1f1d849de38afaba03368efc4.php 第 43 行.
NOTIC: [8] Use of undefined constant lower - assumed 'lower' E:\WWW\eps\Application\Runtime\Cache\Admin\836688c1f1d849de38afaba03368efc4.php 第 45 行.
NOTIC: [8] Use of undefined constant lower - assumed 'lower' E:\WWW\eps\Application\Runtime\Cache\Admin\836688c1f1d849de38afaba03368efc4.php 第 61 行.
NOTIC: [8] Use of undefined constant lower - assumed 'lower' E:\WWW\eps\Application\Runtime\Cache\Admin\836688c1f1d849de38afaba03368efc4.php 第 73 行.
NOTIC: [8] Use of undefined constant lower - assumed 'lower' E:\WWW\eps\Application\Runtime\Cache\Admin\836688c1f1d849de38afaba03368efc4.php 第 73 行.
NOTIC: [8] Use of undefined constant lower - assumed 'lower' E:\WWW\eps\Application\Runtime\Cache\Admin\836688c1f1d849de38afaba03368efc4.php 第 73 行.
NOTIC: [8] Use of undefined constant icon - assumed 'icon' E:\WWW\eps\Application\Runtime\Cache\Admin\836688c1f1d849de38afaba03368efc4.php 第 43 行.
NOTIC: [8] Use of undefined constant lower - assumed 'lower' E:\WWW\eps\Application\Runtime\Cache\Admin\836688c1f1d849de38afaba03368efc4.php 第 45 行.
NOTIC: [8] Use of undefined constant icon - assumed 'icon' E:\WWW\eps\Application\Runtime\Cache\Admin\836688c1f1d849de38afaba03368efc4.php 第 43 行.
NOTIC: [8] Use of undefined constant lower - assumed 'lower' E:\WWW\eps\Application\Runtime\Cache\Admin\836688c1f1d849de38afaba03368efc4.php 第 45 行.
INFO: Run Behavior\ParseTemplateBehavior [ RunTime:0.032000s ]
INFO: [ view_parse ] --END-- [ RunTime:0.033000s ]
INFO: [ view_filter ] --START--
INFO: Run Behavior\WriteHtmlCacheBehavior [ RunTime:0.000000s ]
INFO: [ view_filter ] --END-- [ RunTime:0.000000s ]
INFO: [ app_end ] --START--
INFO: Run Behavior\ShowPageTraceBehavior [ RunTime:0.001000s ]
INFO: [ app_end ] --END-- [ RunTime:0.001000s ]

[ 2017-10-30T09:39:20+08:00 ] 127.0.0.1 /Admin/Main/public_main.html
INFO: [ app_init ] --START--
INFO: Run Behavior\BuildLiteBehavior [ RunTime:0.000000s ]
INFO: [ app_init ] --END-- [ RunTime:0.001000s ]
INFO: [ app_begin ] --START--
INFO: Run Behavior\ReadHtmlCacheBehavior [ RunTime:0.000000s ]
INFO: [ app_begin ] --END-- [ RunTime:0.001000s ]
NOTIC: [2048] Declaration of Appframe\AdminbaseController::success() should be compatible with Think\Controller::success($message = '', $jumpUrl = '', $ajax = false) E:\WWW\eps\Application\Appframe\AdminbaseController.class.php 第 6 行.
SQL: SHOW COLUMNS FROM `d_user` [ RunTime:0.0420s ]
SQL: SELECT COUNT(*) AS tp_count FROM `d_user` WHERE ( 1=1 ) LIMIT 1   [ RunTime:0.0010s ]
SQL: SELECT COUNT(*) AS tp_count FROM `d_user` WHERE ( 1=1 and type='1' ) LIMIT 1   [ RunTime:0.0010s ]
SQL: SHOW COLUMNS FROM `d_need` [ RunTime:0.0330s ]
SQL: SELECT COUNT(*) AS tp_count FROM `d_need` WHERE ( 1=1 ) LIMIT 1   [ RunTime:0.0010s ]
SQL: SELECT sum(reward) as reward FROM `d_need` WHERE ( 1=1 and status='5' ) LIMIT 1   [ RunTime:0.0010s ]
SQL: SELECT sum(reward-get_reward) as reward FROM `d_need` WHERE ( 1=1 and status='5' ) LIMIT 1   [ RunTime:0.0000s ]
SQL: SHOW COLUMNS FROM `d_fxloginlog` [ RunTime:0.0140s ]
SQL: SELECT * FROM `d_fxloginlog` ORDER BY `loginid` desc LIMIT 0,10   [ RunTime:0.0010s ]
INFO: [ view_parse ] --START--
INFO: [ template_filter ] --START--
INFO: Run Behavior\ContentReplaceBehavior [ RunTime:0.001000s ]
INFO: [ template_filter ] --END-- [ RunTime:0.001000s ]
INFO: Run Behavior\ParseTemplateBehavior [ RunTime:0.043000s ]
INFO: [ view_parse ] --END-- [ RunTime:0.043000s ]
INFO: [ view_filter ] --START--
INFO: Run Behavior\WriteHtmlCacheBehavior [ RunTime:0.001000s ]
INFO: [ view_filter ] --END-- [ RunTime:0.002000s ]
INFO: [ app_end ] --START--
INFO: Run Behavior\ShowPageTraceBehavior [ RunTime:0.001000s ]
INFO: [ app_end ] --END-- [ RunTime:0.003000s ]

[ 2017-10-30T09:41:06+08:00 ] 127.0.0.1 /Admin/Gongdan/lists
INFO: [ app_init ] --START--
INFO: Run Behavior\BuildLiteBehavior [ RunTime:0.000000s ]
INFO: [ app_init ] --END-- [ RunTime:0.001000s ]
INFO: [ app_begin ] --START--
INFO: Run Behavior\ReadHtmlCacheBehavior [ RunTime:0.001000s ]
INFO: [ app_begin ] --END-- [ RunTime:0.002000s ]
NOTIC: [2048] Declaration of Appframe\AdminbaseController::success() should be compatible with Think\Controller::success($message = '', $jumpUrl = '', $ajax = false) E:\WWW\eps\Application\Appframe\AdminbaseController.class.php 第 6 行.
NOTIC: [2048] Declaration of Admin\Controller\GongdanController::show() should be compatible with Think\Controller::show($content, $charset = '', $contentType = '', $prefix = '') E:\WWW\eps\Application\Admin\Controller\GongdanController.class.php 第 8 行.
SQL: SHOW COLUMNS FROM `d_fxuser` [ RunTime:0.0140s ]
SQL: SELECT `id`,`username`,`nickname`,`last_login_time`,`last_login_ip`,`email`,`status` FROM `d_fxuser` WHERE `id` = 1  [ RunTime:0.0010s ]
SQL: SHOW COLUMNS FROM `d_user` [ RunTime:0.0100s ]
SQL: SHOW COLUMNS FROM `d_need` [ RunTime:0.0090s ]
SQL: SHOW COLUMNS FROM `d_photo` [ RunTime:0.0240s ]
SQL: SHOW COLUMNS FROM `d_m_library` [ RunTime:0.0120s ]
SQL: SHOW COLUMNS FROM `d_notification` [ RunTime:0.0060s ]
SQL: SHOW COLUMNS FROM `d_fxuser` [ RunTime:0.0080s ]
SQL: SHOW COLUMNS FROM `d_reward` [ RunTime:0.0060s ]
SQL: SHOW COLUMNS FROM `d_adviser` [ RunTime:0.0460s ]
SQL: SHOW COLUMNS FROM `d_report` [ RunTime:0.0110s ]
SQL: SHOW COLUMNS FROM `d_mailing` [ RunTime:0.0130s ]
SQL: SHOW COLUMNS FROM `d_clerk` [ RunTime:0.0060s ]
SQL: SHOW COLUMNS FROM `d_consumption` [ RunTime:0.0130s ]
SQL: SELECT COUNT(*) AS tp_count FROM `d_need` WHERE ( status > 0 ) LIMIT 1   [ RunTime:0.0010s ]
SQL: SELECT COUNT(*) AS tp_count FROM `d_need` WHERE ( status = 1 ) LIMIT 1   [ RunTime:0.0000s ]
SQL: SELECT COUNT(*) AS tp_count FROM `d_need` WHERE ( status = 2 ) LIMIT 1   [ RunTime:0.0000s ]
SQL: SELECT COUNT(*) AS tp_count FROM `d_need` WHERE ( status = 3 ) LIMIT 1   [ RunTime:0.0000s ]
SQL: SELECT COUNT(*) AS tp_count FROM `d_need` WHERE ( status = 4 ) LIMIT 1   [ RunTime:0.0010s ]
SQL: SELECT COUNT(*) AS tp_count FROM `d_need` WHERE ( status = 5 ) LIMIT 1   [ RunTime:0.0000s ]
SQL: SHOW COLUMNS FROM `d_need` [ RunTime:0.0050s ]
SQL: SELECT COUNT(*) AS tp_count FROM d_need as n INNER JOIN d_user as u on n.uid_x=u.uid  WHERE ( n.status > 0 and (n.no LIKE '%%' or u.mobile like '%%' or u.khdw like '%%')  ) LIMIT 1   [ RunTime:0.0010s ]
NOTIC: [8] Undefined index: page E:\WWW\eps\ThinkPHP\Library\Com\Util\Page.class.php 第 127 行.
NOTIC: [8] Undefined index: page E:\WWW\eps\ThinkPHP\Library\Com\Util\Page.class.php 第 127 行.
SQL: SHOW COLUMNS FROM `d_need` [ RunTime:0.0060s ]
SQL: SELECT n.* FROM d_need as n INNER JOIN d_user as u on n.uid_x=u.uid  WHERE ( n.status > 0 and (n.no LIKE '%%' or u.mobile like '%%' or u.khdw like '%%')  ) ORDER BY n.time desc LIMIT 0,20   [ RunTime:0.0010s ]
SQL: SELECT * FROM `d_m_library` WHERE ( id=1 ) LIMIT 1   [ RunTime:0.0010s ]
SQL: SELECT * FROM `d_report` WHERE ( nid=124 ) LIMIT 1   [ RunTime:0.0000s ]
SQL: SELECT `uid`,`name`,`mobile`,`khdw` FROM `d_user` WHERE ( uid=36 )  [ RunTime:0.0000s ]
SQL: SELECT `uid`,`name`,`company` FROM `d_user` WHERE ( uid=8 )  [ RunTime:0.0000s ]
SQL: SELECT * FROM `d_m_library` WHERE ( id=1 ) LIMIT 1   [ RunTime:0.0010s ]
SQL: SELECT * FROM `d_report` WHERE ( nid=123 ) LIMIT 1   [ RunTime:0.0000s ]
SQL: SELECT `uid`,`name`,`mobile`,`khdw` FROM `d_user` WHERE ( uid=36 )  [ RunTime:0.0000s ]
SQL: SELECT `uid`,`name`,`company` FROM `d_user` WHERE ( uid=8 )  [ RunTime:0.0010s ]
SQL: SELECT * FROM `d_m_library` WHERE ( id=1 ) LIMIT 1   [ RunTime:0.0000s ]
SQL: SELECT * FROM `d_report` WHERE ( nid=122 ) LIMIT 1   [ RunTime:0.0000s ]
SQL: SELECT `uid`,`name`,`mobile`,`khdw` FROM `d_user` WHERE ( uid=27 )  [ RunTime:0.0000s ]
SQL: SELECT `uid`,`name`,`company` FROM `d_user` WHERE ( uid=8 )  [ RunTime:0.0000s ]
SQL: SELECT * FROM `d_m_library` WHERE ( id=1 ) LIMIT 1   [ RunTime:0.0000s ]
SQL: SELECT * FROM `d_report` WHERE ( nid=116 ) LIMIT 1   [ RunTime:0.0000s ]
SQL: SELECT `uid`,`name`,`mobile`,`khdw` FROM `d_user` WHERE ( uid=27 )  [ RunTime:0.0000s ]
SQL: SELECT `uid`,`name`,`company` FROM `d_user` WHERE ( uid=31 )  [ RunTime:0.0000s ]
SQL: SELECT * FROM `d_m_library` WHERE ( id=4 ) LIMIT 1   [ RunTime:0.0000s ]
SQL: SELECT * FROM `d_report` WHERE ( nid=114 ) LIMIT 1   [ RunTime:0.0000s ]
SQL: SELECT `uid`,`name`,`mobile`,`khdw` FROM `d_user` WHERE ( uid=27 )  [ RunTime:0.0000s ]
SQL: SELECT `uid`,`name`,`company` FROM `d_user` WHERE ( uid=8 )  [ RunTime:0.0000s ]
SQL: SELECT * FROM `d_m_library` WHERE ( id=4 ) LIMIT 1   [ RunTime:0.0010s ]
SQL: SELECT * FROM `d_report` WHERE ( nid=113 ) LIMIT 1   [ RunTime:0.0000s ]
SQL: SELECT `uid`,`name`,`mobile`,`khdw` FROM `d_user` WHERE ( uid=27 )  [ RunTime:0.0000s ]
SQL: SELECT `uid`,`name`,`company` FROM `d_user` WHERE ( uid=8 )  [ RunTime:0.0000s ]
SQL: SELECT * FROM `d_m_library` WHERE ( id=1 ) LIMIT 1   [ RunTime:0.0010s ]
SQL: SELECT * FROM `d_report` WHERE ( nid=112 ) LIMIT 1   [ RunTime:0.0000s ]
SQL: SELECT `uid`,`name`,`mobile`,`khdw` FROM `d_user` WHERE ( uid=27 )  [ RunTime:0.0000s ]
SQL: SELECT `uid`,`name`,`company` FROM `d_user` WHERE ( uid=8 )  [ RunTime:0.0010s ]
SQL: SELECT * FROM `d_m_library` WHERE ( id=4 ) LIMIT 1   [ RunTime:0.0000s ]
SQL: SELECT * FROM `d_report` WHERE ( nid=111 ) LIMIT 1   [ RunTime:0.0000s ]
SQL: SELECT `uid`,`name`,`mobile`,`khdw` FROM `d_user` WHERE ( uid=27 )  [ RunTime:0.0000s ]
SQL: SELECT `uid`,`name`,`company` FROM `d_user` WHERE ( uid=8 )  [ RunTime:0.0010s ]
SQL: SELECT * FROM `d_m_library` WHERE ( id=4 ) LIMIT 1   [ RunTime:0.0000s ]
SQL: SELECT * FROM `d_report` WHERE ( nid=110 ) LIMIT 1   [ RunTime:0.0000s ]
SQL: SELECT `uid`,`name`,`mobile`,`khdw` FROM `d_user` WHERE ( uid=27 )  [ RunTime:0.0000s ]
SQL: SELECT `uid`,`name`,`company` FROM `d_user` WHERE ( uid=8 )  [ RunTime:0.0000s ]
SQL: SELECT * FROM `d_m_library` WHERE ( id=5 ) LIMIT 1   [ RunTime:0.0000s ]
SQL: SELECT * FROM `d_report` WHERE ( nid=109 ) LIMIT 1   [ RunTime:0.0000s ]
SQL: SELECT `uid`,`name`,`mobile`,`khdw` FROM `d_user` WHERE ( uid=27 )  [ RunTime:0.0010s ]
SQL: SELECT `uid`,`name`,`company` FROM `d_user` WHERE ( uid=8 )  [ RunTime:0.0000s ]
SQL: SELECT * FROM `d_m_library` WHERE ( id=4 ) LIMIT 1   [ RunTime:0.0000s ]
SQL: SELECT * FROM `d_report` WHERE ( nid=108 ) LIMIT 1   [ RunTime:0.0010s ]
SQL: SELECT `uid`,`name`,`mobile`,`khdw` FROM `d_user` WHERE ( uid=27 )  [ RunTime:0.0000s ]
SQL: SELECT `uid`,`name`,`company` FROM `d_user` WHERE ( uid=8 )  [ RunTime:0.0000s ]
SQL: SELECT * FROM `d_m_library` WHERE ( id=4 ) LIMIT 1   [ RunTime:0.0010s ]
SQL: SELECT * FROM `d_report` WHERE ( nid=104 ) LIMIT 1   [ RunTime:0.0000s ]
SQL: SELECT `uid`,`name`,`mobile`,`khdw` FROM `d_user` WHERE ( uid=27 )  [ RunTime:0.0000s ]
SQL: SELECT `uid`,`name`,`company` FROM `d_user` WHERE ( uid=8 )  [ RunTime:0.0000s ]
SQL: SELECT * FROM `d_m_library` WHERE ( id=5 ) LIMIT 1   [ RunTime:0.0010s ]
SQL: SELECT * FROM `d_report` WHERE ( nid=103 ) LIMIT 1   [ RunTime:0.0000s ]
SQL: SELECT `uid`,`name`,`mobile`,`khdw` FROM `d_user` WHERE ( uid=27 )  [ RunTime:0.0000s ]
SQL: SELECT `uid`,`name`,`company` FROM `d_user` WHERE ( uid=8 )  [ RunTime:0.0000s ]
SQL: SELECT * FROM `d_m_library` WHERE ( id=4 ) LIMIT 1   [ RunTime:0.0000s ]
SQL: SELECT * FROM `d_report` WHERE ( nid=102 ) LIMIT 1   [ RunTime:0.0000s ]
SQL: SELECT `uid`,`name`,`mobile`,`khdw` FROM `d_user` WHERE ( uid=27 )  [ RunTime:0.0010s ]
SQL: SELECT `uid`,`name`,`company` FROM `d_user` WHERE ( uid=8 )  [ RunTime:0.0000s ]
SQL: SELECT * FROM `d_m_library` WHERE ( id=4 ) LIMIT 1   [ RunTime:0.0000s ]
SQL: SELECT * FROM `d_report` WHERE ( nid=101 ) LIMIT 1   [ RunTime:0.0000s ]
SQL: SELECT `uid`,`name`,`mobile`,`khdw` FROM `d_user` WHERE ( uid=27 )  [ RunTime:0.0010s ]
SQL: SELECT `uid`,`name`,`company` FROM `d_user` WHERE ( uid=8 )  [ RunTime:0.0000s ]
SQL: SELECT * FROM `d_m_library` WHERE ( id=4 ) LIMIT 1   [ RunTime:0.0000s ]
SQL: SELECT * FROM `d_report` WHERE ( nid=100 ) LIMIT 1   [ RunTime:0.0000s ]
SQL: SELECT `uid`,`name`,`mobile`,`khdw` FROM `d_user` WHERE ( uid=27 )  [ RunTime:0.0000s ]
SQL: SELECT `uid`,`name`,`company` FROM `d_user` WHERE ( uid=8 )  [ RunTime:0.0000s ]
SQL: SELECT * FROM `d_m_library` WHERE ( id=4 ) LIMIT 1   [ RunTime:0.0010s ]
SQL: SELECT * FROM `d_report` WHERE ( nid=99 ) LIMIT 1   [ RunTime:0.0000s ]
SQL: SELECT `uid`,`name`,`mobile`,`khdw` FROM `d_user` WHERE ( uid=27 )  [ RunTime:0.0000s ]
SQL: SELECT `uid`,`name`,`company` FROM `d_user` WHERE ( uid=8 )  [ RunTime:0.0000s ]
SQL: SELECT * FROM `d_m_library` WHERE ( id=4 ) LIMIT 1   [ RunTime:0.0000s ]
SQL: SELECT * FROM `d_report` WHERE ( nid=98 ) LIMIT 1   [ RunTime:0.0000s ]
SQL: SELECT `uid`,`name`,`mobile`,`khdw` FROM `d_user` WHERE ( uid=27 )  [ RunTime:0.0000s ]
SQL: SELECT `uid`,`name`,`company` FROM `d_user` WHERE ( uid=8 )  [ RunTime:0.0000s ]
SQL: SELECT * FROM `d_m_library` WHERE ( id=4 ) LIMIT 1   [ RunTime:0.0010s ]
SQL: SELECT * FROM `d_report` WHERE ( nid=97 ) LIMIT 1   [ RunTime:0.0010s ]
SQL: SELECT `uid`,`name`,`mobile`,`khdw` FROM `d_user` WHERE ( uid=27 )  [ RunTime:0.0010s ]
SQL: SELECT `uid`,`name`,`company` FROM `d_user` WHERE ( uid=8 )  [ RunTime:0.0010s ]
SQL: SELECT * FROM `d_m_library` WHERE ( id=4 ) LIMIT 1   [ RunTime:0.0000s ]
SQL: SELECT * FROM `d_report` WHERE ( nid=96 ) LIMIT 1   [ RunTime:0.0000s ]
SQL: SELECT `uid`,`name`,`mobile`,`khdw` FROM `d_user` WHERE ( uid=27 )  [ RunTime:0.0010s ]
SQL: SELECT `uid`,`name`,`company` FROM `d_user` WHERE ( uid=8 )  [ RunTime:0.0000s ]
NOTIC: [8] Undefined variable: pList E:\WWW\eps\ThinkPHP\Library\Com\Util\Page.class.php 第 155 行.
NOTIC: [8] Undefined variable: pListStart E:\WWW\eps\ThinkPHP\Library\Com\Util\Page.class.php 第 248 行.
NOTIC: [8] Undefined variable: pListEnd E:\WWW\eps\ThinkPHP\Library\Com\Util\Page.class.php 第 248 行.
NOTIC: [8] Undefined variable: pFirst E:\WWW\eps\ThinkPHP\Library\Com\Util\Page.class.php 第 248 行.
NOTIC: [8] Undefined variable: pPrev E:\WWW\eps\ThinkPHP\Library\Com\Util\Page.class.php 第 248 行.
INFO: [ view_parse ] --START--
INFO: [ template_filter ] --START--
INFO: Run Behavior\ContentReplaceBehavior [ RunTime:0.000000s ]
INFO: [ template_filter ] --END-- [ RunTime:0.000000s ]
NOTIC: [8] Undefined index: status E:\WWW\eps\Application\Runtime\Cache\Admin\f3608d595422fc0dabb28ab5220a7890.php 第 127 行.
NOTIC: [8] Undefined index: status E:\WWW\eps\Application\Runtime\Cache\Admin\f3608d595422fc0dabb28ab5220a7890.php 第 130 行.
NOTIC: [8] Undefined variable: v E:\WWW\eps\Application\Runtime\Cache\Admin\f3608d595422fc0dabb28ab5220a7890.php 第 130 行.
NOTIC: [8] Undefined index: status E:\WWW\eps\Application\Runtime\Cache\Admin\f3608d595422fc0dabb28ab5220a7890.php 第 131 行.
NOTIC: [8] Undefined index: status E:\WWW\eps\Application\Runtime\Cache\Admin\f3608d595422fc0dabb28ab5220a7890.php 第 131 行.
NOTIC: [8] Undefined index: status E:\WWW\eps\Application\Runtime\Cache\Admin\f3608d595422fc0dabb28ab5220a7890.php 第 131 行.
NOTIC: [8] Undefined index: status E:\WWW\eps\Application\Runtime\Cache\Admin\f3608d595422fc0dabb28ab5220a7890.php 第 131 行.
NOTIC: [8] Undefined index: status E:\WWW\eps\Application\Runtime\Cache\Admin\f3608d595422fc0dabb28ab5220a7890.php 第 131 行.
NOTIC: [8] Undefined index: start_time E:\WWW\eps\Application\Runtime\Cache\Admin\f3608d595422fc0dabb28ab5220a7890.php 第 133 行.
NOTIC: [8] Undefined index: end_time E:\WWW\eps\Application\Runtime\Cache\Admin\f3608d595422fc0dabb28ab5220a7890.php 第 145 行.
NOTIC: [8] Undefined index: info_f E:\WWW\eps\Application\Runtime\Cache\Admin\f3608d595422fc0dabb28ab5220a7890.php 第 159 行.
NOTIC: [8] Undefined index: info_f E:\WWW\eps\Application\Runtime\Cache\Admin\f3608d595422fc0dabb28ab5220a7890.php 第 160 行.
NOTIC: [8] Undefined index: info_x E:\WWW\eps\Application\Runtime\Cache\Admin\f3608d595422fc0dabb28ab5220a7890.php 第 162 行.
NOTIC: [8] Undefined index: fybq E:\WWW\eps\Application\Runtime\Cache\Admin\f3608d595422fc0dabb28ab5220a7890.php 第 205 行.
NOTIC: [8] Undefined index: fybq E:\WWW\eps\Application\Runtime\Cache\Admin\f3608d595422fc0dabb28ab5220a7890.php 第 205 行.
NOTIC: [8] Undefined index: fybq E:\WWW\eps\Application\Runtime\Cache\Admin\f3608d595422fc0dabb28ab5220a7890.php 第 205 行.
NOTIC: [8] Undefined index: fybq E:\WWW\eps\Application\Runtime\Cache\Admin\f3608d595422fc0dabb28ab5220a7890.php 第 205 行.
NOTIC: [8] Undefined index: fybq E:\WWW\eps\Application\Runtime\Cache\Admin\f3608d595422fc0dabb28ab5220a7890.php 第 205 行.
NOTIC: [8] Undefined index: fybq E:\WWW\eps\Application\Runtime\Cache\Admin\f3608d595422fc0dabb28ab5220a7890.php 第 205 行.
NOTIC: [8] Undefined index: fybq E:\WWW\eps\Application\Runtime\Cache\Admin\f3608d595422fc0dabb28ab5220a7890.php 第 205 行.
INFO: Run Behavior\ParseTemplateBehavior [ RunTime:0.036000s ]
INFO: [ view_parse ] --END-- [ RunTime:0.036000s ]
INFO: [ view_filter ] --START--
INFO: Run Behavior\WriteHtmlCacheBehavior [ RunTime:0.001000s ]
INFO: [ view_filter ] --END-- [ RunTime:0.001000s ]
INFO: [ app_end ] --START--
INFO: Run Behavior\ShowPageTraceBehavior [ RunTime:0.001000s ]
INFO: [ app_end ] --END-- [ RunTime:0.001000s ]

[ 2017-10-30T13:21:50+08:00 ] 127.0.0.1 /Admin/Adviser/add
INFO: [ app_init ] --START--
INFO: Run Behavior\BuildLiteBehavior [ RunTime:0.000000s ]
INFO: [ app_init ] --END-- [ RunTime:0.001000s ]
INFO: [ app_begin ] --START--
INFO: Run Behavior\ReadHtmlCacheBehavior [ RunTime:0.001000s ]
INFO: [ app_begin ] --END-- [ RunTime:0.001000s ]
NOTIC: [2048] Declaration of Appframe\AdminbaseController::success() should be compatible with Think\Controller::success($message = '', $jumpUrl = '', $ajax = false) E:\WWW\eps\Application\Appframe\AdminbaseController.class.php 第 6 行.
NOTIC: [2048] Declaration of Admin\Controller\AdviserController::edit() should be compatible with Appframe\AdminbaseController::edit($model) E:\WWW\eps\Application\Admin\Controller\AdviserController.class.php 第 8 行.
SQL: SHOW COLUMNS FROM `d_fxuser` [ RunTime:0.0170s ]
SQL: SELECT `id`,`username`,`nickname`,`last_login_time`,`last_login_ip`,`email`,`status` FROM `d_fxuser` WHERE `id` = 1  [ RunTime:0.0010s ]
SQL: SHOW COLUMNS FROM `d_adviser` [ RunTime:0.0170s ]
INFO: [ view_parse ] --START--
INFO: [ template_filter ] --START--
INFO: Run Behavior\ContentReplaceBehavior [ RunTime:0.001000s ]
INFO: [ template_filter ] --END-- [ RunTime:0.001000s ]
INFO: Run Behavior\ParseTemplateBehavior [ RunTime:0.034000s ]
INFO: [ view_parse ] --END-- [ RunTime:0.035000s ]
INFO: [ view_filter ] --START--
INFO: Run Behavior\WriteHtmlCacheBehavior [ RunTime:0.002000s ]
INFO: [ view_filter ] --END-- [ RunTime:0.002000s ]
INFO: [ app_end ] --START--
INFO: Run Behavior\ShowPageTraceBehavior [ RunTime:0.002000s ]
INFO: [ app_end ] --END-- [ RunTime:0.002000s ]

[ 2017-10-30T13:21:53+08:00 ] 127.0.0.1 /Admin/Adviser/lists
INFO: [ app_init ] --START--
INFO: Run Behavior\BuildLiteBehavior [ RunTime:0.000000s ]
INFO: [ app_init ] --END-- [ RunTime:0.001000s ]
INFO: [ app_begin ] --START--
INFO: Run Behavior\ReadHtmlCacheBehavior [ RunTime:0.001000s ]
INFO: [ app_begin ] --END-- [ RunTime:0.002000s ]
NOTIC: [2048] Declaration of Appframe\AdminbaseController::success() should be compatible with Think\Controller::success($message = '', $jumpUrl = '', $ajax = false) E:\WWW\eps\Application\Appframe\AdminbaseController.class.php 第 6 行.
NOTIC: [2048] Declaration of Admin\Controller\AdviserController::edit() should be compatible with Appframe\AdminbaseController::edit($model) E:\WWW\eps\Application\Admin\Controller\AdviserController.class.php 第 8 行.
SQL: SHOW COLUMNS FROM `d_adviser` [ RunTime:0.0140s ]
NOTIC: [8] Undefined variable: where E:\WWW\eps\Application\Admin\Controller\AdviserController.class.php 第 20 行.
SQL: SELECT COUNT(*) AS tp_count FROM `d_adviser` LIMIT 1   [ RunTime:0.0010s ]
NOTIC: [8] Undefined index: page E:\WWW\eps\ThinkPHP\Library\Com\Util\Page.class.php 第 127 行.
NOTIC: [8] Undefined index: page E:\WWW\eps\ThinkPHP\Library\Com\Util\Page.class.php 第 127 行.
SQL: SELECT * FROM `d_adviser` WHERE (  1=1 and status = 2  ) ORDER BY `time` desc LIMIT 0,60   [ RunTime:0.0010s ]
INFO: [ view_parse ] --START--
INFO: [ template_filter ] --START--
INFO: Run Behavior\ContentReplaceBehavior [ RunTime:0.000000s ]
INFO: [ template_filter ] --END-- [ RunTime:0.001000s ]
INFO: Run Behavior\ParseTemplateBehavior [ RunTime:0.056000s ]
INFO: [ view_parse ] --END-- [ RunTime:0.058000s ]
INFO: [ view_filter ] --START--
INFO: Run Behavior\WriteHtmlCacheBehavior [ RunTime:0.001000s ]
INFO: [ view_filter ] --END-- [ RunTime:0.002000s ]
INFO: [ app_end ] --START--
INFO: Run Behavior\ShowPageTraceBehavior [ RunTime:0.002000s ]
INFO: [ app_end ] --END-- [ RunTime:0.002000s ]

[ 2017-10-30T13:21:56+08:00 ] 127.0.0.1 /Admin/Clerk/lists
INFO: [ app_init ] --START--
INFO: Run Behavior\BuildLiteBehavior [ RunTime:0.000000s ]
INFO: [ app_init ] --END-- [ RunTime:0.000000s ]
INFO: [ app_begin ] --START--
INFO: Run Behavior\ReadHtmlCacheBehavior [ RunTime:0.001000s ]
INFO: [ app_begin ] --END-- [ RunTime:0.001000s ]
NOTIC: [2048] Declaration of Appframe\AdminbaseController::success() should be compatible with Think\Controller::success($message = '', $jumpUrl = '', $ajax = false) E:\WWW\eps\Application\Appframe\AdminbaseController.class.php 第 6 行.
NOTIC: [2048] Declaration of Admin\Controller\ClerkController::edit() should be compatible with Appframe\AdminbaseController::edit($model) E:\WWW\eps\Application\Admin\Controller\ClerkController.class.php 第 8 行.
SQL: SHOW COLUMNS FROM `d_user` [ RunTime:0.0180s ]
SQL: SHOW COLUMNS FROM `d_need` [ RunTime:0.0130s ]
SQL: SHOW COLUMNS FROM `d_clerk` [ RunTime:0.0110s ]
NOTIC: [8] Undefined variable: where E:\WWW\eps\Application\Admin\Controller\ClerkController.class.php 第 23 行.
SQL: SELECT COUNT(*) AS tp_count FROM `d_clerk` LIMIT 1   [ RunTime:0.0000s ]
NOTIC: [8] Undefined index: page E:\WWW\eps\ThinkPHP\Library\Com\Util\Page.class.php 第 127 行.
NOTIC: [8] Undefined index: page E:\WWW\eps\ThinkPHP\Library\Com\Util\Page.class.php 第 127 行.
SQL: SELECT * FROM `d_clerk` WHERE (  1=1 ) ORDER BY `time` desc LIMIT 0,60   [ RunTime:0.0000s ]
SQL: SELECT COUNT(*) AS tp_count FROM `d_need` WHERE ( clerk_x=2 and status < 5 ) LIMIT 1   [ RunTime:0.0000s ]
SQL: SELECT COUNT(*) AS tp_count FROM `d_need` WHERE ( clerk_f=2 and status < 5 ) LIMIT 1   [ RunTime:0.0010s ]
SQL: SELECT COUNT(*) AS tp_count FROM `d_need` WHERE ( clerk_x=1 and status < 5 ) LIMIT 1   [ RunTime:0.0010s ]
SQL: SELECT COUNT(*) AS tp_count FROM `d_need` WHERE ( clerk_f=1 and status < 5 ) LIMIT 1   [ RunTime:0.0010s ]
INFO: [ view_parse ] --START--
INFO: [ template_filter ] --START--
INFO: Run Behavior\ContentReplaceBehavior [ RunTime:0.000000s ]
INFO: [ template_filter ] --END-- [ RunTime:0.001000s ]
INFO: Run Behavior\ParseTemplateBehavior [ RunTime:0.052000s ]
INFO: [ view_parse ] --END-- [ RunTime:0.052000s ]
INFO: [ view_filter ] --START--
INFO: Run Behavior\WriteHtmlCacheBehavior [ RunTime:0.001000s ]
INFO: [ view_filter ] --END-- [ RunTime:0.002000s ]
INFO: [ app_end ] --START--
INFO: Run Behavior\ShowPageTraceBehavior [ RunTime:0.001000s ]
INFO: [ app_end ] --END-- [ RunTime:0.002000s ]

[ 2017-10-30T13:22:01+08:00 ] 127.0.0.1 /Admin/Clerk/edit/id/2.html
INFO: [ app_init ] --START--
INFO: Run Behavior\BuildLiteBehavior [ RunTime:0.001000s ]
INFO: [ app_init ] --END-- [ RunTime:0.002000s ]
INFO: [ app_begin ] --START--
INFO: Run Behavior\ReadHtmlCacheBehavior [ RunTime:0.001000s ]
INFO: [ app_begin ] --END-- [ RunTime:0.001000s ]
NOTIC: [2048] Declaration of Appframe\AdminbaseController::success() should be compatible with Think\Controller::success($message = '', $jumpUrl = '', $ajax = false) E:\WWW\eps\Application\Appframe\AdminbaseController.class.php 第 6 行.
NOTIC: [2048] Declaration of Admin\Controller\ClerkController::edit() should be compatible with Appframe\AdminbaseController::edit($model) E:\WWW\eps\Application\Admin\Controller\ClerkController.class.php 第 8 行.
SQL: SHOW COLUMNS FROM `d_user` [ RunTime:0.0180s ]
SQL: SHOW COLUMNS FROM `d_need` [ RunTime:0.0170s ]
SQL: SHOW COLUMNS FROM `d_clerk` [ RunTime:0.0120s ]
NOTIC: [8] Undefined offset: 1 E:\WWW\eps\ThinkPHP\Library\Think\Controller.class.php 第 232 行.
SQL: SELECT * FROM `d_clerk` WHERE `id` = 2 LIMIT 1   [ RunTime:0.0010s ]
INFO: [ view_parse ] --START--
INFO: [ template_filter ] --START--
INFO: Run Behavior\ContentReplaceBehavior [ RunTime:0.000000s ]
INFO: [ template_filter ] --END-- [ RunTime:0.001000s ]
INFO: Run Behavior\ParseTemplateBehavior [ RunTime:0.035000s ]
INFO: [ view_parse ] --END-- [ RunTime:0.036000s ]
INFO: [ view_filter ] --START--
INFO: Run Behavior\WriteHtmlCacheBehavior [ RunTime:0.001000s ]
INFO: [ view_filter ] --END-- [ RunTime:0.002000s ]
INFO: [ app_end ] --START--
INFO: Run Behavior\ShowPageTraceBehavior [ RunTime:0.001000s ]
INFO: [ app_end ] --END-- [ RunTime:0.002000s ]

[ 2017-10-30T13:22:04+08:00 ] 127.0.0.1 /Admin/Clerk/performance
INFO: [ app_init ] --START--
INFO: Run Behavior\BuildLiteBehavior [ RunTime:0.000000s ]
INFO: [ app_init ] --END-- [ RunTime:0.001000s ]
INFO: [ app_begin ] --START--
INFO: Run Behavior\ReadHtmlCacheBehavior [ RunTime:0.001000s ]
INFO: [ app_begin ] --END-- [ RunTime:0.001000s ]
NOTIC: [2048] Declaration of Appframe\AdminbaseController::success() should be compatible with Think\Controller::success($message = '', $jumpUrl = '', $ajax = false) E:\WWW\eps\Application\Appframe\AdminbaseController.class.php 第 6 行.
NOTIC: [2048] Declaration of Admin\Controller\ClerkController::edit() should be compatible with Appframe\AdminbaseController::edit($model) E:\WWW\eps\Application\Admin\Controller\ClerkController.class.php 第 8 行.
SQL: SHOW COLUMNS FROM `d_user` [ RunTime:0.0180s ]
SQL: SHOW COLUMNS FROM `d_need` [ RunTime:0.0170s ]
SQL: SHOW COLUMNS FROM `d_clerk` [ RunTime:0.0160s ]
SQL: SHOW COLUMNS FROM `d_need` [ RunTime:0.0140s ]
SQL: SELECT COUNT(*) AS tp_count FROM d_need n INNER JOIN d_clerk c on n.clerk_x = c.id  WHERE (  n.status=5  ) LIMIT 1   [ RunTime:0.0010s ]
NOTIC: [8] Undefined index: page E:\WWW\eps\ThinkPHP\Library\Com\Util\Page.class.php 第 127 行.
NOTIC: [8] Undefined index: page E:\WWW\eps\ThinkPHP\Library\Com\Util\Page.class.php 第 127 行.
SQL: SHOW COLUMNS FROM `d_need` [ RunTime:0.0140s ]
SQL: SELECT n.id,n.no,n.uid_x,n.reward,n.time,n.end_time,c.name FROM d_need n INNER JOIN d_clerk c on n.clerk_x = c.id  WHERE (  n.status=5  ) ORDER BY n.time desc LIMIT 0,20   [ RunTime:0.0010s ]
SQL: SELECT `mobile`,`khdw` FROM `d_user` WHERE ( uid=36 )  [ RunTime:0.0000s ]
SQL: SELECT `mobile`,`khdw` FROM `d_user` WHERE ( uid=27 )  [ RunTime:0.0010s ]
SQL: SELECT `mobile`,`khdw` FROM `d_user` WHERE ( uid=27 )  [ RunTime:0.0000s ]
SQL: SELECT `id`,`name` FROM `d_clerk` WHERE ( status=2 )  [ RunTime:0.0010s ]
SQL: SHOW COLUMNS FROM `d_need` [ RunTime:0.0140s ]
SQL: SELECT sum(reward) as sum_reward FROM d_need n INNER JOIN d_clerk c on n.clerk_x = c.id  WHERE (  n.status=5  ) LIMIT 1   [ RunTime:0.0010s ]
INFO: [ view_parse ] --START--
INFO: [ template_filter ] --START--
INFO: Run Behavior\ContentReplaceBehavior [ RunTime:0.000000s ]
INFO: [ template_filter ] --END-- [ RunTime:0.000000s ]
NOTIC: [8] Undefined index: clerk E:\WWW\eps\Application\Runtime\Cache\Admin\037e70193a95e8ee1696bab814ff9a66.php 第 125 行.
NOTIC: [8] Undefined index: clerk E:\WWW\eps\Application\Runtime\Cache\Admin\037e70193a95e8ee1696bab814ff9a66.php 第 125 行.
NOTIC: [8] Undefined index: start_time E:\WWW\eps\Application\Runtime\Cache\Admin\037e70193a95e8ee1696bab814ff9a66.php 第 128 行.
NOTIC: [8] Undefined index: end_time E:\WWW\eps\Application\Runtime\Cache\Admin\037e70193a95e8ee1696bab814ff9a66.php 第 140 行.
INFO: Run Behavior\ParseTemplateBehavior [ RunTime:0.053000s ]
INFO: [ view_parse ] --END-- [ RunTime:0.053000s ]
INFO: [ view_filter ] --START--
INFO: Run Behavior\WriteHtmlCacheBehavior [ RunTime:0.001000s ]
INFO: [ view_filter ] --END-- [ RunTime:0.001000s ]
INFO: [ app_end ] --START--
INFO: Run Behavior\ShowPageTraceBehavior [ RunTime:0.001000s ]
INFO: [ app_end ] --END-- [ RunTime:0.001000s ]

