[ 2017-12-14T14:53:44+08:00 ] 127.0.0.1 /admin
INFO: [ app_init ] --START--
INFO: Run Behavior\BuildLiteBehavior [ RunTime:0.000000s ]
INFO: [ app_init ] --END-- [ RunTime:0.001000s ]
INFO: [ app_begin ] --START--
INFO: Run Behavior\ReadHtmlCacheBehavior [ RunTime:0.001000s ]
INFO: [ app_begin ] --END-- [ RunTime:0.001000s ]
NOTIC: [2048] Declaration of Appframe\AdminbaseController::success() should be compatible with that of Think\Controller::success() E:\WWW\eps\Application\Appframe\AdminbaseController.class.php 第 6 行.
INFO: [ view_parse ] --START--
INFO: [ template_filter ] --START--
INFO: Run Behavior\ContentReplaceBehavior [ RunTime:0.000000s ]
INFO: [ template_filter ] --END-- [ RunTime:0.000000s ]
INFO: Run Behavior\ParseTemplateBehavior [ RunTime:0.020000s ]
INFO: [ view_parse ] --END-- [ RunTime:0.020000s ]
INFO: [ view_filter ] --START--
INFO: Run Behavior\WriteHtmlCacheBehavior [ RunTime:0.000000s ]
INFO: [ view_filter ] --END-- [ RunTime:0.001000s ]

[ 2017-12-14T14:53:45+08:00 ] 127.0.0.1 /Admin/Public/login.html
INFO: [ app_init ] --START--
INFO: Run Behavior\BuildLiteBehavior [ RunTime:0.000000s ]
INFO: [ app_init ] --END-- [ RunTime:0.001000s ]
INFO: [ app_begin ] --START--
INFO: Run Behavior\ReadHtmlCacheBehavior [ RunTime:0.001000s ]
INFO: [ app_begin ] --END-- [ RunTime:0.001000s ]
NOTIC: [2048] Declaration of Appframe\AdminbaseController::success() should be compatible with that of Think\Controller::success() E:\WWW\eps\Application\Appframe\AdminbaseController.class.php 第 6 行.
INFO: [ view_parse ] --START--
INFO: [ template_filter ] --START--
INFO: Run Behavior\ContentReplaceBehavior [ RunTime:0.000000s ]
INFO: [ template_filter ] --END-- [ RunTime:0.000000s ]
NOTIC: [8] Use of undefined constant CHARSET - assumed 'CHARSET' E:\WWW\eps\Application\Runtime\Cache\Admin\3e5d3d9a1e6b1fcd430d87ee7be4f518.php 第 4 行.
NOTIC: [8] Undefined variable: Site E:\WWW\eps\Application\Runtime\Cache\Admin\3e5d3d9a1e6b1fcd430d87ee7be4f518.php 第 42 行.
INFO: Run Behavior\ParseTemplateBehavior [ RunTime:0.009000s ]
INFO: [ view_parse ] --END-- [ RunTime:0.009000s ]
INFO: [ view_filter ] --START--
INFO: Run Behavior\WriteHtmlCacheBehavior [ RunTime:0.000000s ]
INFO: [ view_filter ] --END-- [ RunTime:0.000000s ]
INFO: [ app_end ] --START--
INFO: Run Behavior\ShowPageTraceBehavior [ RunTime:0.001000s ]
INFO: [ app_end ] --END-- [ RunTime:0.001000s ]

[ 2017-12-14T14:55:01+08:00 ] 127.0.0.1 /Admin/Public/tologin.html
INFO: [ app_init ] --START--
INFO: Run Behavior\BuildLiteBehavior [ RunTime:0.001000s ]
INFO: [ app_init ] --END-- [ RunTime:0.001000s ]
INFO: [ app_begin ] --START--
INFO: Run Behavior\ReadHtmlCacheBehavior [ RunTime:0.001000s ]
INFO: [ app_begin ] --END-- [ RunTime:0.001000s ]
NOTIC: [2048] Declaration of Appframe\AdminbaseController::success() should be compatible with that of Think\Controller::success() E:\WWW\eps\Application\Appframe\AdminbaseController.class.php 第 6 行.
NOTIC: [8] Undefined offset: 1 E:\WWW\eps\ThinkPHP\Library\Think\Controller.class.php 第 232 行.
NOTIC: [8] Undefined offset: 1 E:\WWW\eps\ThinkPHP\Library\Think\Controller.class.php 第 232 行.
NOTIC: [8] Undefined offset: 1 E:\WWW\eps\ThinkPHP\Library\Think\Controller.class.php 第 232 行.
SQL: SHOW COLUMNS FROM `d_fxuser` [ RunTime:0.0160s ]
SQL: SELECT * FROM `d_fxuser` WHERE `username` = 'admin' LIMIT 1   [ RunTime:0.0010s ]
SQL: SHOW COLUMNS FROM `d_fxloginlog` [ RunTime:0.0220s ]
SQL: INSERT INTO `d_fxloginlog` (`username`,`logintime`,`loginip`,`status`,`password`,`info`) VALUES ('admin','2017-12-14 14:55:01','127.0.0.1','0','8888***','帐号密码错误') [ RunTime:0.0120s ]
INFO: [ view_parse ] --START--
INFO: [ template_filter ] --START--
INFO: Run Behavior\ContentReplaceBehavior [ RunTime:0.000000s ]
INFO: [ template_filter ] --END-- [ RunTime:0.000000s ]
INFO: Run Behavior\ParseTemplateBehavior [ RunTime:0.020000s ]
INFO: [ view_parse ] --END-- [ RunTime:0.020000s ]
INFO: [ view_filter ] --START--
INFO: Run Behavior\WriteHtmlCacheBehavior [ RunTime:0.001000s ]
INFO: [ view_filter ] --END-- [ RunTime:0.001000s ]

[ 2017-12-14T14:55:02+08:00 ] 127.0.0.1 /Admin/Public/login.html
INFO: [ app_init ] --START--
INFO: Run Behavior\BuildLiteBehavior [ RunTime:0.000000s ]
INFO: [ app_init ] --END-- [ RunTime:0.001000s ]
INFO: [ app_begin ] --START--
INFO: Run Behavior\ReadHtmlCacheBehavior [ RunTime:0.001000s ]
INFO: [ app_begin ] --END-- [ RunTime:0.001000s ]
NOTIC: [2048] Declaration of Appframe\AdminbaseController::success() should be compatible with that of Think\Controller::success() E:\WWW\eps\Application\Appframe\AdminbaseController.class.php 第 6 行.
INFO: [ view_parse ] --START--
INFO: [ template_filter ] --START--
INFO: Run Behavior\ContentReplaceBehavior [ RunTime:0.000000s ]
INFO: [ template_filter ] --END-- [ RunTime:0.000000s ]
NOTIC: [8] Use of undefined constant CHARSET - assumed 'CHARSET' E:\WWW\eps\Application\Runtime\Cache\Admin\3e5d3d9a1e6b1fcd430d87ee7be4f518.php 第 4 行.
NOTIC: [8] Undefined variable: Site E:\WWW\eps\Application\Runtime\Cache\Admin\3e5d3d9a1e6b1fcd430d87ee7be4f518.php 第 42 行.
INFO: Run Behavior\ParseTemplateBehavior [ RunTime:0.005000s ]
INFO: [ view_parse ] --END-- [ RunTime:0.005000s ]
INFO: [ view_filter ] --START--
INFO: Run Behavior\WriteHtmlCacheBehavior [ RunTime:0.001000s ]
INFO: [ view_filter ] --END-- [ RunTime:0.001000s ]
INFO: [ app_end ] --START--
INFO: Run Behavior\ShowPageTraceBehavior [ RunTime:0.000000s ]
INFO: [ app_end ] --END-- [ RunTime:0.000000s ]

[ 2017-12-14T14:55:38+08:00 ] 127.0.0.1 /Admin/Public/tologin.html
INFO: [ app_init ] --START--
INFO: Run Behavior\BuildLiteBehavior [ RunTime:0.000000s ]
INFO: [ app_init ] --END-- [ RunTime:0.001000s ]
INFO: [ app_begin ] --START--
INFO: Run Behavior\ReadHtmlCacheBehavior [ RunTime:0.001000s ]
INFO: [ app_begin ] --END-- [ RunTime:0.001000s ]
NOTIC: [2048] Declaration of Appframe\AdminbaseController::success() should be compatible with that of Think\Controller::success() E:\WWW\eps\Application\Appframe\AdminbaseController.class.php 第 6 行.
NOTIC: [8] Undefined offset: 1 E:\WWW\eps\ThinkPHP\Library\Think\Controller.class.php 第 232 行.
NOTIC: [8] Undefined offset: 1 E:\WWW\eps\ThinkPHP\Library\Think\Controller.class.php 第 232 行.
NOTIC: [8] Undefined offset: 1 E:\WWW\eps\ThinkPHP\Library\Think\Controller.class.php 第 232 行.
SQL: SHOW COLUMNS FROM `d_fxuser` [ RunTime:0.0100s ]
SQL: SELECT * FROM `d_fxuser` WHERE `username` = 'admin' LIMIT 1   [ RunTime:0.0010s ]
SQL: SHOW COLUMNS FROM `d_fxloginlog` [ RunTime:0.0100s ]
SQL: INSERT INTO `d_fxloginlog` (`username`,`logintime`,`loginip`,`status`,`password`,`info`) VALUES ('admin','2017-12-14 14:55:38','127.0.0.1','1','8888***','') [ RunTime:0.0010s ]
SQL: SHOW COLUMNS FROM `d_fxuser` [ RunTime:0.0110s ]
SQL: UPDATE `d_fxuser` SET `last_login_time`='1513234538',`last_login_ip`='127.0.0.1' WHERE `id` = 1 [ RunTime:0.0010s ]
SQL: SHOW COLUMNS FROM `d_fxuser` [ RunTime:0.0100s ]
SQL: SELECT * FROM `d_fxuser` WHERE (  username  = 'admin'  ) LIMIT 1   [ RunTime:0.0010s ]

[ 2017-12-14T14:55:40+08:00 ] 127.0.0.1 /Admin/Index/index.html
INFO: [ app_init ] --START--
INFO: Run Behavior\BuildLiteBehavior [ RunTime:0.000000s ]
INFO: [ app_init ] --END-- [ RunTime:0.001000s ]
INFO: [ app_begin ] --START--
INFO: Run Behavior\ReadHtmlCacheBehavior [ RunTime:0.002000s ]
INFO: [ app_begin ] --END-- [ RunTime:0.002000s ]
NOTIC: [2048] Declaration of Appframe\AdminbaseController::success() should be compatible with that of Think\Controller::success() E:\WWW\eps\Application\Appframe\AdminbaseController.class.php 第 6 行.
SQL: SHOW COLUMNS FROM `d_fxuser` [ RunTime:0.0170s ]
SQL: SELECT `id`,`username`,`nickname`,`last_login_time`,`last_login_ip`,`email`,`status` FROM `d_fxuser` WHERE `id` = 1  [ RunTime:0.0010s ]
SQL: SHOW COLUMNS FROM `d_fxmenu` [ RunTime:0.0250s ]
SQL: SELECT * FROM `d_fxmenu` WHERE `parentid` = 0 AND `status` = 1 ORDER BY listorder asc  [ RunTime:0.0060s ]
SQL: SELECT * FROM `d_fxmenu` WHERE `parentid` = 36 AND `status` = 1 ORDER BY listorder asc  [ RunTime:0.0010s ]
SQL: SELECT * FROM `d_fxmenu` WHERE `parentid` = 38 AND `status` = 1 ORDER BY listorder asc  [ RunTime:0.0010s ]
NOTIC: [8] Undefined variable: data E:\WWW\eps\Application\Admin\Model\FxmenuModel.class.php 第 83 行.
SQL: SELECT * FROM `d_fxmenu` WHERE `parentid` = 8 AND `status` = 1 ORDER BY listorder asc  [ RunTime:0.0010s ]
SQL: SELECT * FROM `d_fxmenu` WHERE `parentid` = 33 AND `status` = 1 ORDER BY listorder asc  [ RunTime:0.0010s ]
NOTIC: [8] Undefined variable: data E:\WWW\eps\Application\Admin\Model\FxmenuModel.class.php 第 83 行.
SQL: SELECT * FROM `d_fxmenu` WHERE `parentid` = 10 AND `status` = 1 ORDER BY listorder asc  [ RunTime:0.0010s ]
NOTIC: [8] Undefined variable: data E:\WWW\eps\Application\Admin\Model\FxmenuModel.class.php 第 83 行.
SQL: SELECT * FROM `d_fxmenu` WHERE `parentid` = 39 AND `status` = 1 ORDER BY listorder asc  [ RunTime:0.0010s ]
SQL: SELECT * FROM `d_fxmenu` WHERE `parentid` = 40 AND `status` = 1 ORDER BY listorder asc  [ RunTime:0.0010s ]
NOTIC: [8] Undefined variable: data E:\WWW\eps\Application\Admin\Model\FxmenuModel.class.php 第 83 行.
SQL: SELECT * FROM `d_fxmenu` WHERE `parentid` = 41 AND `status` = 1 ORDER BY listorder asc  [ RunTime:0.0010s ]
NOTIC: [8] Undefined variable: data E:\WWW\eps\Application\Admin\Model\FxmenuModel.class.php 第 83 行.
SQL: SELECT * FROM `d_fxmenu` WHERE `parentid` = 340 AND `status` = 1 ORDER BY listorder asc  [ RunTime:0.0010s ]
NOTIC: [8] Undefined variable: data E:\WWW\eps\Application\Admin\Model\FxmenuModel.class.php 第 83 行.
SQL: SELECT * FROM `d_fxmenu` WHERE `parentid` = 44 AND `status` = 1 ORDER BY listorder asc  [ RunTime:0.0010s ]
SQL: SELECT * FROM `d_fxmenu` WHERE `parentid` = 325 AND `status` = 1 ORDER BY listorder asc  [ RunTime:0.0010s ]
NOTIC: [8] Undefined variable: data E:\WWW\eps\Application\Admin\Model\FxmenuModel.class.php 第 83 行.
SQL: SELECT * FROM `d_fxmenu` WHERE `parentid` = 45 AND `status` = 1 ORDER BY listorder asc  [ RunTime:0.0010s ]
NOTIC: [8] Undefined variable: data E:\WWW\eps\Application\Admin\Model\FxmenuModel.class.php 第 83 行.
SQL: SELECT * FROM `d_fxmenu` WHERE `parentid` = 329 AND `status` = 1 ORDER BY listorder asc  [ RunTime:0.0010s ]
SQL: SELECT * FROM `d_fxmenu` WHERE `parentid` = 336 AND `status` = 1 ORDER BY listorder asc  [ RunTime:0.0010s ]
NOTIC: [8] Undefined variable: data E:\WWW\eps\Application\Admin\Model\FxmenuModel.class.php 第 83 行.
SQL: SELECT * FROM `d_fxmenu` WHERE `parentid` = 337 AND `status` = 1 ORDER BY listorder asc  [ RunTime:0.0000s ]
NOTIC: [8] Undefined variable: data E:\WWW\eps\Application\Admin\Model\FxmenuModel.class.php 第 83 行.
SQL: SELECT * FROM `d_fxmenu` WHERE `parentid` = 364 AND `status` = 1 ORDER BY listorder asc  [ RunTime:0.0000s ]
NOTIC: [8] Undefined variable: data E:\WWW\eps\Application\Admin\Model\FxmenuModel.class.php 第 83 行.
SQL: SELECT * FROM `d_fxmenu` WHERE `parentid` = 331 AND `status` = 1 ORDER BY listorder asc  [ RunTime:0.0010s ]
SQL: SELECT * FROM `d_fxmenu` WHERE `parentid` = 332 AND `status` = 1 ORDER BY listorder asc  [ RunTime:0.0010s ]
NOTIC: [8] Undefined variable: data E:\WWW\eps\Application\Admin\Model\FxmenuModel.class.php 第 83 行.
SQL: SELECT * FROM `d_fxmenu` WHERE `parentid` = 333 AND `status` = 1 ORDER BY listorder asc  [ RunTime:0.0010s ]
NOTIC: [8] Undefined variable: data E:\WWW\eps\Application\Admin\Model\FxmenuModel.class.php 第 83 行.
SQL: SELECT * FROM `d_fxmenu` WHERE `parentid` = 338 AND `status` = 1 ORDER BY listorder asc  [ RunTime:0.0010s ]
NOTIC: [8] Undefined variable: data E:\WWW\eps\Application\Admin\Model\FxmenuModel.class.php 第 83 行.
SQL: SELECT * FROM `d_fxmenu` WHERE `parentid` = 365 AND `status` = 1 ORDER BY listorder asc  [ RunTime:0.0010s ]
NOTIC: [8] Undefined variable: data E:\WWW\eps\Application\Admin\Model\FxmenuModel.class.php 第 83 行.
SQL: SELECT * FROM `d_fxmenu` WHERE `parentid` = 366 AND `status` = 1 ORDER BY listorder asc  [ RunTime:0.0010s ]
SQL: SELECT * FROM `d_fxmenu` WHERE `parentid` = 367 AND `status` = 1 ORDER BY listorder asc  [ RunTime:0.0010s ]
NOTIC: [8] Undefined variable: data E:\WWW\eps\Application\Admin\Model\FxmenuModel.class.php 第 83 行.
SQL: SELECT * FROM `d_fxmenu` WHERE `parentid` = 368 AND `status` = 1 ORDER BY listorder asc  [ RunTime:0.0010s ]
NOTIC: [8] Undefined variable: data E:\WWW\eps\Application\Admin\Model\FxmenuModel.class.php 第 83 行.
SQL: SELECT * FROM `d_fxmenu` WHERE `parentid` = 382 AND `status` = 1 ORDER BY listorder asc  [ RunTime:0.0010s ]
SQL: SELECT * FROM `d_fxmenu` WHERE `parentid` = 383 AND `status` = 1 ORDER BY listorder asc  [ RunTime:0.0010s ]
NOTIC: [8] Undefined variable: data E:\WWW\eps\Application\Admin\Model\FxmenuModel.class.php 第 83 行.
SQL: SELECT * FROM `d_fxmenu` WHERE `parentid` = 389 AND `status` = 1 ORDER BY listorder asc  [ RunTime:0.0010s ]
SQL: SELECT * FROM `d_fxmenu` WHERE `parentid` = 390 AND `status` = 1 ORDER BY listorder asc  [ RunTime:0.0010s ]
NOTIC: [8] Undefined variable: data E:\WWW\eps\Application\Admin\Model\FxmenuModel.class.php 第 83 行.
SQL: SELECT * FROM `d_fxmenu` WHERE `parentid` = 391 AND `status` = 1 ORDER BY listorder asc  [ RunTime:0.0010s ]
NOTIC: [8] Undefined variable: data E:\WWW\eps\Application\Admin\Model\FxmenuModel.class.php 第 83 行.
SQL: SELECT * FROM `d_fxmenu` WHERE `parentid` = 393 AND `status` = 1 ORDER BY listorder asc  [ RunTime:0.0010s ]
NOTIC: [8] Undefined variable: data E:\WWW\eps\Application\Admin\Model\FxmenuModel.class.php 第 83 行.
SQL: SELECT * FROM `d_fxmenu` WHERE `parentid` = 371 AND `status` = 1 ORDER BY listorder asc  [ RunTime:0.0010s ]
NOTIC: [8] Undefined variable: data E:\WWW\eps\Application\Admin\Model\FxmenuModel.class.php 第 83 行.
SQL: SELECT * FROM `d_fxmenu` WHERE `parentid` = 335 AND `status` = 1 ORDER BY listorder asc  [ RunTime:0.0010s ]
NOTIC: [8] Undefined variable: data E:\WWW\eps\Application\Admin\Model\FxmenuModel.class.php 第 83 行.
SQL: SHOW COLUMNS FROM `d_fxadmin_panel` [ RunTime:0.0160s ]
SQL: SELECT * FROM `d_fxadmin_panel` WHERE `userid` = 1  [ RunTime:0.0010s ]
INFO: [ view_parse ] --START--
INFO: [ template_filter ] --START--
INFO: Run Behavior\ContentReplaceBehavior [ RunTime:0.000000s ]
INFO: [ template_filter ] --END-- [ RunTime:0.000000s ]
NOTIC: [8] Undefined variable: admin E:\WWW\eps\Application\Runtime\Cache\Admin\836688c1f1d849de38afaba03368efc4.php 第 133 行.
NOTIC: [8] Use of undefined constant user_login - assumed 'user_login' E:\WWW\eps\Application\Runtime\Cache\Admin\836688c1f1d849de38afaba03368efc4.php 第 135 行.
NOTIC: [8] Undefined variable: admin E:\WWW\eps\Application\Runtime\Cache\Admin\836688c1f1d849de38afaba03368efc4.php 第 135 行.
NOTIC: [8] Use of undefined constant icon - assumed 'icon' E:\WWW\eps\Application\Runtime\Cache\Admin\836688c1f1d849de38afaba03368efc4.php 第 43 行.
NOTIC: [8] Use of undefined constant lower - assumed 'lower' E:\WWW\eps\Application\Runtime\Cache\Admin\836688c1f1d849de38afaba03368efc4.php 第 45 行.
NOTIC: [8] Use of undefined constant lower - assumed 'lower' E:\WWW\eps\Application\Runtime\Cache\Admin\836688c1f1d849de38afaba03368efc4.php 第 61 行.
NOTIC: [8] Use of undefined constant lower - assumed 'lower' E:\WWW\eps\Application\Runtime\Cache\Admin\836688c1f1d849de38afaba03368efc4.php 第 73 行.
NOTIC: [8] Use of undefined constant icon - assumed 'icon' E:\WWW\eps\Application\Runtime\Cache\Admin\836688c1f1d849de38afaba03368efc4.php 第 43 行.
NOTIC: [8] Use of undefined constant lower - assumed 'lower' E:\WWW\eps\Application\Runtime\Cache\Admin\836688c1f1d849de38afaba03368efc4.php 第 45 行.
NOTIC: [8] Use of undefined constant lower - assumed 'lower' E:\WWW\eps\Application\Runtime\Cache\Admin\836688c1f1d849de38afaba03368efc4.php 第 61 行.
NOTIC: [8] Use of undefined constant lower - assumed 'lower' E:\WWW\eps\Application\Runtime\Cache\Admin\836688c1f1d849de38afaba03368efc4.php 第 73 行.
NOTIC: [8] Use of undefined constant lower - assumed 'lower' E:\WWW\eps\Application\Runtime\Cache\Admin\836688c1f1d849de38afaba03368efc4.php 第 73 行.
NOTIC: [8] Use of undefined constant icon - assumed 'icon' E:\WWW\eps\Application\Runtime\Cache\Admin\836688c1f1d849de38afaba03368efc4.php 第 43 行.
NOTIC: [8] Use of undefined constant lower - assumed 'lower' E:\WWW\eps\Application\Runtime\Cache\Admin\836688c1f1d849de38afaba03368efc4.php 第 45 行.
NOTIC: [8] Use of undefined constant lower - assumed 'lower' E:\WWW\eps\Application\Runtime\Cache\Admin\836688c1f1d849de38afaba03368efc4.php 第 61 行.
NOTIC: [8] Use of undefined constant lower - assumed 'lower' E:\WWW\eps\Application\Runtime\Cache\Admin\836688c1f1d849de38afaba03368efc4.php 第 73 行.
NOTIC: [8] Use of undefined constant lower - assumed 'lower' E:\WWW\eps\Application\Runtime\Cache\Admin\836688c1f1d849de38afaba03368efc4.php 第 73 行.
NOTIC: [8] Use of undefined constant lower - assumed 'lower' E:\WWW\eps\Application\Runtime\Cache\Admin\836688c1f1d849de38afaba03368efc4.php 第 73 行.
NOTIC: [8] Use of undefined constant icon - assumed 'icon' E:\WWW\eps\Application\Runtime\Cache\Admin\836688c1f1d849de38afaba03368efc4.php 第 43 行.
NOTIC: [8] Use of undefined constant lower - assumed 'lower' E:\WWW\eps\Application\Runtime\Cache\Admin\836688c1f1d849de38afaba03368efc4.php 第 45 行.
NOTIC: [8] Use of undefined constant lower - assumed 'lower' E:\WWW\eps\Application\Runtime\Cache\Admin\836688c1f1d849de38afaba03368efc4.php 第 61 行.
NOTIC: [8] Use of undefined constant lower - assumed 'lower' E:\WWW\eps\Application\Runtime\Cache\Admin\836688c1f1d849de38afaba03368efc4.php 第 73 行.
NOTIC: [8] Use of undefined constant lower - assumed 'lower' E:\WWW\eps\Application\Runtime\Cache\Admin\836688c1f1d849de38afaba03368efc4.php 第 73 行.
NOTIC: [8] Use of undefined constant icon - assumed 'icon' E:\WWW\eps\Application\Runtime\Cache\Admin\836688c1f1d849de38afaba03368efc4.php 第 43 行.
NOTIC: [8] Use of undefined constant lower - assumed 'lower' E:\WWW\eps\Application\Runtime\Cache\Admin\836688c1f1d849de38afaba03368efc4.php 第 45 行.
NOTIC: [8] Use of undefined constant lower - assumed 'lower' E:\WWW\eps\Application\Runtime\Cache\Admin\836688c1f1d849de38afaba03368efc4.php 第 61 行.
NOTIC: [8] Use of undefined constant lower - assumed 'lower' E:\WWW\eps\Application\Runtime\Cache\Admin\836688c1f1d849de38afaba03368efc4.php 第 73 行.
NOTIC: [8] Use of undefined constant lower - assumed 'lower' E:\WWW\eps\Application\Runtime\Cache\Admin\836688c1f1d849de38afaba03368efc4.php 第 73 行.
NOTIC: [8] Use of undefined constant lower - assumed 'lower' E:\WWW\eps\Application\Runtime\Cache\Admin\836688c1f1d849de38afaba03368efc4.php 第 73 行.
NOTIC: [8] Use of undefined constant icon - assumed 'icon' E:\WWW\eps\Application\Runtime\Cache\Admin\836688c1f1d849de38afaba03368efc4.php 第 43 行.
NOTIC: [8] Use of undefined constant lower - assumed 'lower' E:\WWW\eps\Application\Runtime\Cache\Admin\836688c1f1d849de38afaba03368efc4.php 第 45 行.
NOTIC: [8] Use of undefined constant lower - assumed 'lower' E:\WWW\eps\Application\Runtime\Cache\Admin\836688c1f1d849de38afaba03368efc4.php 第 61 行.
NOTIC: [8] Use of undefined constant lower - assumed 'lower' E:\WWW\eps\Application\Runtime\Cache\Admin\836688c1f1d849de38afaba03368efc4.php 第 73 行.
NOTIC: [8] Use of undefined constant lower - assumed 'lower' E:\WWW\eps\Application\Runtime\Cache\Admin\836688c1f1d849de38afaba03368efc4.php 第 73 行.
NOTIC: [8] Use of undefined constant lower - assumed 'lower' E:\WWW\eps\Application\Runtime\Cache\Admin\836688c1f1d849de38afaba03368efc4.php 第 73 行.
NOTIC: [8] Use of undefined constant lower - assumed 'lower' E:\WWW\eps\Application\Runtime\Cache\Admin\836688c1f1d849de38afaba03368efc4.php 第 73 行.
NOTIC: [8] Use of undefined constant icon - assumed 'icon' E:\WWW\eps\Application\Runtime\Cache\Admin\836688c1f1d849de38afaba03368efc4.php 第 43 行.
NOTIC: [8] Use of undefined constant lower - assumed 'lower' E:\WWW\eps\Application\Runtime\Cache\Admin\836688c1f1d849de38afaba03368efc4.php 第 45 行.
NOTIC: [8] Use of undefined constant lower - assumed 'lower' E:\WWW\eps\Application\Runtime\Cache\Admin\836688c1f1d849de38afaba03368efc4.php 第 61 行.
NOTIC: [8] Use of undefined constant lower - assumed 'lower' E:\WWW\eps\Application\Runtime\Cache\Admin\836688c1f1d849de38afaba03368efc4.php 第 73 行.
NOTIC: [8] Use of undefined constant lower - assumed 'lower' E:\WWW\eps\Application\Runtime\Cache\Admin\836688c1f1d849de38afaba03368efc4.php 第 73 行.
NOTIC: [8] Use of undefined constant icon - assumed 'icon' E:\WWW\eps\Application\Runtime\Cache\Admin\836688c1f1d849de38afaba03368efc4.php 第 43 行.
NOTIC: [8] Use of undefined constant lower - assumed 'lower' E:\WWW\eps\Application\Runtime\Cache\Admin\836688c1f1d849de38afaba03368efc4.php 第 45 行.
NOTIC: [8] Use of undefined constant lower - assumed 'lower' E:\WWW\eps\Application\Runtime\Cache\Admin\836688c1f1d849de38afaba03368efc4.php 第 61 行.
NOTIC: [8] Use of undefined constant lower - assumed 'lower' E:\WWW\eps\Application\Runtime\Cache\Admin\836688c1f1d849de38afaba03368efc4.php 第 73 行.
NOTIC: [8] Use of undefined constant icon - assumed 'icon' E:\WWW\eps\Application\Runtime\Cache\Admin\836688c1f1d849de38afaba03368efc4.php 第 43 行.
NOTIC: [8] Use of undefined constant lower - assumed 'lower' E:\WWW\eps\Application\Runtime\Cache\Admin\836688c1f1d849de38afaba03368efc4.php 第 45 行.
NOTIC: [8] Use of undefined constant lower - assumed 'lower' E:\WWW\eps\Application\Runtime\Cache\Admin\836688c1f1d849de38afaba03368efc4.php 第 61 行.
NOTIC: [8] Use of undefined constant lower - assumed 'lower' E:\WWW\eps\Application\Runtime\Cache\Admin\836688c1f1d849de38afaba03368efc4.php 第 73 行.
NOTIC: [8] Use of undefined constant lower - assumed 'lower' E:\WWW\eps\Application\Runtime\Cache\Admin\836688c1f1d849de38afaba03368efc4.php 第 73 行.
NOTIC: [8] Use of undefined constant lower - assumed 'lower' E:\WWW\eps\Application\Runtime\Cache\Admin\836688c1f1d849de38afaba03368efc4.php 第 73 行.
NOTIC: [8] Use of undefined constant icon - assumed 'icon' E:\WWW\eps\Application\Runtime\Cache\Admin\836688c1f1d849de38afaba03368efc4.php 第 43 行.
NOTIC: [8] Use of undefined constant lower - assumed 'lower' E:\WWW\eps\Application\Runtime\Cache\Admin\836688c1f1d849de38afaba03368efc4.php 第 45 行.
NOTIC: [8] Use of undefined constant icon - assumed 'icon' E:\WWW\eps\Application\Runtime\Cache\Admin\836688c1f1d849de38afaba03368efc4.php 第 43 行.
NOTIC: [8] Use of undefined constant lower - assumed 'lower' E:\WWW\eps\Application\Runtime\Cache\Admin\836688c1f1d849de38afaba03368efc4.php 第 45 行.
INFO: Run Behavior\ParseTemplateBehavior [ RunTime:0.019000s ]
INFO: [ view_parse ] --END-- [ RunTime:0.019000s ]
INFO: [ view_filter ] --START--
INFO: Run Behavior\WriteHtmlCacheBehavior [ RunTime:0.001000s ]
INFO: [ view_filter ] --END-- [ RunTime:0.001000s ]
INFO: [ app_end ] --START--
INFO: Run Behavior\ShowPageTraceBehavior [ RunTime:0.001000s ]
INFO: [ app_end ] --END-- [ RunTime:0.001000s ]

[ 2017-12-14T14:55:41+08:00 ] 127.0.0.1 /Admin/Main/public_main.html
INFO: [ app_init ] --START--
INFO: Run Behavior\BuildLiteBehavior [ RunTime:0.000000s ]
INFO: [ app_init ] --END-- [ RunTime:0.001000s ]
INFO: [ app_begin ] --START--
INFO: Run Behavior\ReadHtmlCacheBehavior [ RunTime:0.001000s ]
INFO: [ app_begin ] --END-- [ RunTime:0.001000s ]
NOTIC: [2048] Declaration of Appframe\AdminbaseController::success() should be compatible with that of Think\Controller::success() E:\WWW\eps\Application\Appframe\AdminbaseController.class.php 第 6 行.
SQL: SHOW COLUMNS FROM `d_user` [ RunTime:0.0150s ]
SQL: SELECT COUNT(*) AS tp_count FROM `d_user` WHERE ( 1=1 ) LIMIT 1   [ RunTime:0.0010s ]
SQL: SELECT COUNT(*) AS tp_count FROM `d_user` WHERE ( 1=1 and type='1' ) LIMIT 1   [ RunTime:0.0010s ]
SQL: SHOW COLUMNS FROM `d_need` [ RunTime:0.0150s ]
SQL: SELECT COUNT(*) AS tp_count FROM `d_need` WHERE ( 1=1 ) LIMIT 1   [ RunTime:0.0000s ]
SQL: SELECT sum(reward) as reward FROM `d_need` WHERE ( 1=1 and status='5' ) LIMIT 1   [ RunTime:0.0000s ]
SQL: SELECT sum(get_reward) as reward FROM `d_need` WHERE ( status='5' ) LIMIT 1   [ RunTime:0.0010s ]
SQL: SELECT sum(get_reward) as reward FROM `d_need` WHERE ( status='5' and reward_m_f=1 ) LIMIT 1   [ RunTime:0.0010s ]
SQL: SHOW COLUMNS FROM `d_fxloginlog` [ RunTime:0.0060s ]
SQL: SELECT * FROM `d_fxloginlog` ORDER BY `loginid` desc LIMIT 0,10   [ RunTime:0.0420s ]
SQL: SELECT sum(reward) as reward FROM `d_need` WHERE ( status='5' and end_time>'2017-01-01' and end_time<'2017-01-31' ) LIMIT 1   [ RunTime:0.0010s ]
SQL: SELECT sum(get_reward) as reward FROM `d_need` WHERE ( status='5' and end_time>'2017-01-01' and end_time<'2017-01-31' ) LIMIT 1   [ RunTime:0.0010s ]
SQL: SELECT sum(get_reward) as reward FROM `d_need` WHERE ( status='5' and reward_m_f=1 and end_time>'2017-01-01' and end_time<'2017-01-31' ) LIMIT 1   [ RunTime:0.0000s ]
SQL: SELECT sum(reward) as reward FROM `d_need` WHERE ( status='5' and end_time>'2017-02-01' and end_time<'2017-02-31' ) LIMIT 1   [ RunTime:0.0000s ]
SQL: SELECT sum(get_reward) as reward FROM `d_need` WHERE ( status='5' and end_time>'2017-02-01' and end_time<'2017-02-31' ) LIMIT 1   [ RunTime:0.0010s ]
SQL: SELECT sum(get_reward) as reward FROM `d_need` WHERE ( status='5' and reward_m_f=1 and end_time>'2017-02-01' and end_time<'2017-02-31' ) LIMIT 1   [ RunTime:0.0010s ]
SQL: SELECT sum(reward) as reward FROM `d_need` WHERE ( status='5' and end_time>'2017-03-01' and end_time<'2017-03-31' ) LIMIT 1   [ RunTime:0.0000s ]
SQL: SELECT sum(get_reward) as reward FROM `d_need` WHERE ( status='5' and end_time>'2017-03-01' and end_time<'2017-03-31' ) LIMIT 1   [ RunTime:0.0000s ]
SQL: SELECT sum(get_reward) as reward FROM `d_need` WHERE ( status='5' and reward_m_f=1 and end_time>'2017-03-01' and end_time<'2017-03-31' ) LIMIT 1   [ RunTime:0.0010s ]
SQL: SELECT sum(reward) as reward FROM `d_need` WHERE ( status='5' and end_time>'2017-04-01' and end_time<'2017-04-31' ) LIMIT 1   [ RunTime:0.0010s ]
SQL: SELECT sum(get_reward) as reward FROM `d_need` WHERE ( status='5' and end_time>'2017-04-01' and end_time<'2017-04-31' ) LIMIT 1   [ RunTime:0.0000s ]
SQL: SELECT sum(get_reward) as reward FROM `d_need` WHERE ( status='5' and reward_m_f=1 and end_time>'2017-04-01' and end_time<'2017-04-31' ) LIMIT 1   [ RunTime:0.0000s ]
SQL: SELECT sum(reward) as reward FROM `d_need` WHERE ( status='5' and end_time>'2017-05-01' and end_time<'2017-05-31' ) LIMIT 1   [ RunTime:0.0010s ]
SQL: SELECT sum(get_reward) as reward FROM `d_need` WHERE ( status='5' and end_time>'2017-05-01' and end_time<'2017-05-31' ) LIMIT 1   [ RunTime:0.0010s ]
SQL: SELECT sum(get_reward) as reward FROM `d_need` WHERE ( status='5' and reward_m_f=1 and end_time>'2017-05-01' and end_time<'2017-05-31' ) LIMIT 1   [ RunTime:0.0000s ]
SQL: SELECT sum(reward) as reward FROM `d_need` WHERE ( status='5' and end_time>'2017-06-01' and end_time<'2017-06-31' ) LIMIT 1   [ RunTime:0.0000s ]
SQL: SELECT sum(get_reward) as reward FROM `d_need` WHERE ( status='5' and end_time>'2017-06-01' and end_time<'2017-06-31' ) LIMIT 1   [ RunTime:0.0010s ]
SQL: SELECT sum(get_reward) as reward FROM `d_need` WHERE ( status='5' and reward_m_f=1 and end_time>'2017-06-01' and end_time<'2017-06-31' ) LIMIT 1   [ RunTime:0.0010s ]
SQL: SELECT sum(reward) as reward FROM `d_need` WHERE ( status='5' and end_time>'2017-07-01' and end_time<'2017-07-31' ) LIMIT 1   [ RunTime:0.0000s ]
SQL: SELECT sum(get_reward) as reward FROM `d_need` WHERE ( status='5' and end_time>'2017-07-01' and end_time<'2017-07-31' ) LIMIT 1   [ RunTime:0.0000s ]
SQL: SELECT sum(get_reward) as reward FROM `d_need` WHERE ( status='5' and reward_m_f=1 and end_time>'2017-07-01' and end_time<'2017-07-31' ) LIMIT 1   [ RunTime:0.0010s ]
SQL: SELECT sum(reward) as reward FROM `d_need` WHERE ( status='5' and end_time>'2017-08-01' and end_time<'2017-08-31' ) LIMIT 1   [ RunTime:0.0000s ]
SQL: SELECT sum(get_reward) as reward FROM `d_need` WHERE ( status='5' and end_time>'2017-08-01' and end_time<'2017-08-31' ) LIMIT 1   [ RunTime:0.0000s ]
SQL: SELECT sum(get_reward) as reward FROM `d_need` WHERE ( status='5' and reward_m_f=1 and end_time>'2017-08-01' and end_time<'2017-08-31' ) LIMIT 1   [ RunTime:0.0000s ]
SQL: SELECT sum(reward) as reward FROM `d_need` WHERE ( status='5' and end_time>'2017-09-01' and end_time<'2017-09-31' ) LIMIT 1   [ RunTime:0.0000s ]
SQL: SELECT sum(get_reward) as reward FROM `d_need` WHERE ( status='5' and end_time>'2017-09-01' and end_time<'2017-09-31' ) LIMIT 1   [ RunTime:0.0010s ]
SQL: SELECT sum(get_reward) as reward FROM `d_need` WHERE ( status='5' and reward_m_f=1 and end_time>'2017-09-01' and end_time<'2017-09-31' ) LIMIT 1   [ RunTime:0.0000s ]
SQL: SELECT sum(reward) as reward FROM `d_need` WHERE ( status='5' and end_time>'2017-10-01' and end_time<'2017-10-31' ) LIMIT 1   [ RunTime:0.0010s ]
SQL: SELECT sum(get_reward) as reward FROM `d_need` WHERE ( status='5' and end_time>'2017-10-01' and end_time<'2017-10-31' ) LIMIT 1   [ RunTime:0.0010s ]
SQL: SELECT sum(get_reward) as reward FROM `d_need` WHERE ( status='5' and reward_m_f=1 and end_time>'2017-10-01' and end_time<'2017-10-31' ) LIMIT 1   [ RunTime:0.0000s ]
SQL: SELECT sum(reward) as reward FROM `d_need` WHERE ( status='5' and end_time>'2017-11-01' and end_time<'2017-11-31' ) LIMIT 1   [ RunTime:0.0000s ]
SQL: SELECT sum(get_reward) as reward FROM `d_need` WHERE ( status='5' and end_time>'2017-11-01' and end_time<'2017-11-31' ) LIMIT 1   [ RunTime:0.0010s ]
SQL: SELECT sum(get_reward) as reward FROM `d_need` WHERE ( status='5' and reward_m_f=1 and end_time>'2017-11-01' and end_time<'2017-11-31' ) LIMIT 1   [ RunTime:0.0010s ]
SQL: SELECT sum(reward) as reward FROM `d_need` WHERE ( status='5' and end_time>'2017-12-01' and end_time<'2017-12-31' ) LIMIT 1   [ RunTime:0.0000s ]
SQL: SELECT sum(get_reward) as reward FROM `d_need` WHERE ( status='5' and end_time>'2017-12-01' and end_time<'2017-12-31' ) LIMIT 1   [ RunTime:0.0000s ]
SQL: SELECT sum(get_reward) as reward FROM `d_need` WHERE ( status='5' and reward_m_f=1 and end_time>'2017-12-01' and end_time<'2017-12-31' ) LIMIT 1   [ RunTime:0.0010s ]
INFO: [ view_parse ] --START--
INFO: [ template_filter ] --START--
INFO: Run Behavior\ContentReplaceBehavior [ RunTime:0.000000s ]
INFO: [ template_filter ] --END-- [ RunTime:0.000000s ]
INFO: Run Behavior\ParseTemplateBehavior [ RunTime:0.017000s ]
INFO: [ view_parse ] --END-- [ RunTime:0.017000s ]
INFO: [ view_filter ] --START--
INFO: Run Behavior\WriteHtmlCacheBehavior [ RunTime:0.000000s ]
INFO: [ view_filter ] --END-- [ RunTime:0.000000s ]
INFO: [ app_end ] --START--
INFO: Run Behavior\ShowPageTraceBehavior [ RunTime:0.001000s ]
INFO: [ app_end ] --END-- [ RunTime:0.001000s ]

[ 2017-12-14T14:55:50+08:00 ] 127.0.0.1 /Admin/Gongdan/lists
INFO: [ app_init ] --START--
INFO: Run Behavior\BuildLiteBehavior [ RunTime:0.000000s ]
INFO: [ app_init ] --END-- [ RunTime:0.001000s ]
INFO: [ app_begin ] --START--
INFO: Run Behavior\ReadHtmlCacheBehavior [ RunTime:0.001000s ]
INFO: [ app_begin ] --END-- [ RunTime:0.001000s ]
NOTIC: [2048] Declaration of Appframe\AdminbaseController::success() should be compatible with that of Think\Controller::success() E:\WWW\eps\Application\Appframe\AdminbaseController.class.php 第 6 行.
NOTIC: [2048] Declaration of Admin\Controller\GongdanController::show() should be compatible with that of Think\Controller::show() E:\WWW\eps\Application\Admin\Controller\GongdanController.class.php 第 8 行.
SQL: SHOW COLUMNS FROM `d_user` [ RunTime:0.0110s ]
SQL: SHOW COLUMNS FROM `d_need` [ RunTime:0.0100s ]
SQL: SHOW COLUMNS FROM `d_photo` [ RunTime:0.0100s ]
SQL: SHOW COLUMNS FROM `d_m_library` [ RunTime:0.0100s ]
SQL: SHOW COLUMNS FROM `d_notification` [ RunTime:0.0280s ]
SQL: SHOW COLUMNS FROM `d_fxuser` [ RunTime:0.0090s ]
SQL: SHOW COLUMNS FROM `d_reward` [ RunTime:0.0100s ]
SQL: SHOW COLUMNS FROM `d_adviser` [ RunTime:0.0270s ]
SQL: SHOW COLUMNS FROM `d_report` [ RunTime:0.0090s ]
SQL: SHOW COLUMNS FROM `d_mailing` [ RunTime:0.0290s ]
SQL: SHOW COLUMNS FROM `d_clerk` [ RunTime:0.0100s ]
ERR: SQLSTATE[42S02]: Base table or view not found: 1146 Table 'eps.d_consumption' doesn't exist

[ 2017-12-14T14:56:45+08:00 ] 127.0.0.1 /Admin/Gongdan/lists
INFO: [ app_init ] --START--
INFO: Run Behavior\BuildLiteBehavior [ RunTime:0.000000s ]
INFO: [ app_init ] --END-- [ RunTime:0.001000s ]
INFO: [ app_begin ] --START--
INFO: Run Behavior\ReadHtmlCacheBehavior [ RunTime:0.001000s ]
INFO: [ app_begin ] --END-- [ RunTime:0.001000s ]
NOTIC: [2048] Declaration of Appframe\AdminbaseController::success() should be compatible with that of Think\Controller::success() E:\WWW\eps\Application\Appframe\AdminbaseController.class.php 第 6 行.
NOTIC: [2048] Declaration of Admin\Controller\GongdanController::show() should be compatible with that of Think\Controller::show() E:\WWW\eps\Application\Admin\Controller\GongdanController.class.php 第 8 行.
SQL: SHOW COLUMNS FROM `d_fxuser` [ RunTime:0.0160s ]
SQL: SELECT `id`,`username`,`nickname`,`last_login_time`,`last_login_ip`,`email`,`status` FROM `d_fxuser` WHERE `id` = 1  [ RunTime:0.0010s ]
SQL: SHOW COLUMNS FROM `d_user` [ RunTime:0.0140s ]
SQL: SHOW COLUMNS FROM `d_need` [ RunTime:0.0070s ]
SQL: SHOW COLUMNS FROM `d_photo` [ RunTime:0.0060s ]
SQL: SHOW COLUMNS FROM `d_m_library` [ RunTime:0.0070s ]
SQL: SHOW COLUMNS FROM `d_notification` [ RunTime:0.0060s ]
SQL: SHOW COLUMNS FROM `d_fxuser` [ RunTime:0.0070s ]
SQL: SHOW COLUMNS FROM `d_reward` [ RunTime:0.0070s ]
SQL: SHOW COLUMNS FROM `d_adviser` [ RunTime:0.0060s ]
SQL: SHOW COLUMNS FROM `d_report` [ RunTime:0.0060s ]
SQL: SHOW COLUMNS FROM `d_mailing` [ RunTime:0.0060s ]
SQL: SHOW COLUMNS FROM `d_clerk` [ RunTime:0.0060s ]
SQL: SELECT COUNT(*) AS tp_count FROM `d_need` WHERE ( status > 0 ) LIMIT 1   [ RunTime:0.0000s ]
SQL: SELECT COUNT(*) AS tp_count FROM `d_need` WHERE ( status = 1 ) LIMIT 1   [ RunTime:0.0010s ]
SQL: SELECT COUNT(*) AS tp_count FROM `d_need` WHERE ( status = 2 ) LIMIT 1   [ RunTime:0.0010s ]
SQL: SELECT COUNT(*) AS tp_count FROM `d_need` WHERE ( status = 3 ) LIMIT 1   [ RunTime:0.0000s ]
SQL: SELECT COUNT(*) AS tp_count FROM `d_need` WHERE ( status = 4 ) LIMIT 1   [ RunTime:0.0000s ]
SQL: SELECT COUNT(*) AS tp_count FROM `d_need` WHERE ( status = 5 ) LIMIT 1   [ RunTime:0.0010s ]
SQL: SHOW COLUMNS FROM `d_need` [ RunTime:0.0070s ]
SQL: SELECT COUNT(*) AS tp_count FROM d_need as n INNER JOIN d_user as u on n.uid_x=u.uid  WHERE ( n.status > 0 and (n.no LIKE '%%' or u.mobile like '%%' or u.khdw like '%%')  ) LIMIT 1   [ RunTime:0.0010s ]
NOTIC: [8] Undefined index: page E:\WWW\eps\ThinkPHP\Library\Com\Util\Page.class.php 第 127 行.
NOTIC: [8] Undefined index: page E:\WWW\eps\ThinkPHP\Library\Com\Util\Page.class.php 第 127 行.
SQL: SHOW COLUMNS FROM `d_need` [ RunTime:0.0060s ]
SQL: SELECT n.* FROM d_need as n INNER JOIN d_user as u on n.uid_x=u.uid  WHERE ( n.status > 0 and (n.no LIKE '%%' or u.mobile like '%%' or u.khdw like '%%')  ) ORDER BY n.time desc LIMIT 0,20   [ RunTime:0.0010s ]
NOTIC: [8] Undefined index: zhpf E:\WWW\eps\Application\Admin\Controller\GongdanController.class.php 第 82 行.
SQL: SELECT * FROM `d_m_library` WHERE ( id=4 ) LIMIT 1   [ RunTime:0.0160s ]
SQL: SELECT * FROM `d_report` WHERE ( nid=274 ) LIMIT 1   [ RunTime:0.0010s ]
SQL: SELECT `uid`,`name`,`mobile`,`khdw` FROM `d_user` WHERE ( uid=53 )  [ RunTime:0.0000s ]
SQL: SELECT `uid`,`name`,`company` FROM `d_user` WHERE ( uid=8 )  [ RunTime:0.0010s ]
NOTIC: [8] Undefined index: zhpf E:\WWW\eps\Application\Admin\Controller\GongdanController.class.php 第 82 行.
SQL: SELECT * FROM `d_m_library` WHERE ( id=4 ) LIMIT 1   [ RunTime:0.0000s ]
SQL: SELECT * FROM `d_report` WHERE ( nid=273 ) LIMIT 1   [ RunTime:0.0000s ]
SQL: SELECT `uid`,`name`,`mobile`,`khdw` FROM `d_user` WHERE ( uid=10 )  [ RunTime:0.0000s ]
SQL: SELECT `uid`,`name`,`company` FROM `d_user` WHERE ( uid=8 )  [ RunTime:0.0000s ]
NOTIC: [8] Undefined index: zhpf E:\WWW\eps\Application\Admin\Controller\GongdanController.class.php 第 82 行.
SQL: SELECT * FROM `d_m_library` WHERE ( id=4 ) LIMIT 1   [ RunTime:0.0010s ]
SQL: SELECT * FROM `d_report` WHERE ( nid=272 ) LIMIT 1   [ RunTime:0.0000s ]
SQL: SELECT `uid`,`name`,`mobile`,`khdw` FROM `d_user` WHERE ( uid=27 )  [ RunTime:0.0000s ]
SQL: SELECT `uid`,`name`,`company` FROM `d_user` WHERE ( uid=8 )  [ RunTime:0.0000s ]
NOTIC: [8] Undefined index: zhpf E:\WWW\eps\Application\Admin\Controller\GongdanController.class.php 第 82 行.
SQL: SELECT * FROM `d_m_library` WHERE ( id=4 ) LIMIT 1   [ RunTime:0.0000s ]
SQL: SELECT * FROM `d_report` WHERE ( nid=271 ) LIMIT 1   [ RunTime:0.0010s ]
SQL: SELECT `uid`,`name`,`mobile`,`khdw` FROM `d_user` WHERE ( uid=10 )  [ RunTime:0.0000s ]
SQL: SELECT `uid`,`name`,`company` FROM `d_user` WHERE ( uid=8 )  [ RunTime:0.0000s ]
NOTIC: [8] Undefined index: zhpf E:\WWW\eps\Application\Admin\Controller\GongdanController.class.php 第 82 行.
SQL: SELECT * FROM `d_m_library` WHERE ( id=4 ) LIMIT 1   [ RunTime:0.0000s ]
SQL: SELECT * FROM `d_report` WHERE ( nid=270 ) LIMIT 1   [ RunTime:0.0000s ]
SQL: SELECT `uid`,`name`,`mobile`,`khdw` FROM `d_user` WHERE ( uid=10 )  [ RunTime:0.0010s ]
SQL: SELECT `uid`,`name`,`company` FROM `d_user` WHERE ( uid=31 )  [ RunTime:0.0000s ]
NOTIC: [8] Undefined index: zhpf E:\WWW\eps\Application\Admin\Controller\GongdanController.class.php 第 82 行.
SQL: SELECT * FROM `d_m_library` WHERE ( id=4 ) LIMIT 1   [ RunTime:0.0000s ]
SQL: SELECT * FROM `d_report` WHERE ( nid=269 ) LIMIT 1   [ RunTime:0.0010s ]
SQL: SELECT `uid`,`name`,`mobile`,`khdw` FROM `d_user` WHERE ( uid=10 )  [ RunTime:0.0000s ]
SQL: SELECT `uid`,`name`,`company` FROM `d_user` WHERE ( uid=31 )  [ RunTime:0.0000s ]
NOTIC: [8] Undefined index: zhpf E:\WWW\eps\Application\Admin\Controller\GongdanController.class.php 第 82 行.
SQL: SELECT * FROM `d_m_library` WHERE ( id=4 ) LIMIT 1   [ RunTime:0.0000s ]
SQL: SELECT * FROM `d_report` WHERE ( nid=268 ) LIMIT 1   [ RunTime:0.0000s ]
SQL: SELECT `uid`,`name`,`mobile`,`khdw` FROM `d_user` WHERE ( uid=10 )  [ RunTime:0.0000s ]
SQL: SELECT `uid`,`name`,`company` FROM `d_user` WHERE ( uid=8 )  [ RunTime:0.0000s ]
NOTIC: [8] Undefined index: zhpf E:\WWW\eps\Application\Admin\Controller\GongdanController.class.php 第 82 行.
SQL: SELECT * FROM `d_m_library` WHERE ( id=4 ) LIMIT 1   [ RunTime:0.0000s ]
SQL: SELECT * FROM `d_report` WHERE ( nid=267 ) LIMIT 1   [ RunTime:0.0010s ]
SQL: SELECT `uid`,`name`,`mobile`,`khdw` FROM `d_user` WHERE ( uid=10 )  [ RunTime:0.0000s ]
SQL: SELECT `uid`,`name`,`company` FROM `d_user` WHERE ( uid=8 )  [ RunTime:0.0010s ]
NOTIC: [8] Undefined index: zhpf E:\WWW\eps\Application\Admin\Controller\GongdanController.class.php 第 82 行.
SQL: SELECT * FROM `d_m_library` WHERE ( id=4 ) LIMIT 1   [ RunTime:0.0000s ]
SQL: SELECT * FROM `d_report` WHERE ( nid=266 ) LIMIT 1   [ RunTime:0.0000s ]
SQL: SELECT `uid`,`name`,`mobile`,`khdw` FROM `d_user` WHERE ( uid=10 )  [ RunTime:0.0000s ]
SQL: SELECT `uid`,`name`,`company` FROM `d_user` WHERE ( uid=8 )  [ RunTime:0.0000s ]
NOTIC: [8] Undefined index: zhpf E:\WWW\eps\Application\Admin\Controller\GongdanController.class.php 第 82 行.
SQL: SELECT * FROM `d_m_library` WHERE ( id=4 ) LIMIT 1   [ RunTime:0.0000s ]
SQL: SELECT * FROM `d_report` WHERE ( nid=265 ) LIMIT 1   [ RunTime:0.0000s ]
SQL: SELECT `uid`,`name`,`mobile`,`khdw` FROM `d_user` WHERE ( uid=10 )  [ RunTime:0.0000s ]
SQL: SELECT `uid`,`name`,`company` FROM `d_user` WHERE ( uid=8 )  [ RunTime:0.0000s ]
NOTIC: [8] Undefined index: zhpf E:\WWW\eps\Application\Admin\Controller\GongdanController.class.php 第 82 行.
SQL: SELECT * FROM `d_m_library` WHERE ( id=4 ) LIMIT 1   [ RunTime:0.0000s ]
SQL: SELECT * FROM `d_report` WHERE ( nid=264 ) LIMIT 1   [ RunTime:0.0010s ]
SQL: SELECT `uid`,`name`,`mobile`,`khdw` FROM `d_user` WHERE ( uid=27 )  [ RunTime:0.0000s ]
SQL: SELECT `uid`,`name`,`company` FROM `d_user` WHERE ( uid=8 )  [ RunTime:0.0010s ]
NOTIC: [8] Undefined index: zhpf E:\WWW\eps\Application\Admin\Controller\GongdanController.class.php 第 82 行.
SQL: SELECT * FROM `d_m_library` WHERE ( id=4 ) LIMIT 1   [ RunTime:0.0000s ]
SQL: SELECT * FROM `d_report` WHERE ( nid=263 ) LIMIT 1   [ RunTime:0.0010s ]
SQL: SELECT `uid`,`name`,`mobile`,`khdw` FROM `d_user` WHERE ( uid=27 )  [ RunTime:0.0000s ]
SQL: SELECT `uid`,`name`,`company` FROM `d_user` WHERE ( uid=8 )  [ RunTime:0.0000s ]
NOTIC: [8] Undefined index: zhpf E:\WWW\eps\Application\Admin\Controller\GongdanController.class.php 第 82 行.
SQL: SELECT * FROM `d_m_library` WHERE ( id=4 ) LIMIT 1   [ RunTime:0.0000s ]
SQL: SELECT * FROM `d_report` WHERE ( nid=262 ) LIMIT 1   [ RunTime:0.0000s ]
SQL: SELECT `uid`,`name`,`mobile`,`khdw` FROM `d_user` WHERE ( uid=10 )  [ RunTime:0.0000s ]
SQL: SELECT `uid`,`name`,`company` FROM `d_user` WHERE ( uid=8 )  [ RunTime:0.0000s ]
NOTIC: [8] Undefined index: zhpf E:\WWW\eps\Application\Admin\Controller\GongdanController.class.php 第 82 行.
SQL: SELECT * FROM `d_m_library` WHERE ( id=4 ) LIMIT 1   [ RunTime:0.0000s ]
SQL: SELECT * FROM `d_report` WHERE ( nid=261 ) LIMIT 1   [ RunTime:0.0000s ]
SQL: SELECT `uid`,`name`,`mobile`,`khdw` FROM `d_user` WHERE ( uid=10 )  [ RunTime:0.0010s ]
SQL: SELECT `uid`,`name`,`company` FROM `d_user` WHERE ( uid=8 )  [ RunTime:0.0000s ]
NOTIC: [8] Undefined index: zhpf E:\WWW\eps\Application\Admin\Controller\GongdanController.class.php 第 82 行.
SQL: SELECT * FROM `d_m_library` WHERE ( id=4 ) LIMIT 1   [ RunTime:0.0010s ]
SQL: SELECT * FROM `d_report` WHERE ( nid=260 ) LIMIT 1   [ RunTime:0.0000s ]
SQL: SELECT `uid`,`name`,`mobile`,`khdw` FROM `d_user` WHERE ( uid=10 )  [ RunTime:0.0000s ]
SQL: SELECT `uid`,`name`,`company` FROM `d_user` WHERE ( uid=8 )  [ RunTime:0.0010s ]
NOTIC: [8] Undefined index: zhpf E:\WWW\eps\Application\Admin\Controller\GongdanController.class.php 第 82 行.
SQL: SELECT * FROM `d_m_library` WHERE ( id=4 ) LIMIT 1   [ RunTime:0.0000s ]
SQL: SELECT * FROM `d_report` WHERE ( nid=259 ) LIMIT 1   [ RunTime:0.0010s ]
SQL: SELECT `uid`,`name`,`mobile`,`khdw` FROM `d_user` WHERE ( uid=10 )  [ RunTime:0.0000s ]
SQL: SELECT `uid`,`name`,`company` FROM `d_user` WHERE ( uid=8 )  [ RunTime:0.0010s ]
NOTIC: [8] Undefined index: zhpf E:\WWW\eps\Application\Admin\Controller\GongdanController.class.php 第 82 行.
SQL: SELECT * FROM `d_m_library` WHERE ( id=4 ) LIMIT 1   [ RunTime:0.0000s ]
SQL: SELECT * FROM `d_report` WHERE ( nid=258 ) LIMIT 1   [ RunTime:0.0000s ]
SQL: SELECT `uid`,`name`,`mobile`,`khdw` FROM `d_user` WHERE ( uid=10 )  [ RunTime:0.0010s ]
SQL: SELECT `uid`,`name`,`company` FROM `d_user` WHERE ( uid=8 )  [ RunTime:0.0000s ]
NOTIC: [8] Undefined index: zhpf E:\WWW\eps\Application\Admin\Controller\GongdanController.class.php 第 82 行.
SQL: SELECT * FROM `d_m_library` WHERE ( id=4 ) LIMIT 1   [ RunTime:0.0000s ]
SQL: SELECT * FROM `d_report` WHERE ( nid=257 ) LIMIT 1   [ RunTime:0.0000s ]
SQL: SELECT `uid`,`name`,`mobile`,`khdw` FROM `d_user` WHERE ( uid=10 )  [ RunTime:0.0000s ]
SQL: SELECT `uid`,`name`,`company` FROM `d_user` WHERE ( uid=8 )  [ RunTime:0.0010s ]
NOTIC: [8] Undefined index: zhpf E:\WWW\eps\Application\Admin\Controller\GongdanController.class.php 第 82 行.
SQL: SELECT * FROM `d_m_library` WHERE ( id=4 ) LIMIT 1   [ RunTime:0.0000s ]
SQL: SELECT * FROM `d_report` WHERE ( nid=256 ) LIMIT 1   [ RunTime:0.0010s ]
SQL: SELECT `uid`,`name`,`mobile`,`khdw` FROM `d_user` WHERE ( uid=10 )  [ RunTime:0.0000s ]
SQL: SELECT `uid`,`name`,`company` FROM `d_user` WHERE ( uid=8 )  [ RunTime:0.0010s ]
NOTIC: [8] Undefined index: zhpf E:\WWW\eps\Application\Admin\Controller\GongdanController.class.php 第 82 行.
SQL: SELECT * FROM `d_m_library` WHERE ( id=4 ) LIMIT 1   [ RunTime:0.0000s ]
SQL: SELECT * FROM `d_report` WHERE ( nid=255 ) LIMIT 1   [ RunTime:0.0010s ]
SQL: SELECT `uid`,`name`,`mobile`,`khdw` FROM `d_user` WHERE ( uid=10 )  [ RunTime:0.0000s ]
SQL: SELECT `uid`,`name`,`company` FROM `d_user` WHERE ( uid=8 )  [ RunTime:0.0000s ]
NOTIC: [8] Undefined variable: pList E:\WWW\eps\ThinkPHP\Library\Com\Util\Page.class.php 第 155 行.
NOTIC: [8] Undefined variable: pListEnd E:\WWW\eps\ThinkPHP\Library\Com\Util\Page.class.php 第 180 行.
NOTIC: [8] Undefined variable: pListStart E:\WWW\eps\ThinkPHP\Library\Com\Util\Page.class.php 第 248 行.
NOTIC: [8] Undefined variable: pFirst E:\WWW\eps\ThinkPHP\Library\Com\Util\Page.class.php 第 248 行.
NOTIC: [8] Undefined variable: pPrev E:\WWW\eps\ThinkPHP\Library\Com\Util\Page.class.php 第 248 行.
INFO: [ view_parse ] --START--
INFO: [ template_filter ] --START--
INFO: Run Behavior\ContentReplaceBehavior [ RunTime:0.000000s ]
INFO: [ template_filter ] --END-- [ RunTime:0.000000s ]
NOTIC: [8] Undefined index: status E:\WWW\eps\Application\Runtime\Cache\Admin\f3608d595422fc0dabb28ab5220a7890.php 第 127 行.
NOTIC: [8] Undefined index: status E:\WWW\eps\Application\Runtime\Cache\Admin\f3608d595422fc0dabb28ab5220a7890.php 第 130 行.
NOTIC: [8] Undefined variable: v E:\WWW\eps\Application\Runtime\Cache\Admin\f3608d595422fc0dabb28ab5220a7890.php 第 130 行.
NOTIC: [8] Undefined index: status E:\WWW\eps\Application\Runtime\Cache\Admin\f3608d595422fc0dabb28ab5220a7890.php 第 131 行.
NOTIC: [8] Undefined index: status E:\WWW\eps\Application\Runtime\Cache\Admin\f3608d595422fc0dabb28ab5220a7890.php 第 131 行.
NOTIC: [8] Undefined index: status E:\WWW\eps\Application\Runtime\Cache\Admin\f3608d595422fc0dabb28ab5220a7890.php 第 131 行.
NOTIC: [8] Undefined index: status E:\WWW\eps\Application\Runtime\Cache\Admin\f3608d595422fc0dabb28ab5220a7890.php 第 131 行.
NOTIC: [8] Undefined index: status E:\WWW\eps\Application\Runtime\Cache\Admin\f3608d595422fc0dabb28ab5220a7890.php 第 131 行.
NOTIC: [8] Undefined index: start_time E:\WWW\eps\Application\Runtime\Cache\Admin\f3608d595422fc0dabb28ab5220a7890.php 第 133 行.
NOTIC: [8] Undefined index: end_time E:\WWW\eps\Application\Runtime\Cache\Admin\f3608d595422fc0dabb28ab5220a7890.php 第 145 行.
NOTIC: [8] Undefined index: info_f E:\WWW\eps\Application\Runtime\Cache\Admin\f3608d595422fc0dabb28ab5220a7890.php 第 159 行.
NOTIC: [8] Undefined index: info_f E:\WWW\eps\Application\Runtime\Cache\Admin\f3608d595422fc0dabb28ab5220a7890.php 第 160 行.
NOTIC: [8] Undefined index: info_x E:\WWW\eps\Application\Runtime\Cache\Admin\f3608d595422fc0dabb28ab5220a7890.php 第 162 行.
NOTIC: [8] Undefined index: over_time E:\WWW\eps\Application\Runtime\Cache\Admin\f3608d595422fc0dabb28ab5220a7890.php 第 201 行.
NOTIC: [8] Undefined index: over_time E:\WWW\eps\Application\Runtime\Cache\Admin\f3608d595422fc0dabb28ab5220a7890.php 第 201 行.
NOTIC: [8] Undefined index: fybq E:\WWW\eps\Application\Runtime\Cache\Admin\f3608d595422fc0dabb28ab5220a7890.php 第 205 行.
NOTIC: [8] Undefined index: over_time E:\WWW\eps\Application\Runtime\Cache\Admin\f3608d595422fc0dabb28ab5220a7890.php 第 201 行.
NOTIC: [8] Undefined index: fybq E:\WWW\eps\Application\Runtime\Cache\Admin\f3608d595422fc0dabb28ab5220a7890.php 第 205 行.
NOTIC: [8] Undefined index: over_time E:\WWW\eps\Application\Runtime\Cache\Admin\f3608d595422fc0dabb28ab5220a7890.php 第 201 行.
NOTIC: [8] Undefined index: over_time E:\WWW\eps\Application\Runtime\Cache\Admin\f3608d595422fc0dabb28ab5220a7890.php 第 201 行.
NOTIC: [8] Undefined index: over_time E:\WWW\eps\Application\Runtime\Cache\Admin\f3608d595422fc0dabb28ab5220a7890.php 第 201 行.
NOTIC: [8] Undefined index: over_time E:\WWW\eps\Application\Runtime\Cache\Admin\f3608d595422fc0dabb28ab5220a7890.php 第 201 行.
NOTIC: [8] Undefined index: over_time E:\WWW\eps\Application\Runtime\Cache\Admin\f3608d595422fc0dabb28ab5220a7890.php 第 201 行.
NOTIC: [8] Undefined index: fybq E:\WWW\eps\Application\Runtime\Cache\Admin\f3608d595422fc0dabb28ab5220a7890.php 第 205 行.
NOTIC: [8] Undefined index: over_time E:\WWW\eps\Application\Runtime\Cache\Admin\f3608d595422fc0dabb28ab5220a7890.php 第 201 行.
NOTIC: [8] Undefined index: over_time E:\WWW\eps\Application\Runtime\Cache\Admin\f3608d595422fc0dabb28ab5220a7890.php 第 201 行.
NOTIC: [8] Undefined index: over_time E:\WWW\eps\Application\Runtime\Cache\Admin\f3608d595422fc0dabb28ab5220a7890.php 第 201 行.
NOTIC: [8] Undefined index: fybq E:\WWW\eps\Application\Runtime\Cache\Admin\f3608d595422fc0dabb28ab5220a7890.php 第 205 行.
NOTIC: [8] Undefined index: over_time E:\WWW\eps\Application\Runtime\Cache\Admin\f3608d595422fc0dabb28ab5220a7890.php 第 201 行.
NOTIC: [8] Undefined index: fybq E:\WWW\eps\Application\Runtime\Cache\Admin\f3608d595422fc0dabb28ab5220a7890.php 第 205 行.
NOTIC: [8] Undefined index: over_time E:\WWW\eps\Application\Runtime\Cache\Admin\f3608d595422fc0dabb28ab5220a7890.php 第 201 行.
NOTIC: [8] Undefined index: over_time E:\WWW\eps\Application\Runtime\Cache\Admin\f3608d595422fc0dabb28ab5220a7890.php 第 201 行.
NOTIC: [8] Undefined index: fybq E:\WWW\eps\Application\Runtime\Cache\Admin\f3608d595422fc0dabb28ab5220a7890.php 第 205 行.
NOTIC: [8] Undefined index: over_time E:\WWW\eps\Application\Runtime\Cache\Admin\f3608d595422fc0dabb28ab5220a7890.php 第 201 行.
NOTIC: [8] Undefined index: over_time E:\WWW\eps\Application\Runtime\Cache\Admin\f3608d595422fc0dabb28ab5220a7890.php 第 201 行.
NOTIC: [8] Undefined index: over_time E:\WWW\eps\Application\Runtime\Cache\Admin\f3608d595422fc0dabb28ab5220a7890.php 第 201 行.
NOTIC: [8] Undefined index: over_time E:\WWW\eps\Application\Runtime\Cache\Admin\f3608d595422fc0dabb28ab5220a7890.php 第 201 行.
NOTIC: [8] Undefined index: over_time E:\WWW\eps\Application\Runtime\Cache\Admin\f3608d595422fc0dabb28ab5220a7890.php 第 201 行.
NOTIC: [8] Undefined index: over_time E:\WWW\eps\Application\Runtime\Cache\Admin\f3608d595422fc0dabb28ab5220a7890.php 第 201 行.
INFO: Run Behavior\ParseTemplateBehavior [ RunTime:0.013000s ]
INFO: [ view_parse ] --END-- [ RunTime:0.013000s ]
INFO: [ view_filter ] --START--
INFO: Run Behavior\WriteHtmlCacheBehavior [ RunTime:0.000000s ]
INFO: [ view_filter ] --END-- [ RunTime:0.000000s ]
INFO: [ app_end ] --START--
INFO: Run Behavior\ShowPageTraceBehavior [ RunTime:0.000000s ]
INFO: [ app_end ] --END-- [ RunTime:0.001000s ]

[ 2017-12-14T14:56:56+08:00 ] 127.0.0.1 /Admin/Gongdan/endbg/id/262.html
INFO: [ app_init ] --START--
INFO: Run Behavior\BuildLiteBehavior [ RunTime:0.000000s ]
INFO: [ app_init ] --END-- [ RunTime:0.000000s ]
INFO: [ app_begin ] --START--
INFO: Run Behavior\ReadHtmlCacheBehavior [ RunTime:0.001000s ]
INFO: [ app_begin ] --END-- [ RunTime:0.001000s ]
NOTIC: [2048] Declaration of Appframe\AdminbaseController::success() should be compatible with that of Think\Controller::success() E:\WWW\eps\Application\Appframe\AdminbaseController.class.php 第 6 行.
NOTIC: [2048] Declaration of Admin\Controller\GongdanController::show() should be compatible with that of Think\Controller::show() E:\WWW\eps\Application\Admin\Controller\GongdanController.class.php 第 8 行.
SQL: SHOW COLUMNS FROM `d_user` [ RunTime:0.0150s ]
SQL: SHOW COLUMNS FROM `d_need` [ RunTime:0.0120s ]
SQL: SHOW COLUMNS FROM `d_photo` [ RunTime:0.0080s ]
SQL: SHOW COLUMNS FROM `d_m_library` [ RunTime:0.0080s ]
SQL: SHOW COLUMNS FROM `d_notification` [ RunTime:0.0080s ]
SQL: SHOW COLUMNS FROM `d_fxuser` [ RunTime:0.0080s ]
SQL: SHOW COLUMNS FROM `d_reward` [ RunTime:0.0080s ]
SQL: SHOW COLUMNS FROM `d_adviser` [ RunTime:0.0080s ]
SQL: SHOW COLUMNS FROM `d_report` [ RunTime:0.0090s ]
SQL: SHOW COLUMNS FROM `d_mailing` [ RunTime:0.0080s ]
SQL: SHOW COLUMNS FROM `d_clerk` [ RunTime:0.0080s ]
NOTIC: [8] Undefined offset: 1 E:\WWW\eps\ThinkPHP\Library\Think\Controller.class.php 第 232 行.
SQL: SELECT * FROM `d_need` WHERE ( id=262 ) LIMIT 1   [ RunTime:0.0000s ]
SQL: SELECT * FROM `d_m_library` WHERE ( id=4 ) LIMIT 1   [ RunTime:0.0000s ]
SQL: SELECT `mobile`,`khdw` FROM `d_user` WHERE ( uid=10 )  [ RunTime:0.0010s ]
SQL: SELECT `mobile`,`company` FROM `d_user` WHERE ( uid=8 )  [ RunTime:0.0000s ]
INFO: [ view_parse ] --START--
INFO: [ template_filter ] --START--
INFO: Run Behavior\ContentReplaceBehavior [ RunTime:0.000000s ]
INFO: [ template_filter ] --END-- [ RunTime:0.001000s ]
INFO: Run Behavior\ParseTemplateBehavior [ RunTime:0.013000s ]
INFO: [ view_parse ] --END-- [ RunTime:0.014000s ]
INFO: [ view_filter ] --START--
INFO: Run Behavior\WriteHtmlCacheBehavior [ RunTime:0.000000s ]
INFO: [ view_filter ] --END-- [ RunTime:0.000000s ]
INFO: [ app_end ] --START--
INFO: Run Behavior\ShowPageTraceBehavior [ RunTime:0.001000s ]
INFO: [ app_end ] --END-- [ RunTime:0.001000s ]

